Using pre-set license
Built from '2021.3/staging' branch; Version is '2021.3.15f1 (e8e88683f834) revision 15263878'; Using compiler version '192829333'; Build Type 'Release'
OS: 'Windows 11  (10.0.22621) 64bit Core' Language: 'ko' Physical Memory: 8002 MB
BatchMode: 1, IsHumanControllingUs: 0, StartBugReporterOnCrash: 0, Is64bit: 1, IsPro: 1

COMMAND LINE ARGUMENTS:
C:\Program Files\Unity\Hub\Editor\2021.3.15f1\Editor\Unity.exe
-adb2
-batchMode
-noUpm
-name
AssetImportWorker0
-projectPath
C:/Users/dbals/GitHub/Kp-23-1/My project
-logFile
Logs/AssetImportWorker0.log
-srvPort
60561
Successfully changed project path to: C:/Users/dbals/GitHub/Kp-23-1/My project
C:/Users/dbals/GitHub/Kp-23-1/My project
[UnityMemory] Configuration Parameters - Can be set up in boot.config
    "memorysetup-bucket-allocator-granularity=16"
    "memorysetup-bucket-allocator-bucket-count=8"
    "memorysetup-bucket-allocator-block-size=33554432"
    "memorysetup-bucket-allocator-block-count=8"
    "memorysetup-main-allocator-block-size=16777216"
    "memorysetup-thread-allocator-block-size=16777216"
    "memorysetup-gfx-main-allocator-block-size=16777216"
    "memorysetup-gfx-thread-allocator-block-size=16777216"
    "memorysetup-cache-allocator-block-size=4194304"
    "memorysetup-typetree-allocator-block-size=2097152"
    "memorysetup-profiler-bucket-allocator-granularity=16"
    "memorysetup-profiler-bucket-allocator-bucket-count=8"
    "memorysetup-profiler-bucket-allocator-block-size=33554432"
    "memorysetup-profiler-bucket-allocator-block-count=8"
    "memorysetup-profiler-allocator-block-size=16777216"
    "memorysetup-profiler-editor-allocator-block-size=1048576"
    "memorysetup-temp-allocator-size-main=16777216"
    "memorysetup-job-temp-allocator-block-size=2097152"
    "memorysetup-job-temp-allocator-block-size-background=1048576"
    "memorysetup-job-temp-allocator-reduction-small-platforms=262144"
    "memorysetup-temp-allocator-size-background-worker=32768"
    "memorysetup-temp-allocator-size-job-worker=262144"
    "memorysetup-temp-allocator-size-preload-manager=33554432"
    "memorysetup-temp-allocator-size-nav-mesh-worker=65536"
    "memorysetup-temp-allocator-size-audio-worker=65536"
    "memorysetup-temp-allocator-size-cloud-worker=32768"
    "memorysetup-temp-allocator-size-gi-baking-worker=262144"
    "memorysetup-temp-allocator-size-gfx=262144"
Player connection [10276] Host "[IP] 172.29.89.163 [Port] 0 [Flags] 2 [Guid] 2631952977 [EditorId] 2631952977 [Version] 1048832 [Id] WindowsEditor(7,LAPTOP-4MM4IDUQ) [Debug] 1 [PackageName] WindowsEditor [ProjectName] Editor" joined multi-casting on [225.0.0.222:54997]...

Player connection [10276] Host "[IP] 172.29.89.163 [Port] 0 [Flags] 2 [Guid] 2631952977 [EditorId] 2631952977 [Version] 1048832 [Id] WindowsEditor(7,LAPTOP-4MM4IDUQ) [Debug] 1 [PackageName] WindowsEditor [ProjectName] Editor" joined alternative multi-casting on [225.0.0.222:34997]...

Refreshing native plugins compatible for Editor in 270.43 ms, found 4 plugins.
Preloading 0 native plugins for Editor in 0.00 ms.
Initialize engine version: 2021.3.15f1 (e8e88683f834)
[Subsystems] Discovering subsystems at path C:/Program Files/Unity/Hub/Editor/2021.3.15f1/Editor/Data/Resources/UnitySubsystems
[Subsystems] Discovering subsystems at path C:/Users/dbals/GitHub/Kp-23-1/My project/Assets
GfxDevice: creating device client; threaded=0; jobified=0
Direct3D:
    Version:  Direct3D 11.0 [level 11.1]
    Renderer: Intel(R) UHD Graphics (ID=0x9b41)
    Vendor:   Intel
    VRAM:     4001 MB
    Driver:   26.20.100.7870
Initialize mono
Mono path[0] = 'C:/Program Files/Unity/Hub/Editor/2021.3.15f1/Editor/Data/Managed'
Mono path[1] = 'C:/Program Files/Unity/Hub/Editor/2021.3.15f1/Editor/Data/MonoBleedingEdge/lib/mono/unityjit-win32'
Mono config path = 'C:/Program Files/Unity/Hub/Editor/2021.3.15f1/Editor/Data/MonoBleedingEdge/etc'
Using monoOptions --debugger-agent=transport=dt_socket,embedding=1,server=y,suspend=n,address=127.0.0.1:56456
Begin MonoManager ReloadAssembly
Registering precompiled unity dll's ...
Register platform support module: C:/Program Files/Unity/Hub/Editor/2021.3.15f1/Editor/Data/PlaybackEngines/WindowsStandaloneSupport/UnityEditor.WindowsStandalone.Extensions.dll
Registered in 0.008828 seconds.
Native extension for WindowsStandalone target not found
Refreshing native plugins compatible for Editor in 208.08 ms, found 4 plugins.
Preloading 0 native plugins for Editor in 0.00 ms.
Mono: successfully reloaded assembly
- Completed reload, in  1.430 seconds
Domain Reload Profiling:
	ReloadAssembly (1431ms)
		BeginReloadAssembly (154ms)
			ExecutionOrderSort (0ms)
			DisableScriptedObjects (0ms)
			BackupInstance (0ms)
			ReleaseScriptingObjects (0ms)
			CreateAndSetChildDomain (1ms)
		EndReloadAssembly (1028ms)
			LoadAssemblies (151ms)
			RebuildTransferFunctionScriptingTraits (0ms)
			SetupTypeCache (285ms)
			ReleaseScriptCaches (0ms)
			RebuildScriptCaches (103ms)
			SetupLoadedEditorAssemblies (533ms)
				LogAssemblyErrors (0ms)
				InitializePlatformSupportModulesInManaged (14ms)
				SetLoadedEditorAssemblies (0ms)
				RefreshPlugins (208ms)
				BeforeProcessingInitializeOnLoad (2ms)
				ProcessInitializeOnLoadAttributes (235ms)
				ProcessInitializeOnLoadMethodAttributes (73ms)
				AfterProcessingInitializeOnLoad (0ms)
				EditorAssembliesLoaded (0ms)
			ExecutionOrderSort2 (0ms)
			AwakeInstancesAfterBackupRestoration (0ms)
Platform modules already initialized, skipping
Registering precompiled user dll's ...
Registered in 0.038305 seconds.
Begin MonoManager ReloadAssembly
Symbol file LoadedFromMemory doesn't match image C:\Users\dbals\GitHub\Kp-23-1\My project\Library\PackageCache\com.unity.visualscripting@1.7.8\Editor\VisualScripting.Core\Dependencies\YamlDotNet\Unity.VisualScripting.YamlDotNet.dll
Symbol file LoadedFromMemory doesn't match image C:\Users\dbals\GitHub\Kp-23-1\My project\Library\PackageCache\com.unity.visualscripting@1.7.8\Editor\VisualScripting.Core\Dependencies\DotNetZip\Unity.VisualScripting.IonicZip.dll
Native extension for WindowsStandalone target not found
Refreshing native plugins compatible for Editor in 169.32 ms, found 4 plugins.
Preloading 0 native plugins for Editor in 0.00 ms.
Mono: successfully reloaded assembly
- Completed reload, in  2.291 seconds
Domain Reload Profiling:
	ReloadAssembly (2293ms)
		BeginReloadAssembly (211ms)
			ExecutionOrderSort (0ms)
			DisableScriptedObjects (9ms)
			BackupInstance (0ms)
			ReleaseScriptingObjects (0ms)
			CreateAndSetChildDomain (33ms)
		EndReloadAssembly (1872ms)
			LoadAssemblies (311ms)
			RebuildTransferFunctionScriptingTraits (0ms)
			SetupTypeCache (420ms)
			ReleaseScriptCaches (1ms)
			RebuildScriptCaches (119ms)
			SetupLoadedEditorAssemblies (906ms)
				LogAssemblyErrors (0ms)
				InitializePlatformSupportModulesInManaged (12ms)
				SetLoadedEditorAssemblies (0ms)
				RefreshPlugins (169ms)
				BeforeProcessingInitializeOnLoad (178ms)
				ProcessInitializeOnLoadAttributes (454ms)
				ProcessInitializeOnLoadMethodAttributes (82ms)
				AfterProcessingInitializeOnLoad (9ms)
				EditorAssembliesLoaded (0ms)
			ExecutionOrderSort2 (0ms)
			AwakeInstancesAfterBackupRestoration (8ms)
Platform modules already initialized, skipping
========================================================================
Worker process is ready to serve import requests
Launched and connected shader compiler UnityShaderCompiler.exe after 0.13 seconds
Refreshing native plugins compatible for Editor in 1.28 ms, found 4 plugins.
Preloading 0 native plugins for Editor in 0.00 ms.
Unloading 4085 Unused Serialized files (Serialized files now loaded: 0)
Unloading 38 unused Assets / (56.8 KB). Loaded Objects now: 4541.
Memory consumption went from 153.6 MB to 153.6 MB.
Total: 5.602800 ms (FindLiveObjects: 0.802200 ms CreateObjectMapping: 0.483600 ms MarkObjects: 4.166400 ms  DeleteObjects: 0.148800 ms)

AssetImportParameters requested are different than current active one (requested -> active):
  custom:video-decoder-ogg-theora: a1e56fd34408186e4bbccfd4996cb3dc -> 
  custom:container-muxer-webm: aa71ff27fc2769a1b78a27578f13a17b -> 
  custom:container-demuxer-webm: 4f35f7cbe854078d1ac9338744f61a02 -> 
  custom:video-encoder-webm-vp8: eb34c28f22e8b96e1ab97ce403110664 -> 
  custom:video-codec-MediaFoundation-h265: 746d11721c4dcdbdad8f713fa42b33f4 -> 
  custom:audio-encoder-webm-vorbis: bf7c407c2cedff20999df2af8eb42d56 -> 
  custom:framework-win-MediaFoundation: 216162199b28c13a410421893ffa2e32 -> 
  custom:container-demuxer-ogg: 62fdf1f143b41e24485cea50d1cbac27 -> 
  custom:video-decoder-webm-vp8: 9c59270c3fd7afecdb556c50c9e8de78 -> 
  custom:audio-decoder-ogg-vorbis: bf7c407c2cedff20999df2af8eb42d56 -> 
========================================================================
Received Import Request.
  Time since last request: 844075.819047 seconds.
  path: Assets/Font/UhBee Bold.asset
  artifactKey: Guid(1865a718b6dab1840b6a07a5a2d4c073) Importer(815301076,1909f56bfc062723c751e8b465ee728b)
Start importing Assets/Font/UhBee Bold.asset using Guid(1865a718b6dab1840b6a07a5a2d4c073) Importer(815301076,1909f56bfc062723c751e8b465ee728b)  -> (artifact id: 'ae6a2ab3277e557f9e7aea1dfae8fc0f') in 0.687801 seconds 
========================================================================
Received Import Request.
  Time since last request: 0.000039 seconds.
  path: Assets/FadeIn.prefab
  artifactKey: Guid(70b6f8bb1c8903c418e9d1fff95795f9) Importer(815301076,1909f56bfc062723c751e8b465ee728b)
Start importing Assets/FadeIn.prefab using Guid(70b6f8bb1c8903c418e9d1fff95795f9) Importer(815301076,1909f56bfc062723c751e8b465ee728b)  -> (artifact id: 'b8c545d0ecf72c018b5ae13a87868733') in 0.021879 seconds 
========================================================================
Received Import Request.
  Time since last request: 78.166774 seconds.
  path: Assets/Sound
  artifactKey: Guid(b95c9b714c8bbea4b992dcbb950b969d) Importer(815301076,1909f56bfc062723c751e8b465ee728b)
Start importing Assets/Sound using Guid(b95c9b714c8bbea4b992dcbb950b969d) Importer(815301076,1909f56bfc062723c751e8b465ee728b)  -> (artifact id: '2e61f737faff20878dd03f939f4aafcf') in 0.025157 seconds 
========================================================================
Received Import Request.
  Time since last request: 92.041030 seconds.
  path: Assets/Sound/새 폴더
  artifactKey: Guid(24f6dfb278c7afd47ab9343603ca5d30) Importer(815301076,1909f56bfc062723c751e8b465ee728b)
Start importing Assets/Sound/새 폴더 using Guid(24f6dfb278c7afd47ab9343603ca5d30) Importer(815301076,1909f56bfc062723c751e8b465ee728b)  -> (artifact id: 'de69b1c62b7923cc60401c541bf35d51') in 0.015193 seconds 
========================================================================
Received Import Request.
  Time since last request: 0.013398 seconds.
  path: Assets/Sound/새 폴더/걸어가는 소리.mp3
  artifactKey: Guid(93faffc128317b9499091f9a1fb2c3c4) Importer(815301076,1909f56bfc062723c751e8b465ee728b)
Start importing Assets/Sound/새 폴더/걸어가는 소리.mp3 using Guid(93faffc128317b9499091f9a1fb2c3c4) Importer(815301076,1909f56bfc062723c751e8b465ee728b)  -> (artifact id: 'a58ca7621327959e4af9ea03c1e0303d') in 0.103665 seconds 
========================================================================
Received Import Request.
  Time since last request: 0.000054 seconds.
  path: Assets/Sound/새 폴더/물 떨어지는 소리.mp3
  artifactKey: Guid(9061537ba226b294e9421e88e1aa6c6a) Importer(815301076,1909f56bfc062723c751e8b465ee728b)
Start importing Assets/Sound/새 폴더/물 떨어지는 소리.mp3 using Guid(9061537ba226b294e9421e88e1aa6c6a) Importer(815301076,1909f56bfc062723c751e8b465ee728b)  -> (artifact id: 'f3efa4cf83bc10ee81025e34ffc496a3') in 0.106128 seconds 
========================================================================
Received Import Request.
  Time since last request: 0.000051 seconds.
  path: Assets/Sound/새 폴더/보스맵 (3).mp3
  artifactKey: Guid(bccbb90a719b8d14ba57baf70f216aaf) Importer(815301076,1909f56bfc062723c751e8b465ee728b)
Start importing Assets/Sound/새 폴더/보스맵 (3).mp3 using Guid(bccbb90a719b8d14ba57baf70f216aaf) Importer(815301076,1909f56bfc062723c751e8b465ee728b)  -> (artifact id: '2802a7eac4987d2bd95ea05a7753a07a') in 0.168602 seconds 
========================================================================
Received Import Request.
  Time since last request: 0.001022 seconds.
  path: Assets/Sound/새 폴더/점프, 뭔가얻는소리.mp3
  artifactKey: Guid(9637b3d2444124848b2ee9482e489526) Importer(815301076,1909f56bfc062723c751e8b465ee728b)
Start importing Assets/Sound/새 폴더/점프, 뭔가얻는소리.mp3 using Guid(9637b3d2444124848b2ee9482e489526) Importer(815301076,1909f56bfc062723c751e8b465ee728b)  -> (artifact id: '16a81ed028cf1852103fca517a373f35') in 0.199184 seconds 
========================================================================
Received Import Request.
  Time since last request: 0.033676 seconds.
  path: Assets/Sound/새 폴더/보스맵 (2).mp3
  artifactKey: Guid(d53a8d45f13e75c4b9e3cd0779624946) Importer(815301076,1909f56bfc062723c751e8b465ee728b)
Start importing Assets/Sound/새 폴더/보스맵 (2).mp3 using Guid(d53a8d45f13e75c4b9e3cd0779624946) Importer(815301076,1909f56bfc062723c751e8b465ee728b)  -> (artifact id: 'edc0b1980dfbb7b85472346806989c4e') in 0.196200 seconds 
========================================================================
Received Import Request.
  Time since last request: 0.000059 seconds.
  path: Assets/Sound/새 폴더/뭔가얻는소리, 목표창 (2).mp3
  artifactKey: Guid(1b68d0a2cd16d7348bb0aa0ef96e61f8) Importer(815301076,1909f56bfc062723c751e8b465ee728b)
Start importing Assets/Sound/새 폴더/뭔가얻는소리, 목표창 (2).mp3 using Guid(1b68d0a2cd16d7348bb0aa0ef96e61f8) Importer(815301076,1909f56bfc062723c751e8b465ee728b)  -> (artifact id: 'e98662b52130206aa830d5e61a5b963b') in 0.143864 seconds 
========================================================================
Received Import Request.
  Time since last request: 0.009243 seconds.
  path: Assets/Sound/새 폴더/하수구맵 클리어소리.mp3
  artifactKey: Guid(1753b87aec2083c4a9a4120f5a3d74c5) Importer(815301076,1909f56bfc062723c751e8b465ee728b)
Start importing Assets/Sound/새 폴더/하수구맵 클리어소리.mp3 using Guid(1753b87aec2083c4a9a4120f5a3d74c5) Importer(815301076,1909f56bfc062723c751e8b465ee728b)  -> (artifact id: 'ddfbebe601834c2a7a4c5b5e632da7ec') in 0.057511 seconds 
========================================================================
Received Import Request.
  Time since last request: 0.000650 seconds.
  path: Assets/Sound/새 폴더/뭔가얻는소리 (2).mp3
  artifactKey: Guid(731c48808364d1546af44a6e7718a42e) Importer(815301076,1909f56bfc062723c751e8b465ee728b)
Start importing Assets/Sound/새 폴더/뭔가얻는소리 (2).mp3 using Guid(731c48808364d1546af44a6e7718a42e) Importer(815301076,1909f56bfc062723c751e8b465ee728b)  -> (artifact id: 'c43f89b76343f11bd49088b30ac69e98') in 0.039659 seconds 
========================================================================
Received Import Request.
  Time since last request: 0.000236 seconds.
  path: Assets/Sound/새 폴더/어디든.mp3
  artifactKey: Guid(69a6e3796ec600642b7027eaa325feed) Importer(815301076,1909f56bfc062723c751e8b465ee728b)
Start importing Assets/Sound/새 폴더/어디든.mp3 using Guid(69a6e3796ec600642b7027eaa325feed) Importer(815301076,1909f56bfc062723c751e8b465ee728b)  -> (artifact id: 'f76e2473cee50e71662ceeaa4f638621') in 0.063269 seconds 
========================================================================
Received Import Request.
  Time since last request: 0.000054 seconds.
  path: Assets/Sound/새 폴더/주민맵.mp3
  artifactKey: Guid(70b770192074f274aad2d45075cfe90b) Importer(815301076,1909f56bfc062723c751e8b465ee728b)
Start importing Assets/Sound/새 폴더/주민맵.mp3 using Guid(70b770192074f274aad2d45075cfe90b) Importer(815301076,1909f56bfc062723c751e8b465ee728b)  -> (artifact id: '1a585964d7391e499a44593ba1884d28') in 0.034021 seconds 
========================================================================
Received Import Request.
  Time since last request: 0.000054 seconds.
  path: Assets/Sound/새 폴더/엔딩.mp3
  artifactKey: Guid(01453c80e09817846a0277e1c40a4a41) Importer(815301076,1909f56bfc062723c751e8b465ee728b)
Start importing Assets/Sound/새 폴더/엔딩.mp3 using Guid(01453c80e09817846a0277e1c40a4a41) Importer(815301076,1909f56bfc062723c751e8b465ee728b)  -> (artifact id: '134dc5059c19e5a48493421d7909de35') in 0.053911 seconds 
========================================================================
Received Import Request.
  Time since last request: 0.001535 seconds.
  path: Assets/Sound/새 폴더/뭔가얻는소리 (4).mp3
  artifactKey: Guid(8430747c4516de541a298146c2c7257a) Importer(815301076,1909f56bfc062723c751e8b465ee728b)
Start importing Assets/Sound/새 폴더/뭔가얻는소리 (4).mp3 using Guid(8430747c4516de541a298146c2c7257a) Importer(815301076,1909f56bfc062723c751e8b465ee728b)  -> (artifact id: '5e1de86ff32b18c0945c5431aeddb8ab') in 0.111860 seconds 
========================================================================
Received Import Request.
  Time since last request: 0.000050 seconds.
  path: Assets/Sound/새 폴더/뭔가얻는소리 (3).mp3
  artifactKey: Guid(cf83d2083cb7e7142bc39226a3103a48) Importer(815301076,1909f56bfc062723c751e8b465ee728b)
Start importing Assets/Sound/새 폴더/뭔가얻는소리 (3).mp3 using Guid(cf83d2083cb7e7142bc39226a3103a48) Importer(815301076,1909f56bfc062723c751e8b465ee728b)  -> (artifact id: 'e34377bcbb8e38ec91d4c317a1d5e253') in 0.109242 seconds 
========================================================================
Received Import Request.
  Time since last request: 0.000051 seconds.
  path: Assets/Sound/새 폴더/죽는소리 (3).mp3
  artifactKey: Guid(5daa1e18f871cd74cba698cbcc6224c4) Importer(815301076,1909f56bfc062723c751e8b465ee728b)
Start importing Assets/Sound/새 폴더/죽는소리 (3).mp3 using Guid(5daa1e18f871cd74cba698cbcc6224c4) Importer(815301076,1909f56bfc062723c751e8b465ee728b)  -> (artifact id: 'e693e8c07b9c2f0812aa9596b296ca16') in 0.112842 seconds 
========================================================================
Received Import Request.
  Time since last request: 0.000429 seconds.
  path: Assets/Sound/새 폴더/죽는소리 (4).mp3
  artifactKey: Guid(204311858d6355549a154bdaef7e7f29) Importer(815301076,1909f56bfc062723c751e8b465ee728b)
Start importing Assets/Sound/새 폴더/죽는소리 (4).mp3 using Guid(204311858d6355549a154bdaef7e7f29) Importer(815301076,1909f56bfc062723c751e8b465ee728b)  -> (artifact id: '8f008a76da0f45162742a60524a04f01') in 0.077892 seconds 
========================================================================
Received Import Request.
  Time since last request: 0.102720 seconds.
  path: Assets/Sound/새 폴더/뭔가얻는소리, 목표창.mp3
  artifactKey: Guid(ebe613d88e2b348488ccf6c0ecf5936f) Importer(815301076,1909f56bfc062723c751e8b465ee728b)
Start importing Assets/Sound/새 폴더/뭔가얻는소리, 목표창.mp3 using Guid(ebe613d88e2b348488ccf6c0ecf5936f) Importer(815301076,1909f56bfc062723c751e8b465ee728b)  -> (artifact id: '99a3032831ea94fcd4876e964d933de9') in 0.059259 seconds 
========================================================================
Received Import Request.
  Time since last request: 0.000391 seconds.
  path: Assets/Sound/새 폴더/주민 말하는 소리.mp3
  artifactKey: Guid(f3ac305b65766c54899de176ad6f064f) Importer(815301076,1909f56bfc062723c751e8b465ee728b)
Start importing Assets/Sound/새 폴더/주민 말하는 소리.mp3 using Guid(f3ac305b65766c54899de176ad6f064f) Importer(815301076,1909f56bfc062723c751e8b465ee728b)  -> (artifact id: 'a2a23456449b96efefbaa08c8b4323a4') in 0.054637 seconds 
========================================================================
Received Import Request.
  Time since last request: 0.009201 seconds.
  path: Assets/Sound/새 폴더/하수구.mp3
  artifactKey: Guid(786355266245a5e46b3955343534e523) Importer(815301076,1909f56bfc062723c751e8b465ee728b)
Start importing Assets/Sound/새 폴더/하수구.mp3 using Guid(786355266245a5e46b3955343534e523) Importer(815301076,1909f56bfc062723c751e8b465ee728b)  -> (artifact id: 'f929bb4592b0b1614f36d0ca5dd17af1') in 0.058070 seconds 
========================================================================
Received Import Request.
  Time since last request: 0.000130 seconds.
  path: Assets/Sound/새 폴더/죽는소리.mp3
  artifactKey: Guid(8a69bd1d2bdfb0f4c9eb85765e1634e8) Importer(815301076,1909f56bfc062723c751e8b465ee728b)
Start importing Assets/Sound/새 폴더/죽는소리.mp3 using Guid(8a69bd1d2bdfb0f4c9eb85765e1634e8) Importer(815301076,1909f56bfc062723c751e8b465ee728b)  -> (artifact id: '5cd58559c6464a4d01b7a4051eb6b396') in 0.113360 seconds 
========================================================================
Received Import Request.
  Time since last request: 0.000077 seconds.
  path: Assets/Sound/새 폴더/죽는소리 (2).mp3
  artifactKey: Guid(f10f93d446617cf4db214bd21c8144fc) Importer(815301076,1909f56bfc062723c751e8b465ee728b)
Start importing Assets/Sound/새 폴더/죽는소리 (2).mp3 using Guid(f10f93d446617cf4db214bd21c8144fc) Importer(815301076,1909f56bfc062723c751e8b465ee728b)  -> (artifact id: '975cf861994b0310a602eb69828e7a5a') in 0.132789 seconds 
========================================================================
Received Import Request.
  Time since last request: 0.001084 seconds.
  path: Assets/Sound/새 폴더/클럽맵 (2).mp3
  artifactKey: Guid(7c08bf68c0031544886fb85b9fe73deb) Importer(815301076,1909f56bfc062723c751e8b465ee728b)
Start importing Assets/Sound/새 폴더/클럽맵 (2).mp3 using Guid(7c08bf68c0031544886fb85b9fe73deb) Importer(815301076,1909f56bfc062723c751e8b465ee728b)  -> (artifact id: '5168a26e34dcd51ff3e814352a14e115') in 0.135363 seconds 
========================================================================
Received Import Request.
  Time since last request: 0.000390 seconds.
  path: Assets/Sound/새 폴더/하수구 (3).mp3
  artifactKey: Guid(ccf16dbd624cc2e41ac53620d3d5d028) Importer(815301076,1909f56bfc062723c751e8b465ee728b)
Start importing Assets/Sound/새 폴더/하수구 (3).mp3 using Guid(ccf16dbd624cc2e41ac53620d3d5d028) Importer(815301076,1909f56bfc062723c751e8b465ee728b)  -> (artifact id: '8c45759b5997619ced5213a54fa2fc1a') in 0.047652 seconds 
========================================================================
Received Import Request.
  Time since last request: 19.011485 seconds.
  path: Assets/TextMesh Pro/Fonts/LiberationSans.ttf
  artifactKey: Guid(e3265ab4bf004d28a9537516768c1c75) Importer(815301076,1909f56bfc062723c751e8b465ee728b)
Start importing Assets/TextMesh Pro/Fonts/LiberationSans.ttf using Guid(e3265ab4bf004d28a9537516768c1c75) Importer(815301076,1909f56bfc062723c751e8b465ee728b)  -> (artifact id: '86e85d55384b22641579099d0f1ce7e8') in 0.061997 seconds 
========================================================================
Received Import Request.
  Time since last request: 0.000373 seconds.
  path: Assets/TextMesh Pro/Resources/Fonts & Materials/LiberationSans SDF - Outline.mat
  artifactKey: Guid(79459efec17a4d00a321bdcc27bbc385) Importer(815301076,1909f56bfc062723c751e8b465ee728b)
Start importing Assets/TextMesh Pro/Resources/Fonts & Materials/LiberationSans SDF - Outline.mat using Guid(79459efec17a4d00a321bdcc27bbc385) Importer(815301076,1909f56bfc062723c751e8b465ee728b)  -> (artifact id: 'bcff64d64d50123766262d9b6208d85b') in 0.295993 seconds 
========================================================================
Received Import Request.
  Time since last request: 0.000037 seconds.
  path: Assets/TextMesh Pro/Resources/Fonts & Materials/LiberationSans SDF - Fallback.asset
  artifactKey: Guid(2e498d1c8094910479dc3e1b768306a4) Importer(815301076,1909f56bfc062723c751e8b465ee728b)
Start importing Assets/TextMesh Pro/Resources/Fonts & Materials/LiberationSans SDF - Fallback.asset using Guid(2e498d1c8094910479dc3e1b768306a4) Importer(815301076,1909f56bfc062723c751e8b465ee728b)  -> (artifact id: '4bdc522af821924d15ab15d10134875e') in 0.086763 seconds 
========================================================================
Received Import Request.
  Time since last request: 1.416364 seconds.
  path: Assets/Material/Chat Btn.png
  artifactKey: Guid(e501c8e0a746f0842849ba02b4f7e881) Importer(815301076,1909f56bfc062723c751e8b465ee728b)
Start importing Assets/Material/Chat Btn.png using Guid(e501c8e0a746f0842849ba02b4f7e881) Importer(815301076,1909f56bfc062723c751e8b465ee728b)  -> (artifact id: '9f0594fa964ecdf88636985cb3c6049d') in 0.080028 seconds 
========================================================================
Received Import Request.
  Time since last request: 0.000118 seconds.
  path: Assets/Material/G Btn5.png
  artifactKey: Guid(d6492ff3e1133c5429c29bb88ce63ba2) Importer(815301076,1909f56bfc062723c751e8b465ee728b)
Start importing Assets/Material/G Btn5.png using Guid(d6492ff3e1133c5429c29bb88ce63ba2) Importer(815301076,1909f56bfc062723c751e8b465ee728b)  -> (artifact id: 'd7accc3646036f1f95f633d742601408') in 0.471515 seconds 
========================================================================
Received Import Request.
  Time since last request: 0.000043 seconds.
  path: Assets/Material/G Btn4.png
  artifactKey: Guid(1e824b27655ebb84ea0a1947089167f4) Importer(815301076,1909f56bfc062723c751e8b465ee728b)
Start importing Assets/Material/G Btn4.png using Guid(1e824b27655ebb84ea0a1947089167f4) Importer(815301076,1909f56bfc062723c751e8b465ee728b)  -> (artifact id: 'e0d9136a845e484ded29fdc00c246c65') in 0.088234 seconds 
========================================================================
Received Import Request.
  Time since last request: 0.000395 seconds.
  path: Assets/Material/FadeInOut.png
  artifactKey: Guid(e741c70c2835603479dd4d60eeee67bf) Importer(815301076,1909f56bfc062723c751e8b465ee728b)
Start importing Assets/Material/FadeInOut.png using Guid(e741c70c2835603479dd4d60eeee67bf) Importer(815301076,1909f56bfc062723c751e8b465ee728b)  -> (artifact id: 'b1b92dd27995888890395e1dd91950a5') in 1.662864 seconds 
========================================================================
Received Import Request.
  Time since last request: 0.000335 seconds.
  path: Assets/Material/G Btn1.png
  artifactKey: Guid(28d77071a7403a44aa18a3e3c749d12f) Importer(815301076,1909f56bfc062723c751e8b465ee728b)
Start importing Assets/Material/G Btn1.png using Guid(28d77071a7403a44aa18a3e3c749d12f) Importer(815301076,1909f56bfc062723c751e8b465ee728b)  -> (artifact id: 'c3b0487d63fba00ac6ae5188f057cf60') in 0.072623 seconds 
========================================================================
Received Import Request.
  Time since last request: 0.001095 seconds.
  path: Assets/Material/G Btn2.png
  artifactKey: Guid(cd7f2ebbd0fe08b458e277250a96f1c6) Importer(815301076,1909f56bfc062723c751e8b465ee728b)
Start importing Assets/Material/G Btn2.png using Guid(cd7f2ebbd0fe08b458e277250a96f1c6) Importer(815301076,1909f56bfc062723c751e8b465ee728b)  -> (artifact id: '48eb530bfaa543e0f6ee2f2a40bdc2d5') in 0.139201 seconds 
========================================================================
Received Import Request.
  Time since last request: 0.000382 seconds.
  path: Assets/Material/G Btn3.png
  artifactKey: Guid(144bae5766d81754b91abcba012e4db1) Importer(815301076,1909f56bfc062723c751e8b465ee728b)
Start importing Assets/Material/G Btn3.png using Guid(144bae5766d81754b91abcba012e4db1) Importer(815301076,1909f56bfc062723c751e8b465ee728b)  -> (artifact id: '3b76fc3e6276980f240d5fa263a9378f') in 0.078748 seconds 
========================================================================
Received Import Request.
  Time since last request: 0.003269 seconds.
  path: Assets/Material/Chat1.png
  artifactKey: Guid(796ba20ca7fcf974bb70ea647ecf7636) Importer(815301076,1909f56bfc062723c751e8b465ee728b)
Start importing Assets/Material/Chat1.png using Guid(796ba20ca7fcf974bb70ea647ecf7636) Importer(815301076,1909f56bfc062723c751e8b465ee728b)  -> (artifact id: 'ab7b4f00f9b014a385c03488159a89d9') in 0.305803 seconds 
========================================================================
Received Import Request.
  Time since last request: 22.490645 seconds.
  path: Assets/Scenes
  artifactKey: Guid(131a6b21c8605f84396be9f6751fb6e3) Importer(815301076,1909f56bfc062723c751e8b465ee728b)
Start importing Assets/Scenes using Guid(131a6b21c8605f84396be9f6751fb6e3) Importer(815301076,1909f56bfc062723c751e8b465ee728b)  -> (artifact id: '4935f35005d3ccd51bf39964504ff1b7') in 0.029875 seconds 
========================================================================
Received Import Request.
  Time since last request: 2.303765 seconds.
  path: Assets/Scenes/Map0Main.unity
  artifactKey: Guid(2347b34791021914582c533cf6ae17e2) Importer(815301076,1909f56bfc062723c751e8b465ee728b)
Start importing Assets/Scenes/Map0Main.unity using Guid(2347b34791021914582c533cf6ae17e2) Importer(815301076,1909f56bfc062723c751e8b465ee728b)  -> (artifact id: '76506f63be486b3030d36df3ef61cede') in 0.032258 seconds 
========================================================================
Received Prepare
Registering precompiled user dll's ...
Registered in 0.026471 seconds.
Begin MonoManager ReloadAssembly
Symbol file LoadedFromMemory doesn't match image C:\Users\dbals\GitHub\Kp-23-1\My project\Library\PackageCache\com.unity.visualscripting@1.7.8\Editor\VisualScripting.Core\Dependencies\YamlDotNet\Unity.VisualScripting.YamlDotNet.dll
Symbol file LoadedFromMemory doesn't match image C:\Users\dbals\GitHub\Kp-23-1\My project\Library\PackageCache\com.unity.visualscripting@1.7.8\Editor\VisualScripting.Core\Dependencies\DotNetZip\Unity.VisualScripting.IonicZip.dll
Native extension for WindowsStandalone target not found
Refreshing native plugins compatible for Editor in 2.02 ms, found 4 plugins.
Preloading 0 native plugins for Editor in 0.00 ms.
Mono: successfully reloaded assembly
- Completed reload, in  3.489 seconds
Domain Reload Profiling:
	ReloadAssembly (3491ms)
		BeginReloadAssembly (408ms)
			ExecutionOrderSort (0ms)
			DisableScriptedObjects (12ms)
			BackupInstance (0ms)
			ReleaseScriptingObjects (0ms)
			CreateAndSetChildDomain (72ms)
		EndReloadAssembly (2714ms)
			LoadAssemblies (415ms)
			RebuildTransferFunctionScriptingTraits (0ms)
			SetupTypeCache (667ms)
			ReleaseScriptCaches (2ms)
			RebuildScriptCaches (109ms)
			SetupLoadedEditorAssemblies (1208ms)
				LogAssemblyErrors (0ms)
				InitializePlatformSupportModulesInManaged (23ms)
				SetLoadedEditorAssemblies (1ms)
				RefreshPlugins (2ms)
				BeforeProcessingInitializeOnLoad (184ms)
				ProcessInitializeOnLoadAttributes (832ms)
				ProcessInitializeOnLoadMethodAttributes (141ms)
				AfterProcessingInitializeOnLoad (23ms)
				EditorAssembliesLoaded (0ms)
			ExecutionOrderSort2 (0ms)
			AwakeInstancesAfterBackupRestoration (26ms)
Platform modules already initialized, skipping
Refreshing native plugins compatible for Editor in 63.72 ms, found 4 plugins.
Preloading 0 native plugins for Editor in 0.00 ms.
Unloading 4061 Unused Serialized files (Serialized files now loaded: 0)
Unloading 25 unused Assets / (24.8 KB). Loaded Objects now: 4610.
Memory consumption went from 156.5 MB to 156.4 MB.
Total: 21.584300 ms (FindLiveObjects: 2.081700 ms CreateObjectMapping: 1.505400 ms MarkObjects: 17.581500 ms  DeleteObjects: 0.411700 ms)

AssetImportParameters requested are different than current active one (requested -> active):
  custom:video-decoder-ogg-theora: a1e56fd34408186e4bbccfd4996cb3dc -> 
  custom:container-muxer-webm: aa71ff27fc2769a1b78a27578f13a17b -> 
  custom:container-demuxer-webm: 4f35f7cbe854078d1ac9338744f61a02 -> 
  custom:video-encoder-webm-vp8: eb34c28f22e8b96e1ab97ce403110664 -> 
  custom:video-codec-MediaFoundation-h265: 746d11721c4dcdbdad8f713fa42b33f4 -> 
  custom:audio-encoder-webm-vorbis: bf7c407c2cedff20999df2af8eb42d56 -> 
  custom:framework-win-MediaFoundation: 216162199b28c13a410421893ffa2e32 -> 
  custom:container-demuxer-ogg: 62fdf1f143b41e24485cea50d1cbac27 -> 
  custom:video-decoder-webm-vp8: 9c59270c3fd7afecdb556c50c9e8de78 -> 
  custom:audio-decoder-ogg-vorbis: bf7c407c2cedff20999df2af8eb42d56 -> 
========================================================================
Received Prepare
Registering precompiled user dll's ...
Registered in 0.066241 seconds.
Begin MonoManager ReloadAssembly
Symbol file LoadedFromMemory doesn't match image C:\Users\dbals\GitHub\Kp-23-1\My project\Library\PackageCache\com.unity.visualscripting@1.7.8\Editor\VisualScripting.Core\Dependencies\YamlDotNet\Unity.VisualScripting.YamlDotNet.dll
Symbol file LoadedFromMemory doesn't match image C:\Users\dbals\GitHub\Kp-23-1\My project\Library\PackageCache\com.unity.visualscripting@1.7.8\Editor\VisualScripting.Core\Dependencies\DotNetZip\Unity.VisualScripting.IonicZip.dll
Native extension for WindowsStandalone target not found
Refreshing native plugins compatible for Editor in 2.15 ms, found 4 plugins.
Preloading 0 native plugins for Editor in 0.00 ms.
Mono: successfully reloaded assembly
- Completed reload, in 83.712 seconds
Domain Reload Profiling:
	ReloadAssembly (83715ms)
		BeginReloadAssembly (29414ms)
			ExecutionOrderSort (0ms)
			DisableScriptedObjects (20ms)
			BackupInstance (0ms)
			ReleaseScriptingObjects (0ms)
			CreateAndSetChildDomain (101ms)
		EndReloadAssembly (35612ms)
			LoadAssemblies (30415ms)
			RebuildTransferFunctionScriptingTraits (0ms)
			SetupTypeCache (19654ms)
			ReleaseScriptCaches (4ms)
			RebuildScriptCaches (823ms)
			SetupLoadedEditorAssemblies (11337ms)
				LogAssemblyErrors (0ms)
				InitializePlatformSupportModulesInManaged (62ms)
				SetLoadedEditorAssemblies (1ms)
				RefreshPlugins (2ms)
				BeforeProcessingInitializeOnLoad (431ms)
				ProcessInitializeOnLoadAttributes (10591ms)
				ProcessInitializeOnLoadMethodAttributes (207ms)
				AfterProcessingInitializeOnLoad (42ms)
				EditorAssembliesLoaded (1ms)
			ExecutionOrderSort2 (0ms)
			AwakeInstancesAfterBackupRestoration (30ms)
Platform modules already initialized, skipping
Refreshing native plugins compatible for Editor in 7.13 ms, found 4 plugins.
Preloading 0 native plugins for Editor in 0.00 ms.
Unloading 4061 Unused Serialized files (Serialized files now loaded: 0)
Unloading 25 unused Assets / (24.6 KB). Loaded Objects now: 4613.
Memory consumption went from 156.5 MB to 156.5 MB.
Total: 5.091700 ms (FindLiveObjects: 0.430400 ms CreateObjectMapping: 0.291900 ms MarkObjects: 4.326200 ms  DeleteObjects: 0.041300 ms)

AssetImportParameters requested are different than current active one (requested -> active):
  custom:video-decoder-ogg-theora: a1e56fd34408186e4bbccfd4996cb3dc -> 
  custom:container-muxer-webm: aa71ff27fc2769a1b78a27578f13a17b -> 
  custom:container-demuxer-webm: 4f35f7cbe854078d1ac9338744f61a02 -> 
  custom:video-encoder-webm-vp8: eb34c28f22e8b96e1ab97ce403110664 -> 
  custom:video-codec-MediaFoundation-h265: 746d11721c4dcdbdad8f713fa42b33f4 -> 
  custom:audio-encoder-webm-vorbis: bf7c407c2cedff20999df2af8eb42d56 -> 
  custom:framework-win-MediaFoundation: 216162199b28c13a410421893ffa2e32 -> 
  custom:container-demuxer-ogg: 62fdf1f143b41e24485cea50d1cbac27 -> 
  custom:video-decoder-webm-vp8: 9c59270c3fd7afecdb556c50c9e8de78 -> 
  custom:audio-decoder-ogg-vorbis: bf7c407c2cedff20999df2af8eb42d56 -> 
========================================================================
Received Import Request.
  Time since last request: 341.353260 seconds.
  path: Assets/Sound/새 폴더/windbird.prefab
  artifactKey: Guid(3f009361d4e0c6a46867bb19c56a8cdd) Importer(815301076,1909f56bfc062723c751e8b465ee728b)
Start importing Assets/Sound/새 폴더/windbird.prefab using Guid(3f009361d4e0c6a46867bb19c56a8cdd) Importer(815301076,1909f56bfc062723c751e8b465ee728b)  -> (artifact id: 'd284759d8fbfa8997303304fb29cfedd') in 3.824185 seconds 
========================================================================
Received Import Request.
  Time since last request: 22.846190 seconds.
  path: Assets/Sound/새 폴더/windbird.prefab
  artifactKey: Guid(3f009361d4e0c6a46867bb19c56a8cdd) Importer(815301076,1909f56bfc062723c751e8b465ee728b)
Start importing Assets/Sound/새 폴더/windbird.prefab using Guid(3f009361d4e0c6a46867bb19c56a8cdd) Importer(815301076,1909f56bfc062723c751e8b465ee728b)  -> (artifact id: '11c58377f8bf656a6dc4c8daf138de21') in 0.130500 seconds 
========================================================================
Received Import Request.
  Time since last request: 1.704323 seconds.
  path: Assets/Sound/새 폴더/windbird.prefab
  artifactKey: Guid(3f009361d4e0c6a46867bb19c56a8cdd) Importer(815301076,1909f56bfc062723c751e8b465ee728b)
Start importing Assets/Sound/새 폴더/windbird.prefab using Guid(3f009361d4e0c6a46867bb19c56a8cdd) Importer(815301076,1909f56bfc062723c751e8b465ee728b)  -> (artifact id: '65d114d83062a4102cd90d24965c9fcb') in 0.021815 seconds 
========================================================================
Received Import Request.
  Time since last request: 1.246442 seconds.
  path: Assets/Sound/새 폴더/windbird.prefab
  artifactKey: Guid(3f009361d4e0c6a46867bb19c56a8cdd) Importer(815301076,1909f56bfc062723c751e8b465ee728b)
Start importing Assets/Sound/새 폴더/windbird.prefab using Guid(3f009361d4e0c6a46867bb19c56a8cdd) Importer(815301076,1909f56bfc062723c751e8b465ee728b)  -> (artifact id: 'ede6f90b94dd276eb81a78d9296d8fcf') in 0.018890 seconds 
========================================================================
Received Import Request.
  Time since last request: 1.494806 seconds.
  path: Assets/Sound/새 폴더/windbird.prefab
  artifactKey: Guid(3f009361d4e0c6a46867bb19c56a8cdd) Importer(815301076,1909f56bfc062723c751e8b465ee728b)
Start importing Assets/Sound/새 폴더/windbird.prefab using Guid(3f009361d4e0c6a46867bb19c56a8cdd) Importer(815301076,1909f56bfc062723c751e8b465ee728b)  -> (artifact id: '5926f1cb5a63127e3ef3dcb37449d78c') in 0.021667 seconds 
========================================================================
Received Import Request.
  Time since last request: 2.325042 seconds.
  path: Assets/Sound/새 폴더/windbird.prefab
  artifactKey: Guid(3f009361d4e0c6a46867bb19c56a8cdd) Importer(815301076,1909f56bfc062723c751e8b465ee728b)
Start importing Assets/Sound/새 폴더/windbird.prefab using Guid(3f009361d4e0c6a46867bb19c56a8cdd) Importer(815301076,1909f56bfc062723c751e8b465ee728b)  -> (artifact id: '529a11f19a6d16ac5710e2139257e83e') in 0.019460 seconds 
========================================================================
Received Import Request.
  Time since last request: 5.916813 seconds.
  path: Assets/Sound/새 폴더/windbird.prefab
  artifactKey: Guid(3f009361d4e0c6a46867bb19c56a8cdd) Importer(815301076,1909f56bfc062723c751e8b465ee728b)
Start importing Assets/Sound/새 폴더/windbird.prefab using Guid(3f009361d4e0c6a46867bb19c56a8cdd) Importer(815301076,1909f56bfc062723c751e8b465ee728b)  -> (artifact id: '55b592b34685302ea8d85d4047afd055') in 0.020580 seconds 
========================================================================
Received Import Request.
  Time since last request: 10.652124 seconds.
  path: Assets/Sound/새 폴더/windbird.prefab
  artifactKey: Guid(3f009361d4e0c6a46867bb19c56a8cdd) Importer(815301076,1909f56bfc062723c751e8b465ee728b)
Start importing Assets/Sound/새 폴더/windbird.prefab using Guid(3f009361d4e0c6a46867bb19c56a8cdd) Importer(815301076,1909f56bfc062723c751e8b465ee728b)  -> (artifact id: 'ece0531a439ddb612875770bab670c70') in 0.542612 seconds 
========================================================================
Received Import Request.
  Time since last request: 2.571465 seconds.
  path: Assets/Sound/새 폴더/windbird.prefab
  artifactKey: Guid(3f009361d4e0c6a46867bb19c56a8cdd) Importer(815301076,1909f56bfc062723c751e8b465ee728b)
Start importing Assets/Sound/새 폴더/windbird.prefab using Guid(3f009361d4e0c6a46867bb19c56a8cdd) Importer(815301076,1909f56bfc062723c751e8b465ee728b)  -> (artifact id: '24928a234f8ea28323025c8e7f66fee0') in 0.247795 seconds 
========================================================================
Received Import Request.
  Time since last request: 6.254040 seconds.
  path: Assets/Sound/새 폴더/windbird.prefab
  artifactKey: Guid(3f009361d4e0c6a46867bb19c56a8cdd) Importer(815301076,1909f56bfc062723c751e8b465ee728b)
Start importing Assets/Sound/새 폴더/windbird.prefab using Guid(3f009361d4e0c6a46867bb19c56a8cdd) Importer(815301076,1909f56bfc062723c751e8b465ee728b)  -> (artifact id: '0bbaa73130ae9aecd3f77d80de674a69') in 0.020320 seconds 
========================================================================
Received Import Request.
  Time since last request: 11.560038 seconds.
  path: Assets/Sound/새 폴더/windbird.prefab
  artifactKey: Guid(3f009361d4e0c6a46867bb19c56a8cdd) Importer(815301076,1909f56bfc062723c751e8b465ee728b)
Start importing Assets/Sound/새 폴더/windbird.prefab using Guid(3f009361d4e0c6a46867bb19c56a8cdd) Importer(815301076,1909f56bfc062723c751e8b465ee728b)  -> (artifact id: '9dc44d67df14ae1307e2b6a0d035f6ab') in 0.344160 seconds 
========================================================================
Received Import Request.
  Time since last request: 1.076763 seconds.
  path: Assets/Sound/새 폴더/windbird.prefab
  artifactKey: Guid(3f009361d4e0c6a46867bb19c56a8cdd) Importer(815301076,1909f56bfc062723c751e8b465ee728b)
Start importing Assets/Sound/새 폴더/windbird.prefab using Guid(3f009361d4e0c6a46867bb19c56a8cdd) Importer(815301076,1909f56bfc062723c751e8b465ee728b)  -> (artifact id: '4f8f1a859dd23e907f19a3d428c94cc5') in 0.017869 seconds 
========================================================================
Received Import Request.
  Time since last request: 8.213917 seconds.
  path: Assets/Sound/새 폴더/windbird.prefab
  artifactKey: Guid(3f009361d4e0c6a46867bb19c56a8cdd) Importer(815301076,1909f56bfc062723c751e8b465ee728b)
Start importing Assets/Sound/새 폴더/windbird.prefab using Guid(3f009361d4e0c6a46867bb19c56a8cdd) Importer(815301076,1909f56bfc062723c751e8b465ee728b)  -> (artifact id: '125fb27cb62bceafa2ccf955a0416460') in 0.259136 seconds 
========================================================================
Received Import Request.
  Time since last request: 22.361833 seconds.
  path: Assets/Sound/새 폴더/windbird.prefab
  artifactKey: Guid(3f009361d4e0c6a46867bb19c56a8cdd) Importer(815301076,1909f56bfc062723c751e8b465ee728b)
Start importing Assets/Sound/새 폴더/windbird.prefab using Guid(3f009361d4e0c6a46867bb19c56a8cdd) Importer(815301076,1909f56bfc062723c751e8b465ee728b)  -> (artifact id: '4026ae5a81cd9d96614e25a33a5b9da6') in 0.037208 seconds 
========================================================================
Received Import Request.
  Time since last request: 6.220389 seconds.
  path: Assets/Sound/새 폴더/windbird.prefab
  artifactKey: Guid(3f009361d4e0c6a46867bb19c56a8cdd) Importer(815301076,1909f56bfc062723c751e8b465ee728b)
Start importing Assets/Sound/새 폴더/windbird.prefab using Guid(3f009361d4e0c6a46867bb19c56a8cdd) Importer(815301076,1909f56bfc062723c751e8b465ee728b)  -> (artifact id: '4503874deb827737335edf7ff9220c51') in 0.045070 seconds 
========================================================================
Received Import Request.
  Time since last request: 9.013122 seconds.
  path: Assets/Sound/새 폴더/windbird.prefab
  artifactKey: Guid(3f009361d4e0c6a46867bb19c56a8cdd) Importer(815301076,1909f56bfc062723c751e8b465ee728b)
Start importing Assets/Sound/새 폴더/windbird.prefab using Guid(3f009361d4e0c6a46867bb19c56a8cdd) Importer(815301076,1909f56bfc062723c751e8b465ee728b)  -> (artifact id: 'ed0422bf85d2688723b05c8ca6af3940') in 0.018073 seconds 
========================================================================
Received Import Request.
  Time since last request: 73.579084 seconds.
  path: Assets/Scenes/Map1-1Scene.unity
  artifactKey: Guid(dcca723f06e80ca47b51766da58a6541) Importer(815301076,1909f56bfc062723c751e8b465ee728b)
Start importing Assets/Scenes/Map1-1Scene.unity using Guid(dcca723f06e80ca47b51766da58a6541) Importer(815301076,1909f56bfc062723c751e8b465ee728b)  -> (artifact id: '25623116814450fcdf2d2f0982bec92c') in 0.048691 seconds 
========================================================================
Received Import Request.
  Time since last request: 97.651514 seconds.
  path: Assets/Sound/새 폴더/숲.prefab
  artifactKey: Guid(255315a2c1c490d43bb36f2daae74ab7) Importer(815301076,1909f56bfc062723c751e8b465ee728b)
Start importing Assets/Sound/새 폴더/숲.prefab using Guid(255315a2c1c490d43bb36f2daae74ab7) Importer(815301076,1909f56bfc062723c751e8b465ee728b)  -> (artifact id: '6676df9cc044ba4afae2a4a3c88f14dd') in 0.010379 seconds 
========================================================================
Received Import Request.
  Time since last request: 8.959741 seconds.
  path: Assets/Sound/새 폴더/숲.prefab
  artifactKey: Guid(255315a2c1c490d43bb36f2daae74ab7) Importer(815301076,1909f56bfc062723c751e8b465ee728b)
Start importing Assets/Sound/새 폴더/숲.prefab using Guid(255315a2c1c490d43bb36f2daae74ab7) Importer(815301076,1909f56bfc062723c751e8b465ee728b)  -> (artifact id: 'e55b7b6db66d0c0bb270b02f0aa9c857') in 0.009037 seconds 
========================================================================
Received Prepare
Registering precompiled user dll's ...
Registered in 0.026257 seconds.
Begin MonoManager ReloadAssembly
Symbol file LoadedFromMemory doesn't match image C:\Users\dbals\GitHub\Kp-23-1\My project\Library\PackageCache\com.unity.visualscripting@1.7.8\Editor\VisualScripting.Core\Dependencies\YamlDotNet\Unity.VisualScripting.YamlDotNet.dll
Symbol file LoadedFromMemory doesn't match image C:\Users\dbals\GitHub\Kp-23-1\My project\Library\PackageCache\com.unity.visualscripting@1.7.8\Editor\VisualScripting.Core\Dependencies\DotNetZip\Unity.VisualScripting.IonicZip.dll
Native extension for WindowsStandalone target not found
Refreshing native plugins compatible for Editor in 1.90 ms, found 4 plugins.
Preloading 0 native plugins for Editor in 0.00 ms.
Mono: successfully reloaded assembly
- Completed reload, in 25.167 seconds
Domain Reload Profiling:
	ReloadAssembly (25171ms)
		BeginReloadAssembly (1961ms)
			ExecutionOrderSort (0ms)
			DisableScriptedObjects (32ms)
			BackupInstance (0ms)
			ReleaseScriptingObjects (1ms)
			CreateAndSetChildDomain (771ms)
		EndReloadAssembly (21505ms)
			LoadAssemblies (1583ms)
			RebuildTransferFunctionScriptingTraits (1ms)
			SetupTypeCache (3652ms)
			ReleaseScriptCaches (7ms)
			RebuildScriptCaches (600ms)
			SetupLoadedEditorAssemblies (15569ms)
				LogAssemblyErrors (0ms)
				InitializePlatformSupportModulesInManaged (116ms)
				SetLoadedEditorAssemblies (1ms)
				RefreshPlugins (2ms)
				BeforeProcessingInitializeOnLoad (730ms)
				ProcessInitializeOnLoadAttributes (13686ms)
				ProcessInitializeOnLoadMethodAttributes (1022ms)
				AfterProcessingInitializeOnLoad (12ms)
				EditorAssembliesLoaded (0ms)
			ExecutionOrderSort2 (0ms)
			AwakeInstancesAfterBackupRestoration (17ms)
Platform modules already initialized, skipping
Refreshing native plugins compatible for Editor in 6.79 ms, found 4 plugins.
Preloading 0 native plugins for Editor in 0.00 ms.
Unloading 4061 Unused Serialized files (Serialized files now loaded: 0)
Unloading 25 unused Assets / (24.7 KB). Loaded Objects now: 4616.
Memory consumption went from 156.5 MB to 156.5 MB.
Total: 7.275100 ms (FindLiveObjects: 0.635700 ms CreateObjectMapping: 0.518000 ms MarkObjects: 6.069100 ms  DeleteObjects: 0.050700 ms)

AssetImportParameters requested are different than current active one (requested -> active):
  custom:video-decoder-ogg-theora: a1e56fd34408186e4bbccfd4996cb3dc -> 
  custom:container-muxer-webm: aa71ff27fc2769a1b78a27578f13a17b -> 
  custom:container-demuxer-webm: 4f35f7cbe854078d1ac9338744f61a02 -> 
  custom:video-encoder-webm-vp8: eb34c28f22e8b96e1ab97ce403110664 -> 
  custom:video-codec-MediaFoundation-h265: 746d11721c4dcdbdad8f713fa42b33f4 -> 
  custom:audio-encoder-webm-vorbis: bf7c407c2cedff20999df2af8eb42d56 -> 
  custom:framework-win-MediaFoundation: 216162199b28c13a410421893ffa2e32 -> 
  custom:container-demuxer-ogg: 62fdf1f143b41e24485cea50d1cbac27 -> 
  custom:video-decoder-webm-vp8: 9c59270c3fd7afecdb556c50c9e8de78 -> 
  custom:audio-decoder-ogg-vorbis: bf7c407c2cedff20999df2af8eb42d56 -> 
========================================================================
Received Import Request.
  Time since last request: 110.090651 seconds.
  path: Assets/Sound/새 폴더/forest.mp3
  artifactKey: Guid(bf5f8dad20a9a894983cf51b5e1bb46e) Importer(815301076,1909f56bfc062723c751e8b465ee728b)
Start importing Assets/Sound/새 폴더/forest.mp3 using Guid(bf5f8dad20a9a894983cf51b5e1bb46e) Importer(815301076,1909f56bfc062723c751e8b465ee728b)  -> (artifact id: '788f25f416885982d0cc4b824476e369') in 2.132843 seconds 
========================================================================
Received Prepare
Registering precompiled user dll's ...
Registered in 0.090658 seconds.
Begin MonoManager ReloadAssembly
Symbol file LoadedFromMemory doesn't match image C:\Users\dbals\GitHub\Kp-23-1\My project\Library\PackageCache\com.unity.visualscripting@1.7.8\Editor\VisualScripting.Core\Dependencies\YamlDotNet\Unity.VisualScripting.YamlDotNet.dll
Symbol file LoadedFromMemory doesn't match image C:\Users\dbals\GitHub\Kp-23-1\My project\Library\PackageCache\com.unity.visualscripting@1.7.8\Editor\VisualScripting.Core\Dependencies\DotNetZip\Unity.VisualScripting.IonicZip.dll
Native extension for WindowsStandalone target not found
Refreshing native plugins compatible for Editor in 1.29 ms, found 4 plugins.
Preloading 0 native plugins for Editor in 0.00 ms.
Mono: successfully reloaded assembly
- Completed reload, in  1.967 seconds
Domain Reload Profiling:
	ReloadAssembly (1969ms)
		BeginReloadAssembly (255ms)
			ExecutionOrderSort (0ms)
			DisableScriptedObjects (11ms)
			BackupInstance (0ms)
			ReleaseScriptingObjects (0ms)
			CreateAndSetChildDomain (76ms)
		EndReloadAssembly (1514ms)
			LoadAssemblies (254ms)
			RebuildTransferFunctionScriptingTraits (0ms)
			SetupTypeCache (446ms)
			ReleaseScriptCaches (5ms)
			RebuildScriptCaches (81ms)
			SetupLoadedEditorAssemblies (640ms)
				LogAssemblyErrors (0ms)
				InitializePlatformSupportModulesInManaged (21ms)
				SetLoadedEditorAssemblies (1ms)
				RefreshPlugins (1ms)
				BeforeProcessingInitializeOnLoad (127ms)
				ProcessInitializeOnLoadAttributes (404ms)
				ProcessInitializeOnLoadMethodAttributes (75ms)
				AfterProcessingInitializeOnLoad (11ms)
				EditorAssembliesLoaded (0ms)
			ExecutionOrderSort2 (0ms)
			AwakeInstancesAfterBackupRestoration (17ms)
Platform modules already initialized, skipping
Refreshing native plugins compatible for Editor in 5.54 ms, found 4 plugins.
Preloading 0 native plugins for Editor in 0.00 ms.
Unloading 4061 Unused Serialized files (Serialized files now loaded: 0)
Unloading 25 unused Assets / (24.7 KB). Loaded Objects now: 4619.
Memory consumption went from 156.5 MB to 156.5 MB.
Total: 5.731200 ms (FindLiveObjects: 0.734900 ms CreateObjectMapping: 0.449100 ms MarkObjects: 4.507900 ms  DeleteObjects: 0.037900 ms)

AssetImportParameters requested are different than current active one (requested -> active):
  custom:video-decoder-ogg-theora: a1e56fd34408186e4bbccfd4996cb3dc -> 
  custom:container-muxer-webm: aa71ff27fc2769a1b78a27578f13a17b -> 
  custom:container-demuxer-webm: 4f35f7cbe854078d1ac9338744f61a02 -> 
  custom:video-encoder-webm-vp8: eb34c28f22e8b96e1ab97ce403110664 -> 
  custom:video-codec-MediaFoundation-h265: 746d11721c4dcdbdad8f713fa42b33f4 -> 
  custom:audio-encoder-webm-vorbis: bf7c407c2cedff20999df2af8eb42d56 -> 
  custom:framework-win-MediaFoundation: 216162199b28c13a410421893ffa2e32 -> 
  custom:container-demuxer-ogg: 62fdf1f143b41e24485cea50d1cbac27 -> 
  custom:video-decoder-webm-vp8: 9c59270c3fd7afecdb556c50c9e8de78 -> 
  custom:audio-decoder-ogg-vorbis: bf7c407c2cedff20999df2af8eb42d56 -> 
========================================================================
Received Import Request.
  Time since last request: 68.600465 seconds.
  path: Assets/Sound/새 폴더/windbird.mp3
  artifactKey: Guid(cbbc3ac31d01dcd41b0dd71e87c9e6a4) Importer(815301076,1909f56bfc062723c751e8b465ee728b)
Start importing Assets/Sound/새 폴더/windbird.mp3 using Guid(cbbc3ac31d01dcd41b0dd71e87c9e6a4) Importer(815301076,1909f56bfc062723c751e8b465ee728b)  -> (artifact id: '145135da79ddccf5e91c51ab317115ee') in 0.111269 seconds 
========================================================================
Received Prepare
Registering precompiled user dll's ...
Registered in 0.616283 seconds.
Begin MonoManager ReloadAssembly
Symbol file LoadedFromMemory doesn't match image C:\Users\dbals\GitHub\Kp-23-1\My project\Library\PackageCache\com.unity.visualscripting@1.7.8\Editor\VisualScripting.Core\Dependencies\YamlDotNet\Unity.VisualScripting.YamlDotNet.dll
Symbol file LoadedFromMemory doesn't match image C:\Users\dbals\GitHub\Kp-23-1\My project\Library\PackageCache\com.unity.visualscripting@1.7.8\Editor\VisualScripting.Core\Dependencies\DotNetZip\Unity.VisualScripting.IonicZip.dll
Native extension for WindowsStandalone target not found
Refreshing native plugins compatible for Editor in 1.53 ms, found 4 plugins.
Preloading 0 native plugins for Editor in 0.00 ms.
Mono: successfully reloaded assembly
- Completed reload, in  2.912 seconds
Domain Reload Profiling:
	ReloadAssembly (2925ms)
		BeginReloadAssembly (385ms)
			ExecutionOrderSort (0ms)
			DisableScriptedObjects (15ms)
			BackupInstance (0ms)
			ReleaseScriptingObjects (0ms)
			CreateAndSetChildDomain (94ms)
		EndReloadAssembly (2299ms)
			LoadAssemblies (323ms)
			RebuildTransferFunctionScriptingTraits (0ms)
			SetupTypeCache (666ms)
			ReleaseScriptCaches (2ms)
			RebuildScriptCaches (96ms)
			SetupLoadedEditorAssemblies (973ms)
				LogAssemblyErrors (0ms)
				InitializePlatformSupportModulesInManaged (30ms)
				SetLoadedEditorAssemblies (7ms)
				RefreshPlugins (5ms)
				BeforeProcessingInitializeOnLoad (178ms)
				ProcessInitializeOnLoadAttributes (476ms)
				ProcessInitializeOnLoadMethodAttributes (261ms)
				AfterProcessingInitializeOnLoad (17ms)
				EditorAssembliesLoaded (0ms)
			ExecutionOrderSort2 (0ms)
			AwakeInstancesAfterBackupRestoration (20ms)
Platform modules already initialized, skipping
Refreshing native plugins compatible for Editor in 9.05 ms, found 4 plugins.
Preloading 0 native plugins for Editor in 0.00 ms.
Unloading 4061 Unused Serialized files (Serialized files now loaded: 0)
Unloading 25 unused Assets / (24.7 KB). Loaded Objects now: 4622.
Memory consumption went from 156.5 MB to 156.5 MB.
Total: 6.161300 ms (FindLiveObjects: 0.744800 ms CreateObjectMapping: 0.570600 ms MarkObjects: 4.778400 ms  DeleteObjects: 0.065000 ms)

AssetImportParameters requested are different than current active one (requested -> active):
  custom:video-decoder-ogg-theora: a1e56fd34408186e4bbccfd4996cb3dc -> 
  custom:container-muxer-webm: aa71ff27fc2769a1b78a27578f13a17b -> 
  custom:container-demuxer-webm: 4f35f7cbe854078d1ac9338744f61a02 -> 
  custom:video-encoder-webm-vp8: eb34c28f22e8b96e1ab97ce403110664 -> 
  custom:video-codec-MediaFoundation-h265: 746d11721c4dcdbdad8f713fa42b33f4 -> 
  custom:audio-encoder-webm-vorbis: bf7c407c2cedff20999df2af8eb42d56 -> 
  custom:framework-win-MediaFoundation: 216162199b28c13a410421893ffa2e32 -> 
  custom:container-demuxer-ogg: 62fdf1f143b41e24485cea50d1cbac27 -> 
  custom:video-decoder-webm-vp8: 9c59270c3fd7afecdb556c50c9e8de78 -> 
  custom:audio-decoder-ogg-vorbis: bf7c407c2cedff20999df2af8eb42d56 -> 
========================================================================
Received Prepare
Registering precompiled user dll's ...
Registered in 0.025576 seconds.
Begin MonoManager ReloadAssembly
Symbol file LoadedFromMemory doesn't match image C:\Users\dbals\GitHub\Kp-23-1\My project\Library\PackageCache\com.unity.visualscripting@1.7.8\Editor\VisualScripting.Core\Dependencies\YamlDotNet\Unity.VisualScripting.YamlDotNet.dll
Symbol file LoadedFromMemory doesn't match image C:\Users\dbals\GitHub\Kp-23-1\My project\Library\PackageCache\com.unity.visualscripting@1.7.8\Editor\VisualScripting.Core\Dependencies\DotNetZip\Unity.VisualScripting.IonicZip.dll
Native extension for WindowsStandalone target not found
Refreshing native plugins compatible for Editor in 2.15 ms, found 4 plugins.
Preloading 0 native plugins for Editor in 0.00 ms.
Mono: successfully reloaded assembly
- Completed reload, in 11.512 seconds
Domain Reload Profiling:
	ReloadAssembly (11541ms)
		BeginReloadAssembly (308ms)
			ExecutionOrderSort (0ms)
			DisableScriptedObjects (18ms)
			BackupInstance (0ms)
			ReleaseScriptingObjects (0ms)
			CreateAndSetChildDomain (90ms)
		EndReloadAssembly (10978ms)
			LoadAssemblies (267ms)
			RebuildTransferFunctionScriptingTraits (0ms)
			SetupTypeCache (881ms)
			ReleaseScriptCaches (3ms)
			RebuildScriptCaches (155ms)
			SetupLoadedEditorAssemblies (9201ms)
				LogAssemblyErrors (0ms)
				InitializePlatformSupportModulesInManaged (26ms)
				SetLoadedEditorAssemblies (1ms)
				RefreshPlugins (2ms)
				BeforeProcessingInitializeOnLoad (182ms)
				ProcessInitializeOnLoadAttributes (6841ms)
				ProcessInitializeOnLoadMethodAttributes (1844ms)
				AfterProcessingInitializeOnLoad (304ms)
				EditorAssembliesLoaded (0ms)
			ExecutionOrderSort2 (0ms)
			AwakeInstancesAfterBackupRestoration (139ms)
Platform modules already initialized, skipping
Refreshing native plugins compatible for Editor in 30.95 ms, found 4 plugins.
Preloading 0 native plugins for Editor in 0.00 ms.
Unloading 4061 Unused Serialized files (Serialized files now loaded: 0)
Unloading 25 unused Assets / (24.8 KB). Loaded Objects now: 4625.
Memory consumption went from 156.5 MB to 156.5 MB.
Total: 14.491500 ms (FindLiveObjects: 0.693200 ms CreateObjectMapping: 0.863500 ms MarkObjects: 12.197000 ms  DeleteObjects: 0.734400 ms)

AssetImportParameters requested are different than current active one (requested -> active):
  custom:video-decoder-ogg-theora: a1e56fd34408186e4bbccfd4996cb3dc -> 
  custom:container-muxer-webm: aa71ff27fc2769a1b78a27578f13a17b -> 
  custom:container-demuxer-webm: 4f35f7cbe854078d1ac9338744f61a02 -> 
  custom:video-encoder-webm-vp8: eb34c28f22e8b96e1ab97ce403110664 -> 
  custom:video-codec-MediaFoundation-h265: 746d11721c4dcdbdad8f713fa42b33f4 -> 
  custom:audio-encoder-webm-vorbis: bf7c407c2cedff20999df2af8eb42d56 -> 
  custom:framework-win-MediaFoundation: 216162199b28c13a410421893ffa2e32 -> 
  custom:container-demuxer-ogg: 62fdf1f143b41e24485cea50d1cbac27 -> 
  custom:video-decoder-webm-vp8: 9c59270c3fd7afecdb556c50c9e8de78 -> 
  custom:audio-decoder-ogg-vorbis: bf7c407c2cedff20999df2af8eb42d56 -> 
========================================================================
Received Prepare
Registering precompiled user dll's ...
Registered in 0.103139 seconds.
Begin MonoManager ReloadAssembly
Symbol file LoadedFromMemory doesn't match image C:\Users\dbals\GitHub\Kp-23-1\My project\Library\PackageCache\com.unity.visualscripting@1.7.8\Editor\VisualScripting.Core\Dependencies\YamlDotNet\Unity.VisualScripting.YamlDotNet.dll
Symbol file LoadedFromMemory doesn't match image C:\Users\dbals\GitHub\Kp-23-1\My project\Library\PackageCache\com.unity.visualscripting@1.7.8\Editor\VisualScripting.Core\Dependencies\DotNetZip\Unity.VisualScripting.IonicZip.dll
Native extension for WindowsStandalone target not found
Refreshing native plugins compatible for Editor in 1.47 ms, found 4 plugins.
Preloading 0 native plugins for Editor in 0.00 ms.
Mono: successfully reloaded assembly
- Completed reload, in  3.418 seconds
Domain Reload Profiling:
	ReloadAssembly (3420ms)
		BeginReloadAssembly (256ms)
			ExecutionOrderSort (0ms)
			DisableScriptedObjects (15ms)
			BackupInstance (0ms)
			ReleaseScriptingObjects (0ms)
			CreateAndSetChildDomain (72ms)
		EndReloadAssembly (2498ms)
			LoadAssemblies (483ms)
			RebuildTransferFunctionScriptingTraits (0ms)
			SetupTypeCache (906ms)
			ReleaseScriptCaches (2ms)
			RebuildScriptCaches (84ms)
			SetupLoadedEditorAssemblies (856ms)
				LogAssemblyErrors (0ms)
				InitializePlatformSupportModulesInManaged (42ms)
				SetLoadedEditorAssemblies (1ms)
				RefreshPlugins (2ms)
				BeforeProcessingInitializeOnLoad (242ms)
				ProcessInitializeOnLoadAttributes (480ms)
				ProcessInitializeOnLoadMethodAttributes (78ms)
				AfterProcessingInitializeOnLoad (11ms)
				EditorAssembliesLoaded (0ms)
			ExecutionOrderSort2 (0ms)
			AwakeInstancesAfterBackupRestoration (16ms)
Platform modules already initialized, skipping
Refreshing native plugins compatible for Editor in 9.53 ms, found 4 plugins.
Preloading 0 native plugins for Editor in 0.00 ms.
Unloading 4061 Unused Serialized files (Serialized files now loaded: 0)
Unloading 25 unused Assets / (25.8 KB). Loaded Objects now: 4628.
Memory consumption went from 156.5 MB to 156.5 MB.
Total: 8.077900 ms (FindLiveObjects: 0.876200 ms CreateObjectMapping: 0.780300 ms MarkObjects: 6.362200 ms  DeleteObjects: 0.056500 ms)

AssetImportParameters requested are different than current active one (requested -> active):
  custom:video-decoder-ogg-theora: a1e56fd34408186e4bbccfd4996cb3dc -> 
  custom:container-muxer-webm: aa71ff27fc2769a1b78a27578f13a17b -> 
  custom:container-demuxer-webm: 4f35f7cbe854078d1ac9338744f61a02 -> 
  custom:video-encoder-webm-vp8: eb34c28f22e8b96e1ab97ce403110664 -> 
  custom:video-codec-MediaFoundation-h265: 746d11721c4dcdbdad8f713fa42b33f4 -> 
  custom:audio-encoder-webm-vorbis: bf7c407c2cedff20999df2af8eb42d56 -> 
  custom:framework-win-MediaFoundation: 216162199b28c13a410421893ffa2e32 -> 
  custom:container-demuxer-ogg: 62fdf1f143b41e24485cea50d1cbac27 -> 
  custom:video-decoder-webm-vp8: 9c59270c3fd7afecdb556c50c9e8de78 -> 
  custom:audio-decoder-ogg-vorbis: bf7c407c2cedff20999df2af8eb42d56 -> 
========================================================================
Received Prepare
Registering precompiled user dll's ...
Registered in 0.037847 seconds.
Begin MonoManager ReloadAssembly
Symbol file LoadedFromMemory doesn't match image C:\Users\dbals\GitHub\Kp-23-1\My project\Library\PackageCache\com.unity.visualscripting@1.7.8\Editor\VisualScripting.Core\Dependencies\YamlDotNet\Unity.VisualScripting.YamlDotNet.dll
Symbol file LoadedFromMemory doesn't match image C:\Users\dbals\GitHub\Kp-23-1\My project\Library\PackageCache\com.unity.visualscripting@1.7.8\Editor\VisualScripting.Core\Dependencies\DotNetZip\Unity.VisualScripting.IonicZip.dll
Native extension for WindowsStandalone target not found
Refreshing native plugins compatible for Editor in 1.07 ms, found 4 plugins.
Preloading 0 native plugins for Editor in 0.00 ms.
Mono: successfully reloaded assembly
- Completed reload, in  3.067 seconds
Domain Reload Profiling:
	ReloadAssembly (3070ms)
		BeginReloadAssembly (295ms)
			ExecutionOrderSort (0ms)
			DisableScriptedObjects (17ms)
			BackupInstance (0ms)
			ReleaseScriptingObjects (1ms)
			CreateAndSetChildDomain (79ms)
		EndReloadAssembly (2489ms)
			LoadAssemblies (246ms)
			RebuildTransferFunctionScriptingTraits (0ms)
			SetupTypeCache (869ms)
			ReleaseScriptCaches (3ms)
			RebuildScriptCaches (116ms)
			SetupLoadedEditorAssemblies (1075ms)
				LogAssemblyErrors (0ms)
				InitializePlatformSupportModulesInManaged (48ms)
				SetLoadedEditorAssemblies (3ms)
				RefreshPlugins (1ms)
				BeforeProcessingInitializeOnLoad (284ms)
				ProcessInitializeOnLoadAttributes (622ms)
				ProcessInitializeOnLoadMethodAttributes (101ms)
				AfterProcessingInitializeOnLoad (14ms)
				EditorAssembliesLoaded (1ms)
			ExecutionOrderSort2 (0ms)
			AwakeInstancesAfterBackupRestoration (23ms)
Platform modules already initialized, skipping
Refreshing native plugins compatible for Editor in 6.37 ms, found 4 plugins.
Preloading 0 native plugins for Editor in 0.00 ms.
Unloading 4061 Unused Serialized files (Serialized files now loaded: 0)
Unloading 25 unused Assets / (24.7 KB). Loaded Objects now: 4631.
Memory consumption went from 156.5 MB to 156.5 MB.
Total: 4.554200 ms (FindLiveObjects: 0.419200 ms CreateObjectMapping: 0.286900 ms MarkObjects: 3.808500 ms  DeleteObjects: 0.038000 ms)

AssetImportParameters requested are different than current active one (requested -> active):
  custom:video-decoder-ogg-theora: a1e56fd34408186e4bbccfd4996cb3dc -> 
  custom:container-muxer-webm: aa71ff27fc2769a1b78a27578f13a17b -> 
  custom:container-demuxer-webm: 4f35f7cbe854078d1ac9338744f61a02 -> 
  custom:video-encoder-webm-vp8: eb34c28f22e8b96e1ab97ce403110664 -> 
  custom:video-codec-MediaFoundation-h265: 746d11721c4dcdbdad8f713fa42b33f4 -> 
  custom:audio-encoder-webm-vorbis: bf7c407c2cedff20999df2af8eb42d56 -> 
  custom:framework-win-MediaFoundation: 216162199b28c13a410421893ffa2e32 -> 
  custom:container-demuxer-ogg: 62fdf1f143b41e24485cea50d1cbac27 -> 
  custom:video-decoder-webm-vp8: 9c59270c3fd7afecdb556c50c9e8de78 -> 
  custom:audio-decoder-ogg-vorbis: bf7c407c2cedff20999df2af8eb42d56 -> 
========================================================================
Received Import Request.
  Time since last request: 716.902193 seconds.
  path: Assets/Scenes/Map1-2Scene.unity
  artifactKey: Guid(acac47bf3fc463543adba506d2c2bd86) Importer(815301076,1909f56bfc062723c751e8b465ee728b)
Start importing Assets/Scenes/Map1-2Scene.unity using Guid(acac47bf3fc463543adba506d2c2bd86) Importer(815301076,1909f56bfc062723c751e8b465ee728b)  -> (artifact id: 'e5553cbc8120931ed3da5070addebadd') in 0.023833 seconds 
========================================================================
Received Import Request.
  Time since last request: 4.363986 seconds.
  path: Assets/Scenes/Map1-1Scene.unity
  artifactKey: Guid(dcca723f06e80ca47b51766da58a6541) Importer(815301076,1909f56bfc062723c751e8b465ee728b)
Start importing Assets/Scenes/Map1-1Scene.unity using Guid(dcca723f06e80ca47b51766da58a6541) Importer(815301076,1909f56bfc062723c751e8b465ee728b)  -> (artifact id: '933f8013a80bc296344d5f008dfa0ba2') in 0.023739 seconds 
========================================================================
Received Import Request.
  Time since last request: 2.801133 seconds.
  path: Assets/Scenes/Map2Scene.unity
  artifactKey: Guid(f8f8d6b064b20dc488e44fa924e642a4) Importer(815301076,1909f56bfc062723c751e8b465ee728b)
Start importing Assets/Scenes/Map2Scene.unity using Guid(f8f8d6b064b20dc488e44fa924e642a4) Importer(815301076,1909f56bfc062723c751e8b465ee728b)  -> (artifact id: '8bc1c1d92317d556ecc3ad32773c1bdf') in 0.020031 seconds 
========================================================================
Received Import Request.
  Time since last request: 83.723554 seconds.
  path: Assets/Sound/새 폴더/forest house.mp3
  artifactKey: Guid(97d44b3da545fe0418f2ef88a573412a) Importer(815301076,1909f56bfc062723c751e8b465ee728b)
Start importing Assets/Sound/새 폴더/forest house.mp3 using Guid(97d44b3da545fe0418f2ef88a573412a) Importer(815301076,1909f56bfc062723c751e8b465ee728b)  -> (artifact id: '6a4628cc9dd5aedbff18a71e84d36a7e') in 0.088136 seconds 
========================================================================
Received Prepare
Registering precompiled user dll's ...
Registered in 0.075813 seconds.
Begin MonoManager ReloadAssembly
Symbol file LoadedFromMemory doesn't match image C:\Users\dbals\GitHub\Kp-23-1\My project\Library\PackageCache\com.unity.visualscripting@1.7.8\Editor\VisualScripting.Core\Dependencies\YamlDotNet\Unity.VisualScripting.YamlDotNet.dll
Symbol file LoadedFromMemory doesn't match image C:\Users\dbals\GitHub\Kp-23-1\My project\Library\PackageCache\com.unity.visualscripting@1.7.8\Editor\VisualScripting.Core\Dependencies\DotNetZip\Unity.VisualScripting.IonicZip.dll
Native extension for WindowsStandalone target not found
Refreshing native plugins compatible for Editor in 1.07 ms, found 4 plugins.
Preloading 0 native plugins for Editor in 0.00 ms.
Mono: successfully reloaded assembly
- Completed reload, in  1.875 seconds
Domain Reload Profiling:
	ReloadAssembly (1876ms)
		BeginReloadAssembly (236ms)
			ExecutionOrderSort (0ms)
			DisableScriptedObjects (13ms)
			BackupInstance (0ms)
			ReleaseScriptingObjects (0ms)
			CreateAndSetChildDomain (56ms)
		EndReloadAssembly (1442ms)
			LoadAssemblies (252ms)
			RebuildTransferFunctionScriptingTraits (0ms)
			SetupTypeCache (415ms)
			ReleaseScriptCaches (2ms)
			RebuildScriptCaches (77ms)
			SetupLoadedEditorAssemblies (625ms)
				LogAssemblyErrors (0ms)
				InitializePlatformSupportModulesInManaged (18ms)
				SetLoadedEditorAssemblies (1ms)
				RefreshPlugins (1ms)
				BeforeProcessingInitializeOnLoad (124ms)
				ProcessInitializeOnLoadAttributes (398ms)
				ProcessInitializeOnLoadMethodAttributes (71ms)
				AfterProcessingInitializeOnLoad (12ms)
				EditorAssembliesLoaded (0ms)
			ExecutionOrderSort2 (0ms)
			AwakeInstancesAfterBackupRestoration (13ms)
Platform modules already initialized, skipping
Refreshing native plugins compatible for Editor in 5.82 ms, found 4 plugins.
Preloading 0 native plugins for Editor in 0.00 ms.
Unloading 4061 Unused Serialized files (Serialized files now loaded: 0)
Unloading 25 unused Assets / (24.7 KB). Loaded Objects now: 4634.
Memory consumption went from 156.5 MB to 156.5 MB.
Total: 3.931800 ms (FindLiveObjects: 0.418700 ms CreateObjectMapping: 0.269900 ms MarkObjects: 3.205100 ms  DeleteObjects: 0.036600 ms)

AssetImportParameters requested are different than current active one (requested -> active):
  custom:video-decoder-ogg-theora: a1e56fd34408186e4bbccfd4996cb3dc -> 
  custom:container-muxer-webm: aa71ff27fc2769a1b78a27578f13a17b -> 
  custom:container-demuxer-webm: 4f35f7cbe854078d1ac9338744f61a02 -> 
  custom:video-encoder-webm-vp8: eb34c28f22e8b96e1ab97ce403110664 -> 
  custom:video-codec-MediaFoundation-h265: 746d11721c4dcdbdad8f713fa42b33f4 -> 
  custom:audio-encoder-webm-vorbis: bf7c407c2cedff20999df2af8eb42d56 -> 
  custom:framework-win-MediaFoundation: 216162199b28c13a410421893ffa2e32 -> 
  custom:container-demuxer-ogg: 62fdf1f143b41e24485cea50d1cbac27 -> 
  custom:video-decoder-webm-vp8: 9c59270c3fd7afecdb556c50c9e8de78 -> 
  custom:audio-decoder-ogg-vorbis: bf7c407c2cedff20999df2af8eb42d56 -> 
========================================================================
Received Import Request.
  Time since last request: 63.296453 seconds.
  path: Assets/Scenes/Map3Scene.unity
  artifactKey: Guid(020b20eae31663f4193d978bd4296e03) Importer(815301076,1909f56bfc062723c751e8b465ee728b)
Start importing Assets/Scenes/Map3Scene.unity using Guid(020b20eae31663f4193d978bd4296e03) Importer(815301076,1909f56bfc062723c751e8b465ee728b)  -> (artifact id: 'd78dc46cb25c9019efefeec82e0d7d82') in 0.019369 seconds 
========================================================================
Received Import Request.
  Time since last request: 3.627738 seconds.
  path: Assets/Scenes/Map2Scene.unity
  artifactKey: Guid(f8f8d6b064b20dc488e44fa924e642a4) Importer(815301076,1909f56bfc062723c751e8b465ee728b)
Start importing Assets/Scenes/Map2Scene.unity using Guid(f8f8d6b064b20dc488e44fa924e642a4) Importer(815301076,1909f56bfc062723c751e8b465ee728b)  -> (artifact id: '4c7b42e3eb92e2b7e076358226b68edb') in 0.016275 seconds 
========================================================================
Received Prepare
Registering precompiled user dll's ...
Registered in 0.034309 seconds.
Begin MonoManager ReloadAssembly
Symbol file LoadedFromMemory doesn't match image C:\Users\dbals\GitHub\Kp-23-1\My project\Library\PackageCache\com.unity.visualscripting@1.7.8\Editor\VisualScripting.Core\Dependencies\YamlDotNet\Unity.VisualScripting.YamlDotNet.dll
Symbol file LoadedFromMemory doesn't match image C:\Users\dbals\GitHub\Kp-23-1\My project\Library\PackageCache\com.unity.visualscripting@1.7.8\Editor\VisualScripting.Core\Dependencies\DotNetZip\Unity.VisualScripting.IonicZip.dll
Native extension for WindowsStandalone target not found
Refreshing native plugins compatible for Editor in 1.05 ms, found 4 plugins.
Preloading 0 native plugins for Editor in 0.00 ms.
Mono: successfully reloaded assembly
- Completed reload, in  1.878 seconds
Domain Reload Profiling:
	ReloadAssembly (1879ms)
		BeginReloadAssembly (224ms)
			ExecutionOrderSort (0ms)
			DisableScriptedObjects (13ms)
			BackupInstance (0ms)
			ReleaseScriptingObjects (0ms)
			CreateAndSetChildDomain (55ms)
		EndReloadAssembly (1443ms)
			LoadAssemblies (242ms)
			RebuildTransferFunctionScriptingTraits (0ms)
			SetupTypeCache (494ms)
			ReleaseScriptCaches (2ms)
			RebuildScriptCaches (74ms)
			SetupLoadedEditorAssemblies (564ms)
				LogAssemblyErrors (0ms)
				InitializePlatformSupportModulesInManaged (19ms)
				SetLoadedEditorAssemblies (1ms)
				RefreshPlugins (1ms)
				BeforeProcessingInitializeOnLoad (111ms)
				ProcessInitializeOnLoadAttributes (356ms)
				ProcessInitializeOnLoadMethodAttributes (66ms)
				AfterProcessingInitializeOnLoad (10ms)
				EditorAssembliesLoaded (0ms)
			ExecutionOrderSort2 (0ms)
			AwakeInstancesAfterBackupRestoration (15ms)
Platform modules already initialized, skipping
Refreshing native plugins compatible for Editor in 7.10 ms, found 4 plugins.
Preloading 0 native plugins for Editor in 0.00 ms.
Unloading 4061 Unused Serialized files (Serialized files now loaded: 0)
Unloading 25 unused Assets / (24.7 KB). Loaded Objects now: 4637.
Memory consumption went from 156.6 MB to 156.5 MB.
Total: 5.712600 ms (FindLiveObjects: 0.443500 ms CreateObjectMapping: 0.521500 ms MarkObjects: 4.691600 ms  DeleteObjects: 0.054000 ms)

AssetImportParameters requested are different than current active one (requested -> active):
  custom:video-decoder-ogg-theora: a1e56fd34408186e4bbccfd4996cb3dc -> 
  custom:container-muxer-webm: aa71ff27fc2769a1b78a27578f13a17b -> 
  custom:container-demuxer-webm: 4f35f7cbe854078d1ac9338744f61a02 -> 
  custom:video-encoder-webm-vp8: eb34c28f22e8b96e1ab97ce403110664 -> 
  custom:video-codec-MediaFoundation-h265: 746d11721c4dcdbdad8f713fa42b33f4 -> 
  custom:audio-encoder-webm-vorbis: bf7c407c2cedff20999df2af8eb42d56 -> 
  custom:framework-win-MediaFoundation: 216162199b28c13a410421893ffa2e32 -> 
  custom:container-demuxer-ogg: 62fdf1f143b41e24485cea50d1cbac27 -> 
  custom:video-decoder-webm-vp8: 9c59270c3fd7afecdb556c50c9e8de78 -> 
  custom:audio-decoder-ogg-vorbis: bf7c407c2cedff20999df2af8eb42d56 -> 
========================================================================
Received Import Request.
  Time since last request: 59.161647 seconds.
  path: Assets/Sound/새 폴더/drain drop water.mp3
  artifactKey: Guid(786355266245a5e46b3955343534e523) Importer(815301076,1909f56bfc062723c751e8b465ee728b)
Start importing Assets/Sound/새 폴더/drain drop water.mp3 using Guid(786355266245a5e46b3955343534e523) Importer(815301076,1909f56bfc062723c751e8b465ee728b)  -> (artifact id: '785049a1ec85fb4c2028e94672106c2f') in 0.149878 seconds 
========================================================================
Received Import Request.
  Time since last request: 28.407434 seconds.
  path: Assets/Sound/새 폴더/enter drain.mp3
  artifactKey: Guid(16de8bdf80adb0248bf089c5b2477bcb) Importer(815301076,1909f56bfc062723c751e8b465ee728b)
Start importing Assets/Sound/새 폴더/enter drain.mp3 using Guid(16de8bdf80adb0248bf089c5b2477bcb) Importer(815301076,1909f56bfc062723c751e8b465ee728b)  -> (artifact id: '518ae064b3cb6e3e3f940d753d3b3149') in 0.049770 seconds 
========================================================================
Received Import Request.
  Time since last request: 67.768311 seconds.
  path: Assets/Sound/새 폴더/drain wind.mp3
  artifactKey: Guid(ccf16dbd624cc2e41ac53620d3d5d028) Importer(815301076,1909f56bfc062723c751e8b465ee728b)
Start importing Assets/Sound/새 폴더/drain wind.mp3 using Guid(ccf16dbd624cc2e41ac53620d3d5d028) Importer(815301076,1909f56bfc062723c751e8b465ee728b)  -> (artifact id: '82da24f2b2916fe07f788e64881dd391') in 0.028821 seconds 
========================================================================
Received Import Request.
  Time since last request: 44.920963 seconds.
  path: Assets/Sound/새 폴더/drain twinkle.mp3
  artifactKey: Guid(509c917648d700c40a245aad1b542c8b) Importer(815301076,1909f56bfc062723c751e8b465ee728b)
Start importing Assets/Sound/새 폴더/drain twinkle.mp3 using Guid(509c917648d700c40a245aad1b542c8b) Importer(815301076,1909f56bfc062723c751e8b465ee728b)  -> (artifact id: 'babef0f3aaf6496abd2e1d27777e0240') in 0.039488 seconds 
========================================================================
Received Prepare
Registering precompiled user dll's ...
Registered in 0.023340 seconds.
Begin MonoManager ReloadAssembly
Symbol file LoadedFromMemory doesn't match image C:\Users\dbals\GitHub\Kp-23-1\My project\Library\PackageCache\com.unity.visualscripting@1.7.8\Editor\VisualScripting.Core\Dependencies\YamlDotNet\Unity.VisualScripting.YamlDotNet.dll
Symbol file LoadedFromMemory doesn't match image C:\Users\dbals\GitHub\Kp-23-1\My project\Library\PackageCache\com.unity.visualscripting@1.7.8\Editor\VisualScripting.Core\Dependencies\DotNetZip\Unity.VisualScripting.IonicZip.dll
Native extension for WindowsStandalone target not found
Refreshing native plugins compatible for Editor in 1.03 ms, found 4 plugins.
Preloading 0 native plugins for Editor in 0.00 ms.
Mono: successfully reloaded assembly
- Completed reload, in  2.203 seconds
Domain Reload Profiling:
	ReloadAssembly (2205ms)
		BeginReloadAssembly (234ms)
			ExecutionOrderSort (0ms)
			DisableScriptedObjects (17ms)
			BackupInstance (0ms)
			ReleaseScriptingObjects (0ms)
			CreateAndSetChildDomain (64ms)
		EndReloadAssembly (1698ms)
			LoadAssemblies (319ms)
			RebuildTransferFunctionScriptingTraits (0ms)
			SetupTypeCache (566ms)
			ReleaseScriptCaches (2ms)
			RebuildScriptCaches (83ms)
			SetupLoadedEditorAssemblies (612ms)
				LogAssemblyErrors (0ms)
				InitializePlatformSupportModulesInManaged (21ms)
				SetLoadedEditorAssemblies (1ms)
				RefreshPlugins (1ms)
				BeforeProcessingInitializeOnLoad (138ms)
				ProcessInitializeOnLoadAttributes (368ms)
				ProcessInitializeOnLoadMethodAttributes (67ms)
				AfterProcessingInitializeOnLoad (16ms)
				EditorAssembliesLoaded (1ms)
			ExecutionOrderSort2 (0ms)
			AwakeInstancesAfterBackupRestoration (13ms)
Platform modules already initialized, skipping
Refreshing native plugins compatible for Editor in 6.99 ms, found 4 plugins.
Preloading 0 native plugins for Editor in 0.00 ms.
Unloading 4061 Unused Serialized files (Serialized files now loaded: 0)
Unloading 25 unused Assets / (24.7 KB). Loaded Objects now: 4640.
Memory consumption went from 156.6 MB to 156.6 MB.
Total: 6.670400 ms (FindLiveObjects: 0.496900 ms CreateObjectMapping: 0.562900 ms MarkObjects: 5.467900 ms  DeleteObjects: 0.140800 ms)

AssetImportParameters requested are different than current active one (requested -> active):
  custom:video-decoder-ogg-theora: a1e56fd34408186e4bbccfd4996cb3dc -> 
  custom:container-muxer-webm: aa71ff27fc2769a1b78a27578f13a17b -> 
  custom:container-demuxer-webm: 4f35f7cbe854078d1ac9338744f61a02 -> 
  custom:video-encoder-webm-vp8: eb34c28f22e8b96e1ab97ce403110664 -> 
  custom:video-codec-MediaFoundation-h265: 746d11721c4dcdbdad8f713fa42b33f4 -> 
  custom:audio-encoder-webm-vorbis: bf7c407c2cedff20999df2af8eb42d56 -> 
  custom:framework-win-MediaFoundation: 216162199b28c13a410421893ffa2e32 -> 
  custom:container-demuxer-ogg: 62fdf1f143b41e24485cea50d1cbac27 -> 
  custom:video-decoder-webm-vp8: 9c59270c3fd7afecdb556c50c9e8de78 -> 
  custom:audio-decoder-ogg-vorbis: bf7c407c2cedff20999df2af8eb42d56 -> 
========================================================================
Received Import Request.
  Time since last request: 74.866537 seconds.
  path: Assets/Scenes/Map3Scene.unity
  artifactKey: Guid(020b20eae31663f4193d978bd4296e03) Importer(815301076,1909f56bfc062723c751e8b465ee728b)
Start importing Assets/Scenes/Map3Scene.unity using Guid(020b20eae31663f4193d978bd4296e03) Importer(815301076,1909f56bfc062723c751e8b465ee728b)  -> (artifact id: '3717c5f4fb019703e9cfc2bb9c665ada') in 0.014756 seconds 
========================================================================
Received Import Request.
  Time since last request: 2.111182 seconds.
  path: Assets/Scenes/Map4-1Scene 1.unity
  artifactKey: Guid(1a8805c44ade43b429e267465a09e715) Importer(815301076,1909f56bfc062723c751e8b465ee728b)
Start importing Assets/Scenes/Map4-1Scene 1.unity using Guid(1a8805c44ade43b429e267465a09e715) Importer(815301076,1909f56bfc062723c751e8b465ee728b)  -> (artifact id: '52ea2a45bf6a95c7cb34ccfff8ce46fa') in 0.024190 seconds 
========================================================================
Received Import Request.
  Time since last request: 353.417405 seconds.
  path: Assets/Scenes/Map4-2Scene.unity
  artifactKey: Guid(f50864733edd50e41b20b66a32a03ab8) Importer(815301076,1909f56bfc062723c751e8b465ee728b)
Start importing Assets/Scenes/Map4-2Scene.unity using Guid(f50864733edd50e41b20b66a32a03ab8) Importer(815301076,1909f56bfc062723c751e8b465ee728b)  -> (artifact id: 'c2ec2e79d28eee6987a2fbc8dc6061b7') in 0.018569 seconds 
========================================================================
Received Import Request.
  Time since last request: 5.902312 seconds.
  path: Assets/Scenes/Map5Scene.unity
  artifactKey: Guid(faba2048164f19a468816a737a042525) Importer(815301076,1909f56bfc062723c751e8b465ee728b)
Start importing Assets/Scenes/Map5Scene.unity using Guid(faba2048164f19a468816a737a042525) Importer(815301076,1909f56bfc062723c751e8b465ee728b)  -> (artifact id: 'e659557e8fa4d69c7de1efc83141a560') in 0.016496 seconds 
========================================================================
Received Import Request.
  Time since last request: 114.398180 seconds.
  path: Assets/Sound/새 폴더/city house.mp3
  artifactKey: Guid(8169d76bb6609364ba467cc8988e1a37) Importer(815301076,1909f56bfc062723c751e8b465ee728b)
Start importing Assets/Sound/새 폴더/city house.mp3 using Guid(8169d76bb6609364ba467cc8988e1a37) Importer(815301076,1909f56bfc062723c751e8b465ee728b)  -> (artifact id: '4a1cbcf380a84f4ec012ece5a2a17e34') in 0.107983 seconds 
========================================================================
Received Prepare
Registering precompiled user dll's ...
Registered in 0.026241 seconds.
Begin MonoManager ReloadAssembly
Symbol file LoadedFromMemory doesn't match image C:\Users\dbals\GitHub\Kp-23-1\My project\Library\PackageCache\com.unity.visualscripting@1.7.8\Editor\VisualScripting.Core\Dependencies\YamlDotNet\Unity.VisualScripting.YamlDotNet.dll
Symbol file LoadedFromMemory doesn't match image C:\Users\dbals\GitHub\Kp-23-1\My project\Library\PackageCache\com.unity.visualscripting@1.7.8\Editor\VisualScripting.Core\Dependencies\DotNetZip\Unity.VisualScripting.IonicZip.dll
Native extension for WindowsStandalone target not found
Refreshing native plugins compatible for Editor in 2.33 ms, found 4 plugins.
Preloading 0 native plugins for Editor in 0.00 ms.
Mono: successfully reloaded assembly
- Completed reload, in  1.845 seconds
Domain Reload Profiling:
	ReloadAssembly (1846ms)
		BeginReloadAssembly (216ms)
			ExecutionOrderSort (0ms)
			DisableScriptedObjects (16ms)
			BackupInstance (0ms)
			ReleaseScriptingObjects (0ms)
			CreateAndSetChildDomain (61ms)
		EndReloadAssembly (1439ms)
			LoadAssemblies (250ms)
			RebuildTransferFunctionScriptingTraits (0ms)
			SetupTypeCache (448ms)
			ReleaseScriptCaches (2ms)
			RebuildScriptCaches (77ms)
			SetupLoadedEditorAssemblies (551ms)
				LogAssemblyErrors (0ms)
				InitializePlatformSupportModulesInManaged (24ms)
				SetLoadedEditorAssemblies (1ms)
				RefreshPlugins (3ms)
				BeforeProcessingInitializeOnLoad (124ms)
				ProcessInitializeOnLoadAttributes (325ms)
				ProcessInitializeOnLoadMethodAttributes (62ms)
				AfterProcessingInitializeOnLoad (12ms)
				EditorAssembliesLoaded (0ms)
			ExecutionOrderSort2 (0ms)
			AwakeInstancesAfterBackupRestoration (23ms)
Platform modules already initialized, skipping
Refreshing native plugins compatible for Editor in 6.84 ms, found 4 plugins.
Preloading 0 native plugins for Editor in 0.00 ms.
Unloading 4061 Unused Serialized files (Serialized files now loaded: 0)
Unloading 25 unused Assets / (24.7 KB). Loaded Objects now: 4643.
Memory consumption went from 156.6 MB to 156.6 MB.
Total: 5.534900 ms (FindLiveObjects: 0.692500 ms CreateObjectMapping: 0.492500 ms MarkObjects: 4.300700 ms  DeleteObjects: 0.047400 ms)

AssetImportParameters requested are different than current active one (requested -> active):
  custom:video-decoder-ogg-theora: a1e56fd34408186e4bbccfd4996cb3dc -> 
  custom:container-muxer-webm: aa71ff27fc2769a1b78a27578f13a17b -> 
  custom:container-demuxer-webm: 4f35f7cbe854078d1ac9338744f61a02 -> 
  custom:video-encoder-webm-vp8: eb34c28f22e8b96e1ab97ce403110664 -> 
  custom:video-codec-MediaFoundation-h265: 746d11721c4dcdbdad8f713fa42b33f4 -> 
  custom:audio-encoder-webm-vorbis: bf7c407c2cedff20999df2af8eb42d56 -> 
  custom:framework-win-MediaFoundation: 216162199b28c13a410421893ffa2e32 -> 
  custom:container-demuxer-ogg: 62fdf1f143b41e24485cea50d1cbac27 -> 
  custom:video-decoder-webm-vp8: 9c59270c3fd7afecdb556c50c9e8de78 -> 
  custom:audio-decoder-ogg-vorbis: bf7c407c2cedff20999df2af8eb42d56 -> 
========================================================================
Received Import Request.
  Time since last request: 32.539237 seconds.
  path: Assets/Scenes/Map5Scene.unity
  artifactKey: Guid(faba2048164f19a468816a737a042525) Importer(815301076,1909f56bfc062723c751e8b465ee728b)
Start importing Assets/Scenes/Map5Scene.unity using Guid(faba2048164f19a468816a737a042525) Importer(815301076,1909f56bfc062723c751e8b465ee728b)  -> (artifact id: 'feb3f28974d0484cc6cb1f554a5ce852') in 0.034496 seconds 
========================================================================
Received Import Request.
  Time since last request: 1.492579 seconds.
  path: Assets/Scenes/Map6Scene.unity
  artifactKey: Guid(2a08bb980bd64c14e9fdd3f4a380cc7f) Importer(815301076,1909f56bfc062723c751e8b465ee728b)
Start importing Assets/Scenes/Map6Scene.unity using Guid(2a08bb980bd64c14e9fdd3f4a380cc7f) Importer(815301076,1909f56bfc062723c751e8b465ee728b)  -> (artifact id: '99d29263b9ec9da1bf888a191aaaf263') in 0.023427 seconds 
========================================================================
Received Import Request.
  Time since last request: 159.357318 seconds.
  path: Assets/Scenes/Map7Scene.unity
  artifactKey: Guid(e48a54928ecb2044fa159d4aa953e497) Importer(815301076,1909f56bfc062723c751e8b465ee728b)
Start importing Assets/Scenes/Map7Scene.unity using Guid(e48a54928ecb2044fa159d4aa953e497) Importer(815301076,1909f56bfc062723c751e8b465ee728b)  -> (artifact id: '513425efb9278c5a737fb42dfdd57178') in 0.010653 seconds 
========================================================================
Received Import Request.
  Time since last request: 6.888677 seconds.
  path: Assets/Scenes/Map8Scene.unity
  artifactKey: Guid(4bd16b488d45ec24bbc34e8fd020eb5b) Importer(815301076,1909f56bfc062723c751e8b465ee728b)
Start importing Assets/Scenes/Map8Scene.unity using Guid(4bd16b488d45ec24bbc34e8fd020eb5b) Importer(815301076,1909f56bfc062723c751e8b465ee728b)  -> (artifact id: '445962473cf94ab3cc2a6c949230ea07') in 0.020669 seconds 
========================================================================
Received Import Request.
  Time since last request: 1.583326 seconds.
  path: Assets/Scenes/SampleScene.unity
  artifactKey: Guid(2cda990e2423bbf4892e6590ba056729) Importer(815301076,1909f56bfc062723c751e8b465ee728b)
Start importing Assets/Scenes/SampleScene.unity using Guid(2cda990e2423bbf4892e6590ba056729) Importer(815301076,1909f56bfc062723c751e8b465ee728b)  -> (artifact id: '4f65fffcce8ae23ac39ac7b03c2a5886') in 0.017369 seconds 
========================================================================
Received Prepare
Registering precompiled user dll's ...
Registered in 0.064715 seconds.
Begin MonoManager ReloadAssembly
Symbol file LoadedFromMemory doesn't match image C:\Users\dbals\GitHub\Kp-23-1\My project\Library\PackageCache\com.unity.visualscripting@1.7.8\Editor\VisualScripting.Core\Dependencies\YamlDotNet\Unity.VisualScripting.YamlDotNet.dll
Symbol file LoadedFromMemory doesn't match image C:\Users\dbals\GitHub\Kp-23-1\My project\Library\PackageCache\com.unity.visualscripting@1.7.8\Editor\VisualScripting.Core\Dependencies\DotNetZip\Unity.VisualScripting.IonicZip.dll
Native extension for WindowsStandalone target not found
Refreshing native plugins compatible for Editor in 1.12 ms, found 4 plugins.
Preloading 0 native plugins for Editor in 0.00 ms.
Mono: successfully reloaded assembly
- Completed reload, in  1.754 seconds
Domain Reload Profiling:
	ReloadAssembly (1755ms)
		BeginReloadAssembly (216ms)
			ExecutionOrderSort (0ms)
			DisableScriptedObjects (16ms)
			BackupInstance (0ms)
			ReleaseScriptingObjects (0ms)
			CreateAndSetChildDomain (52ms)
		EndReloadAssembly (1346ms)
			LoadAssemblies (225ms)
			RebuildTransferFunctionScriptingTraits (0ms)
			SetupTypeCache (417ms)
			ReleaseScriptCaches (2ms)
			RebuildScriptCaches (81ms)
			SetupLoadedEditorAssemblies (542ms)
				LogAssemblyErrors (0ms)
				InitializePlatformSupportModulesInManaged (22ms)
				SetLoadedEditorAssemblies (1ms)
				RefreshPlugins (1ms)
				BeforeProcessingInitializeOnLoad (112ms)
				ProcessInitializeOnLoadAttributes (326ms)
				ProcessInitializeOnLoadMethodAttributes (68ms)
				AfterProcessingInitializeOnLoad (12ms)
				EditorAssembliesLoaded (0ms)
			ExecutionOrderSort2 (0ms)
			AwakeInstancesAfterBackupRestoration (17ms)
Platform modules already initialized, skipping
Refreshing native plugins compatible for Editor in 5.87 ms, found 4 plugins.
Preloading 0 native plugins for Editor in 0.00 ms.
Unloading 4061 Unused Serialized files (Serialized files now loaded: 0)
Unloading 25 unused Assets / (24.8 KB). Loaded Objects now: 4646.
Memory consumption went from 156.6 MB to 156.6 MB.
Total: 6.999400 ms (FindLiveObjects: 0.472300 ms CreateObjectMapping: 0.752500 ms MarkObjects: 5.714500 ms  DeleteObjects: 0.058400 ms)

AssetImportParameters requested are different than current active one (requested -> active):
  custom:video-decoder-ogg-theora: a1e56fd34408186e4bbccfd4996cb3dc -> 
  custom:container-muxer-webm: aa71ff27fc2769a1b78a27578f13a17b -> 
  custom:container-demuxer-webm: 4f35f7cbe854078d1ac9338744f61a02 -> 
  custom:video-encoder-webm-vp8: eb34c28f22e8b96e1ab97ce403110664 -> 
  custom:video-codec-MediaFoundation-h265: 746d11721c4dcdbdad8f713fa42b33f4 -> 
  custom:audio-encoder-webm-vorbis: bf7c407c2cedff20999df2af8eb42d56 -> 
  custom:framework-win-MediaFoundation: 216162199b28c13a410421893ffa2e32 -> 
  custom:container-demuxer-ogg: 62fdf1f143b41e24485cea50d1cbac27 -> 
  custom:video-decoder-webm-vp8: 9c59270c3fd7afecdb556c50c9e8de78 -> 
  custom:audio-decoder-ogg-vorbis: bf7c407c2cedff20999df2af8eb42d56 -> 
========================================================================
Received Import Request.
  Time since last request: 61.086782 seconds.
  path: Assets/Sound/새 폴더/ruined city.mp3
  artifactKey: Guid(7ae0680b5b502b4429c8a5a2e094c25b) Importer(815301076,1909f56bfc062723c751e8b465ee728b)
Start importing Assets/Sound/새 폴더/ruined city.mp3 using Guid(7ae0680b5b502b4429c8a5a2e094c25b) Importer(815301076,1909f56bfc062723c751e8b465ee728b)  -> (artifact id: '95d0f7c0af8e0ad23a0a0165945a5b56') in 0.164654 seconds 
========================================================================
Received Import Request.
  Time since last request: 39.059979 seconds.
  path: Assets/Sound/새 폴더/cricket.mp3
  artifactKey: Guid(994bf9e21ff3d0c40b5ee612d05020dd) Importer(815301076,1909f56bfc062723c751e8b465ee728b)
Start importing Assets/Sound/새 폴더/cricket.mp3 using Guid(994bf9e21ff3d0c40b5ee612d05020dd) Importer(815301076,1909f56bfc062723c751e8b465ee728b)  -> (artifact id: '8bed80e927ef6ccc0515b1650a6a3fcb') in 0.027918 seconds 
========================================================================
Received Prepare
Registering precompiled user dll's ...
Registered in 0.028917 seconds.
Begin MonoManager ReloadAssembly
Symbol file LoadedFromMemory doesn't match image C:\Users\dbals\GitHub\Kp-23-1\My project\Library\PackageCache\com.unity.visualscripting@1.7.8\Editor\VisualScripting.Core\Dependencies\YamlDotNet\Unity.VisualScripting.YamlDotNet.dll
Symbol file LoadedFromMemory doesn't match image C:\Users\dbals\GitHub\Kp-23-1\My project\Library\PackageCache\com.unity.visualscripting@1.7.8\Editor\VisualScripting.Core\Dependencies\DotNetZip\Unity.VisualScripting.IonicZip.dll
Native extension for WindowsStandalone target not found
Refreshing native plugins compatible for Editor in 1.36 ms, found 4 plugins.
Preloading 0 native plugins for Editor in 0.00 ms.
Mono: successfully reloaded assembly
- Completed reload, in  1.946 seconds
Domain Reload Profiling:
	ReloadAssembly (1947ms)
		BeginReloadAssembly (227ms)
			ExecutionOrderSort (0ms)
			DisableScriptedObjects (11ms)
			BackupInstance (0ms)
			ReleaseScriptingObjects (0ms)
			CreateAndSetChildDomain (63ms)
		EndReloadAssembly (1490ms)
			LoadAssemblies (242ms)
			RebuildTransferFunctionScriptingTraits (0ms)
			SetupTypeCache (462ms)
			ReleaseScriptCaches (2ms)
			RebuildScriptCaches (99ms)
			SetupLoadedEditorAssemblies (624ms)
				LogAssemblyErrors (0ms)
				InitializePlatformSupportModulesInManaged (21ms)
				SetLoadedEditorAssemblies (1ms)
				RefreshPlugins (1ms)
				BeforeProcessingInitializeOnLoad (141ms)
				ProcessInitializeOnLoadAttributes (355ms)
				ProcessInitializeOnLoadMethodAttributes (94ms)
				AfterProcessingInitializeOnLoad (10ms)
				EditorAssembliesLoaded (0ms)
			ExecutionOrderSort2 (0ms)
			AwakeInstancesAfterBackupRestoration (17ms)
Platform modules already initialized, skipping
Refreshing native plugins compatible for Editor in 6.36 ms, found 4 plugins.
Preloading 0 native plugins for Editor in 0.00 ms.
Unloading 4061 Unused Serialized files (Serialized files now loaded: 0)
Unloading 25 unused Assets / (25.7 KB). Loaded Objects now: 4649.
Memory consumption went from 156.6 MB to 156.6 MB.
Total: 3.854800 ms (FindLiveObjects: 0.382000 ms CreateObjectMapping: 0.284700 ms MarkObjects: 3.146000 ms  DeleteObjects: 0.040900 ms)

AssetImportParameters requested are different than current active one (requested -> active):
  custom:video-decoder-ogg-theora: a1e56fd34408186e4bbccfd4996cb3dc -> 
  custom:container-muxer-webm: aa71ff27fc2769a1b78a27578f13a17b -> 
  custom:container-demuxer-webm: 4f35f7cbe854078d1ac9338744f61a02 -> 
  custom:video-encoder-webm-vp8: eb34c28f22e8b96e1ab97ce403110664 -> 
  custom:video-codec-MediaFoundation-h265: 746d11721c4dcdbdad8f713fa42b33f4 -> 
  custom:audio-encoder-webm-vorbis: bf7c407c2cedff20999df2af8eb42d56 -> 
  custom:framework-win-MediaFoundation: 216162199b28c13a410421893ffa2e32 -> 
  custom:container-demuxer-ogg: 62fdf1f143b41e24485cea50d1cbac27 -> 
  custom:video-decoder-webm-vp8: 9c59270c3fd7afecdb556c50c9e8de78 -> 
  custom:audio-decoder-ogg-vorbis: bf7c407c2cedff20999df2af8eb42d56 -> 
========================================================================
Received Import Request.
  Time since last request: 135.015892 seconds.
  path: Assets/Sound/새 폴더/club.mp3
  artifactKey: Guid(ab6029b09191ec1448f773b0b138a5a7) Importer(815301076,1909f56bfc062723c751e8b465ee728b)
Start importing Assets/Sound/새 폴더/club.mp3 using Guid(ab6029b09191ec1448f773b0b138a5a7) Importer(815301076,1909f56bfc062723c751e8b465ee728b)  -> (artifact id: '164f092dba878fe6508c6d344226f0e5') in 0.110798 seconds 
========================================================================
Received Prepare
Registering precompiled user dll's ...
Registered in 0.036268 seconds.
Begin MonoManager ReloadAssembly
Symbol file LoadedFromMemory doesn't match image C:\Users\dbals\GitHub\Kp-23-1\My project\Library\PackageCache\com.unity.visualscripting@1.7.8\Editor\VisualScripting.Core\Dependencies\YamlDotNet\Unity.VisualScripting.YamlDotNet.dll
Symbol file LoadedFromMemory doesn't match image C:\Users\dbals\GitHub\Kp-23-1\My project\Library\PackageCache\com.unity.visualscripting@1.7.8\Editor\VisualScripting.Core\Dependencies\DotNetZip\Unity.VisualScripting.IonicZip.dll
Native extension for WindowsStandalone target not found
Refreshing native plugins compatible for Editor in 1.36 ms, found 4 plugins.
Preloading 0 native plugins for Editor in 0.00 ms.
Mono: successfully reloaded assembly
- Completed reload, in  1.928 seconds
Domain Reload Profiling:
	ReloadAssembly (1929ms)
		BeginReloadAssembly (310ms)
			ExecutionOrderSort (0ms)
			DisableScriptedObjects (21ms)
			BackupInstance (0ms)
			ReleaseScriptingObjects (0ms)
			CreateAndSetChildDomain (72ms)
		EndReloadAssembly (1385ms)
			LoadAssemblies (319ms)
			RebuildTransferFunctionScriptingTraits (0ms)
			SetupTypeCache (416ms)
			ReleaseScriptCaches (2ms)
			RebuildScriptCaches (72ms)
			SetupLoadedEditorAssemblies (568ms)
				LogAssemblyErrors (0ms)
				InitializePlatformSupportModulesInManaged (20ms)
				SetLoadedEditorAssemblies (1ms)
				RefreshPlugins (1ms)
				BeforeProcessingInitializeOnLoad (139ms)
				ProcessInitializeOnLoadAttributes (340ms)
				ProcessInitializeOnLoadMethodAttributes (58ms)
				AfterProcessingInitializeOnLoad (9ms)
				EditorAssembliesLoaded (0ms)
			ExecutionOrderSort2 (0ms)
			AwakeInstancesAfterBackupRestoration (13ms)
Platform modules already initialized, skipping
Refreshing native plugins compatible for Editor in 7.33 ms, found 4 plugins.
Preloading 0 native plugins for Editor in 0.00 ms.
Unloading 4061 Unused Serialized files (Serialized files now loaded: 0)
Unloading 25 unused Assets / (24.7 KB). Loaded Objects now: 4652.
Memory consumption went from 156.6 MB to 156.6 MB.
Total: 7.043000 ms (FindLiveObjects: 0.593400 ms CreateObjectMapping: 0.585000 ms MarkObjects: 5.798300 ms  DeleteObjects: 0.063900 ms)

AssetImportParameters requested are different than current active one (requested -> active):
  custom:video-decoder-ogg-theora: a1e56fd34408186e4bbccfd4996cb3dc -> 
  custom:container-muxer-webm: aa71ff27fc2769a1b78a27578f13a17b -> 
  custom:container-demuxer-webm: 4f35f7cbe854078d1ac9338744f61a02 -> 
  custom:video-encoder-webm-vp8: eb34c28f22e8b96e1ab97ce403110664 -> 
  custom:video-codec-MediaFoundation-h265: 746d11721c4dcdbdad8f713fa42b33f4 -> 
  custom:audio-encoder-webm-vorbis: bf7c407c2cedff20999df2af8eb42d56 -> 
  custom:framework-win-MediaFoundation: 216162199b28c13a410421893ffa2e32 -> 
  custom:container-demuxer-ogg: 62fdf1f143b41e24485cea50d1cbac27 -> 
  custom:video-decoder-webm-vp8: 9c59270c3fd7afecdb556c50c9e8de78 -> 
  custom:audio-decoder-ogg-vorbis: bf7c407c2cedff20999df2af8eb42d56 -> 
========================================================================
Received Import Request.
  Time since last request: 27.685948 seconds.
  path: Assets/Scenes/Map8Scene.unity
  artifactKey: Guid(4bd16b488d45ec24bbc34e8fd020eb5b) Importer(815301076,1909f56bfc062723c751e8b465ee728b)
Start importing Assets/Scenes/Map8Scene.unity using Guid(4bd16b488d45ec24bbc34e8fd020eb5b) Importer(815301076,1909f56bfc062723c751e8b465ee728b)  -> (artifact id: '6decc68ce37103705fda45e76d748ad1') in 0.017415 seconds 
========================================================================
Received Import Request.
  Time since last request: 38.019443 seconds.
  path: Assets/Sound/새 폴더/boss.mp3
  artifactKey: Guid(224db4ab98a00414bb3a003eac12820b) Importer(815301076,1909f56bfc062723c751e8b465ee728b)
Start importing Assets/Sound/새 폴더/boss.mp3 using Guid(224db4ab98a00414bb3a003eac12820b) Importer(815301076,1909f56bfc062723c751e8b465ee728b)  -> (artifact id: '58b8ea9d3194ecdbb6da920984df441a') in 0.110404 seconds 
========================================================================
Received Import Request.
  Time since last request: 32.928546 seconds.
  path: Assets/Sound/새 폴더/boss fight.mp3
  artifactKey: Guid(038ca474a694c3c40ba1d11a01f3bb30) Importer(815301076,1909f56bfc062723c751e8b465ee728b)
Start importing Assets/Sound/새 폴더/boss fight.mp3 using Guid(038ca474a694c3c40ba1d11a01f3bb30) Importer(815301076,1909f56bfc062723c751e8b465ee728b)  -> (artifact id: '2e8efbe7e35897527dd969c45319f172') in 0.083670 seconds 
