Using pre-set license
Built from '2021.3/staging' branch; Version is '2021.3.15f1 (e8e88683f834) revision 15263878'; Using compiler version '192829333'; Build Type 'Release'
OS: 'Windows 11  (10.0.22621) 64bit Core' Language: 'ko' Physical Memory: 8002 MB
BatchMode: 1, IsHumanControllingUs: 0, StartBugReporterOnCrash: 0, Is64bit: 1, IsPro: 1

COMMAND LINE ARGUMENTS:
C:\Program Files\Unity\Hub\Editor\2021.3.15f1\Editor\Unity.exe
-adb2
-batchMode
-noUpm
-name
AssetImportWorker2
-projectPath
C:/Users/dbals/GitHub/Kp-23-1/My project/My project
-logFile
Logs/AssetImportWorker2.log
-srvPort
62020
Successfully changed project path to: C:/Users/dbals/GitHub/Kp-23-1/My project/My project
C:/Users/dbals/GitHub/Kp-23-1/My project/My project
[UnityMemory] Configuration Parameters - Can be set up in boot.config
    "memorysetup-bucket-allocator-granularity=16"
    "memorysetup-bucket-allocator-bucket-count=8"
    "memorysetup-bucket-allocator-block-size=33554432"
    "memorysetup-bucket-allocator-block-count=8"
    "memorysetup-main-allocator-block-size=16777216"
    "memorysetup-thread-allocator-block-size=16777216"
    "memorysetup-gfx-main-allocator-block-size=16777216"
    "memorysetup-gfx-thread-allocator-block-size=16777216"
    "memorysetup-cache-allocator-block-size=4194304"
    "memorysetup-typetree-allocator-block-size=2097152"
    "memorysetup-profiler-bucket-allocator-granularity=16"
    "memorysetup-profiler-bucket-allocator-bucket-count=8"
    "memorysetup-profiler-bucket-allocator-block-size=33554432"
    "memorysetup-profiler-bucket-allocator-block-count=8"
    "memorysetup-profiler-allocator-block-size=16777216"
    "memorysetup-profiler-editor-allocator-block-size=1048576"
    "memorysetup-temp-allocator-size-main=16777216"
    "memorysetup-job-temp-allocator-block-size=2097152"
    "memorysetup-job-temp-allocator-block-size-background=1048576"
    "memorysetup-job-temp-allocator-reduction-small-platforms=262144"
    "memorysetup-temp-allocator-size-background-worker=32768"
    "memorysetup-temp-allocator-size-job-worker=262144"
    "memorysetup-temp-allocator-size-preload-manager=33554432"
    "memorysetup-temp-allocator-size-nav-mesh-worker=65536"
    "memorysetup-temp-allocator-size-audio-worker=65536"
    "memorysetup-temp-allocator-size-cloud-worker=32768"
    "memorysetup-temp-allocator-size-gi-baking-worker=262144"
    "memorysetup-temp-allocator-size-gfx=262144"
Player connection [3748] Host "[IP] 172.19.11.60 [Port] 0 [Flags] 2 [Guid] 3493120880 [EditorId] 3493120880 [Version] 1048832 [Id] WindowsEditor(7,LAPTOP-4MM4IDUQ) [Debug] 1 [PackageName] WindowsEditor [ProjectName] Editor" joined multi-casting on [225.0.0.222:54997]...

Player connection [3748] Host "[IP] 172.19.11.60 [Port] 0 [Flags] 2 [Guid] 3493120880 [EditorId] 3493120880 [Version] 1048832 [Id] WindowsEditor(7,LAPTOP-4MM4IDUQ) [Debug] 1 [PackageName] WindowsEditor [ProjectName] Editor" joined alternative multi-casting on [225.0.0.222:34997]...

Refreshing native plugins compatible for Editor in 423.47 ms, found 4 plugins.
Preloading 0 native plugins for Editor in 0.00 ms.
Initialize engine version: 2021.3.15f1 (e8e88683f834)
[Subsystems] Discovering subsystems at path C:/Program Files/Unity/Hub/Editor/2021.3.15f1/Editor/Data/Resources/UnitySubsystems
[Subsystems] Discovering subsystems at path C:/Users/dbals/GitHub/Kp-23-1/My project/My project/Assets
GfxDevice: creating device client; threaded=0; jobified=0
Direct3D:
    Version:  Direct3D 11.0 [level 11.1]
    Renderer: Intel(R) UHD Graphics (ID=0x9b41)
    Vendor:   Intel
    VRAM:     4001 MB
    Driver:   26.20.100.7870
Initialize mono
Mono path[0] = 'C:/Program Files/Unity/Hub/Editor/2021.3.15f1/Editor/Data/Managed'
Mono path[1] = 'C:/Program Files/Unity/Hub/Editor/2021.3.15f1/Editor/Data/MonoBleedingEdge/lib/mono/unityjit-win32'
Mono config path = 'C:/Program Files/Unity/Hub/Editor/2021.3.15f1/Editor/Data/MonoBleedingEdge/etc'
Using monoOptions --debugger-agent=transport=dt_socket,embedding=1,server=y,suspend=n,address=127.0.0.1:56936
Begin MonoManager ReloadAssembly
Registering precompiled unity dll's ...
Register platform support module: C:/Program Files/Unity/Hub/Editor/2021.3.15f1/Editor/Data/PlaybackEngines/WindowsStandaloneSupport/UnityEditor.WindowsStandalone.Extensions.dll
Registered in 0.009012 seconds.
Native extension for WindowsStandalone target not found
Refreshing native plugins compatible for Editor in 310.42 ms, found 4 plugins.
Preloading 0 native plugins for Editor in 0.00 ms.
Mono: successfully reloaded assembly
- Completed reload, in  2.192 seconds
Domain Reload Profiling:
	ReloadAssembly (2193ms)
		BeginReloadAssembly (458ms)
			ExecutionOrderSort (0ms)
			DisableScriptedObjects (0ms)
			BackupInstance (0ms)
			ReleaseScriptingObjects (0ms)
			CreateAndSetChildDomain (3ms)
		EndReloadAssembly (1379ms)
			LoadAssemblies (449ms)
			RebuildTransferFunctionScriptingTraits (0ms)
			SetupTypeCache (323ms)
			ReleaseScriptCaches (0ms)
			RebuildScriptCaches (106ms)
			SetupLoadedEditorAssemblies (837ms)
				LogAssemblyErrors (0ms)
				InitializePlatformSupportModulesInManaged (18ms)
				SetLoadedEditorAssemblies (0ms)
				RefreshPlugins (311ms)
				BeforeProcessingInitializeOnLoad (7ms)
				ProcessInitializeOnLoadAttributes (366ms)
				ProcessInitializeOnLoadMethodAttributes (135ms)
				AfterProcessingInitializeOnLoad (0ms)
				EditorAssembliesLoaded (0ms)
			ExecutionOrderSort2 (0ms)
			AwakeInstancesAfterBackupRestoration (0ms)
Platform modules already initialized, skipping
Registering precompiled user dll's ...
Registered in 0.317375 seconds.
Begin MonoManager ReloadAssembly
Symbol file LoadedFromMemory doesn't match image C:\Users\dbals\GitHub\Kp-23-1\My project\My project\Library\PackageCache\com.unity.visualscripting@1.7.8\Editor\VisualScripting.Core\Dependencies\YamlDotNet\Unity.VisualScripting.YamlDotNet.dll
Symbol file LoadedFromMemory doesn't match image C:\Users\dbals\GitHub\Kp-23-1\My project\My project\Library\PackageCache\com.unity.visualscripting@1.7.8\Editor\VisualScripting.Core\Dependencies\DotNetZip\Unity.VisualScripting.IonicZip.dll
Native extension for WindowsStandalone target not found
Refreshing native plugins compatible for Editor in 469.57 ms, found 4 plugins.
Preloading 0 native plugins for Editor in 0.00 ms.
Mono: successfully reloaded assembly
- Completed reload, in  6.557 seconds
Domain Reload Profiling:
	ReloadAssembly (6559ms)
		BeginReloadAssembly (257ms)
			ExecutionOrderSort (0ms)
			DisableScriptedObjects (16ms)
			BackupInstance (0ms)
			ReleaseScriptingObjects (0ms)
			CreateAndSetChildDomain (39ms)
		EndReloadAssembly (5845ms)
			LoadAssemblies (663ms)
			RebuildTransferFunctionScriptingTraits (0ms)
			SetupTypeCache (1557ms)
			ReleaseScriptCaches (2ms)
			RebuildScriptCaches (271ms)
			SetupLoadedEditorAssemblies (2975ms)
				LogAssemblyErrors (0ms)
				InitializePlatformSupportModulesInManaged (20ms)
				SetLoadedEditorAssemblies (1ms)
				RefreshPlugins (470ms)
				BeforeProcessingInitializeOnLoad (392ms)
				ProcessInitializeOnLoadAttributes (1798ms)
				ProcessInitializeOnLoadMethodAttributes (271ms)
				AfterProcessingInitializeOnLoad (23ms)
				EditorAssembliesLoaded (0ms)
			ExecutionOrderSort2 (0ms)
			AwakeInstancesAfterBackupRestoration (24ms)
Platform modules already initialized, skipping
========================================================================
Worker process is ready to serve import requests
Launched and connected shader compiler UnityShaderCompiler.exe after 0.30 seconds
Refreshing native plugins compatible for Editor in 17.67 ms, found 4 plugins.
Preloading 0 native plugins for Editor in 0.00 ms.
Unloading 4091 Unused Serialized files (Serialized files now loaded: 0)
Unloading 38 unused Assets / (56.7 KB). Loaded Objects now: 4547.
Memory consumption went from 153.8 MB to 153.8 MB.
Total: 9.589100 ms (FindLiveObjects: 0.601000 ms CreateObjectMapping: 0.535200 ms MarkObjects: 8.004300 ms  DeleteObjects: 0.446700 ms)

AssetImportParameters requested are different than current active one (requested -> active):
  custom:video-decoder-ogg-theora: a1e56fd34408186e4bbccfd4996cb3dc -> 
  custom:container-muxer-webm: aa71ff27fc2769a1b78a27578f13a17b -> 
  custom:container-demuxer-webm: 4f35f7cbe854078d1ac9338744f61a02 -> 
  custom:video-encoder-webm-vp8: eb34c28f22e8b96e1ab97ce403110664 -> 
  custom:video-codec-MediaFoundation-h265: 746d11721c4dcdbdad8f713fa42b33f4 -> 
  custom:audio-encoder-webm-vorbis: bf7c407c2cedff20999df2af8eb42d56 -> 
  custom:framework-win-MediaFoundation: 216162199b28c13a410421893ffa2e32 -> 
  custom:container-demuxer-ogg: 62fdf1f143b41e24485cea50d1cbac27 -> 
  custom:video-decoder-webm-vp8: 9c59270c3fd7afecdb556c50c9e8de78 -> 
  custom:audio-decoder-ogg-vorbis: bf7c407c2cedff20999df2af8eb42d56 -> 
========================================================================
Received Import Request.
  Time since last request: 340988.685620 seconds.
  path: Assets/Cha_ani/Idle cha2.anim
  artifactKey: Guid(c56bbb95110e15745a8b2da004bdef70) Importer(815301076,1909f56bfc062723c751e8b465ee728b)
Start importing Assets/Cha_ani/Idle cha2.anim using Guid(c56bbb95110e15745a8b2da004bdef70) Importer(815301076,1909f56bfc062723c751e8b465ee728b)  -> (artifact id: '568ba61ef8ee1f14ea8afe66bbdc3032') in 0.130993 seconds 
========================================================================
Received Import Request.
  Time since last request: 53.743359 seconds.
  path: Assets/Cha_ani/Idle cha1.anim
  artifactKey: Guid(437e958f5bf90cb4d882109a405d8980) Importer(815301076,1909f56bfc062723c751e8b465ee728b)
Start importing Assets/Cha_ani/Idle cha1.anim using Guid(437e958f5bf90cb4d882109a405d8980) Importer(815301076,1909f56bfc062723c751e8b465ee728b)  -> (artifact id: '46ffc1940c7580080cdd91a636b4154e') in 0.022852 seconds 
========================================================================
Received Import Request.
  Time since last request: 292.676837 seconds.
  path: Assets/Cha_ani/Idle cha2.anim
  artifactKey: Guid(c56bbb95110e15745a8b2da004bdef70) Importer(815301076,1909f56bfc062723c751e8b465ee728b)
Start importing Assets/Cha_ani/Idle cha2.anim using Guid(c56bbb95110e15745a8b2da004bdef70) Importer(815301076,1909f56bfc062723c751e8b465ee728b)  -> (artifact id: '6351096e1f13ed9fe5f003e4f32e9269') in 0.007834 seconds 
========================================================================
Received Import Request.
  Time since last request: 1.476315 seconds.
  path: Assets/Cha_ani/Idle.controller
  artifactKey: Guid(94c6f6518f653d94ab9f565707b1155b) Importer(815301076,1909f56bfc062723c751e8b465ee728b)
Start importing Assets/Cha_ani/Idle.controller using Guid(94c6f6518f653d94ab9f565707b1155b) Importer(815301076,1909f56bfc062723c751e8b465ee728b)  -> (artifact id: '17f039c4f998f33ed67e65530e778ee7') in 0.044985 seconds 
========================================================================
Received Import Request.
  Time since last request: 99.823927 seconds.
  path: Assets/Cha_ani/Animation
  artifactKey: Guid(ad1a5562b042aba439bb74ccaec3d593) Importer(815301076,1909f56bfc062723c751e8b465ee728b)
Start importing Assets/Cha_ani/Animation using Guid(ad1a5562b042aba439bb74ccaec3d593) Importer(815301076,1909f56bfc062723c751e8b465ee728b)  -> (artifact id: '873eec08ecc81454b2d074b52b8c2586') in 0.021557 seconds 
========================================================================
Received Import Request.
  Time since last request: 11.071946 seconds.
  path: Assets/Cha_ani/Controller
  artifactKey: Guid(fb50e5e7b939f0148ae1eb7fcde09bcf) Importer(815301076,1909f56bfc062723c751e8b465ee728b)
Start importing Assets/Cha_ani/Controller using Guid(fb50e5e7b939f0148ae1eb7fcde09bcf) Importer(815301076,1909f56bfc062723c751e8b465ee728b)  -> (artifact id: 'fbfe2c9bb4d6432d0099884a1479018d') in 0.020822 seconds 
========================================================================
Received Import Request.
  Time since last request: 10.051279 seconds.
  path: Assets/Cha_ani/Controller/Idle cha2.controller
  artifactKey: Guid(94c6f6518f653d94ab9f565707b1155b) Importer(815301076,1909f56bfc062723c751e8b465ee728b)
Start importing Assets/Cha_ani/Controller/Idle cha2.controller using Guid(94c6f6518f653d94ab9f565707b1155b) Importer(815301076,1909f56bfc062723c751e8b465ee728b)  -> (artifact id: '1acc327fc74d35dbf700bd5305eec828') in 0.008349 seconds 
========================================================================
Received Import Request.
  Time since last request: 60.818170 seconds.
  path: Assets/Cha_ani/Idle4.controller
  artifactKey: Guid(b716a485136f83643b1e6ceeec41a0f5) Importer(815301076,1909f56bfc062723c751e8b465ee728b)
Start importing Assets/Cha_ani/Idle4.controller using Guid(b716a485136f83643b1e6ceeec41a0f5) Importer(815301076,1909f56bfc062723c751e8b465ee728b)  -> (artifact id: '87fdff2ac5b2b1289a5d08f3482dd4a6') in 0.038479 seconds 
========================================================================
Received Import Request.
  Time since last request: 5.164924 seconds.
  path: Assets/Cha_ani/Idle cha1.controller
  artifactKey: Guid(b716a485136f83643b1e6ceeec41a0f5) Importer(815301076,1909f56bfc062723c751e8b465ee728b)
Start importing Assets/Cha_ani/Idle cha1.controller using Guid(b716a485136f83643b1e6ceeec41a0f5) Importer(815301076,1909f56bfc062723c751e8b465ee728b)  -> (artifact id: 'd836fba22fa6b27da711e46d0a7cf061') in 0.011754 seconds 
========================================================================
Received Import Request.
  Time since last request: 76.814353 seconds.
  path: Assets/Cha_ani/Jump4.controller
  artifactKey: Guid(3831cd90b10290441a907766e4109296) Importer(815301076,1909f56bfc062723c751e8b465ee728b)
Start importing Assets/Cha_ani/Jump4.controller using Guid(3831cd90b10290441a907766e4109296) Importer(815301076,1909f56bfc062723c751e8b465ee728b)  -> (artifact id: 'd4f2e5f7c91308e50cb8765f5e26c742') in 0.013217 seconds 
========================================================================
Received Import Request.
  Time since last request: 9.659553 seconds.
  path: Assets/Cha_ani/Jump cha1.controller
  artifactKey: Guid(3831cd90b10290441a907766e4109296) Importer(815301076,1909f56bfc062723c751e8b465ee728b)
Start importing Assets/Cha_ani/Jump cha1.controller using Guid(3831cd90b10290441a907766e4109296) Importer(815301076,1909f56bfc062723c751e8b465ee728b)  -> (artifact id: '5e148b0b0b9a42eb23392c62afbd9087') in 0.045883 seconds 
========================================================================
Received Import Request.
  Time since last request: 6.333469 seconds.
  path: Assets/Cha_ani/Controller/Jump1.controller
  artifactKey: Guid(4ad1fb4b487dea246aeb002f97af0f2a) Importer(815301076,1909f56bfc062723c751e8b465ee728b)
Start importing Assets/Cha_ani/Controller/Jump1.controller using Guid(4ad1fb4b487dea246aeb002f97af0f2a) Importer(815301076,1909f56bfc062723c751e8b465ee728b)  -> (artifact id: '69c947ac1d00ea8835f788a6d7971e2e') in 0.022458 seconds 
========================================================================
Received Import Request.
  Time since last request: 6.752722 seconds.
  path: Assets/Cha_ani/Controller/Jump cha2.controller
  artifactKey: Guid(4ad1fb4b487dea246aeb002f97af0f2a) Importer(815301076,1909f56bfc062723c751e8b465ee728b)
Start importing Assets/Cha_ani/Controller/Jump cha2.controller using Guid(4ad1fb4b487dea246aeb002f97af0f2a) Importer(815301076,1909f56bfc062723c751e8b465ee728b)  -> (artifact id: 'bdfe041019ef3a05da7856d1a7dd70c2') in 0.027388 seconds 
========================================================================
Received Import Request.
  Time since last request: 19.940264 seconds.
  path: Assets/Cha_ani/Walk1.controller
  artifactKey: Guid(df912b08fc422fb418622218cad09565) Importer(815301076,1909f56bfc062723c751e8b465ee728b)
Start importing Assets/Cha_ani/Walk1.controller using Guid(df912b08fc422fb418622218cad09565) Importer(815301076,1909f56bfc062723c751e8b465ee728b)  -> (artifact id: 'cd33594db0ef88b6f3a14589fd8072c6') in 0.008853 seconds 
========================================================================
Received Import Request.
  Time since last request: 8.285722 seconds.
  path: Assets/Cha_ani/Walk cha2.controller
  artifactKey: Guid(df912b08fc422fb418622218cad09565) Importer(815301076,1909f56bfc062723c751e8b465ee728b)
Start importing Assets/Cha_ani/Walk cha2.controller using Guid(df912b08fc422fb418622218cad09565) Importer(815301076,1909f56bfc062723c751e8b465ee728b)  -> (artifact id: '4e4155abbb8fd92fb09b81e125312af7') in 0.028907 seconds 
========================================================================
Received Import Request.
  Time since last request: 16.112215 seconds.
  path: Assets/Cha_ani/Walk10.controller
  artifactKey: Guid(10be4a6b4e7e31b4b8d2172f127f76ca) Importer(815301076,1909f56bfc062723c751e8b465ee728b)
Start importing Assets/Cha_ani/Walk10.controller using Guid(10be4a6b4e7e31b4b8d2172f127f76ca) Importer(815301076,1909f56bfc062723c751e8b465ee728b)  -> (artifact id: '2f07bfa181d81eb974bb12d63cb630f0') in 0.008692 seconds 
========================================================================
Received Import Request.
  Time since last request: 4.665127 seconds.
  path: Assets/Cha_ani/Walk cha1.controller
  artifactKey: Guid(10be4a6b4e7e31b4b8d2172f127f76ca) Importer(815301076,1909f56bfc062723c751e8b465ee728b)
Start importing Assets/Cha_ani/Walk cha1.controller using Guid(10be4a6b4e7e31b4b8d2172f127f76ca) Importer(815301076,1909f56bfc062723c751e8b465ee728b)  -> (artifact id: '1bc82574676dd595ecf642a1b102cd64') in 0.039543 seconds 
========================================================================
Received Import Request.
  Time since last request: 92.253256 seconds.
  path: Assets/Cha_ani/Animation/Idle cha1.anim
  artifactKey: Guid(437e958f5bf90cb4d882109a405d8980) Importer(815301076,1909f56bfc062723c751e8b465ee728b)
Start importing Assets/Cha_ani/Animation/Idle cha1.anim using Guid(437e958f5bf90cb4d882109a405d8980) Importer(815301076,1909f56bfc062723c751e8b465ee728b)  -> (artifact id: 'ddfc618e07b0aea6e960506222b1bd11') in 0.010574 seconds 
========================================================================
Received Import Request.
  Time since last request: 71.430323 seconds.
  path: Assets/Font/UhBee Bold.asset
  artifactKey: Guid(1865a718b6dab1840b6a07a5a2d4c073) Importer(815301076,1909f56bfc062723c751e8b465ee728b)
Start importing Assets/Font/UhBee Bold.asset using Guid(1865a718b6dab1840b6a07a5a2d4c073) Importer(815301076,1909f56bfc062723c751e8b465ee728b)  -> (artifact id: 'ae6a2ab3277e557f9e7aea1dfae8fc0f') in 0.699343 seconds 
========================================================================
Received Import Request.
  Time since last request: 1.578639 seconds.
  path: Assets/Scenes/Map0Main.unity
  artifactKey: Guid(2347b34791021914582c533cf6ae17e2) Importer(815301076,1909f56bfc062723c751e8b465ee728b)
Start importing Assets/Scenes/Map0Main.unity using Guid(2347b34791021914582c533cf6ae17e2) Importer(815301076,1909f56bfc062723c751e8b465ee728b)  -> (artifact id: '813861e7a0be0ee00d6ca7ef79b1121b') in 0.039521 seconds 
========================================================================
Received Import Request.
  Time since last request: 46.948812 seconds.
  path: Assets/Scenes/ani,,,.unity
  artifactKey: Guid(1ee462e0f7727664d8a4cb1715afbf22) Importer(815301076,1909f56bfc062723c751e8b465ee728b)
Start importing Assets/Scenes/ani,,,.unity using Guid(1ee462e0f7727664d8a4cb1715afbf22) Importer(815301076,1909f56bfc062723c751e8b465ee728b)  -> (artifact id: 'cfdbbc311b02e1f9d43fe64ca9cf8ecd') in 0.040120 seconds 
