Using pre-set license
Built from '2021.3/staging' branch; Version is '2021.3.15f1 (e8e88683f834) revision 15263878'; Using compiler version '192829333'; Build Type 'Release'
OS: 'Windows 11  (10.0.22621) 64bit Professional' Language: 'ko' Physical Memory: 16163 MB
BatchMode: 1, IsHumanControllingUs: 0, StartBugReporterOnCrash: 0, Is64bit: 1, IsPro: 1

COMMAND LINE ARGUMENTS:
C:\Program Files\Unity\Hub\Editor\2021.3.15f1\Editor\Unity.exe
-adb2
-batchMode
-noUpm
-name
AssetImportWorker0
-projectPath
C:/Users/Excellent_Summer/Desktop/git/Kp-23-1/My project
-logFile
Logs/AssetImportWorker0.log
-srvPort
25528
Successfully changed project path to: C:/Users/Excellent_Summer/Desktop/git/Kp-23-1/My project
C:/Users/Excellent_Summer/Desktop/git/Kp-23-1/My project
[UnityMemory] Configuration Parameters - Can be set up in boot.config
    "memorysetup-bucket-allocator-granularity=16"
    "memorysetup-bucket-allocator-bucket-count=8"
    "memorysetup-bucket-allocator-block-size=33554432"
    "memorysetup-bucket-allocator-block-count=8"
    "memorysetup-main-allocator-block-size=16777216"
    "memorysetup-thread-allocator-block-size=16777216"
    "memorysetup-gfx-main-allocator-block-size=16777216"
    "memorysetup-gfx-thread-allocator-block-size=16777216"
    "memorysetup-cache-allocator-block-size=4194304"
    "memorysetup-typetree-allocator-block-size=2097152"
    "memorysetup-profiler-bucket-allocator-granularity=16"
    "memorysetup-profiler-bucket-allocator-bucket-count=8"
    "memorysetup-profiler-bucket-allocator-block-size=33554432"
    "memorysetup-profiler-bucket-allocator-block-count=8"
    "memorysetup-profiler-allocator-block-size=16777216"
    "memorysetup-profiler-editor-allocator-block-size=1048576"
    "memorysetup-temp-allocator-size-main=16777216"
    "memorysetup-job-temp-allocator-block-size=2097152"
    "memorysetup-job-temp-allocator-block-size-background=1048576"
    "memorysetup-job-temp-allocator-reduction-small-platforms=262144"
    "memorysetup-temp-allocator-size-background-worker=32768"
    "memorysetup-temp-allocator-size-job-worker=262144"
    "memorysetup-temp-allocator-size-preload-manager=33554432"
    "memorysetup-temp-allocator-size-nav-mesh-worker=65536"
    "memorysetup-temp-allocator-size-audio-worker=65536"
    "memorysetup-temp-allocator-size-cloud-worker=32768"
    "memorysetup-temp-allocator-size-gi-baking-worker=262144"
    "memorysetup-temp-allocator-size-gfx=262144"
Player connection [32524] Host "[IP] 172.18.192.1 [Port] 0 [Flags] 2 [Guid] 262755799 [EditorId] 262755799 [Version] 1048832 [Id] WindowsEditor(7,DESKTOP-IRJR4F0) [Debug] 1 [PackageName] WindowsEditor [ProjectName] Editor" joined multi-casting on [225.0.0.222:54997]...

Player connection [32524] Host "[IP] 172.18.192.1 [Port] 0 [Flags] 2 [Guid] 262755799 [EditorId] 262755799 [Version] 1048832 [Id] WindowsEditor(7,DESKTOP-IRJR4F0) [Debug] 1 [PackageName] WindowsEditor [ProjectName] Editor" joined alternative multi-casting on [225.0.0.222:34997]...

Refreshing native plugins compatible for Editor in 134.28 ms, found 4 plugins.
Preloading 0 native plugins for Editor in 0.00 ms.
Initialize engine version: 2021.3.15f1 (e8e88683f834)
[Subsystems] Discovering subsystems at path C:/Program Files/Unity/Hub/Editor/2021.3.15f1/Editor/Data/Resources/UnitySubsystems
[Subsystems] Discovering subsystems at path C:/Users/Excellent_Summer/Desktop/git/Kp-23-1/My project/Assets
GfxDevice: creating device client; threaded=0; jobified=0
Direct3D:
    Version:  Direct3D 11.0 [level 11.1]
    Renderer: NVIDIA GeForce GTX 1650 (ID=0x1f91)
    Vendor:   NVIDIA
    VRAM:     3952 MB
    Driver:   31.0.15.2737
Initialize mono
Mono path[0] = 'C:/Program Files/Unity/Hub/Editor/2021.3.15f1/Editor/Data/Managed'
Mono path[1] = 'C:/Program Files/Unity/Hub/Editor/2021.3.15f1/Editor/Data/MonoBleedingEdge/lib/mono/unityjit-win32'
Mono config path = 'C:/Program Files/Unity/Hub/Editor/2021.3.15f1/Editor/Data/MonoBleedingEdge/etc'
Using monoOptions --debugger-agent=transport=dt_socket,embedding=1,server=y,suspend=n,address=127.0.0.1:56040
Begin MonoManager ReloadAssembly
Registering precompiled unity dll's ...
Register platform support module: C:/Program Files/Unity/Hub/Editor/2021.3.15f1/Editor/Data/PlaybackEngines/WindowsStandaloneSupport/UnityEditor.WindowsStandalone.Extensions.dll
Registered in 0.023742 seconds.
Native extension for WindowsStandalone target not found
Refreshing native plugins compatible for Editor in 112.49 ms, found 4 plugins.
Preloading 0 native plugins for Editor in 0.00 ms.
Mono: successfully reloaded assembly
- Completed reload, in  0.879 seconds
Domain Reload Profiling:
	ReloadAssembly (880ms)
		BeginReloadAssembly (100ms)
			ExecutionOrderSort (0ms)
			DisableScriptedObjects (0ms)
			BackupInstance (0ms)
			ReleaseScriptingObjects (0ms)
			CreateAndSetChildDomain (1ms)
		EndReloadAssembly (597ms)
			LoadAssemblies (97ms)
			RebuildTransferFunctionScriptingTraits (0ms)
			SetupTypeCache (144ms)
			ReleaseScriptCaches (0ms)
			RebuildScriptCaches (34ms)
			SetupLoadedEditorAssemblies (348ms)
				LogAssemblyErrors (0ms)
				InitializePlatformSupportModulesInManaged (9ms)
				SetLoadedEditorAssemblies (0ms)
				RefreshPlugins (113ms)
				BeforeProcessingInitializeOnLoad (1ms)
				ProcessInitializeOnLoadAttributes (164ms)
				ProcessInitializeOnLoadMethodAttributes (61ms)
				AfterProcessingInitializeOnLoad (0ms)
				EditorAssembliesLoaded (0ms)
			ExecutionOrderSort2 (0ms)
			AwakeInstancesAfterBackupRestoration (0ms)
Platform modules already initialized, skipping
Registering precompiled user dll's ...
Registered in 0.013257 seconds.
Begin MonoManager ReloadAssembly
Symbol file LoadedFromMemory doesn't match image C:\Users\Excellent_Summer\Desktop\git\Kp-23-1\My project\Library\PackageCache\com.unity.visualscripting@1.7.8\Editor\VisualScripting.Core\Dependencies\YamlDotNet\Unity.VisualScripting.YamlDotNet.dll
Symbol file LoadedFromMemory doesn't match image C:\Users\Excellent_Summer\Desktop\git\Kp-23-1\My project\Library\PackageCache\com.unity.visualscripting@1.7.8\Editor\VisualScripting.Core\Dependencies\DotNetZip\Unity.VisualScripting.IonicZip.dll
Native extension for WindowsStandalone target not found
Refreshing native plugins compatible for Editor in 112.28 ms, found 4 plugins.
Preloading 0 native plugins for Editor in 0.00 ms.
Mono: successfully reloaded assembly
- Completed reload, in  1.421 seconds
Domain Reload Profiling:
	ReloadAssembly (1422ms)
		BeginReloadAssembly (140ms)
			ExecutionOrderSort (0ms)
			DisableScriptedObjects (6ms)
			BackupInstance (0ms)
			ReleaseScriptingObjects (0ms)
			CreateAndSetChildDomain (20ms)
		EndReloadAssembly (1125ms)
			LoadAssemblies (118ms)
			RebuildTransferFunctionScriptingTraits (0ms)
			SetupTypeCache (292ms)
			ReleaseScriptCaches (1ms)
			RebuildScriptCaches (66ms)
			SetupLoadedEditorAssemblies (592ms)
				LogAssemblyErrors (0ms)
				InitializePlatformSupportModulesInManaged (5ms)
				SetLoadedEditorAssemblies (0ms)
				RefreshPlugins (112ms)
				BeforeProcessingInitializeOnLoad (127ms)
				ProcessInitializeOnLoadAttributes (289ms)
				ProcessInitializeOnLoadMethodAttributes (46ms)
				AfterProcessingInitializeOnLoad (12ms)
				EditorAssembliesLoaded (0ms)
			ExecutionOrderSort2 (0ms)
			AwakeInstancesAfterBackupRestoration (12ms)
Platform modules already initialized, skipping
========================================================================
Worker process is ready to serve import requests
Launched and connected shader compiler UnityShaderCompiler.exe after 0.06 seconds
Refreshing native plugins compatible for Editor in 0.76 ms, found 4 plugins.
Preloading 0 native plugins for Editor in 0.00 ms.
Unloading 4089 Unused Serialized files (Serialized files now loaded: 0)
Unloading 38 unused Assets / (56.5 KB). Loaded Objects now: 4544.
Memory consumption went from 158.1 MB to 158.0 MB.
Total: 3.621300 ms (FindLiveObjects: 0.342400 ms CreateObjectMapping: 0.312700 ms MarkObjects: 2.877500 ms  DeleteObjects: 0.087900 ms)

AssetImportParameters requested are different than current active one (requested -> active):
  custom:video-decoder-ogg-theora: a1e56fd34408186e4bbccfd4996cb3dc -> 
  custom:container-muxer-webm: aa71ff27fc2769a1b78a27578f13a17b -> 
  custom:container-demuxer-webm: 4f35f7cbe854078d1ac9338744f61a02 -> 
  custom:video-encoder-webm-vp8: eb34c28f22e8b96e1ab97ce403110664 -> 
  custom:audio-encoder-webm-vorbis: bf7c407c2cedff20999df2af8eb42d56 -> 
  custom:framework-win-MediaFoundation: 216162199b28c13a410421893ffa2e32 -> 
  custom:container-demuxer-ogg: 62fdf1f143b41e24485cea50d1cbac27 -> 
  custom:video-decoder-webm-vp8: 9c59270c3fd7afecdb556c50c9e8de78 -> 
  custom:audio-decoder-ogg-vorbis: bf7c407c2cedff20999df2af8eb42d56 -> 
========================================================================
Received Import Request.
  Time since last request: 717006.892527 seconds.
  path: Assets/FadeOut.prefab
  artifactKey: Guid(27a3aa1b513b3d64498e150d8b45cd64) Importer(815301076,1909f56bfc062723c751e8b465ee728b)
Start importing Assets/FadeOut.prefab using Guid(27a3aa1b513b3d64498e150d8b45cd64) Importer(815301076,1909f56bfc062723c751e8b465ee728b)  -> (artifact id: '372f89a786e6cc1ac5565be8a043681f') in 0.071555 seconds 
========================================================================
Received Import Request.
  Time since last request: 0.000017 seconds.
  path: Assets/FadeInImage.prefab
  artifactKey: Guid(327f77caeebf7d344b1773a9cfa00417) Importer(815301076,1909f56bfc062723c751e8b465ee728b)
Start importing Assets/FadeInImage.prefab using Guid(327f77caeebf7d344b1773a9cfa00417) Importer(815301076,1909f56bfc062723c751e8b465ee728b)  -> (artifact id: 'cef5216d825b3262bf301d405d51710f') in 0.008462 seconds 
========================================================================
Received Import Request.
  Time since last request: 0.000031 seconds.
  path: Assets/RestartPanel.prefab
  artifactKey: Guid(c88a0aab5eb0dc143a4fbf1a654ae740) Importer(815301076,1909f56bfc062723c751e8b465ee728b)
Start importing Assets/RestartPanel.prefab using Guid(c88a0aab5eb0dc143a4fbf1a654ae740) Importer(815301076,1909f56bfc062723c751e8b465ee728b)  -> (artifact id: '0dbe7cabd179702e02e0c5d6b6422d7e') in 0.014053 seconds 
========================================================================
Received Import Request.
  Time since last request: 0.000026 seconds.
  path: Assets/FadeIn.prefab
  artifactKey: Guid(70b6f8bb1c8903c418e9d1fff95795f9) Importer(815301076,1909f56bfc062723c751e8b465ee728b)
Start importing Assets/FadeIn.prefab using Guid(70b6f8bb1c8903c418e9d1fff95795f9) Importer(815301076,1909f56bfc062723c751e8b465ee728b)  -> (artifact id: 'b8c545d0ecf72c018b5ae13a87868733') in 0.011524 seconds 
========================================================================
Received Import Request.
  Time since last request: 0.000018 seconds.
  path: Assets/MissionController.prefab
  artifactKey: Guid(bd3e3c2ac68a42a47a4395d09126c513) Importer(815301076,1909f56bfc062723c751e8b465ee728b)
Start importing Assets/MissionController.prefab using Guid(bd3e3c2ac68a42a47a4395d09126c513) Importer(815301076,1909f56bfc062723c751e8b465ee728b)  -> (artifact id: '837ac1649eb6caf8e2a0ae6492ee2162') in 0.126467 seconds 
========================================================================
Received Import Request.
  Time since last request: 14.561518 seconds.
  path: Assets/Scenes/Map0Main.unity
  artifactKey: Guid(2347b34791021914582c533cf6ae17e2) Importer(815301076,1909f56bfc062723c751e8b465ee728b)
Start importing Assets/Scenes/Map0Main.unity using Guid(2347b34791021914582c533cf6ae17e2) Importer(815301076,1909f56bfc062723c751e8b465ee728b)  -> (artifact id: '813861e7a0be0ee00d6ca7ef79b1121b') in 0.005872 seconds 
========================================================================
Received Import Request.
  Time since last request: 0.653894 seconds.
  path: Assets/Scenes/Map1-1Scene.unity
  artifactKey: Guid(dcca723f06e80ca47b51766da58a6541) Importer(815301076,1909f56bfc062723c751e8b465ee728b)
Start importing Assets/Scenes/Map1-1Scene.unity using Guid(dcca723f06e80ca47b51766da58a6541) Importer(815301076,1909f56bfc062723c751e8b465ee728b)  -> (artifact id: '8e44d5ec07daa092abbbe0979cdeeb81') in 0.007556 seconds 
========================================================================
Received Import Request.
  Time since last request: 12.909097 seconds.
  path: Assets/Scenes/Map1-2Scene.unity
  artifactKey: Guid(acac47bf3fc463543adba506d2c2bd86) Importer(815301076,1909f56bfc062723c751e8b465ee728b)
Start importing Assets/Scenes/Map1-2Scene.unity using Guid(acac47bf3fc463543adba506d2c2bd86) Importer(815301076,1909f56bfc062723c751e8b465ee728b)  -> (artifact id: 'faf72d394c8646f0a55c87e5a995a397') in 0.006961 seconds 
========================================================================
Received Import Request.
  Time since last request: 3.130180 seconds.
  path: Assets/Scenes/Map2Scene.unity
  artifactKey: Guid(f8f8d6b064b20dc488e44fa924e642a4) Importer(815301076,1909f56bfc062723c751e8b465ee728b)
Start importing Assets/Scenes/Map2Scene.unity using Guid(f8f8d6b064b20dc488e44fa924e642a4) Importer(815301076,1909f56bfc062723c751e8b465ee728b)  -> (artifact id: '604af0d7fbaf1055794bdeed8af9b7c2') in 0.012048 seconds 
========================================================================
Received Import Request.
  Time since last request: 5.521556 seconds.
  path: Assets/Scenes/Map3Scene.unity
  artifactKey: Guid(020b20eae31663f4193d978bd4296e03) Importer(815301076,1909f56bfc062723c751e8b465ee728b)
Start importing Assets/Scenes/Map3Scene.unity using Guid(020b20eae31663f4193d978bd4296e03) Importer(815301076,1909f56bfc062723c751e8b465ee728b)  -> (artifact id: '082dcd4c8f4bd01d52912823a50bc0bb') in 0.010103 seconds 
========================================================================
Received Import Request.
  Time since last request: 1.043365 seconds.
  path: Assets/Scenes/Map4-1Scene 1.unity
  artifactKey: Guid(1a8805c44ade43b429e267465a09e715) Importer(815301076,1909f56bfc062723c751e8b465ee728b)
Start importing Assets/Scenes/Map4-1Scene 1.unity using Guid(1a8805c44ade43b429e267465a09e715) Importer(815301076,1909f56bfc062723c751e8b465ee728b)  -> (artifact id: '4bfad552dc4d34cf66aadbf5b99a84c8') in 0.009598 seconds 
========================================================================
Received Import Request.
  Time since last request: 0.586511 seconds.
  path: Assets/Scenes/Map4-2Scene.unity
  artifactKey: Guid(0492b3ee0e0f69f47909523667bd6c51) Importer(815301076,1909f56bfc062723c751e8b465ee728b)
Start importing Assets/Scenes/Map4-2Scene.unity using Guid(0492b3ee0e0f69f47909523667bd6c51) Importer(815301076,1909f56bfc062723c751e8b465ee728b)  -> (artifact id: '4f9001123975884ee7c9a844a7ff0ff1') in 0.007968 seconds 
========================================================================
Received Prepare
Registering precompiled user dll's ...
Registered in 0.012077 seconds.
Begin MonoManager ReloadAssembly
Symbol file LoadedFromMemory doesn't match image C:\Users\Excellent_Summer\Desktop\git\Kp-23-1\My project\Library\PackageCache\com.unity.visualscripting@1.7.8\Editor\VisualScripting.Core\Dependencies\YamlDotNet\Unity.VisualScripting.YamlDotNet.dll
Symbol file LoadedFromMemory doesn't match image C:\Users\Excellent_Summer\Desktop\git\Kp-23-1\My project\Library\PackageCache\com.unity.visualscripting@1.7.8\Editor\VisualScripting.Core\Dependencies\DotNetZip\Unity.VisualScripting.IonicZip.dll
Native extension for WindowsStandalone target not found
Refreshing native plugins compatible for Editor in 1.09 ms, found 4 plugins.
Preloading 0 native plugins for Editor in 0.00 ms.
Mono: successfully reloaded assembly
- Completed reload, in  1.654 seconds
Domain Reload Profiling:
	ReloadAssembly (1655ms)
		BeginReloadAssembly (264ms)
			ExecutionOrderSort (0ms)
			DisableScriptedObjects (9ms)
			BackupInstance (0ms)
			ReleaseScriptingObjects (0ms)
			CreateAndSetChildDomain (75ms)
		EndReloadAssembly (1197ms)
			LoadAssemblies (187ms)
			RebuildTransferFunctionScriptingTraits (0ms)
			SetupTypeCache (368ms)
			ReleaseScriptCaches (2ms)
			RebuildScriptCaches (68ms)
			SetupLoadedEditorAssemblies (537ms)
				LogAssemblyErrors (0ms)
				InitializePlatformSupportModulesInManaged (17ms)
				SetLoadedEditorAssemblies (1ms)
				RefreshPlugins (1ms)
				BeforeProcessingInitializeOnLoad (124ms)
				ProcessInitializeOnLoadAttributes (323ms)
				ProcessInitializeOnLoadMethodAttributes (55ms)
				AfterProcessingInitializeOnLoad (15ms)
				EditorAssembliesLoaded (0ms)
			ExecutionOrderSort2 (0ms)
			AwakeInstancesAfterBackupRestoration (19ms)
Platform modules already initialized, skipping
Refreshing native plugins compatible for Editor in 5.01 ms, found 4 plugins.
Preloading 0 native plugins for Editor in 0.00 ms.
Unloading 4065 Unused Serialized files (Serialized files now loaded: 0)
Unloading 26 unused Assets / (25.4 KB). Loaded Objects now: 4555.
Memory consumption went from 160.5 MB to 160.4 MB.
Total: 4.434600 ms (FindLiveObjects: 0.343600 ms CreateObjectMapping: 0.393700 ms MarkObjects: 3.638900 ms  DeleteObjects: 0.057100 ms)

AssetImportParameters requested are different than current active one (requested -> active):
  custom:video-decoder-ogg-theora: a1e56fd34408186e4bbccfd4996cb3dc -> 
  custom:container-muxer-webm: aa71ff27fc2769a1b78a27578f13a17b -> 
  custom:container-demuxer-webm: 4f35f7cbe854078d1ac9338744f61a02 -> 
  custom:video-encoder-webm-vp8: eb34c28f22e8b96e1ab97ce403110664 -> 
  custom:audio-encoder-webm-vorbis: bf7c407c2cedff20999df2af8eb42d56 -> 
  custom:framework-win-MediaFoundation: 216162199b28c13a410421893ffa2e32 -> 
  custom:container-demuxer-ogg: 62fdf1f143b41e24485cea50d1cbac27 -> 
  custom:video-decoder-webm-vp8: 9c59270c3fd7afecdb556c50c9e8de78 -> 
  custom:audio-decoder-ogg-vorbis: bf7c407c2cedff20999df2af8eb42d56 -> 
========================================================================
Received Prepare
Registering precompiled user dll's ...
Registered in 0.013455 seconds.
Begin MonoManager ReloadAssembly
Symbol file LoadedFromMemory doesn't match image C:\Users\Excellent_Summer\Desktop\git\Kp-23-1\My project\Library\PackageCache\com.unity.visualscripting@1.7.8\Editor\VisualScripting.Core\Dependencies\YamlDotNet\Unity.VisualScripting.YamlDotNet.dll
Symbol file LoadedFromMemory doesn't match image C:\Users\Excellent_Summer\Desktop\git\Kp-23-1\My project\Library\PackageCache\com.unity.visualscripting@1.7.8\Editor\VisualScripting.Core\Dependencies\DotNetZip\Unity.VisualScripting.IonicZip.dll
Native extension for WindowsStandalone target not found
Refreshing native plugins compatible for Editor in 0.95 ms, found 4 plugins.
Preloading 0 native plugins for Editor in 0.00 ms.
Mono: successfully reloaded assembly
- Completed reload, in  1.650 seconds
Domain Reload Profiling:
	ReloadAssembly (1651ms)
		BeginReloadAssembly (178ms)
			ExecutionOrderSort (0ms)
			DisableScriptedObjects (9ms)
			BackupInstance (0ms)
			ReleaseScriptingObjects (0ms)
			CreateAndSetChildDomain (52ms)
		EndReloadAssembly (1329ms)
			LoadAssemblies (125ms)
			RebuildTransferFunctionScriptingTraits (0ms)
			SetupTypeCache (413ms)
			ReleaseScriptCaches (2ms)
			RebuildScriptCaches (107ms)
			SetupLoadedEditorAssemblies (543ms)
				LogAssemblyErrors (0ms)
				InitializePlatformSupportModulesInManaged (18ms)
				SetLoadedEditorAssemblies (1ms)
				RefreshPlugins (1ms)
				BeforeProcessingInitializeOnLoad (120ms)
				ProcessInitializeOnLoadAttributes (330ms)
				ProcessInitializeOnLoadMethodAttributes (56ms)
				AfterProcessingInitializeOnLoad (16ms)
				EditorAssembliesLoaded (0ms)
			ExecutionOrderSort2 (0ms)
			AwakeInstancesAfterBackupRestoration (21ms)
Platform modules already initialized, skipping
Refreshing native plugins compatible for Editor in 4.26 ms, found 4 plugins.
Preloading 0 native plugins for Editor in 0.00 ms.
Unloading 4065 Unused Serialized files (Serialized files now loaded: 0)
Unloading 25 unused Assets / (24.7 KB). Loaded Objects now: 4558.
Memory consumption went from 160.5 MB to 160.4 MB.
Total: 4.668200 ms (FindLiveObjects: 0.414200 ms CreateObjectMapping: 0.440000 ms MarkObjects: 3.781700 ms  DeleteObjects: 0.031100 ms)

AssetImportParameters requested are different than current active one (requested -> active):
  custom:video-decoder-ogg-theora: a1e56fd34408186e4bbccfd4996cb3dc -> 
  custom:container-muxer-webm: aa71ff27fc2769a1b78a27578f13a17b -> 
  custom:container-demuxer-webm: 4f35f7cbe854078d1ac9338744f61a02 -> 
  custom:video-encoder-webm-vp8: eb34c28f22e8b96e1ab97ce403110664 -> 
  custom:audio-encoder-webm-vorbis: bf7c407c2cedff20999df2af8eb42d56 -> 
  custom:framework-win-MediaFoundation: 216162199b28c13a410421893ffa2e32 -> 
  custom:container-demuxer-ogg: 62fdf1f143b41e24485cea50d1cbac27 -> 
  custom:video-decoder-webm-vp8: 9c59270c3fd7afecdb556c50c9e8de78 -> 
  custom:audio-decoder-ogg-vorbis: bf7c407c2cedff20999df2af8eb42d56 -> 
========================================================================
Received Prepare
Registering precompiled user dll's ...
Registered in 0.012852 seconds.
Begin MonoManager ReloadAssembly
Symbol file LoadedFromMemory doesn't match image C:\Users\Excellent_Summer\Desktop\git\Kp-23-1\My project\Library\PackageCache\com.unity.visualscripting@1.7.8\Editor\VisualScripting.Core\Dependencies\YamlDotNet\Unity.VisualScripting.YamlDotNet.dll
Symbol file LoadedFromMemory doesn't match image C:\Users\Excellent_Summer\Desktop\git\Kp-23-1\My project\Library\PackageCache\com.unity.visualscripting@1.7.8\Editor\VisualScripting.Core\Dependencies\DotNetZip\Unity.VisualScripting.IonicZip.dll
Native extension for WindowsStandalone target not found
Refreshing native plugins compatible for Editor in 0.93 ms, found 4 plugins.
Preloading 0 native plugins for Editor in 0.00 ms.
Mono: successfully reloaded assembly
- Completed reload, in  1.541 seconds
Domain Reload Profiling:
	ReloadAssembly (1542ms)
		BeginReloadAssembly (180ms)
			ExecutionOrderSort (0ms)
			DisableScriptedObjects (9ms)
			BackupInstance (0ms)
			ReleaseScriptingObjects (0ms)
			CreateAndSetChildDomain (51ms)
		EndReloadAssembly (1217ms)
			LoadAssemblies (131ms)
			RebuildTransferFunctionScriptingTraits (0ms)
			SetupTypeCache (385ms)
			ReleaseScriptCaches (2ms)
			RebuildScriptCaches (73ms)
			SetupLoadedEditorAssemblies (537ms)
				LogAssemblyErrors (0ms)
				InitializePlatformSupportModulesInManaged (19ms)
				SetLoadedEditorAssemblies (1ms)
				RefreshPlugins (1ms)
				BeforeProcessingInitializeOnLoad (124ms)
				ProcessInitializeOnLoadAttributes (320ms)
				ProcessInitializeOnLoadMethodAttributes (57ms)
				AfterProcessingInitializeOnLoad (15ms)
				EditorAssembliesLoaded (0ms)
			ExecutionOrderSort2 (0ms)
			AwakeInstancesAfterBackupRestoration (20ms)
Platform modules already initialized, skipping
Refreshing native plugins compatible for Editor in 4.41 ms, found 4 plugins.
Preloading 0 native plugins for Editor in 0.00 ms.
Unloading 4065 Unused Serialized files (Serialized files now loaded: 0)
Unloading 25 unused Assets / (24.7 KB). Loaded Objects now: 4561.
Memory consumption went from 160.5 MB to 160.4 MB.
Total: 4.211700 ms (FindLiveObjects: 0.369300 ms CreateObjectMapping: 0.291900 ms MarkObjects: 3.510500 ms  DeleteObjects: 0.038500 ms)

AssetImportParameters requested are different than current active one (requested -> active):
  custom:video-decoder-ogg-theora: a1e56fd34408186e4bbccfd4996cb3dc -> 
  custom:container-muxer-webm: aa71ff27fc2769a1b78a27578f13a17b -> 
  custom:container-demuxer-webm: 4f35f7cbe854078d1ac9338744f61a02 -> 
  custom:video-encoder-webm-vp8: eb34c28f22e8b96e1ab97ce403110664 -> 
  custom:audio-encoder-webm-vorbis: bf7c407c2cedff20999df2af8eb42d56 -> 
  custom:framework-win-MediaFoundation: 216162199b28c13a410421893ffa2e32 -> 
  custom:container-demuxer-ogg: 62fdf1f143b41e24485cea50d1cbac27 -> 
  custom:video-decoder-webm-vp8: 9c59270c3fd7afecdb556c50c9e8de78 -> 
  custom:audio-decoder-ogg-vorbis: bf7c407c2cedff20999df2af8eb42d56 -> 
========================================================================
Received Import Request.
  Time since last request: 647.591971 seconds.
  path: Assets/Scenes/Map4-1Scene 1.unity
  artifactKey: Guid(1a8805c44ade43b429e267465a09e715) Importer(815301076,1909f56bfc062723c751e8b465ee728b)
Start importing Assets/Scenes/Map4-1Scene 1.unity using Guid(1a8805c44ade43b429e267465a09e715) Importer(815301076,1909f56bfc062723c751e8b465ee728b)  -> (artifact id: '36cd20d577d3105c979fd6152ee27b7e') in 0.010707 seconds 
========================================================================
Received Import Request.
  Time since last request: 25.785003 seconds.
  path: Assets/Scenes/Map4-3Scene.unity
  artifactKey: Guid(f50864733edd50e41b20b66a32a03ab8) Importer(815301076,1909f56bfc062723c751e8b465ee728b)
Start importing Assets/Scenes/Map4-3Scene.unity using Guid(f50864733edd50e41b20b66a32a03ab8) Importer(815301076,1909f56bfc062723c751e8b465ee728b)  -> (artifact id: '34764d49a9e53c4ad1bc6d7cbe04af79') in 0.006980 seconds 
========================================================================
Received Import Request.
  Time since last request: 31.761569 seconds.
  path: Assets/Scenes/Map4-2Scene.unity
  artifactKey: Guid(0492b3ee0e0f69f47909523667bd6c51) Importer(815301076,1909f56bfc062723c751e8b465ee728b)
Start importing Assets/Scenes/Map4-2Scene.unity using Guid(0492b3ee0e0f69f47909523667bd6c51) Importer(815301076,1909f56bfc062723c751e8b465ee728b)  -> (artifact id: '2838b85422d75a050d85054140f99813') in 0.002337 seconds 
========================================================================
Received Import Request.
  Time since last request: 22.380797 seconds.
  path: Assets/Scenes/Map4-3Scene.unity
  artifactKey: Guid(f50864733edd50e41b20b66a32a03ab8) Importer(815301076,1909f56bfc062723c751e8b465ee728b)
Start importing Assets/Scenes/Map4-3Scene.unity using Guid(f50864733edd50e41b20b66a32a03ab8) Importer(815301076,1909f56bfc062723c751e8b465ee728b)  -> (artifact id: '7a3a281cf4d1ae333738c01ef71adb2b') in 0.002006 seconds 
========================================================================
Received Import Request.
  Time since last request: 5.534682 seconds.
  path: Assets/Scenes/Map4-2Scene.unity
  artifactKey: Guid(0492b3ee0e0f69f47909523667bd6c51) Importer(815301076,1909f56bfc062723c751e8b465ee728b)
Start importing Assets/Scenes/Map4-2Scene.unity using Guid(0492b3ee0e0f69f47909523667bd6c51) Importer(815301076,1909f56bfc062723c751e8b465ee728b)  -> (artifact id: '02bdde36122f661ef3a92114b3d98763') in 0.002662 seconds 
========================================================================
Received Import Request.
  Time since last request: 85.521299 seconds.
  path: Assets/Script/player2.cs
  artifactKey: Guid(c0b8bd3959daf164a94e285bef03d109) Importer(815301076,1909f56bfc062723c751e8b465ee728b)
Start importing Assets/Script/player2.cs using Guid(c0b8bd3959daf164a94e285bef03d109) Importer(815301076,1909f56bfc062723c751e8b465ee728b)  -> (artifact id: '77ee64bd046ccb508b5b32b394ab5151') in 0.015557 seconds 
========================================================================
Received Import Request.
  Time since last request: 5.158937 seconds.
  path: Assets/Script/player.cs
  artifactKey: Guid(5c69fa306131b394e8890326d074f9e6) Importer(815301076,1909f56bfc062723c751e8b465ee728b)
Start importing Assets/Script/player.cs using Guid(5c69fa306131b394e8890326d074f9e6) Importer(815301076,1909f56bfc062723c751e8b465ee728b)  -> (artifact id: 'b2e90235d40099f5c8528fe110a79296') in 0.005947 seconds 
========================================================================
Received Import Request.
  Time since last request: 6.819680 seconds.
  path: Assets/Script/Map1
  artifactKey: Guid(687d7a0fd5c7c2745bbec7ee07c40676) Importer(815301076,1909f56bfc062723c751e8b465ee728b)
Start importing Assets/Script/Map1 using Guid(687d7a0fd5c7c2745bbec7ee07c40676) Importer(815301076,1909f56bfc062723c751e8b465ee728b)  -> (artifact id: '53cc77dcadf2297e9790f3f2dfcf1502') in 0.007415 seconds 
========================================================================
Received Import Request.
  Time since last request: 5.791484 seconds.
  path: Assets/Script/Map2
  artifactKey: Guid(cb98465559a117f4082ce18f84838b02) Importer(815301076,1909f56bfc062723c751e8b465ee728b)
Start importing Assets/Script/Map2 using Guid(cb98465559a117f4082ce18f84838b02) Importer(815301076,1909f56bfc062723c751e8b465ee728b)  -> (artifact id: '1d46427b60c1fd4ab34e8eab05abb90b') in 0.006975 seconds 
========================================================================
Received Import Request.
  Time since last request: 1.487407 seconds.
  path: Assets/Script/Map3
  artifactKey: Guid(06bfa995f0b13084a81dab3d5dce19c5) Importer(815301076,1909f56bfc062723c751e8b465ee728b)
Start importing Assets/Script/Map3 using Guid(06bfa995f0b13084a81dab3d5dce19c5) Importer(815301076,1909f56bfc062723c751e8b465ee728b)  -> (artifact id: 'c343fa28923e9527b02affd59643ddb8') in 0.007682 seconds 
========================================================================
Received Import Request.
  Time since last request: 2.124632 seconds.
  path: Assets/Script/Map4
  artifactKey: Guid(093ebc003384f744ca2a8f1e54c8fd7c) Importer(815301076,1909f56bfc062723c751e8b465ee728b)
Start importing Assets/Script/Map4 using Guid(093ebc003384f744ca2a8f1e54c8fd7c) Importer(815301076,1909f56bfc062723c751e8b465ee728b)  -> (artifact id: 'f998ccc68a489e9293e91fb13abca2e9') in 0.008785 seconds 
========================================================================
Received Import Request.
  Time since last request: 1.755179 seconds.
  path: Assets/Script/Map5
  artifactKey: Guid(c66b738bcbd30554dac3182c7cdc5373) Importer(815301076,1909f56bfc062723c751e8b465ee728b)
Start importing Assets/Script/Map5 using Guid(c66b738bcbd30554dac3182c7cdc5373) Importer(815301076,1909f56bfc062723c751e8b465ee728b)  -> (artifact id: 'c8ea32f2280d481d0ea61e5c550d0f32') in 0.006791 seconds 
========================================================================
Received Import Request.
  Time since last request: 15.101557 seconds.
  path: ProjectSettings/TagManager.asset
  artifactKey: Guid(00000000000000003000000000000000) Importer(815301076,1909f56bfc062723c751e8b465ee728b)
Start importing ProjectSettings/TagManager.asset using Guid(00000000000000003000000000000000) Importer(815301076,1909f56bfc062723c751e8b465ee728b)  -> (artifact id: '5c3b467c854849224f7ac1c2bec49413') in 0.025247 seconds 
========================================================================
Received Import Request.
  Time since last request: 45.326572 seconds.
  path: Assets/Material
  artifactKey: Guid(91a67b60b04b3ad4bb9d6983cbfa9ff8) Importer(815301076,1909f56bfc062723c751e8b465ee728b)
Start importing Assets/Material using Guid(91a67b60b04b3ad4bb9d6983cbfa9ff8) Importer(815301076,1909f56bfc062723c751e8b465ee728b)  -> (artifact id: '4cfc73728908aacb65470bd94c3367cd') in 0.009291 seconds 
========================================================================
Received Import Request.
  Time since last request: 74.055998 seconds.
  path: Assets/Material/Chat Btn.png
  artifactKey: Guid(e501c8e0a746f0842849ba02b4f7e881) Importer(815301076,1909f56bfc062723c751e8b465ee728b)
Start importing Assets/Material/Chat Btn.png using Guid(e501c8e0a746f0842849ba02b4f7e881) Importer(815301076,1909f56bfc062723c751e8b465ee728b)  -> (artifact id: 'b7f0e9c9e84963f2dd5e072948016095') in 0.072469 seconds 
========================================================================
Received Import Request.
  Time since last request: 0.000026 seconds.
  path: Assets/Material/G Btn2.png
  artifactKey: Guid(cd7f2ebbd0fe08b458e277250a96f1c6) Importer(815301076,1909f56bfc062723c751e8b465ee728b)
Start importing Assets/Material/G Btn2.png using Guid(cd7f2ebbd0fe08b458e277250a96f1c6) Importer(815301076,1909f56bfc062723c751e8b465ee728b)  -> (artifact id: '8b4c5f66198fadcaf61dd84ef0e37d9b') in 0.032875 seconds 
========================================================================
Received Import Request.
  Time since last request: 0.000021 seconds.
  path: Assets/Material/MissonBack.png
  artifactKey: Guid(058b343c42beca849a848f37493d1c00) Importer(815301076,1909f56bfc062723c751e8b465ee728b)
Start importing Assets/Material/MissonBack.png using Guid(058b343c42beca849a848f37493d1c00) Importer(815301076,1909f56bfc062723c751e8b465ee728b)  -> (artifact id: 'a8a19d163ebf28058627809911e79642') in 0.064738 seconds 
========================================================================
Received Import Request.
  Time since last request: 0.000023 seconds.
  path: Assets/Material/G Btn5.png
  artifactKey: Guid(d6492ff3e1133c5429c29bb88ce63ba2) Importer(815301076,1909f56bfc062723c751e8b465ee728b)
Start importing Assets/Material/G Btn5.png using Guid(d6492ff3e1133c5429c29bb88ce63ba2) Importer(815301076,1909f56bfc062723c751e8b465ee728b)  -> (artifact id: '23703120fa7feb3af70763fa1facde83') in 0.033973 seconds 
========================================================================
Received Import Request.
  Time since last request: 0.000025 seconds.
  path: Assets/Material/RestartBtn.png
  artifactKey: Guid(fafb6565b28c838498c965efaba9b25a) Importer(815301076,1909f56bfc062723c751e8b465ee728b)
Start importing Assets/Material/RestartBtn.png using Guid(fafb6565b28c838498c965efaba9b25a) Importer(815301076,1909f56bfc062723c751e8b465ee728b)  -> (artifact id: '459edd39b289792cd9adb6625121be6b') in 0.257633 seconds 
========================================================================
Received Import Request.
  Time since last request: 0.000023 seconds.
  path: Assets/Material/G Btn3.png
  artifactKey: Guid(144bae5766d81754b91abcba012e4db1) Importer(815301076,1909f56bfc062723c751e8b465ee728b)
Start importing Assets/Material/G Btn3.png using Guid(144bae5766d81754b91abcba012e4db1) Importer(815301076,1909f56bfc062723c751e8b465ee728b)  -> (artifact id: '8f31096de11079a0c9205ce76c34c887') in 0.034787 seconds 
========================================================================
Received Import Request.
  Time since last request: 0.000030 seconds.
  path: Assets/Material/Chat.png
  artifactKey: Guid(1cb11536a0dfef74c95cb986cedead10) Importer(815301076,1909f56bfc062723c751e8b465ee728b)
Start importing Assets/Material/Chat.png using Guid(1cb11536a0dfef74c95cb986cedead10) Importer(815301076,1909f56bfc062723c751e8b465ee728b)  -> (artifact id: '091416a33282d0910f2db4b4df4e9ed5') in 0.136651 seconds 
========================================================================
Received Import Request.
  Time since last request: 0.000018 seconds.
  path: Assets/Material/G Btn1.png
  artifactKey: Guid(28d77071a7403a44aa18a3e3c749d12f) Importer(815301076,1909f56bfc062723c751e8b465ee728b)
Start importing Assets/Material/G Btn1.png using Guid(28d77071a7403a44aa18a3e3c749d12f) Importer(815301076,1909f56bfc062723c751e8b465ee728b)  -> (artifact id: 'e64d9e377988939db9354bdc3e92452f') in 0.037828 seconds 
========================================================================
Received Import Request.
  Time since last request: 1.012020 seconds.
  path: Assets/Material/Map
  artifactKey: Guid(19ad962f3aa39cb45bc0fdef52737503) Importer(815301076,1909f56bfc062723c751e8b465ee728b)
Start importing Assets/Material/Map using Guid(19ad962f3aa39cb45bc0fdef52737503) Importer(815301076,1909f56bfc062723c751e8b465ee728b)  -> (artifact id: '13662b92f629edd02b01eea8a75a7e16') in 0.007384 seconds 
========================================================================
Received Import Request.
  Time since last request: 0.068501 seconds.
  path: Assets/Material/Map/A Green Adventure.mp4
  artifactKey: Guid(f9b90c37f65034d4ab57b5a158855962) Importer(815301076,1909f56bfc062723c751e8b465ee728b)
Start importing Assets/Material/Map/A Green Adventure.mp4 using Guid(f9b90c37f65034d4ab57b5a158855962) Importer(815301076,1909f56bfc062723c751e8b465ee728b)  -> (artifact id: 'e9c614fe91f03deb86951181938a5b62') in 0.065726 seconds 
========================================================================
Received Import Request.
  Time since last request: 0.000023 seconds.
  path: Assets/Material/Map/버튼(2).png
  artifactKey: Guid(dad41aecf8b97b64bbc0a3c84176d286) Importer(815301076,1909f56bfc062723c751e8b465ee728b)
Start importing Assets/Material/Map/버튼(2).png using Guid(dad41aecf8b97b64bbc0a3c84176d286) Importer(815301076,1909f56bfc062723c751e8b465ee728b)  -> (artifact id: 'e8b627cf9b2184b9e81e3f9afa174fab') in 0.264485 seconds 
========================================================================
Received Import Request.
  Time since last request: 0.000021 seconds.
  path: Assets/Material/Map/말풍선-1.png
  artifactKey: Guid(92386118ef6a244458d29bef2f2f09d3) Importer(815301076,1909f56bfc062723c751e8b465ee728b)
Start importing Assets/Material/Map/말풍선-1.png using Guid(92386118ef6a244458d29bef2f2f09d3) Importer(815301076,1909f56bfc062723c751e8b465ee728b)  -> (artifact id: 'f1322bfc2822adb08507d2b23b2f851a') in 0.265188 seconds 
========================================================================
Received Import Request.
  Time since last request: 0.000025 seconds.
  path: Assets/Material/Map/버튼(4).png
  artifactKey: Guid(b44e0666d82166c47a6f8998762b92ea) Importer(815301076,1909f56bfc062723c751e8b465ee728b)
Start importing Assets/Material/Map/버튼(4).png using Guid(b44e0666d82166c47a6f8998762b92ea) Importer(815301076,1909f56bfc062723c751e8b465ee728b)  -> (artifact id: 'df1c8ff5669678af9aa764612c843b78') in 0.229241 seconds 
========================================================================
Received Import Request.
  Time since last request: 0.000022 seconds.
  path: Assets/Material/Map/start btn.png
  artifactKey: Guid(2861cf8a38291e54087ea6cde384c349) Importer(815301076,1909f56bfc062723c751e8b465ee728b)
Start importing Assets/Material/Map/start btn.png using Guid(2861cf8a38291e54087ea6cde384c349) Importer(815301076,1909f56bfc062723c751e8b465ee728b)  -> (artifact id: '63786d12d4e347eeb7bff3144cf547d5') in 0.093865 seconds 
========================================================================
Received Import Request.
  Time since last request: 0.000030 seconds.
  path: Assets/Material/Map/버튼(1).png
  artifactKey: Guid(f48603266ac65db48be46c8997facafd) Importer(815301076,1909f56bfc062723c751e8b465ee728b)
Start importing Assets/Material/Map/버튼(1).png using Guid(f48603266ac65db48be46c8997facafd) Importer(815301076,1909f56bfc062723c751e8b465ee728b)  -> (artifact id: 'f8b4dc7a98c75381ebbba2c80a9ef262') in 0.221623 seconds 
========================================================================
Received Import Request.
  Time since last request: 3.602540 seconds.
  path: Assets/Material/Map/Map3
  artifactKey: Guid(61921ad5e0d35be4f845fd8984ec9752) Importer(815301076,1909f56bfc062723c751e8b465ee728b)
Start importing Assets/Material/Map/Map3 using Guid(61921ad5e0d35be4f845fd8984ec9752) Importer(815301076,1909f56bfc062723c751e8b465ee728b)  -> (artifact id: 'e99956832d24413121629ebaea29e629') in 0.005870 seconds 
========================================================================
Received Import Request.
  Time since last request: 0.081185 seconds.
  path: Assets/Material/Map/Map3/주황이.png
  artifactKey: Guid(7d8b83440b79add479cba7c1b5757041) Importer(815301076,1909f56bfc062723c751e8b465ee728b)
Start importing Assets/Material/Map/Map3/주황이.png using Guid(7d8b83440b79add479cba7c1b5757041) Importer(815301076,1909f56bfc062723c751e8b465ee728b)  -> (artifact id: '467acbd8efa59be9fb41a6d5f8c2af88') in 0.038190 seconds 
========================================================================
Received Import Request.
  Time since last request: 0.000022 seconds.
  path: Assets/Material/Map/Map3/하수구맵-10.png
  artifactKey: Guid(5c2ac41ba7c7d7545ba39017af5a34dd) Importer(815301076,1909f56bfc062723c751e8b465ee728b)
Start importing Assets/Material/Map/Map3/하수구맵-10.png using Guid(5c2ac41ba7c7d7545ba39017af5a34dd) Importer(815301076,1909f56bfc062723c751e8b465ee728b)  -> (artifact id: 'ea3e971f830c57a0f72942db05109fac') in 0.192242 seconds 
========================================================================
Received Import Request.
  Time since last request: 0.000022 seconds.
  path: Assets/Material/Map/Map3/하수구맵-16.png
  artifactKey: Guid(19bd53a055e68d94ea31eee51ad8af8d) Importer(815301076,1909f56bfc062723c751e8b465ee728b)
Start importing Assets/Material/Map/Map3/하수구맵-16.png using Guid(19bd53a055e68d94ea31eee51ad8af8d) Importer(815301076,1909f56bfc062723c751e8b465ee728b)  -> (artifact id: '59ca5e8ca106180ec2ba24ee1ca21529') in 0.402381 seconds 
========================================================================
Received Import Request.
  Time since last request: 0.000029 seconds.
  path: Assets/Material/Map/Map3/하수구맵주황-10.png
  artifactKey: Guid(0d5130d7006dad842bba71abef996b79) Importer(815301076,1909f56bfc062723c751e8b465ee728b)
Start importing Assets/Material/Map/Map3/하수구맵주황-10.png using Guid(0d5130d7006dad842bba71abef996b79) Importer(815301076,1909f56bfc062723c751e8b465ee728b)  -> (artifact id: 'a8f6f7b69d4c9f50fb594b8a17c3262d') in 0.034484 seconds 
========================================================================
Received Import Request.
  Time since last request: 0.000021 seconds.
  path: Assets/Material/Map/Map3/하수구맵-12.png
  artifactKey: Guid(2082c76803eb8d14fa05422077f2f88d) Importer(815301076,1909f56bfc062723c751e8b465ee728b)
Start importing Assets/Material/Map/Map3/하수구맵-12.png using Guid(2082c76803eb8d14fa05422077f2f88d) Importer(815301076,1909f56bfc062723c751e8b465ee728b)  -> (artifact id: '462989919494c88d264635a1dfac25da') in 0.175582 seconds 
========================================================================
Received Import Request.
  Time since last request: 0.000024 seconds.
  path: Assets/Material/Map/Map3/하수구맵-7.png
  artifactKey: Guid(1d451a9ccc1b37f4c9197b5f4abd1c7f) Importer(815301076,1909f56bfc062723c751e8b465ee728b)
Start importing Assets/Material/Map/Map3/하수구맵-7.png using Guid(1d451a9ccc1b37f4c9197b5f4abd1c7f) Importer(815301076,1909f56bfc062723c751e8b465ee728b)  -> (artifact id: 'f8c91523c57e309e0741c5e27b322f08') in 0.028021 seconds 
========================================================================
Received Import Request.
  Time since last request: 0.000025 seconds.
  path: Assets/Material/Map/Map3/하수구맵-15.png
  artifactKey: Guid(2108917e5b46a784f85f181546904d5e) Importer(815301076,1909f56bfc062723c751e8b465ee728b)
Start importing Assets/Material/Map/Map3/하수구맵-15.png using Guid(2108917e5b46a784f85f181546904d5e) Importer(815301076,1909f56bfc062723c751e8b465ee728b)  -> (artifact id: '92f8a9b4062edf5fece8261be322cb7d') in 0.287945 seconds 
========================================================================
Received Import Request.
  Time since last request: 0.000028 seconds.
  path: Assets/Material/Map/Map3/하수구맵-6.png
  artifactKey: Guid(c3361de0795450942af547bbc0762db1) Importer(815301076,1909f56bfc062723c751e8b465ee728b)
Start importing Assets/Material/Map/Map3/하수구맵-6.png using Guid(c3361de0795450942af547bbc0762db1) Importer(815301076,1909f56bfc062723c751e8b465ee728b)  -> (artifact id: '569655171d1a257b2ead73502136b172') in 0.209898 seconds 
========================================================================
Received Import Request.
  Time since last request: 0.000027 seconds.
  path: Assets/Material/Map/Map3/하수구맵-2.png
  artifactKey: Guid(8097fd2292f965944bd66a5544ff2ed9) Importer(815301076,1909f56bfc062723c751e8b465ee728b)
Start importing Assets/Material/Map/Map3/하수구맵-2.png using Guid(8097fd2292f965944bd66a5544ff2ed9) Importer(815301076,1909f56bfc062723c751e8b465ee728b)  -> (artifact id: 'd20e0898188b55274c97e523280504c9') in 0.183307 seconds 
========================================================================
Received Import Request.
  Time since last request: 0.000017 seconds.
  path: Assets/Material/Map/Map3/하수구맵-8.png
  artifactKey: Guid(5505c7963aa3a5346b9d516ec399c7f0) Importer(815301076,1909f56bfc062723c751e8b465ee728b)
Start importing Assets/Material/Map/Map3/하수구맵-8.png using Guid(5505c7963aa3a5346b9d516ec399c7f0) Importer(815301076,1909f56bfc062723c751e8b465ee728b)  -> (artifact id: '19ef4a907b11d3882d081aa9724051d0') in 0.199785 seconds 
========================================================================
Received Import Request.
  Time since last request: 6.184981 seconds.
  path: Assets/Material/Map/Map4/NPC.png
  artifactKey: Guid(402bb3f6a5112164c9c84861e7b9e3d5) Importer(815301076,1909f56bfc062723c751e8b465ee728b)
Start importing Assets/Material/Map/Map4/NPC.png using Guid(402bb3f6a5112164c9c84861e7b9e3d5) Importer(815301076,1909f56bfc062723c751e8b465ee728b)  -> (artifact id: 'a151e1d59737b3452ec7413f8cb4d56c') in 0.034431 seconds 
========================================================================
Received Import Request.
  Time since last request: 0.000027 seconds.
  path: Assets/Material/Map/Map4/황폐-1.png
  artifactKey: Guid(ac743116707145c458606c2f86859f74) Importer(815301076,1909f56bfc062723c751e8b465ee728b)
Start importing Assets/Material/Map/Map4/황폐-1.png using Guid(ac743116707145c458606c2f86859f74) Importer(815301076,1909f56bfc062723c751e8b465ee728b)  -> (artifact id: '75a8eb0f4d46226f959662d8db3e697f') in 0.047089 seconds 
========================================================================
Received Import Request.
  Time since last request: 0.000018 seconds.
  path: Assets/Material/Map/Map4/도시맵-5.png
  artifactKey: Guid(4633c8797475f1544b9b7d9c43149c83) Importer(815301076,1909f56bfc062723c751e8b465ee728b)
Start importing Assets/Material/Map/Map4/도시맵-5.png using Guid(4633c8797475f1544b9b7d9c43149c83) Importer(815301076,1909f56bfc062723c751e8b465ee728b)  -> (artifact id: '1809093e1b06ab6a97ba65fb4860e734') in 0.187048 seconds 
========================================================================
Received Import Request.
  Time since last request: 0.000022 seconds.
  path: Assets/Material/Map/Map4/도시맵-1.png
  artifactKey: Guid(2b5b4acb31a51ad4ea931c86e24b3da2) Importer(815301076,1909f56bfc062723c751e8b465ee728b)
Start importing Assets/Material/Map/Map4/도시맵-1.png using Guid(2b5b4acb31a51ad4ea931c86e24b3da2) Importer(815301076,1909f56bfc062723c751e8b465ee728b)  -> (artifact id: 'a999c8a6ceb7315a32737185a6d3f29c') in 0.197816 seconds 
========================================================================
Received Import Request.
  Time since last request: 0.000025 seconds.
  path: Assets/Material/Map/Map4/황폐-3.png
  artifactKey: Guid(062ab717b1f76a14599b57e90fd0f112) Importer(815301076,1909f56bfc062723c751e8b465ee728b)
Start importing Assets/Material/Map/Map4/황폐-3.png using Guid(062ab717b1f76a14599b57e90fd0f112) Importer(815301076,1909f56bfc062723c751e8b465ee728b)  -> (artifact id: '4bc7e7c53b69a33063b46f395932e210') in 0.169626 seconds 
========================================================================
Received Import Request.
  Time since last request: 0.000020 seconds.
  path: Assets/Material/Map/Map5/분리수거맵-16.png
  artifactKey: Guid(478cc25ed2165714e9d7afde9b198acf) Importer(815301076,1909f56bfc062723c751e8b465ee728b)
Start importing Assets/Material/Map/Map5/분리수거맵-16.png using Guid(478cc25ed2165714e9d7afde9b198acf) Importer(815301076,1909f56bfc062723c751e8b465ee728b)  -> (artifact id: 'fd9f20492f1af5d8a9949247144b8c83') in 0.189029 seconds 
========================================================================
Received Import Request.
  Time since last request: 0.000020 seconds.
  path: Assets/Material/Map/Map5/분리수거맵-14.png
  artifactKey: Guid(607f9c5b7755b9c47a1a09523a66bf3e) Importer(815301076,1909f56bfc062723c751e8b465ee728b)
Start importing Assets/Material/Map/Map5/분리수거맵-14.png using Guid(607f9c5b7755b9c47a1a09523a66bf3e) Importer(815301076,1909f56bfc062723c751e8b465ee728b)  -> (artifact id: '2e937c046092a2c472dc39ac829d255c') in 0.199711 seconds 
========================================================================
Received Import Request.
  Time since last request: 0.000029 seconds.
  path: Assets/Material/Map/Map4/황폐-2.png
  artifactKey: Guid(e9e5d446b36f9de4d9479109881bcb4e) Importer(815301076,1909f56bfc062723c751e8b465ee728b)
Start importing Assets/Material/Map/Map4/황폐-2.png using Guid(e9e5d446b36f9de4d9479109881bcb4e) Importer(815301076,1909f56bfc062723c751e8b465ee728b)  -> (artifact id: '3523fd9152cd8457df49312656d8188e') in 0.198935 seconds 
========================================================================
Received Import Request.
  Time since last request: 0.000018 seconds.
  path: Assets/Material/Map/Map6/클럽맵-8.png
  artifactKey: Guid(d6009a59b30f8444fb3edbe48ef117ce) Importer(815301076,1909f56bfc062723c751e8b465ee728b)
Start importing Assets/Material/Map/Map6/클럽맵-8.png using Guid(d6009a59b30f8444fb3edbe48ef117ce) Importer(815301076,1909f56bfc062723c751e8b465ee728b)  -> (artifact id: '319b85dff9eba254327ec89818b51a2f') in 0.239228 seconds 
========================================================================
Received Import Request.
  Time since last request: 0.000023 seconds.
  path: Assets/Material/Map/Map6/클럽맵-2.png
  artifactKey: Guid(2cd3f5daf1ad5b34696578d788f9cb91) Importer(815301076,1909f56bfc062723c751e8b465ee728b)
Start importing Assets/Material/Map/Map6/클럽맵-2.png using Guid(2cd3f5daf1ad5b34696578d788f9cb91) Importer(815301076,1909f56bfc062723c751e8b465ee728b)  -> (artifact id: '0a48c6535f77acffaed9387a6a3198fd') in 0.196910 seconds 
========================================================================
Received Import Request.
  Time since last request: 0.000030 seconds.
  path: Assets/Material/Map/Map5/분리수거맵-10.png
  artifactKey: Guid(3a0fc39641d9de9469a771281aae83bd) Importer(815301076,1909f56bfc062723c751e8b465ee728b)
Start importing Assets/Material/Map/Map5/분리수거맵-10.png using Guid(3a0fc39641d9de9469a771281aae83bd) Importer(815301076,1909f56bfc062723c751e8b465ee728b)  -> (artifact id: 'fa13d04183b2a2fee063a510de7008f0') in 0.032221 seconds 
========================================================================
Received Import Request.
  Time since last request: 0.000021 seconds.
  path: Assets/Material/Map/Map5/분리수거맵-1(2).png
  artifactKey: Guid(08f10d6e84b2ee74bb25364e9a862345) Importer(815301076,1909f56bfc062723c751e8b465ee728b)
Start importing Assets/Material/Map/Map5/분리수거맵-1(2).png using Guid(08f10d6e84b2ee74bb25364e9a862345) Importer(815301076,1909f56bfc062723c751e8b465ee728b)  -> (artifact id: '2d117e2300742701fe6d071530118f0a') in 0.181616 seconds 
========================================================================
Received Import Request.
  Time since last request: 0.000029 seconds.
  path: Assets/Material/Map/Map5/분리수거맵-15.png
  artifactKey: Guid(8e618e08d82275e4e949654793a95a18) Importer(815301076,1909f56bfc062723c751e8b465ee728b)
Start importing Assets/Material/Map/Map5/분리수거맵-15.png using Guid(8e618e08d82275e4e949654793a95a18) Importer(815301076,1909f56bfc062723c751e8b465ee728b)  -> (artifact id: '9470a38f722e3dd2a876ceddaa57e045') in 0.171699 seconds 
========================================================================
Received Import Request.
  Time since last request: 0.000027 seconds.
  path: Assets/Material/Map/Map4/도시맵-6.png
  artifactKey: Guid(89b924709d606b946a2eb64cd5b2b613) Importer(815301076,1909f56bfc062723c751e8b465ee728b)
Start importing Assets/Material/Map/Map4/도시맵-6.png using Guid(89b924709d606b946a2eb64cd5b2b613) Importer(815301076,1909f56bfc062723c751e8b465ee728b)  -> (artifact id: 'fecba3e4b3a1143893af18ab5a84988b') in 0.195519 seconds 
========================================================================
Received Import Request.
  Time since last request: 0.000019 seconds.
  path: Assets/Material/Player/Player1.prefab
  artifactKey: Guid(19cc42ad8ff345a458a417fbbce036f8) Importer(815301076,1909f56bfc062723c751e8b465ee728b)
Start importing Assets/Material/Player/Player1.prefab using Guid(19cc42ad8ff345a458a417fbbce036f8) Importer(815301076,1909f56bfc062723c751e8b465ee728b)  -> (artifact id: '3b0fb3e2cc0f8054b16dd9513e75e0e0') in 0.096473 seconds 
========================================================================
Received Import Request.
  Time since last request: 0.000028 seconds.
  path: Assets/Material/Map/Map5/분리수거맵-12.png
  artifactKey: Guid(ea260195c1a6ccf44ab8c27d3011462b) Importer(815301076,1909f56bfc062723c751e8b465ee728b)
Start importing Assets/Material/Map/Map5/분리수거맵-12.png using Guid(ea260195c1a6ccf44ab8c27d3011462b) Importer(815301076,1909f56bfc062723c751e8b465ee728b)  -> (artifact id: 'b4116630fe8f89b29577b8c3b79c71da') in 0.178999 seconds 
========================================================================
Received Import Request.
  Time since last request: 0.000020 seconds.
  path: Assets/Material/Map/Map5/분리수거맵-5.png
  artifactKey: Guid(10c281b0d301b8b41b8705dd95f578b4) Importer(815301076,1909f56bfc062723c751e8b465ee728b)
Start importing Assets/Material/Map/Map5/분리수거맵-5.png using Guid(10c281b0d301b8b41b8705dd95f578b4) Importer(815301076,1909f56bfc062723c751e8b465ee728b)  -> (artifact id: 'c4e767fd4426c7aba39f8cc99637fe04') in 0.173319 seconds 
========================================================================
Received Import Request.
  Time since last request: 0.000027 seconds.
  path: Assets/Material/Map/Map5/분리수거맵-2.png
  artifactKey: Guid(9209fff1fc00a7c4fa0f16c731c8074a) Importer(815301076,1909f56bfc062723c751e8b465ee728b)
Start importing Assets/Material/Map/Map5/분리수거맵-2.png using Guid(9209fff1fc00a7c4fa0f16c731c8074a) Importer(815301076,1909f56bfc062723c751e8b465ee728b)  -> (artifact id: '61f4c9431bb341b6489740ca9484a369') in 0.251899 seconds 
========================================================================
Received Import Request.
  Time since last request: 0.000050 seconds.
  path: Assets/Material/Map/Map5/Wall.png
  artifactKey: Guid(5993243f79b9ea04f935fbb89e4d3c1b) Importer(815301076,1909f56bfc062723c751e8b465ee728b)
Start importing Assets/Material/Map/Map5/Wall.png using Guid(5993243f79b9ea04f935fbb89e4d3c1b) Importer(815301076,1909f56bfc062723c751e8b465ee728b)  -> (artifact id: '6e3cb1e327ec8c4f1bed29449023dcb7') in 0.033822 seconds 
========================================================================
Received Import Request.
  Time since last request: 0.000019 seconds.
  path: Assets/Material/Map/Map5/분리수거맵-11.png
  artifactKey: Guid(eba972f1d31f1854b95b53fe7c983481) Importer(815301076,1909f56bfc062723c751e8b465ee728b)
Start importing Assets/Material/Map/Map5/분리수거맵-11.png using Guid(eba972f1d31f1854b95b53fe7c983481) Importer(815301076,1909f56bfc062723c751e8b465ee728b)  -> (artifact id: 'a56781d23496cee1621a2fe804ccfb27') in 0.029311 seconds 
========================================================================
Received Import Request.
  Time since last request: 0.000018 seconds.
  path: Assets/Material/Map/Map4/황폐-7.png
  artifactKey: Guid(07f76b5e234d8d94b8f88d075feba335) Importer(815301076,1909f56bfc062723c751e8b465ee728b)
Start importing Assets/Material/Map/Map4/황폐-7.png using Guid(07f76b5e234d8d94b8f88d075feba335) Importer(815301076,1909f56bfc062723c751e8b465ee728b)  -> (artifact id: '49c88d29c19feb5b305e491df0f2b0bb') in 0.165513 seconds 
========================================================================
Received Import Request.
  Time since last request: 0.000020 seconds.
  path: Assets/Material/Map/Map5/분리수거맵-3.png
  artifactKey: Guid(6a4f0a24d3e3e8d4ab3364e97ccd48dd) Importer(815301076,1909f56bfc062723c751e8b465ee728b)
Start importing Assets/Material/Map/Map5/분리수거맵-3.png using Guid(6a4f0a24d3e3e8d4ab3364e97ccd48dd) Importer(815301076,1909f56bfc062723c751e8b465ee728b)  -> (artifact id: '3bd5aa6a126b6b4abc3c80e9281f9524') in 0.242998 seconds 
========================================================================
Received Import Request.
  Time since last request: 0.000045 seconds.
  path: Assets/Material/Player/Player2.png
  artifactKey: Guid(82e119382d82d9240a6f9fd0d4f2e5f6) Importer(815301076,1909f56bfc062723c751e8b465ee728b)
Start importing Assets/Material/Player/Player2.png using Guid(82e119382d82d9240a6f9fd0d4f2e5f6) Importer(815301076,1909f56bfc062723c751e8b465ee728b)  -> (artifact id: '43a2f557d3ab2b11cf2e054df760fd1e') in 0.121289 seconds 
========================================================================
Received Import Request.
  Time since last request: 0.000017 seconds.
  path: Assets/Material/Map/Map5/WAll2.png
  artifactKey: Guid(fd66f5cc9448ec34eabbd8ceb0bee7dd) Importer(815301076,1909f56bfc062723c751e8b465ee728b)
Start importing Assets/Material/Map/Map5/WAll2.png using Guid(fd66f5cc9448ec34eabbd8ceb0bee7dd) Importer(815301076,1909f56bfc062723c751e8b465ee728b)  -> (artifact id: '42164031822436ff79caed1a59c1b538') in 0.026597 seconds 
========================================================================
Received Import Request.
  Time since last request: 0.000020 seconds.
  path: Assets/Material/Map/Map4/도시맵-2.png
  artifactKey: Guid(a97a5f80fcc72464591224b9551cc990) Importer(815301076,1909f56bfc062723c751e8b465ee728b)
Start importing Assets/Material/Map/Map4/도시맵-2.png using Guid(a97a5f80fcc72464591224b9551cc990) Importer(815301076,1909f56bfc062723c751e8b465ee728b)  -> (artifact id: '80b118cce08ad270a29fc978070c1ea7') in 0.223915 seconds 
========================================================================
Received Import Request.
  Time since last request: 0.000020 seconds.
  path: Assets/Material/Map/Map5/분리수거맵-8.png
  artifactKey: Guid(1aec35d2e1eb405479d64c00195300db) Importer(815301076,1909f56bfc062723c751e8b465ee728b)
Start importing Assets/Material/Map/Map5/분리수거맵-8.png using Guid(1aec35d2e1eb405479d64c00195300db) Importer(815301076,1909f56bfc062723c751e8b465ee728b)  -> (artifact id: 'f4fefc21f728cafdca3776261b4fa2e4') in 0.036545 seconds 
========================================================================
Received Import Request.
  Time since last request: 0.000034 seconds.
  path: Assets/Material/Map/Map5/분리수거맵-1.png
  artifactKey: Guid(830e2c912620fbd4d962f453f1ac7f58) Importer(815301076,1909f56bfc062723c751e8b465ee728b)
Start importing Assets/Material/Map/Map5/분리수거맵-1.png using Guid(830e2c912620fbd4d962f453f1ac7f58) Importer(815301076,1909f56bfc062723c751e8b465ee728b)  -> (artifact id: 'c9875437d6f521c8340c5efd88883b52') in 0.194073 seconds 
========================================================================
Received Import Request.
  Time since last request: 0.000029 seconds.
  path: Assets/Material/Map/Map6/클럽맵-3.png
  artifactKey: Guid(65e1b81e9dbe23540ba7ef68cec33da3) Importer(815301076,1909f56bfc062723c751e8b465ee728b)
Start importing Assets/Material/Map/Map6/클럽맵-3.png using Guid(65e1b81e9dbe23540ba7ef68cec33da3) Importer(815301076,1909f56bfc062723c751e8b465ee728b)  -> (artifact id: '83cdc5968edc32b58a524c650e27eb23') in 0.259848 seconds 
========================================================================
Received Import Request.
  Time since last request: 6.620664 seconds.
  path: Assets/Sound/새 폴더
  artifactKey: Guid(24f6dfb278c7afd47ab9343603ca5d30) Importer(815301076,1909f56bfc062723c751e8b465ee728b)
Start importing Assets/Sound/새 폴더 using Guid(24f6dfb278c7afd47ab9343603ca5d30) Importer(815301076,1909f56bfc062723c751e8b465ee728b)  -> (artifact id: '1570132c09836e71d7dcf09c189374fb') in 0.008698 seconds 
========================================================================
Received Import Request.
  Time since last request: 27.000888 seconds.
  path: Assets/Animation/Player1_Die.anim
  artifactKey: Guid(bc3669680f613dd49861527a41431b72) Importer(815301076,1909f56bfc062723c751e8b465ee728b)
Start importing Assets/Animation/Player1_Die.anim using Guid(bc3669680f613dd49861527a41431b72) Importer(815301076,1909f56bfc062723c751e8b465ee728b)  -> (artifact id: '217b0983b5db10302fac21bfbac48a73') in 0.010330 seconds 
========================================================================
Received Import Request.
  Time since last request: 9.623177 seconds.
  path: Assets/Material/Btn Img/Chat Btn.png
  artifactKey: Guid(77b8f03472a717340a620bd3e6f65376) Importer(815301076,1909f56bfc062723c751e8b465ee728b)
Start importing Assets/Material/Btn Img/Chat Btn.png using Guid(77b8f03472a717340a620bd3e6f65376) Importer(815301076,1909f56bfc062723c751e8b465ee728b)  -> (artifact id: 'c797984c862254cda24be1d7fa52cebe') in 0.034719 seconds 
========================================================================
Received Import Request.
  Time since last request: 0.000019 seconds.
  path: Assets/Material/Btn Img/Restart Yes Btn.png
  artifactKey: Guid(65b23934f18ef86429d8f454aac43e97) Importer(815301076,1909f56bfc062723c751e8b465ee728b)
Start importing Assets/Material/Btn Img/Restart Yes Btn.png using Guid(65b23934f18ef86429d8f454aac43e97) Importer(815301076,1909f56bfc062723c751e8b465ee728b)  -> (artifact id: '3539b238fc5b7a212090b0917f2b135f') in 0.035891 seconds 
========================================================================
Received Import Request.
  Time since last request: 0.000025 seconds.
  path: Assets/Material/Btn Img/Gamestart Yes Btn.png
  artifactKey: Guid(e1a4da5c9af068241885a61706e0e862) Importer(815301076,1909f56bfc062723c751e8b465ee728b)
Start importing Assets/Material/Btn Img/Gamestart Yes Btn.png using Guid(e1a4da5c9af068241885a61706e0e862) Importer(815301076,1909f56bfc062723c751e8b465ee728b)  -> (artifact id: '52231713b68e8aecbd56551602a9862c') in 0.028443 seconds 
========================================================================
Received Import Request.
  Time since last request: 0.000020 seconds.
  path: Assets/Material/Btn Img/Restart No Btn.png
  artifactKey: Guid(7079d7eef26e6de4c963cae6fe666fbe) Importer(815301076,1909f56bfc062723c751e8b465ee728b)
Start importing Assets/Material/Btn Img/Restart No Btn.png using Guid(7079d7eef26e6de4c963cae6fe666fbe) Importer(815301076,1909f56bfc062723c751e8b465ee728b)  -> (artifact id: 'd06d3644b9af2d179c5ca67858776365') in 0.025392 seconds 
========================================================================
Received Import Request.
  Time since last request: 0.000018 seconds.
  path: Assets/Material/Btn Img/Interact Btn.png
  artifactKey: Guid(cb132523499d5e14ea07757777f35ca7) Importer(815301076,1909f56bfc062723c751e8b465ee728b)
Start importing Assets/Material/Btn Img/Interact Btn.png using Guid(cb132523499d5e14ea07757777f35ca7) Importer(815301076,1909f56bfc062723c751e8b465ee728b)  -> (artifact id: '75d648f4b7215b2b7c8a33281398a435') in 0.026650 seconds 
========================================================================
Received Import Request.
  Time since last request: 0.000021 seconds.
  path: Assets/Material/Btn Img/Main Start Btn.png
  artifactKey: Guid(8d3dacd4b40d0c04fbe1e231396caf0f) Importer(815301076,1909f56bfc062723c751e8b465ee728b)
Start importing Assets/Material/Btn Img/Main Start Btn.png using Guid(8d3dacd4b40d0c04fbe1e231396caf0f) Importer(815301076,1909f56bfc062723c751e8b465ee728b)  -> (artifact id: 'd53134d4552493331427dabd191ea868') in 0.039971 seconds 
========================================================================
Received Import Request.
  Time since last request: 0.000030 seconds.
  path: Assets/Material/Btn Img/Main Exit Btn.png
  artifactKey: Guid(99e6863c1dba2214ebf4f31af0134e9e) Importer(815301076,1909f56bfc062723c751e8b465ee728b)
Start importing Assets/Material/Btn Img/Main Exit Btn.png using Guid(99e6863c1dba2214ebf4f31af0134e9e) Importer(815301076,1909f56bfc062723c751e8b465ee728b)  -> (artifact id: '81b808af3808ac0169dc9ded001e5f00') in 0.033051 seconds 
========================================================================
Received Import Request.
  Time since last request: 0.000035 seconds.
  path: Assets/Material/Btn Img/Gamestart txt.png
  artifactKey: Guid(eafcd6ac0fc6a314ea5219f191d6541a) Importer(815301076,1909f56bfc062723c751e8b465ee728b)
Start importing Assets/Material/Btn Img/Gamestart txt.png using Guid(eafcd6ac0fc6a314ea5219f191d6541a) Importer(815301076,1909f56bfc062723c751e8b465ee728b)  -> (artifact id: 'e330f9c04958586cbedd0a1e55c67ffd') in 0.045362 seconds 
========================================================================
Received Import Request.
  Time since last request: 1.648139 seconds.
  path: Assets/Font/UhBee Bold.asset
  artifactKey: Guid(1865a718b6dab1840b6a07a5a2d4c073) Importer(815301076,1909f56bfc062723c751e8b465ee728b)
Start importing Assets/Font/UhBee Bold.asset using Guid(1865a718b6dab1840b6a07a5a2d4c073) Importer(815301076,1909f56bfc062723c751e8b465ee728b)  -> (artifact id: '334981260c90657e75c11d124a11c1a4') in 0.327697 seconds 
========================================================================
Received Import Request.
  Time since last request: 2.529474 seconds.
  path: Assets/Animation
  artifactKey: Guid(2bf87803cfef0a44babe929fb486edd7) Importer(815301076,1909f56bfc062723c751e8b465ee728b)
Start importing Assets/Animation using Guid(2bf87803cfef0a44babe929fb486edd7) Importer(815301076,1909f56bfc062723c751e8b465ee728b)  -> (artifact id: '6803bf6eb87faf6c63d04d1987849231') in 0.006624 seconds 
========================================================================
Received Import Request.
  Time since last request: 7.117836 seconds.
  path: Assets/Material/Player
  artifactKey: Guid(b2c46a1f17f228d4f859031f3599121f) Importer(815301076,1909f56bfc062723c751e8b465ee728b)
Start importing Assets/Material/Player using Guid(b2c46a1f17f228d4f859031f3599121f) Importer(815301076,1909f56bfc062723c751e8b465ee728b)  -> (artifact id: '6dee4b5292ea1d3947020f02a2c01aba') in 0.008026 seconds 
========================================================================
Received Import Request.
  Time since last request: 35.276223 seconds.
  path: Assets/Material/Player/idle.anim
  artifactKey: Guid(24a8c9eabd4601d46bd7f7b1a5c597e6) Importer(815301076,1909f56bfc062723c751e8b465ee728b)
Start importing Assets/Material/Player/idle.anim using Guid(24a8c9eabd4601d46bd7f7b1a5c597e6) Importer(815301076,1909f56bfc062723c751e8b465ee728b)  -> (artifact id: 'fdd7e112f28a96b97f451b7e949d7361') in 0.008977 seconds 
========================================================================
Received Import Request.
  Time since last request: 0.700046 seconds.
  path: Assets/Material/Player/Player1.controller
  artifactKey: Guid(3eff0cc22d7c779449669aea49fc61f4) Importer(815301076,1909f56bfc062723c751e8b465ee728b)
Start importing Assets/Material/Player/Player1.controller using Guid(3eff0cc22d7c779449669aea49fc61f4) Importer(815301076,1909f56bfc062723c751e8b465ee728b)  -> (artifact id: 'be46d9769782acdd7b0fea80c18e53da') in 0.006444 seconds 
