Using pre-set license
Built from '2021.3/staging' branch; Version is '2021.3.15f1 (e8e88683f834) revision 15263878'; Using compiler version '192829333'; Build Type 'Release'
OS: 'Windows 11  (10.0.22621) 64bit Core' Language: 'ko' Physical Memory: 8002 MB
BatchMode: 1, IsHumanControllingUs: 0, StartBugReporterOnCrash: 0, Is64bit: 1, IsPro: 1

COMMAND LINE ARGUMENTS:
C:\Program Files\Unity\Hub\Editor\2021.3.15f1\Editor\Unity.exe
-adb2
-batchMode
-noUpm
-name
AssetImportWorker8
-projectPath
C:/Users/dbals/GitHub/Kp-23-1/My project/My project
-logFile
Logs/AssetImportWorker8.log
-srvPort
57026
Successfully changed project path to: C:/Users/dbals/GitHub/Kp-23-1/My project/My project
C:/Users/dbals/GitHub/Kp-23-1/My project/My project
[UnityMemory] Configuration Parameters - Can be set up in boot.config
    "memorysetup-bucket-allocator-granularity=16"
    "memorysetup-bucket-allocator-bucket-count=8"
    "memorysetup-bucket-allocator-block-size=33554432"
    "memorysetup-bucket-allocator-block-count=8"
    "memorysetup-main-allocator-block-size=16777216"
    "memorysetup-thread-allocator-block-size=16777216"
    "memorysetup-gfx-main-allocator-block-size=16777216"
    "memorysetup-gfx-thread-allocator-block-size=16777216"
    "memorysetup-cache-allocator-block-size=4194304"
    "memorysetup-typetree-allocator-block-size=2097152"
    "memorysetup-profiler-bucket-allocator-granularity=16"
    "memorysetup-profiler-bucket-allocator-bucket-count=8"
    "memorysetup-profiler-bucket-allocator-block-size=33554432"
    "memorysetup-profiler-bucket-allocator-block-count=8"
    "memorysetup-profiler-allocator-block-size=16777216"
    "memorysetup-profiler-editor-allocator-block-size=1048576"
    "memorysetup-temp-allocator-size-main=16777216"
    "memorysetup-job-temp-allocator-block-size=2097152"
    "memorysetup-job-temp-allocator-block-size-background=1048576"
    "memorysetup-job-temp-allocator-reduction-small-platforms=262144"
    "memorysetup-temp-allocator-size-background-worker=32768"
    "memorysetup-temp-allocator-size-job-worker=262144"
    "memorysetup-temp-allocator-size-preload-manager=33554432"
    "memorysetup-temp-allocator-size-nav-mesh-worker=65536"
    "memorysetup-temp-allocator-size-audio-worker=65536"
    "memorysetup-temp-allocator-size-cloud-worker=32768"
    "memorysetup-temp-allocator-size-gi-baking-worker=262144"
    "memorysetup-temp-allocator-size-gfx=262144"
Player connection [14332] Host "[IP] 192.168.0.11 [Port] 0 [Flags] 2 [Guid] 1331436601 [EditorId] 1331436601 [Version] 1048832 [Id] WindowsEditor(7,LAPTOP-4MM4IDUQ) [Debug] 1 [PackageName] WindowsEditor [ProjectName] Editor" joined multi-casting on [225.0.0.222:54997]...

Player connection [14332] Host "[IP] 192.168.0.11 [Port] 0 [Flags] 2 [Guid] 1331436601 [EditorId] 1331436601 [Version] 1048832 [Id] WindowsEditor(7,LAPTOP-4MM4IDUQ) [Debug] 1 [PackageName] WindowsEditor [ProjectName] Editor" joined alternative multi-casting on [225.0.0.222:34997]...

Refreshing native plugins compatible for Editor in 526.29 ms, found 4 plugins.
Preloading 0 native plugins for Editor in 0.00 ms.
Initialize engine version: 2021.3.15f1 (e8e88683f834)
[Subsystems] Discovering subsystems at path C:/Program Files/Unity/Hub/Editor/2021.3.15f1/Editor/Data/Resources/UnitySubsystems
[Subsystems] Discovering subsystems at path C:/Users/dbals/GitHub/Kp-23-1/My project/My project/Assets
GfxDevice: creating device client; threaded=0; jobified=0
Direct3D:
    Version:  Direct3D 11.0 [level 11.1]
    Renderer: Intel(R) UHD Graphics (ID=0x9b41)
    Vendor:   Intel
    VRAM:     4001 MB
    Driver:   26.20.100.7870
Initialize mono
Mono path[0] = 'C:/Program Files/Unity/Hub/Editor/2021.3.15f1/Editor/Data/Managed'
Mono path[1] = 'C:/Program Files/Unity/Hub/Editor/2021.3.15f1/Editor/Data/MonoBleedingEdge/lib/mono/unityjit-win32'
Mono config path = 'C:/Program Files/Unity/Hub/Editor/2021.3.15f1/Editor/Data/MonoBleedingEdge/etc'
Using monoOptions --debugger-agent=transport=dt_socket,embedding=1,server=y,suspend=n,address=127.0.0.1:56056
Begin MonoManager ReloadAssembly
Registering precompiled unity dll's ...
Register platform support module: C:/Program Files/Unity/Hub/Editor/2021.3.15f1/Editor/Data/PlaybackEngines/WindowsStandaloneSupport/UnityEditor.WindowsStandalone.Extensions.dll
Registered in 0.026015 seconds.
Native extension for WindowsStandalone target not found
Refreshing native plugins compatible for Editor in 481.83 ms, found 4 plugins.
Preloading 0 native plugins for Editor in 0.00 ms.
Mono: successfully reloaded assembly
- Completed reload, in  3.208 seconds
Domain Reload Profiling:
	ReloadAssembly (3224ms)
		BeginReloadAssembly (282ms)
			ExecutionOrderSort (0ms)
			DisableScriptedObjects (0ms)
			BackupInstance (0ms)
			ReleaseScriptingObjects (0ms)
			CreateAndSetChildDomain (2ms)
		EndReloadAssembly (2457ms)
			LoadAssemblies (274ms)
			RebuildTransferFunctionScriptingTraits (0ms)
			SetupTypeCache (564ms)
			ReleaseScriptCaches (0ms)
			RebuildScriptCaches (140ms)
			SetupLoadedEditorAssemblies (1467ms)
				LogAssemblyErrors (0ms)
				InitializePlatformSupportModulesInManaged (28ms)
				SetLoadedEditorAssemblies (1ms)
				RefreshPlugins (482ms)
				BeforeProcessingInitializeOnLoad (3ms)
				ProcessInitializeOnLoadAttributes (474ms)
				ProcessInitializeOnLoadMethodAttributes (479ms)
				AfterProcessingInitializeOnLoad (0ms)
				EditorAssembliesLoaded (0ms)
			ExecutionOrderSort2 (0ms)
			AwakeInstancesAfterBackupRestoration (0ms)
Platform modules already initialized, skipping
Registering precompiled user dll's ...
Registered in 0.505577 seconds.
Begin MonoManager ReloadAssembly
Symbol file LoadedFromMemory doesn't match image C:\Users\dbals\GitHub\Kp-23-1\My project\My project\Library\PackageCache\com.unity.visualscripting@1.7.8\Editor\VisualScripting.Core\Dependencies\YamlDotNet\Unity.VisualScripting.YamlDotNet.dll
Symbol file LoadedFromMemory doesn't match image C:\Users\dbals\GitHub\Kp-23-1\My project\My project\Library\PackageCache\com.unity.visualscripting@1.7.8\Editor\VisualScripting.Core\Dependencies\DotNetZip\Unity.VisualScripting.IonicZip.dll
Native extension for WindowsStandalone target not found
Refreshing native plugins compatible for Editor in 339.27 ms, found 4 plugins.
Preloading 0 native plugins for Editor in 0.00 ms.
Mono: successfully reloaded assembly
- Completed reload, in  5.477 seconds
Domain Reload Profiling:
	ReloadAssembly (5482ms)
		BeginReloadAssembly (364ms)
			ExecutionOrderSort (0ms)
			DisableScriptedObjects (20ms)
			BackupInstance (0ms)
			ReleaseScriptingObjects (0ms)
			CreateAndSetChildDomain (55ms)
		EndReloadAssembly (4603ms)
			LoadAssemblies (538ms)
			RebuildTransferFunctionScriptingTraits (0ms)
			SetupTypeCache (1009ms)
			ReleaseScriptCaches (2ms)
			RebuildScriptCaches (220ms)
			SetupLoadedEditorAssemblies (2510ms)
				LogAssemblyErrors (0ms)
				InitializePlatformSupportModulesInManaged (14ms)
				SetLoadedEditorAssemblies (1ms)
				RefreshPlugins (339ms)
				BeforeProcessingInitializeOnLoad (344ms)
				ProcessInitializeOnLoadAttributes (1324ms)
				ProcessInitializeOnLoadMethodAttributes (446ms)
				AfterProcessingInitializeOnLoad (41ms)
				EditorAssembliesLoaded (0ms)
			ExecutionOrderSort2 (0ms)
			AwakeInstancesAfterBackupRestoration (76ms)
Platform modules already initialized, skipping
========================================================================
Worker process is ready to serve import requests
Launched and connected shader compiler UnityShaderCompiler.exe after 0.21 seconds
Refreshing native plugins compatible for Editor in 1.77 ms, found 4 plugins.
Preloading 0 native plugins for Editor in 0.00 ms.
Unloading 4091 Unused Serialized files (Serialized files now loaded: 0)
Unloading 38 unused Assets / (56.5 KB). Loaded Objects now: 4549.
Memory consumption went from 154.3 MB to 154.2 MB.
Total: 8.958100 ms (FindLiveObjects: 0.741500 ms CreateObjectMapping: 0.543300 ms MarkObjects: 7.453900 ms  DeleteObjects: 0.217000 ms)

AssetImportParameters requested are different than current active one (requested -> active):
  custom:video-decoder-ogg-theora: a1e56fd34408186e4bbccfd4996cb3dc -> 
  custom:container-muxer-webm: aa71ff27fc2769a1b78a27578f13a17b -> 
  custom:container-demuxer-webm: 4f35f7cbe854078d1ac9338744f61a02 -> 
  custom:video-encoder-webm-vp8: eb34c28f22e8b96e1ab97ce403110664 -> 
  custom:video-codec-MediaFoundation-h265: 746d11721c4dcdbdad8f713fa42b33f4 -> 
  custom:audio-encoder-webm-vorbis: bf7c407c2cedff20999df2af8eb42d56 -> 
  custom:framework-win-MediaFoundation: 216162199b28c13a410421893ffa2e32 -> 
  custom:container-demuxer-ogg: 62fdf1f143b41e24485cea50d1cbac27 -> 
  custom:video-decoder-webm-vp8: 9c59270c3fd7afecdb556c50c9e8de78 -> 
  custom:audio-decoder-ogg-vorbis: bf7c407c2cedff20999df2af8eb42d56 -> 
========================================================================
Received Import Request.
  Time since last request: 566732.665143 seconds.
  path: Assets/Sound/sound/cricket.mp3
  artifactKey: Guid(ef5e8cd5780a1456cb9f6ab2423c05c3) Importer(815301076,1909f56bfc062723c751e8b465ee728b)
Start importing Assets/Sound/sound/cricket.mp3 using Guid(ef5e8cd5780a1456cb9f6ab2423c05c3) Importer(815301076,1909f56bfc062723c751e8b465ee728b)  -> (artifact id: '4c941c14d26b5bc12f3ab573daddbd39') in 1.207066 seconds 
========================================================================
Received Import Request.
  Time since last request: 0.000042 seconds.
  path: Assets/Sound/새 폴더/city house.mp3
  artifactKey: Guid(261c922531f7f440a93de9dafefb8f24) Importer(815301076,1909f56bfc062723c751e8b465ee728b)
Start importing Assets/Sound/새 폴더/city house.mp3 using Guid(261c922531f7f440a93de9dafefb8f24) Importer(815301076,1909f56bfc062723c751e8b465ee728b)  -> (artifact id: '5da93f537f1881ab64a25a58f3625a5a') in 0.175758 seconds 
========================================================================
Received Import Request.
  Time since last request: 0.000068 seconds.
  path: Assets/Sound/새 폴더/뭔가얻는소리 (2).mp3
  artifactKey: Guid(14a4f08e0b83048b880f921c00fc0bac) Importer(815301076,1909f56bfc062723c751e8b465ee728b)
Start importing Assets/Sound/새 폴더/뭔가얻는소리 (2).mp3 using Guid(14a4f08e0b83048b880f921c00fc0bac) Importer(815301076,1909f56bfc062723c751e8b465ee728b)  -> (artifact id: '83a41b0679e2e5d648bf470a08e346c8') in 0.169189 seconds 
========================================================================
Received Import Request.
  Time since last request: 0.000046 seconds.
  path: Assets/Sound/sound/주민 말하는 소리.mp3
  artifactKey: Guid(aed9b2e2e78d647f49f5ea2369b4fa04) Importer(815301076,1909f56bfc062723c751e8b465ee728b)
Start importing Assets/Sound/sound/주민 말하는 소리.mp3 using Guid(aed9b2e2e78d647f49f5ea2369b4fa04) Importer(815301076,1909f56bfc062723c751e8b465ee728b)  -> (artifact id: '13513e841087c077fdf71ca916219af0') in 0.172440 seconds 
========================================================================
Received Import Request.
  Time since last request: 0.000530 seconds.
  path: Assets/Sound/새 폴더/주민맵.mp3
  artifactKey: Guid(2180aff9f884c484e82529eeede73c21) Importer(815301076,1909f56bfc062723c751e8b465ee728b)
Start importing Assets/Sound/새 폴더/주민맵.mp3 using Guid(2180aff9f884c484e82529eeede73c21) Importer(815301076,1909f56bfc062723c751e8b465ee728b)  -> (artifact id: 'efe181f46ecea9c365afa4e628144de6') in 0.182703 seconds 
========================================================================
Received Import Request.
  Time since last request: 0.000176 seconds.
  path: Assets/Sound/새 폴더/어디든.mp3
  artifactKey: Guid(cca88984b5637421a87cb5741f1bef7a) Importer(815301076,1909f56bfc062723c751e8b465ee728b)
Start importing Assets/Sound/새 폴더/어디든.mp3 using Guid(cca88984b5637421a87cb5741f1bef7a) Importer(815301076,1909f56bfc062723c751e8b465ee728b)  -> (artifact id: '8406e52b6cb76b4cebc3526640a0bf2b') in 0.147305 seconds 
========================================================================
Received Import Request.
  Time since last request: 0.000269 seconds.
  path: Assets/Sound/sound/길가식물소리.mp3
  artifactKey: Guid(3e8e346ae023b4b13bf3b19ecc931f98) Importer(815301076,1909f56bfc062723c751e8b465ee728b)
Start importing Assets/Sound/sound/길가식물소리.mp3 using Guid(3e8e346ae023b4b13bf3b19ecc931f98) Importer(815301076,1909f56bfc062723c751e8b465ee728b)  -> (artifact id: 'beb1eaed7967f05a240dc9a9f1fba22f') in 0.267377 seconds 
========================================================================
Received Import Request.
  Time since last request: 0.000053 seconds.
  path: Assets/Sound/sound/enter drain.mp3
  artifactKey: Guid(d71df04b7990a40138eb874aea40b3a3) Importer(815301076,1909f56bfc062723c751e8b465ee728b)
Start importing Assets/Sound/sound/enter drain.mp3 using Guid(d71df04b7990a40138eb874aea40b3a3) Importer(815301076,1909f56bfc062723c751e8b465ee728b)  -> (artifact id: 'dd049f55f8a6d11ea358e835b1aba7cd') in 0.238427 seconds 
========================================================================
Received Import Request.
  Time since last request: 0.000140 seconds.
  path: Assets/Sound/새 폴더/죽는소리.mp3
  artifactKey: Guid(7ccee549c2ef0457da540ffd82e8dd1b) Importer(815301076,1909f56bfc062723c751e8b465ee728b)
Start importing Assets/Sound/새 폴더/죽는소리.mp3 using Guid(7ccee549c2ef0457da540ffd82e8dd1b) Importer(815301076,1909f56bfc062723c751e8b465ee728b)  -> (artifact id: '1802c9ad444db21f7de4261ba615de78') in 0.233336 seconds 
========================================================================
Received Import Request.
  Time since last request: 0.000044 seconds.
  path: Assets/Sound/sound/city.mp3
  artifactKey: Guid(7eb134362da87ff43ba2d92567c36e8b) Importer(815301076,1909f56bfc062723c751e8b465ee728b)
Start importing Assets/Sound/sound/city.mp3 using Guid(7eb134362da87ff43ba2d92567c36e8b) Importer(815301076,1909f56bfc062723c751e8b465ee728b)  -> (artifact id: '9031eeeb3377748451b2ad9a04b0936b') in 0.131632 seconds 
========================================================================
Received Import Request.
  Time since last request: 0.001038 seconds.
  path: Assets/Sound/sound/forest house.mp3
  artifactKey: Guid(fae95d9dd32934e39997b8d2c6557770) Importer(815301076,1909f56bfc062723c751e8b465ee728b)
Start importing Assets/Sound/sound/forest house.mp3 using Guid(fae95d9dd32934e39997b8d2c6557770) Importer(815301076,1909f56bfc062723c751e8b465ee728b)  -> (artifact id: 'c0e14f8c95bf804540c3f53b06b7bdf3') in 0.210732 seconds 
========================================================================
Received Import Request.
  Time since last request: 0.013185 seconds.
  path: Assets/Sound/sound/drain twinkle.mp3
  artifactKey: Guid(6973c209c663a422385326d204a34bb8) Importer(815301076,1909f56bfc062723c751e8b465ee728b)
Start importing Assets/Sound/sound/drain twinkle.mp3 using Guid(6973c209c663a422385326d204a34bb8) Importer(815301076,1909f56bfc062723c751e8b465ee728b)  -> (artifact id: 'cca88d990b2055c11e908af7a24ea43d') in 0.155938 seconds 
========================================================================
Received Import Request.
  Time since last request: 0.000043 seconds.
  path: Assets/Sound/새 폴더/windbird.mp3
  artifactKey: Guid(31b173043b2b74a68afafa7316a8bcc8) Importer(815301076,1909f56bfc062723c751e8b465ee728b)
Start importing Assets/Sound/새 폴더/windbird.mp3 using Guid(31b173043b2b74a68afafa7316a8bcc8) Importer(815301076,1909f56bfc062723c751e8b465ee728b)  -> (artifact id: '105abfd9c3fd523bb58e9a7ae71719fd') in 0.300491 seconds 
========================================================================
Received Import Request.
  Time since last request: 0.000225 seconds.
  path: Assets/Sound/sound/boss fight.mp3
  artifactKey: Guid(9769ad1e698334830acb3641f8b67561) Importer(815301076,1909f56bfc062723c751e8b465ee728b)
Start importing Assets/Sound/sound/boss fight.mp3 using Guid(9769ad1e698334830acb3641f8b67561) Importer(815301076,1909f56bfc062723c751e8b465ee728b)  -> (artifact id: '2e073247bc3c12f1982ab08ec59b72eb') in 0.150712 seconds 
========================================================================
Received Import Request.
  Time since last request: 0.000063 seconds.
  path: Assets/Sound/새 폴더/보스맵 (2).mp3
  artifactKey: Guid(ca010c5e241344de888a8c1d0e3f0a01) Importer(815301076,1909f56bfc062723c751e8b465ee728b)
Start importing Assets/Sound/새 폴더/보스맵 (2).mp3 using Guid(ca010c5e241344de888a8c1d0e3f0a01) Importer(815301076,1909f56bfc062723c751e8b465ee728b)  -> (artifact id: '4571472ec1fbc7a470d6e581b6d7070d') in 0.037041 seconds 
========================================================================
Received Import Request.
  Time since last request: 0.000050 seconds.
  path: Assets/Sound/새 폴더/걸어가는 소리.mp3
  artifactKey: Guid(05d3701e48fb94a6eb13f64714fef364) Importer(815301076,1909f56bfc062723c751e8b465ee728b)
Start importing Assets/Sound/새 폴더/걸어가는 소리.mp3 using Guid(05d3701e48fb94a6eb13f64714fef364) Importer(815301076,1909f56bfc062723c751e8b465ee728b)  -> (artifact id: 'cfa0ca5fa176b9967781864bb267a20a') in 0.120055 seconds 
========================================================================
Received Import Request.
  Time since last request: 0.003687 seconds.
  path: Assets/Sound/sound/주민맵.mp3
  artifactKey: Guid(3dbec0680f49c40208590b7b8a69842d) Importer(815301076,1909f56bfc062723c751e8b465ee728b)
Start importing Assets/Sound/sound/주민맵.mp3 using Guid(3dbec0680f49c40208590b7b8a69842d) Importer(815301076,1909f56bfc062723c751e8b465ee728b)  -> (artifact id: '3e9d57bf0e57bd7b4be62b789d1b4dba') in 0.162025 seconds 
========================================================================
Received Import Request.
  Time since last request: 0.048241 seconds.
  path: Assets/Sound/sound/죽는소리 (4).mp3
  artifactKey: Guid(1b47e866ce9ca4e7387280a7b07ef4e1) Importer(815301076,1909f56bfc062723c751e8b465ee728b)
Start importing Assets/Sound/sound/죽는소리 (4).mp3 using Guid(1b47e866ce9ca4e7387280a7b07ef4e1) Importer(815301076,1909f56bfc062723c751e8b465ee728b)  -> (artifact id: '987d944adb4c6ea3341365859d456bfd') in 0.080237 seconds 
========================================================================
Received Prepare
Registering precompiled user dll's ...
Registered in 0.119652 seconds.
Begin MonoManager ReloadAssembly
Symbol file LoadedFromMemory doesn't match image C:\Users\dbals\GitHub\Kp-23-1\My project\My project\Library\PackageCache\com.unity.visualscripting@1.7.8\Editor\VisualScripting.Core\Dependencies\YamlDotNet\Unity.VisualScripting.YamlDotNet.dll
Symbol file LoadedFromMemory doesn't match image C:\Users\dbals\GitHub\Kp-23-1\My project\My project\Library\PackageCache\com.unity.visualscripting@1.7.8\Editor\VisualScripting.Core\Dependencies\DotNetZip\Unity.VisualScripting.IonicZip.dll
Native extension for WindowsStandalone target not found
Refreshing native plugins compatible for Editor in 1.85 ms, found 4 plugins.
Preloading 0 native plugins for Editor in 0.00 ms.
Mono: successfully reloaded assembly
- Completed reload, in  4.399 seconds
Domain Reload Profiling:
	ReloadAssembly (4400ms)
		BeginReloadAssembly (385ms)
			ExecutionOrderSort (0ms)
			DisableScriptedObjects (17ms)
			BackupInstance (0ms)
			ReleaseScriptingObjects (0ms)
			CreateAndSetChildDomain (113ms)
		EndReloadAssembly (3495ms)
			LoadAssemblies (521ms)
			RebuildTransferFunctionScriptingTraits (0ms)
			SetupTypeCache (1323ms)
			ReleaseScriptCaches (3ms)
			RebuildScriptCaches (186ms)
			SetupLoadedEditorAssemblies (1328ms)
				LogAssemblyErrors (0ms)
				InitializePlatformSupportModulesInManaged (66ms)
				SetLoadedEditorAssemblies (1ms)
				RefreshPlugins (2ms)
				BeforeProcessingInitializeOnLoad (217ms)
				ProcessInitializeOnLoadAttributes (875ms)
				ProcessInitializeOnLoadMethodAttributes (150ms)
				AfterProcessingInitializeOnLoad (16ms)
				EditorAssembliesLoaded (1ms)
			ExecutionOrderSort2 (0ms)
			AwakeInstancesAfterBackupRestoration (19ms)
Platform modules already initialized, skipping
Refreshing native plugins compatible for Editor in 13.85 ms, found 4 plugins.
Preloading 0 native plugins for Editor in 0.00 ms.
Unloading 4067 Unused Serialized files (Serialized files now loaded: 0)
Unloading 25 unused Assets / (24.7 KB). Loaded Objects now: 4562.
Memory consumption went from 156.7 MB to 156.7 MB.
Total: 10.304000 ms (FindLiveObjects: 0.776700 ms CreateObjectMapping: 0.611000 ms MarkObjects: 8.856400 ms  DeleteObjects: 0.057500 ms)

AssetImportParameters requested are different than current active one (requested -> active):
  custom:video-decoder-ogg-theora: a1e56fd34408186e4bbccfd4996cb3dc -> 
  custom:container-muxer-webm: aa71ff27fc2769a1b78a27578f13a17b -> 
  custom:container-demuxer-webm: 4f35f7cbe854078d1ac9338744f61a02 -> 
  custom:video-encoder-webm-vp8: eb34c28f22e8b96e1ab97ce403110664 -> 
  custom:video-codec-MediaFoundation-h265: 746d11721c4dcdbdad8f713fa42b33f4 -> 
  custom:audio-encoder-webm-vorbis: bf7c407c2cedff20999df2af8eb42d56 -> 
  custom:framework-win-MediaFoundation: 216162199b28c13a410421893ffa2e32 -> 
  custom:container-demuxer-ogg: 62fdf1f143b41e24485cea50d1cbac27 -> 
  custom:video-decoder-webm-vp8: 9c59270c3fd7afecdb556c50c9e8de78 -> 
  custom:audio-decoder-ogg-vorbis: bf7c407c2cedff20999df2af8eb42d56 -> 
========================================================================
Received Import Request.
  Time since last request: 28.075421 seconds.
  path: Assets/Scenes/Map1-2Scene.unity
  artifactKey: Guid(acac47bf3fc463543adba506d2c2bd86) Importer(815301076,1909f56bfc062723c751e8b465ee728b)
Start importing Assets/Scenes/Map1-2Scene.unity using Guid(acac47bf3fc463543adba506d2c2bd86) Importer(815301076,1909f56bfc062723c751e8b465ee728b)  -> (artifact id: '2a8436032e21b34b671e8c33161a7e8b') in 0.046150 seconds 
========================================================================
Received Import Request.
  Time since last request: 0.000164 seconds.
  path: Assets/Sound/sound/boss.mp3
  artifactKey: Guid(3f7f19c29f7724d65b72aa6a54eb18e7) Importer(815301076,1909f56bfc062723c751e8b465ee728b)
Start importing Assets/Sound/sound/boss.mp3 using Guid(3f7f19c29f7724d65b72aa6a54eb18e7) Importer(815301076,1909f56bfc062723c751e8b465ee728b)  -> (artifact id: '11150d3efc02687bff6e6dc5a88de6cc') in 0.248275 seconds 
========================================================================
Received Import Request.
  Time since last request: 8.107542 seconds.
  path: Assets/Sound/sound/클럽맵 (2).mp3
  artifactKey: Guid(4cbc8a3d139be4922b807f8d381c2a5d) Importer(815301076,1909f56bfc062723c751e8b465ee728b)
Start importing Assets/Sound/sound/클럽맵 (2).mp3 using Guid(4cbc8a3d139be4922b807f8d381c2a5d) Importer(815301076,1909f56bfc062723c751e8b465ee728b)  -> (artifact id: '78a8949f3d2d1fb28be539d9bab26923') in 0.212434 seconds 
========================================================================
Received Import Request.
  Time since last request: 0.000046 seconds.
  path: Assets/Sound/sound/클럽맵.mp3
  artifactKey: Guid(b3a54f585029345a3905f91f949d5bff) Importer(815301076,1909f56bfc062723c751e8b465ee728b)
Start importing Assets/Sound/sound/클럽맵.mp3 using Guid(b3a54f585029345a3905f91f949d5bff) Importer(815301076,1909f56bfc062723c751e8b465ee728b)  -> (artifact id: '85ebec3f1319b777f2a6fd02233dd4f4') in 0.063947 seconds 
========================================================================
Received Import Request.
  Time since last request: 0.016904 seconds.
  path: Assets/Sound/sound/클럽맵 (5).mp3
  artifactKey: Guid(3e25038a75311455d8bef66d0c152810) Importer(815301076,1909f56bfc062723c751e8b465ee728b)
Start importing Assets/Sound/sound/클럽맵 (5).mp3 using Guid(3e25038a75311455d8bef66d0c152810) Importer(815301076,1909f56bfc062723c751e8b465ee728b)  -> (artifact id: '29d570678e5969c8814b7b1d20b538a7') in 0.096644 seconds 
Editor requested this worker to shutdown with reason: Scaling down because of idle timeout
AssetImportWorkerClient::OnTransportError - code=2 error=End of file
AssetImportWorker is now disconnected from the server
Process exiting
Exiting without the bug reporter. Application will terminate with return code 0