Unity Editor version:    2021.3.15f1 (e8e88683f834)
Branch:                  2021.3/staging
Build type:              Release
Batch mode:              YES
macOS version:           Version 13.2.1 (Build 22D68)
Darwin version:          22.3.0
Architecture:            arm64
Running under Rosetta:   NO
Available memory:        16384 MB
Using pre-set license
Pro License: YES

COMMAND LINE ARGUMENTS:
/Applications/Unity/Hub/Editor/2021.3.15f1/Unity.app/Contents/MacOS/Unity
-adb2
-batchMode
-noUpm
-name
AssetImportWorker0
-projectPath
/Users/yj-621/Desktop/git/Kp-23-1/Myproject
-logFile
Logs/AssetImportWorker0.log
-srvPort
59762
Successfully changed project path to: /Users/yj-621/Desktop/git/Kp-23-1/Myproject
/Users/yj-621/Desktop/git/Kp-23-1/Myproject
[UnityMemory] Configuration Parameters - Can be set up in boot.config
    "memorysetup-bucket-allocator-granularity=16"
    "memorysetup-bucket-allocator-bucket-count=8"
    "memorysetup-bucket-allocator-block-size=33554432"
    "memorysetup-bucket-allocator-block-count=8"
    "memorysetup-main-allocator-block-size=16777216"
    "memorysetup-thread-allocator-block-size=16777216"
    "memorysetup-gfx-main-allocator-block-size=16777216"
    "memorysetup-gfx-thread-allocator-block-size=16777216"
    "memorysetup-cache-allocator-block-size=4194304"
    "memorysetup-typetree-allocator-block-size=2097152"
    "memorysetup-profiler-bucket-allocator-granularity=16"
    "memorysetup-profiler-bucket-allocator-bucket-count=8"
    "memorysetup-profiler-bucket-allocator-block-size=33554432"
    "memorysetup-profiler-bucket-allocator-block-count=8"
    "memorysetup-profiler-allocator-block-size=16777216"
    "memorysetup-profiler-editor-allocator-block-size=1048576"
    "memorysetup-temp-allocator-size-main=16777216"
    "memorysetup-job-temp-allocator-block-size=2097152"
    "memorysetup-job-temp-allocator-block-size-background=1048576"
    "memorysetup-job-temp-allocator-reduction-small-platforms=262144"
    "memorysetup-temp-allocator-size-background-worker=32768"
    "memorysetup-temp-allocator-size-job-worker=262144"
    "memorysetup-temp-allocator-size-preload-manager=33554432"
    "memorysetup-temp-allocator-size-nav-mesh-worker=65536"
    "memorysetup-temp-allocator-size-audio-worker=65536"
    "memorysetup-temp-allocator-size-cloud-worker=32768"
    "memorysetup-temp-allocator-size-gi-baking-worker=262144"
    "memorysetup-temp-allocator-size-gfx=262144"
Player connection [8248443200] Host "[IP] 172.30.1.10 [Port] 0 [Flags] 2 [Guid] 1827083421 [EditorId] 1827083421 [Version] 1048832 [Id] OSXEditor(0,jeong-yunjiui-MacBookAir.local) [Debug] 1 [PackageName] OSXEditor [ProjectName] Editor" joined multi-casting on [225.0.0.222:54997]...

Player connection [8248443200] Host "[IP] 172.30.1.10 [Port] 0 [Flags] 2 [Guid] 1827083421 [EditorId] 1827083421 [Version] 1048832 [Id] OSXEditor(0,jeong-yunjiui-MacBookAir.local) [Debug] 1 [PackageName] OSXEditor [ProjectName] Editor" joined alternative multi-casting on [225.0.0.222:34997]...

Refreshing native plugins compatible for Editor in 104.57 ms, found 3 plugins.
Preloading 0 native plugins for Editor in 0.00 ms.
Initialize engine version: 2021.3.15f1 (e8e88683f834)
[Subsystems] Discovering subsystems at path /Applications/Unity/Hub/Editor/2021.3.15f1/Unity.app/Contents/Resources/UnitySubsystems
[Subsystems] Discovering subsystems at path /Users/yj-621/Desktop/git/Kp-23-1/Myproject/Assets
GfxDevice: creating device client; threaded=0; jobified=0
 preferred device: Apple M2 (high power)
Metal devices available: 1
0: Apple M2 (high power)
Using device Apple M2 (high power)
Initializing Metal device caps: Apple M2
Initialize mono
Mono path[0] = '/Applications/Unity/Hub/Editor/2021.3.15f1/Unity.app/Contents/Managed'
Mono path[1] = '/Applications/Unity/Hub/Editor/2021.3.15f1/Unity.app/Contents/MonoBleedingEdge/lib/mono/unityjit-macos'
Mono config path = '/Applications/Unity/Hub/Editor/2021.3.15f1/Unity.app/Contents/MonoBleedingEdge/etc'
Using monoOptions --debugger-agent=transport=dt_socket,embedding=1,server=y,suspend=n,address=127.0.0.1:56833
Begin MonoManager ReloadAssembly
Registering precompiled unity dll's ...
Register platform support module: /Applications/Unity/Hub/Editor/2021.3.15f1/Unity.app/Contents/PlaybackEngines/MacStandaloneSupport/UnityEditor.OSXStandalone.Extensions.dll
Registered in 0.001343 seconds.
Native extension for OSXStandalone target not found
Refreshing native plugins compatible for Editor in 106.94 ms, found 3 plugins.
Preloading 0 native plugins for Editor in 0.00 ms.
Mono: successfully reloaded assembly
- Completed reload, in  0.595 seconds
Domain Reload Profiling:
	ReloadAssembly (595ms)
		BeginReloadAssembly (72ms)
			ExecutionOrderSort (0ms)
			DisableScriptedObjects (0ms)
			BackupInstance (0ms)
			ReleaseScriptingObjects (0ms)
			CreateAndSetChildDomain (1ms)
		EndReloadAssembly (426ms)
			LoadAssemblies (72ms)
			RebuildTransferFunctionScriptingTraits (0ms)
			SetupTypeCache (98ms)
			ReleaseScriptCaches (0ms)
			RebuildScriptCaches (29ms)
			SetupLoadedEditorAssemblies (259ms)
				LogAssemblyErrors (0ms)
				InitializePlatformSupportModulesInManaged (5ms)
				SetLoadedEditorAssemblies (0ms)
				RefreshPlugins (107ms)
				BeforeProcessingInitializeOnLoad (1ms)
				ProcessInitializeOnLoadAttributes (111ms)
				ProcessInitializeOnLoadMethodAttributes (35ms)
				AfterProcessingInitializeOnLoad (0ms)
				EditorAssembliesLoaded (0ms)
			ExecutionOrderSort2 (0ms)
			AwakeInstancesAfterBackupRestoration (0ms)
Platform modules already initialized, skipping
Registering precompiled user dll's ...
Registered in 0.007646 seconds.
Begin MonoManager ReloadAssembly
Symbol file LoadedFromMemory doesn't match image /Users/yj-621/Desktop/git/Kp-23-1/Myproject/Library/PackageCache/com.unity.visualscripting@1.7.8/Editor/VisualScripting.Core/Dependencies/YamlDotNet/Unity.VisualScripting.YamlDotNet.dll
Symbol file LoadedFromMemory doesn't match image /Users/yj-621/Desktop/git/Kp-23-1/Myproject/Library/PackageCache/com.unity.visualscripting@1.7.8/Editor/VisualScripting.Core/Dependencies/DotNetZip/Unity.VisualScripting.IonicZip.dll
Native extension for OSXStandalone target not found
Refreshing native plugins compatible for Editor in 107.05 ms, found 3 plugins.
Preloading 0 native plugins for Editor in 0.00 ms.
Mono: successfully reloaded assembly
- Completed reload, in  1.031 seconds
Domain Reload Profiling:
	ReloadAssembly (1031ms)
		BeginReloadAssembly (81ms)
			ExecutionOrderSort (0ms)
			DisableScriptedObjects (5ms)
			BackupInstance (0ms)
			ReleaseScriptingObjects (0ms)
			CreateAndSetChildDomain (22ms)
		EndReloadAssembly (847ms)
			LoadAssemblies (71ms)
			RebuildTransferFunctionScriptingTraits (0ms)
			SetupTypeCache (227ms)
			ReleaseScriptCaches (0ms)
			RebuildScriptCaches (56ms)
			SetupLoadedEditorAssemblies (447ms)
				LogAssemblyErrors (0ms)
				InitializePlatformSupportModulesInManaged (2ms)
				SetLoadedEditorAssemblies (0ms)
				RefreshPlugins (107ms)
				BeforeProcessingInitializeOnLoad (86ms)
				ProcessInitializeOnLoadAttributes (219ms)
				ProcessInitializeOnLoadMethodAttributes (31ms)
				AfterProcessingInitializeOnLoad (1ms)
				EditorAssembliesLoaded (0ms)
			ExecutionOrderSort2 (0ms)
			AwakeInstancesAfterBackupRestoration (3ms)
Platform modules already initialized, skipping
========================================================================
Worker process is ready to serve import requests
Launching external process: /Applications/Unity/Hub/Editor/2021.3.15f1/Unity.app/Contents/Tools/UnityShaderCompiler
Launched and connected shader compiler UnityShaderCompiler after 0.07 seconds
Refreshing native plugins compatible for Editor in 0.50 ms, found 3 plugins.
Preloading 0 native plugins for Editor in 0.00 ms.
Unloading 4088 Unused Serialized files (Serialized files now loaded: 0)
Unloading 38 unused Assets / (40.8 KB). Loaded Objects now: 4544.
Memory consumption went from 135.8 MB to 135.7 MB.
Total: 3.611125 ms (FindLiveObjects: 0.196875 ms CreateObjectMapping: 0.090750 ms MarkObjects: 3.261792 ms  DeleteObjects: 0.061042 ms)

AssetImportParameters requested are different than current active one (requested -> active):
  custom:video-decoder-ogg-theora: a1e56fd34408186e4bbccfd4996cb3dc -> 
  custom:container-muxer-webm: aa71ff27fc2769a1b78a27578f13a17b -> 
  custom:container-demuxer-webm: 4f35f7cbe854078d1ac9338744f61a02 -> 
  custom:video-encoder-webm-vp8: eb34c28f22e8b96e1ab97ce403110664 -> 
  custom:framework-osx-AVFoundation: e770b220cccbd017edd2c1fefb359320 -> 
  custom:audio-encoder-webm-vorbis: bf7c407c2cedff20999df2af8eb42d56 -> 
  custom:container-demuxer-ogg: 62fdf1f143b41e24485cea50d1cbac27 -> 
  custom:video-decoder-webm-vp8: 9c59270c3fd7afecdb556c50c9e8de78 -> 
  custom:audio-decoder-ogg-vorbis: bf7c407c2cedff20999df2af8eb42d56 -> 
========================================================================
Received Import Request.
  Time since last request: 44370.173011 seconds.
  path: Assets/TitleBackground.png
  artifactKey: Guid(a2e5dbdd097794f4bb6b1f426b484238) Importer(815301076,1909f56bfc062723c751e8b465ee728b)
Start importing Assets/TitleBackground.png using Guid(a2e5dbdd097794f4bb6b1f426b484238) Importer(815301076,1909f56bfc062723c751e8b465ee728b)  -> (artifact id: '9f939b9ea108b2543c412bdade2c694f') in 0.156872 seconds 
========================================================================
Received Import Request.
  Time since last request: 0.000069 seconds.
  path: Assets/RestartPanel.prefab
  artifactKey: Guid(c88a0aab5eb0dc143a4fbf1a654ae740) Importer(815301076,1909f56bfc062723c751e8b465ee728b)
Start importing Assets/RestartPanel.prefab using Guid(c88a0aab5eb0dc143a4fbf1a654ae740) Importer(815301076,1909f56bfc062723c751e8b465ee728b)  -> (artifact id: 'bc255041d224150fbaae272f3c0607a9') in 0.047917 seconds 
========================================================================
Received Import Request.
  Time since last request: 0.000045 seconds.
  path: Assets/FadeIn.prefab
  artifactKey: Guid(70b6f8bb1c8903c418e9d1fff95795f9) Importer(815301076,1909f56bfc062723c751e8b465ee728b)
Start importing Assets/FadeIn.prefab using Guid(70b6f8bb1c8903c418e9d1fff95795f9) Importer(815301076,1909f56bfc062723c751e8b465ee728b)  -> (artifact id: 'fdfd41f406de0efacccb9991c77dcf5e') in 0.002144 seconds 
========================================================================
Received Import Request.
  Time since last request: 0.000068 seconds.
  path: Assets/MissionController.prefab
  artifactKey: Guid(bd3e3c2ac68a42a47a4395d09126c513) Importer(815301076,1909f56bfc062723c751e8b465ee728b)
Start importing Assets/MissionController.prefab using Guid(bd3e3c2ac68a42a47a4395d09126c513) Importer(815301076,1909f56bfc062723c751e8b465ee728b)  -> (artifact id: '0ddff00d366ad8bb973c8286a808b3e9') in 0.049415 seconds 
========================================================================
Received Import Request.
  Time since last request: 15.589206 seconds.
  path: Assets/Scenes
  artifactKey: Guid(131a6b21c8605f84396be9f6751fb6e3) Importer(815301076,1909f56bfc062723c751e8b465ee728b)
Start importing Assets/Scenes using Guid(131a6b21c8605f84396be9f6751fb6e3) Importer(815301076,1909f56bfc062723c751e8b465ee728b)  -> (artifact id: '2c23e514d24f6b65fe96946cd87fc526') in 0.000830 seconds 
========================================================================
Received Import Request.
  Time since last request: 2.798729 seconds.
  path: Assets/Scenes/Map0Main.unity
  artifactKey: Guid(2347b34791021914582c533cf6ae17e2) Importer(815301076,1909f56bfc062723c751e8b465ee728b)
Start importing Assets/Scenes/Map0Main.unity using Guid(2347b34791021914582c533cf6ae17e2) Importer(815301076,1909f56bfc062723c751e8b465ee728b)  -> (artifact id: '1a602a46957911f3ca0301854b448dab') in 0.001657 seconds 
========================================================================
Received Import Request.
  Time since last request: 73.322604 seconds.
  path: Assets/Scenes/Map1-1Scene.unity
  artifactKey: Guid(dcca723f06e80ca47b51766da58a6541) Importer(815301076,1909f56bfc062723c751e8b465ee728b)
Start importing Assets/Scenes/Map1-1Scene.unity using Guid(dcca723f06e80ca47b51766da58a6541) Importer(815301076,1909f56bfc062723c751e8b465ee728b)  -> (artifact id: '1b6277473eaa96737d85f96e33716541') in 0.001422 seconds 
========================================================================
Received Import Request.
  Time since last request: 39.734970 seconds.
  path: Assets/Scenes/Map1-1Scene.unity
  artifactKey: Guid(dcca723f06e80ca47b51766da58a6541) Importer(815301076,1909f56bfc062723c751e8b465ee728b)
Start importing Assets/Scenes/Map1-1Scene.unity using Guid(dcca723f06e80ca47b51766da58a6541) Importer(815301076,1909f56bfc062723c751e8b465ee728b)  -> (artifact id: '8c3daa88594f2696f97ca4ac6d48b512') in 0.000789 seconds 
========================================================================
Received Import Request.
  Time since last request: 23.493754 seconds.
  path: Assets/Scenes/Map1-2Scene.unity
  artifactKey: Guid(acac47bf3fc463543adba506d2c2bd86) Importer(815301076,1909f56bfc062723c751e8b465ee728b)
Start importing Assets/Scenes/Map1-2Scene.unity using Guid(acac47bf3fc463543adba506d2c2bd86) Importer(815301076,1909f56bfc062723c751e8b465ee728b)  -> (artifact id: '753d1a802e6fa21d50bfb57895d4d48a') in 0.000855 seconds 
========================================================================
Received Prepare
Registering precompiled user dll's ...
Registered in 0.003027 seconds.
Begin MonoManager ReloadAssembly
Thread 0x291d87000 may have been prematurely finalized
Symbol file LoadedFromMemory doesn't match image /Users/yj-621/Desktop/git/Kp-23-1/Myproject/Library/PackageCache/com.unity.visualscripting@1.7.8/Editor/VisualScripting.Core/Dependencies/YamlDotNet/Unity.VisualScripting.YamlDotNet.dll
Symbol file LoadedFromMemory doesn't match image /Users/yj-621/Desktop/git/Kp-23-1/Myproject/Library/PackageCache/com.unity.visualscripting@1.7.8/Editor/VisualScripting.Core/Dependencies/DotNetZip/Unity.VisualScripting.IonicZip.dll
Native extension for OSXStandalone target not found
Refreshing native plugins compatible for Editor in 0.52 ms, found 3 plugins.
Preloading 0 native plugins for Editor in 0.00 ms.
Mono: successfully reloaded assembly
- Completed reload, in  0.864 seconds
Domain Reload Profiling:
	ReloadAssembly (865ms)
		BeginReloadAssembly (129ms)
			ExecutionOrderSort (0ms)
			DisableScriptedObjects (6ms)
			BackupInstance (0ms)
			ReleaseScriptingObjects (0ms)
			CreateAndSetChildDomain (59ms)
		EndReloadAssembly (652ms)
			LoadAssemblies (54ms)
			RebuildTransferFunctionScriptingTraits (0ms)
			SetupTypeCache (226ms)
			ReleaseScriptCaches (1ms)
			RebuildScriptCaches (43ms)
			SetupLoadedEditorAssemblies (288ms)
				LogAssemblyErrors (0ms)
				InitializePlatformSupportModulesInManaged (6ms)
				SetLoadedEditorAssemblies (0ms)
				RefreshPlugins (1ms)
				BeforeProcessingInitializeOnLoad (57ms)
				ProcessInitializeOnLoadAttributes (188ms)
				ProcessInitializeOnLoadMethodAttributes (35ms)
				AfterProcessingInitializeOnLoad (1ms)
				EditorAssembliesLoaded (0ms)
			ExecutionOrderSort2 (0ms)
			AwakeInstancesAfterBackupRestoration (5ms)
Platform modules already initialized, skipping
Refreshing native plugins compatible for Editor in 1.71 ms, found 3 plugins.
Preloading 0 native plugins for Editor in 0.00 ms.
Unloading 4064 Unused Serialized files (Serialized files now loaded: 0)
Unloading 26 unused Assets / (22.7 KB). Loaded Objects now: 4559.
Memory consumption went from 298.2 MB to 298.1 MB.
Total: 4.118916 ms (FindLiveObjects: 0.258750 ms CreateObjectMapping: 0.142625 ms MarkObjects: 3.649042 ms  DeleteObjects: 0.067625 ms)

AssetImportParameters requested are different than current active one (requested -> active):
  custom:video-decoder-ogg-theora: a1e56fd34408186e4bbccfd4996cb3dc -> 
  custom:container-muxer-webm: aa71ff27fc2769a1b78a27578f13a17b -> 
  custom:container-demuxer-webm: 4f35f7cbe854078d1ac9338744f61a02 -> 
  custom:video-encoder-webm-vp8: eb34c28f22e8b96e1ab97ce403110664 -> 
  custom:framework-osx-AVFoundation: e770b220cccbd017edd2c1fefb359320 -> 
  custom:audio-encoder-webm-vorbis: bf7c407c2cedff20999df2af8eb42d56 -> 
  custom:container-demuxer-ogg: 62fdf1f143b41e24485cea50d1cbac27 -> 
  custom:video-decoder-webm-vp8: 9c59270c3fd7afecdb556c50c9e8de78 -> 
  custom:audio-decoder-ogg-vorbis: bf7c407c2cedff20999df2af8eb42d56 -> 
========================================================================
Received Prepare
Registering precompiled user dll's ...
Registered in 0.004738 seconds.
Begin MonoManager ReloadAssembly
Thread 0x288bc7000 may have been prematurely finalized
Symbol file LoadedFromMemory doesn't match image /Users/yj-621/Desktop/git/Kp-23-1/Myproject/Library/PackageCache/com.unity.visualscripting@1.7.8/Editor/VisualScripting.Core/Dependencies/YamlDotNet/Unity.VisualScripting.YamlDotNet.dll
Symbol file LoadedFromMemory doesn't match image /Users/yj-621/Desktop/git/Kp-23-1/Myproject/Library/PackageCache/com.unity.visualscripting@1.7.8/Editor/VisualScripting.Core/Dependencies/DotNetZip/Unity.VisualScripting.IonicZip.dll
Native extension for OSXStandalone target not found
Refreshing native plugins compatible for Editor in 1.94 ms, found 3 plugins.
Preloading 0 native plugins for Editor in 0.00 ms.
Mono: successfully reloaded assembly
- Completed reload, in  1.658 seconds
Domain Reload Profiling:
	ReloadAssembly (1660ms)
		BeginReloadAssembly (133ms)
			ExecutionOrderSort (0ms)
			DisableScriptedObjects (6ms)
			BackupInstance (0ms)
			ReleaseScriptingObjects (0ms)
			CreateAndSetChildDomain (50ms)
		EndReloadAssembly (1386ms)
			LoadAssemblies (82ms)
			RebuildTransferFunctionScriptingTraits (1ms)
			SetupTypeCache (600ms)
			ReleaseScriptCaches (3ms)
			RebuildScriptCaches (95ms)
			SetupLoadedEditorAssemblies (505ms)
				LogAssemblyErrors (0ms)
				InitializePlatformSupportModulesInManaged (13ms)
				SetLoadedEditorAssemblies (1ms)
				RefreshPlugins (2ms)
				BeforeProcessingInitializeOnLoad (113ms)
				ProcessInitializeOnLoadAttributes (320ms)
				ProcessInitializeOnLoadMethodAttributes (52ms)
				AfterProcessingInitializeOnLoad (2ms)
				EditorAssembliesLoaded (0ms)
			ExecutionOrderSort2 (0ms)
			AwakeInstancesAfterBackupRestoration (8ms)
Platform modules already initialized, skipping
Refreshing native plugins compatible for Editor in 2.26 ms, found 3 plugins.
Preloading 0 native plugins for Editor in 0.00 ms.
Unloading 4064 Unused Serialized files (Serialized files now loaded: 0)
Unloading 25 unused Assets / (22.1 KB). Loaded Objects now: 4562.
Memory consumption went from 302.3 MB to 302.3 MB.
Total: 4.314333 ms (FindLiveObjects: 0.249459 ms CreateObjectMapping: 0.130375 ms MarkObjects: 3.897834 ms  DeleteObjects: 0.036042 ms)

AssetImportParameters requested are different than current active one (requested -> active):
  custom:video-decoder-ogg-theora: a1e56fd34408186e4bbccfd4996cb3dc -> 
  custom:container-muxer-webm: aa71ff27fc2769a1b78a27578f13a17b -> 
  custom:container-demuxer-webm: 4f35f7cbe854078d1ac9338744f61a02 -> 
  custom:video-encoder-webm-vp8: eb34c28f22e8b96e1ab97ce403110664 -> 
  custom:framework-osx-AVFoundation: e770b220cccbd017edd2c1fefb359320 -> 
  custom:audio-encoder-webm-vorbis: bf7c407c2cedff20999df2af8eb42d56 -> 
  custom:container-demuxer-ogg: 62fdf1f143b41e24485cea50d1cbac27 -> 
  custom:video-decoder-webm-vp8: 9c59270c3fd7afecdb556c50c9e8de78 -> 
  custom:audio-decoder-ogg-vorbis: bf7c407c2cedff20999df2af8eb42d56 -> 
========================================================================
Received Import Request.
  Time since last request: 66.194860 seconds.
  path: Assets/Scenes/Map1-1Scene.unity
  artifactKey: Guid(dcca723f06e80ca47b51766da58a6541) Importer(815301076,1909f56bfc062723c751e8b465ee728b)
Start importing Assets/Scenes/Map1-1Scene.unity using Guid(dcca723f06e80ca47b51766da58a6541) Importer(815301076,1909f56bfc062723c751e8b465ee728b)  -> (artifact id: 'fbd3258622ea181dc013b9bbcd476cf5') in 0.009152 seconds 
========================================================================
Received Import Request.
  Time since last request: 1.611339 seconds.
  path: Assets/Scenes/Map1-2Scene.unity
  artifactKey: Guid(acac47bf3fc463543adba506d2c2bd86) Importer(815301076,1909f56bfc062723c751e8b465ee728b)
Start importing Assets/Scenes/Map1-2Scene.unity using Guid(acac47bf3fc463543adba506d2c2bd86) Importer(815301076,1909f56bfc062723c751e8b465ee728b)  -> (artifact id: 'a82bfe31b997439d55dea977704d9b9e') in 0.002147 seconds 
========================================================================
Received Import Request.
  Time since last request: 2.178507 seconds.
  path: Assets/Scenes/Map2Scene.unity
  artifactKey: Guid(f8f8d6b064b20dc488e44fa924e642a4) Importer(815301076,1909f56bfc062723c751e8b465ee728b)
Start importing Assets/Scenes/Map2Scene.unity using Guid(f8f8d6b064b20dc488e44fa924e642a4) Importer(815301076,1909f56bfc062723c751e8b465ee728b)  -> (artifact id: '29ea659fafaef342e873ba4031a5b4df') in 0.000957 seconds 
========================================================================
Received Prepare
Registering precompiled user dll's ...
Registered in 0.003574 seconds.
Begin MonoManager ReloadAssembly
Thread 0x285e4b000 may have been prematurely finalized
Symbol file LoadedFromMemory doesn't match image /Users/yj-621/Desktop/git/Kp-23-1/Myproject/Library/PackageCache/com.unity.visualscripting@1.7.8/Editor/VisualScripting.Core/Dependencies/YamlDotNet/Unity.VisualScripting.YamlDotNet.dll
Symbol file LoadedFromMemory doesn't match image /Users/yj-621/Desktop/git/Kp-23-1/Myproject/Library/PackageCache/com.unity.visualscripting@1.7.8/Editor/VisualScripting.Core/Dependencies/DotNetZip/Unity.VisualScripting.IonicZip.dll
Native extension for OSXStandalone target not found
Refreshing native plugins compatible for Editor in 0.58 ms, found 3 plugins.
Preloading 0 native plugins for Editor in 0.00 ms.
Mono: successfully reloaded assembly
- Completed reload, in  0.845 seconds
Domain Reload Profiling:
	ReloadAssembly (845ms)
		BeginReloadAssembly (102ms)
			ExecutionOrderSort (0ms)
			DisableScriptedObjects (7ms)
			BackupInstance (0ms)
			ReleaseScriptingObjects (0ms)
			CreateAndSetChildDomain (40ms)
		EndReloadAssembly (655ms)
			LoadAssemblies (47ms)
			RebuildTransferFunctionScriptingTraits (0ms)
			SetupTypeCache (240ms)
			ReleaseScriptCaches (1ms)
			RebuildScriptCaches (44ms)
			SetupLoadedEditorAssemblies (278ms)
				LogAssemblyErrors (0ms)
				InitializePlatformSupportModulesInManaged (7ms)
				SetLoadedEditorAssemblies (0ms)
				RefreshPlugins (1ms)
				BeforeProcessingInitializeOnLoad (58ms)
				ProcessInitializeOnLoadAttributes (178ms)
				ProcessInitializeOnLoadMethodAttributes (31ms)
				AfterProcessingInitializeOnLoad (1ms)
				EditorAssembliesLoaded (0ms)
			ExecutionOrderSort2 (0ms)
			AwakeInstancesAfterBackupRestoration (6ms)
Platform modules already initialized, skipping
Refreshing native plugins compatible for Editor in 2.16 ms, found 3 plugins.
Preloading 0 native plugins for Editor in 0.00 ms.
Unloading 4064 Unused Serialized files (Serialized files now loaded: 0)
Unloading 25 unused Assets / (22.0 KB). Loaded Objects now: 4565.
Memory consumption went from 306.4 MB to 306.4 MB.
Total: 3.900167 ms (FindLiveObjects: 0.180709 ms CreateObjectMapping: 0.126333 ms MarkObjects: 3.572125 ms  DeleteObjects: 0.020542 ms)

AssetImportParameters requested are different than current active one (requested -> active):
  custom:video-decoder-ogg-theora: a1e56fd34408186e4bbccfd4996cb3dc -> 
  custom:container-muxer-webm: aa71ff27fc2769a1b78a27578f13a17b -> 
  custom:container-demuxer-webm: 4f35f7cbe854078d1ac9338744f61a02 -> 
  custom:video-encoder-webm-vp8: eb34c28f22e8b96e1ab97ce403110664 -> 
  custom:framework-osx-AVFoundation: e770b220cccbd017edd2c1fefb359320 -> 
  custom:audio-encoder-webm-vorbis: bf7c407c2cedff20999df2af8eb42d56 -> 
  custom:container-demuxer-ogg: 62fdf1f143b41e24485cea50d1cbac27 -> 
  custom:video-decoder-webm-vp8: 9c59270c3fd7afecdb556c50c9e8de78 -> 
  custom:audio-decoder-ogg-vorbis: bf7c407c2cedff20999df2af8eb42d56 -> 
========================================================================
Received Import Request.
  Time since last request: 31.035694 seconds.
  path: Assets/Scenes/Map2Scene.unity
  artifactKey: Guid(f8f8d6b064b20dc488e44fa924e642a4) Importer(815301076,1909f56bfc062723c751e8b465ee728b)
Start importing Assets/Scenes/Map2Scene.unity using Guid(f8f8d6b064b20dc488e44fa924e642a4) Importer(815301076,1909f56bfc062723c751e8b465ee728b)  -> (artifact id: '199443442e1af6d448ac5ec2d5da625f') in 0.010211 seconds 
========================================================================
Received Prepare
Registering precompiled user dll's ...
Registered in 0.004335 seconds.
Begin MonoManager ReloadAssembly
Thread 0x285dd3000 may have been prematurely finalized
Symbol file LoadedFromMemory doesn't match image /Users/yj-621/Desktop/git/Kp-23-1/Myproject/Library/PackageCache/com.unity.visualscripting@1.7.8/Editor/VisualScripting.Core/Dependencies/YamlDotNet/Unity.VisualScripting.YamlDotNet.dll
Symbol file LoadedFromMemory doesn't match image /Users/yj-621/Desktop/git/Kp-23-1/Myproject/Library/PackageCache/com.unity.visualscripting@1.7.8/Editor/VisualScripting.Core/Dependencies/DotNetZip/Unity.VisualScripting.IonicZip.dll
Native extension for OSXStandalone target not found
Refreshing native plugins compatible for Editor in 3.30 ms, found 3 plugins.
Preloading 0 native plugins for Editor in 0.00 ms.
Mono: successfully reloaded assembly
- Completed reload, in  1.290 seconds
Domain Reload Profiling:
	ReloadAssembly (1290ms)
		BeginReloadAssembly (113ms)
			ExecutionOrderSort (0ms)
			DisableScriptedObjects (6ms)
			BackupInstance (0ms)
			ReleaseScriptingObjects (0ms)
			CreateAndSetChildDomain (45ms)
		EndReloadAssembly (1080ms)
			LoadAssemblies (52ms)
			RebuildTransferFunctionScriptingTraits (0ms)
			SetupTypeCache (327ms)
			ReleaseScriptCaches (2ms)
			RebuildScriptCaches (70ms)
			SetupLoadedEditorAssemblies (530ms)
				LogAssemblyErrors (0ms)
				InitializePlatformSupportModulesInManaged (12ms)
				SetLoadedEditorAssemblies (1ms)
				RefreshPlugins (3ms)
				BeforeProcessingInitializeOnLoad (114ms)
				ProcessInitializeOnLoadAttributes (348ms)
				ProcessInitializeOnLoadMethodAttributes (50ms)
				AfterProcessingInitializeOnLoad (2ms)
				EditorAssembliesLoaded (0ms)
			ExecutionOrderSort2 (0ms)
			AwakeInstancesAfterBackupRestoration (10ms)
Platform modules already initialized, skipping
Refreshing native plugins compatible for Editor in 3.93 ms, found 3 plugins.
Preloading 0 native plugins for Editor in 0.00 ms.
Unloading 4064 Unused Serialized files (Serialized files now loaded: 0)
Unloading 25 unused Assets / (22.0 KB). Loaded Objects now: 4568.
Memory consumption went from 310.6 MB to 310.5 MB.
Total: 10.523458 ms (FindLiveObjects: 0.495375 ms CreateObjectMapping: 0.265667 ms MarkObjects: 9.717875 ms  DeleteObjects: 0.043208 ms)

AssetImportParameters requested are different than current active one (requested -> active):
  custom:video-decoder-ogg-theora: a1e56fd34408186e4bbccfd4996cb3dc -> 
  custom:container-muxer-webm: aa71ff27fc2769a1b78a27578f13a17b -> 
  custom:container-demuxer-webm: 4f35f7cbe854078d1ac9338744f61a02 -> 
  custom:video-encoder-webm-vp8: eb34c28f22e8b96e1ab97ce403110664 -> 
  custom:framework-osx-AVFoundation: e770b220cccbd017edd2c1fefb359320 -> 
  custom:audio-encoder-webm-vorbis: bf7c407c2cedff20999df2af8eb42d56 -> 
  custom:container-demuxer-ogg: 62fdf1f143b41e24485cea50d1cbac27 -> 
  custom:video-decoder-webm-vp8: 9c59270c3fd7afecdb556c50c9e8de78 -> 
  custom:audio-decoder-ogg-vorbis: bf7c407c2cedff20999df2af8eb42d56 -> 
========================================================================
Received Prepare
Registering precompiled user dll's ...
Registered in 0.002926 seconds.
Begin MonoManager ReloadAssembly
Thread 0x285dd3000 may have been prematurely finalized
Symbol file LoadedFromMemory doesn't match image /Users/yj-621/Desktop/git/Kp-23-1/Myproject/Library/PackageCache/com.unity.visualscripting@1.7.8/Editor/VisualScripting.Core/Dependencies/YamlDotNet/Unity.VisualScripting.YamlDotNet.dll
Symbol file LoadedFromMemory doesn't match image /Users/yj-621/Desktop/git/Kp-23-1/Myproject/Library/PackageCache/com.unity.visualscripting@1.7.8/Editor/VisualScripting.Core/Dependencies/DotNetZip/Unity.VisualScripting.IonicZip.dll
Native extension for OSXStandalone target not found
Refreshing native plugins compatible for Editor in 0.55 ms, found 3 plugins.
Preloading 0 native plugins for Editor in 0.00 ms.
Mono: successfully reloaded assembly
- Completed reload, in  0.859 seconds
Domain Reload Profiling:
	ReloadAssembly (860ms)
		BeginReloadAssembly (120ms)
			ExecutionOrderSort (0ms)
			DisableScriptedObjects (7ms)
			BackupInstance (0ms)
			ReleaseScriptingObjects (0ms)
			CreateAndSetChildDomain (53ms)
		EndReloadAssembly (657ms)
			LoadAssemblies (50ms)
			RebuildTransferFunctionScriptingTraits (0ms)
			SetupTypeCache (237ms)
			ReleaseScriptCaches (1ms)
			RebuildScriptCaches (43ms)
			SetupLoadedEditorAssemblies (282ms)
				LogAssemblyErrors (0ms)
				InitializePlatformSupportModulesInManaged (6ms)
				SetLoadedEditorAssemblies (0ms)
				RefreshPlugins (1ms)
				BeforeProcessingInitializeOnLoad (59ms)
				ProcessInitializeOnLoadAttributes (181ms)
				ProcessInitializeOnLoadMethodAttributes (33ms)
				AfterProcessingInitializeOnLoad (1ms)
				EditorAssembliesLoaded (0ms)
			ExecutionOrderSort2 (0ms)
			AwakeInstancesAfterBackupRestoration (5ms)
Platform modules already initialized, skipping
Refreshing native plugins compatible for Editor in 1.56 ms, found 3 plugins.
Preloading 0 native plugins for Editor in 0.00 ms.
Unloading 4064 Unused Serialized files (Serialized files now loaded: 0)
Unloading 25 unused Assets / (22.0 KB). Loaded Objects now: 4571.
Memory consumption went from 314.7 MB to 314.7 MB.
Total: 4.197542 ms (FindLiveObjects: 0.202292 ms CreateObjectMapping: 0.116666 ms MarkObjects: 3.814667 ms  DeleteObjects: 0.062625 ms)

AssetImportParameters requested are different than current active one (requested -> active):
  custom:video-decoder-ogg-theora: a1e56fd34408186e4bbccfd4996cb3dc -> 
  custom:container-muxer-webm: aa71ff27fc2769a1b78a27578f13a17b -> 
  custom:container-demuxer-webm: 4f35f7cbe854078d1ac9338744f61a02 -> 
  custom:video-encoder-webm-vp8: eb34c28f22e8b96e1ab97ce403110664 -> 
  custom:framework-osx-AVFoundation: e770b220cccbd017edd2c1fefb359320 -> 
  custom:audio-encoder-webm-vorbis: bf7c407c2cedff20999df2af8eb42d56 -> 
  custom:container-demuxer-ogg: 62fdf1f143b41e24485cea50d1cbac27 -> 
  custom:video-decoder-webm-vp8: 9c59270c3fd7afecdb556c50c9e8de78 -> 
  custom:audio-decoder-ogg-vorbis: bf7c407c2cedff20999df2af8eb42d56 -> 
========================================================================
Received Prepare
Registering precompiled user dll's ...
Registered in 0.003379 seconds.
Begin MonoManager ReloadAssembly
Thread 0x285dd3000 may have been prematurely finalized
Symbol file LoadedFromMemory doesn't match image /Users/yj-621/Desktop/git/Kp-23-1/Myproject/Library/PackageCache/com.unity.visualscripting@1.7.8/Editor/VisualScripting.Core/Dependencies/YamlDotNet/Unity.VisualScripting.YamlDotNet.dll
Symbol file LoadedFromMemory doesn't match image /Users/yj-621/Desktop/git/Kp-23-1/Myproject/Library/PackageCache/com.unity.visualscripting@1.7.8/Editor/VisualScripting.Core/Dependencies/DotNetZip/Unity.VisualScripting.IonicZip.dll
Native extension for OSXStandalone target not found
Refreshing native plugins compatible for Editor in 2.09 ms, found 3 plugins.
Preloading 0 native plugins for Editor in 0.00 ms.
Mono: successfully reloaded assembly
- Completed reload, in  1.439 seconds
Domain Reload Profiling:
	ReloadAssembly (1440ms)
		BeginReloadAssembly (110ms)
			ExecutionOrderSort (0ms)
			DisableScriptedObjects (5ms)
			BackupInstance (0ms)
			ReleaseScriptingObjects (0ms)
			CreateAndSetChildDomain (48ms)
		EndReloadAssembly (1244ms)
			LoadAssemblies (50ms)
			RebuildTransferFunctionScriptingTraits (0ms)
			SetupTypeCache (343ms)
			ReleaseScriptCaches (4ms)
			RebuildScriptCaches (126ms)
			SetupLoadedEditorAssemblies (581ms)
				LogAssemblyErrors (0ms)
				InitializePlatformSupportModulesInManaged (14ms)
				SetLoadedEditorAssemblies (1ms)
				RefreshPlugins (2ms)
				BeforeProcessingInitializeOnLoad (114ms)
				ProcessInitializeOnLoadAttributes (394ms)
				ProcessInitializeOnLoadMethodAttributes (53ms)
				AfterProcessingInitializeOnLoad (2ms)
				EditorAssembliesLoaded (0ms)
			ExecutionOrderSort2 (0ms)
			AwakeInstancesAfterBackupRestoration (8ms)
Platform modules already initialized, skipping
Refreshing native plugins compatible for Editor in 3.04 ms, found 3 plugins.
Preloading 0 native plugins for Editor in 0.00 ms.
Unloading 4064 Unused Serialized files (Serialized files now loaded: 0)
Unloading 25 unused Assets / (21.9 KB). Loaded Objects now: 4574.
Memory consumption went from 318.9 MB to 318.8 MB.
Total: 6.372916 ms (FindLiveObjects: 0.310583 ms CreateObjectMapping: 0.161625 ms MarkObjects: 5.847042 ms  DeleteObjects: 0.052792 ms)

AssetImportParameters requested are different than current active one (requested -> active):
  custom:video-decoder-ogg-theora: a1e56fd34408186e4bbccfd4996cb3dc -> 
  custom:container-muxer-webm: aa71ff27fc2769a1b78a27578f13a17b -> 
  custom:container-demuxer-webm: 4f35f7cbe854078d1ac9338744f61a02 -> 
  custom:video-encoder-webm-vp8: eb34c28f22e8b96e1ab97ce403110664 -> 
  custom:framework-osx-AVFoundation: e770b220cccbd017edd2c1fefb359320 -> 
  custom:audio-encoder-webm-vorbis: bf7c407c2cedff20999df2af8eb42d56 -> 
  custom:container-demuxer-ogg: 62fdf1f143b41e24485cea50d1cbac27 -> 
  custom:video-decoder-webm-vp8: 9c59270c3fd7afecdb556c50c9e8de78 -> 
  custom:audio-decoder-ogg-vorbis: bf7c407c2cedff20999df2af8eb42d56 -> 
========================================================================
Received Prepare
Registering precompiled user dll's ...
Registered in 0.003378 seconds.
Begin MonoManager ReloadAssembly
Thread 0x285dd3000 may have been prematurely finalized
Symbol file LoadedFromMemory doesn't match image /Users/yj-621/Desktop/git/Kp-23-1/Myproject/Library/PackageCache/com.unity.visualscripting@1.7.8/Editor/VisualScripting.Core/Dependencies/YamlDotNet/Unity.VisualScripting.YamlDotNet.dll
Symbol file LoadedFromMemory doesn't match image /Users/yj-621/Desktop/git/Kp-23-1/Myproject/Library/PackageCache/com.unity.visualscripting@1.7.8/Editor/VisualScripting.Core/Dependencies/DotNetZip/Unity.VisualScripting.IonicZip.dll
Native extension for OSXStandalone target not found
Refreshing native plugins compatible for Editor in 0.61 ms, found 3 plugins.
Preloading 0 native plugins for Editor in 0.00 ms.
Mono: successfully reloaded assembly
- Completed reload, in  0.829 seconds
Domain Reload Profiling:
	ReloadAssembly (829ms)
		BeginReloadAssembly (105ms)
			ExecutionOrderSort (0ms)
			DisableScriptedObjects (6ms)
			BackupInstance (0ms)
			ReleaseScriptingObjects (0ms)
			CreateAndSetChildDomain (42ms)
		EndReloadAssembly (641ms)
			LoadAssemblies (49ms)
			RebuildTransferFunctionScriptingTraits (0ms)
			SetupTypeCache (227ms)
			ReleaseScriptCaches (1ms)
			RebuildScriptCaches (44ms)
			SetupLoadedEditorAssemblies (277ms)
				LogAssemblyErrors (0ms)
				InitializePlatformSupportModulesInManaged (7ms)
				SetLoadedEditorAssemblies (1ms)
				RefreshPlugins (1ms)
				BeforeProcessingInitializeOnLoad (60ms)
				ProcessInitializeOnLoadAttributes (177ms)
				ProcessInitializeOnLoadMethodAttributes (30ms)
				AfterProcessingInitializeOnLoad (1ms)
				EditorAssembliesLoaded (0ms)
			ExecutionOrderSort2 (0ms)
			AwakeInstancesAfterBackupRestoration (5ms)
Platform modules already initialized, skipping
Refreshing native plugins compatible for Editor in 1.80 ms, found 3 plugins.
Preloading 0 native plugins for Editor in 0.00 ms.
Unloading 4064 Unused Serialized files (Serialized files now loaded: 0)
Unloading 25 unused Assets / (22.0 KB). Loaded Objects now: 4577.
Memory consumption went from 323.0 MB to 323.0 MB.
Total: 3.474791 ms (FindLiveObjects: 0.179250 ms CreateObjectMapping: 0.093000 ms MarkObjects: 3.182375 ms  DeleteObjects: 0.019375 ms)

AssetImportParameters requested are different than current active one (requested -> active):
  custom:video-decoder-ogg-theora: a1e56fd34408186e4bbccfd4996cb3dc -> 
  custom:container-muxer-webm: aa71ff27fc2769a1b78a27578f13a17b -> 
  custom:container-demuxer-webm: 4f35f7cbe854078d1ac9338744f61a02 -> 
  custom:video-encoder-webm-vp8: eb34c28f22e8b96e1ab97ce403110664 -> 
  custom:framework-osx-AVFoundation: e770b220cccbd017edd2c1fefb359320 -> 
  custom:audio-encoder-webm-vorbis: bf7c407c2cedff20999df2af8eb42d56 -> 
  custom:container-demuxer-ogg: 62fdf1f143b41e24485cea50d1cbac27 -> 
  custom:video-decoder-webm-vp8: 9c59270c3fd7afecdb556c50c9e8de78 -> 
  custom:audio-decoder-ogg-vorbis: bf7c407c2cedff20999df2af8eb42d56 -> 
========================================================================
Received Prepare
Registering precompiled user dll's ...
Registered in 0.003541 seconds.
Begin MonoManager ReloadAssembly
Thread 0x285dd3000 may have been prematurely finalized
Symbol file LoadedFromMemory doesn't match image /Users/yj-621/Desktop/git/Kp-23-1/Myproject/Library/PackageCache/com.unity.visualscripting@1.7.8/Editor/VisualScripting.Core/Dependencies/YamlDotNet/Unity.VisualScripting.YamlDotNet.dll
Symbol file LoadedFromMemory doesn't match image /Users/yj-621/Desktop/git/Kp-23-1/Myproject/Library/PackageCache/com.unity.visualscripting@1.7.8/Editor/VisualScripting.Core/Dependencies/DotNetZip/Unity.VisualScripting.IonicZip.dll
Native extension for OSXStandalone target not found
Refreshing native plugins compatible for Editor in 0.68 ms, found 3 plugins.
Preloading 0 native plugins for Editor in 0.00 ms.
Mono: successfully reloaded assembly
- Completed reload, in  0.879 seconds
Domain Reload Profiling:
	ReloadAssembly (880ms)
		BeginReloadAssembly (102ms)
			ExecutionOrderSort (0ms)
			DisableScriptedObjects (5ms)
			BackupInstance (0ms)
			ReleaseScriptingObjects (0ms)
			CreateAndSetChildDomain (41ms)
		EndReloadAssembly (691ms)
			LoadAssemblies (47ms)
			RebuildTransferFunctionScriptingTraits (0ms)
			SetupTypeCache (251ms)
			ReleaseScriptCaches (1ms)
			RebuildScriptCaches (48ms)
			SetupLoadedEditorAssemblies (293ms)
				LogAssemblyErrors (0ms)
				InitializePlatformSupportModulesInManaged (7ms)
				SetLoadedEditorAssemblies (0ms)
				RefreshPlugins (1ms)
				BeforeProcessingInitializeOnLoad (60ms)
				ProcessInitializeOnLoadAttributes (190ms)
				ProcessInitializeOnLoadMethodAttributes (34ms)
				AfterProcessingInitializeOnLoad (1ms)
				EditorAssembliesLoaded (0ms)
			ExecutionOrderSort2 (0ms)
			AwakeInstancesAfterBackupRestoration (5ms)
Platform modules already initialized, skipping
Refreshing native plugins compatible for Editor in 3.56 ms, found 3 plugins.
Preloading 0 native plugins for Editor in 0.00 ms.
Unloading 4064 Unused Serialized files (Serialized files now loaded: 0)
Unloading 25 unused Assets / (22.0 KB). Loaded Objects now: 4580.
Memory consumption went from 327.1 MB to 327.1 MB.
Total: 14.669291 ms (FindLiveObjects: 0.839041 ms CreateObjectMapping: 0.371584 ms MarkObjects: 13.413792 ms  DeleteObjects: 0.043584 ms)

AssetImportParameters requested are different than current active one (requested -> active):
  custom:video-decoder-ogg-theora: a1e56fd34408186e4bbccfd4996cb3dc -> 
  custom:container-muxer-webm: aa71ff27fc2769a1b78a27578f13a17b -> 
  custom:container-demuxer-webm: 4f35f7cbe854078d1ac9338744f61a02 -> 
  custom:video-encoder-webm-vp8: eb34c28f22e8b96e1ab97ce403110664 -> 
  custom:framework-osx-AVFoundation: e770b220cccbd017edd2c1fefb359320 -> 
  custom:audio-encoder-webm-vorbis: bf7c407c2cedff20999df2af8eb42d56 -> 
  custom:container-demuxer-ogg: 62fdf1f143b41e24485cea50d1cbac27 -> 
  custom:video-decoder-webm-vp8: 9c59270c3fd7afecdb556c50c9e8de78 -> 
  custom:audio-decoder-ogg-vorbis: bf7c407c2cedff20999df2af8eb42d56 -> 
========================================================================
Received Prepare
Registering precompiled user dll's ...
Registered in 0.006546 seconds.
Begin MonoManager ReloadAssembly
Thread 0x285dd3000 may have been prematurely finalized
Symbol file LoadedFromMemory doesn't match image /Users/yj-621/Desktop/git/Kp-23-1/Myproject/Library/PackageCache/com.unity.visualscripting@1.7.8/Editor/VisualScripting.Core/Dependencies/YamlDotNet/Unity.VisualScripting.YamlDotNet.dll
Symbol file LoadedFromMemory doesn't match image /Users/yj-621/Desktop/git/Kp-23-1/Myproject/Library/PackageCache/com.unity.visualscripting@1.7.8/Editor/VisualScripting.Core/Dependencies/DotNetZip/Unity.VisualScripting.IonicZip.dll
Native extension for OSXStandalone target not found
Refreshing native plugins compatible for Editor in 2.32 ms, found 3 plugins.
Preloading 0 native plugins for Editor in 0.00 ms.
Mono: successfully reloaded assembly
- Completed reload, in  1.618 seconds
Domain Reload Profiling:
	ReloadAssembly (1620ms)
		BeginReloadAssembly (151ms)
			ExecutionOrderSort (0ms)
			DisableScriptedObjects (10ms)
			BackupInstance (0ms)
			ReleaseScriptingObjects (0ms)
			CreateAndSetChildDomain (69ms)
		EndReloadAssembly (1340ms)
			LoadAssemblies (76ms)
			RebuildTransferFunctionScriptingTraits (0ms)
			SetupTypeCache (466ms)
			ReleaseScriptCaches (3ms)
			RebuildScriptCaches (101ms)
			SetupLoadedEditorAssemblies (575ms)
				LogAssemblyErrors (0ms)
				InitializePlatformSupportModulesInManaged (13ms)
				SetLoadedEditorAssemblies (2ms)
				RefreshPlugins (2ms)
				BeforeProcessingInitializeOnLoad (109ms)
				ProcessInitializeOnLoadAttributes (381ms)
				ProcessInitializeOnLoadMethodAttributes (64ms)
				AfterProcessingInitializeOnLoad (3ms)
				EditorAssembliesLoaded (0ms)
			ExecutionOrderSort2 (0ms)
			AwakeInstancesAfterBackupRestoration (10ms)
Platform modules already initialized, skipping
Refreshing native plugins compatible for Editor in 4.61 ms, found 3 plugins.
Preloading 0 native plugins for Editor in 0.00 ms.
Unloading 4064 Unused Serialized files (Serialized files now loaded: 0)
Unloading 25 unused Assets / (22.0 KB). Loaded Objects now: 4583.
Memory consumption went from 330.7 MB to 330.7 MB.
Total: 9.822708 ms (FindLiveObjects: 0.370084 ms CreateObjectMapping: 0.351000 ms MarkObjects: 9.051625 ms  DeleteObjects: 0.048667 ms)

AssetImportParameters requested are different than current active one (requested -> active):
  custom:video-decoder-ogg-theora: a1e56fd34408186e4bbccfd4996cb3dc -> 
  custom:container-muxer-webm: aa71ff27fc2769a1b78a27578f13a17b -> 
  custom:container-demuxer-webm: 4f35f7cbe854078d1ac9338744f61a02 -> 
  custom:video-encoder-webm-vp8: eb34c28f22e8b96e1ab97ce403110664 -> 
  custom:framework-osx-AVFoundation: e770b220cccbd017edd2c1fefb359320 -> 
  custom:audio-encoder-webm-vorbis: bf7c407c2cedff20999df2af8eb42d56 -> 
  custom:container-demuxer-ogg: 62fdf1f143b41e24485cea50d1cbac27 -> 
  custom:video-decoder-webm-vp8: 9c59270c3fd7afecdb556c50c9e8de78 -> 
  custom:audio-decoder-ogg-vorbis: bf7c407c2cedff20999df2af8eb42d56 -> 
========================================================================
Received Prepare
Registering precompiled user dll's ...
Registered in 0.003666 seconds.
Begin MonoManager ReloadAssembly
Thread 0x285dd3000 may have been prematurely finalized
Symbol file LoadedFromMemory doesn't match image /Users/yj-621/Desktop/git/Kp-23-1/Myproject/Library/PackageCache/com.unity.visualscripting@1.7.8/Editor/VisualScripting.Core/Dependencies/YamlDotNet/Unity.VisualScripting.YamlDotNet.dll
Symbol file LoadedFromMemory doesn't match image /Users/yj-621/Desktop/git/Kp-23-1/Myproject/Library/PackageCache/com.unity.visualscripting@1.7.8/Editor/VisualScripting.Core/Dependencies/DotNetZip/Unity.VisualScripting.IonicZip.dll
Native extension for OSXStandalone target not found
Refreshing native plugins compatible for Editor in 0.74 ms, found 3 plugins.
Preloading 0 native plugins for Editor in 0.00 ms.
Mono: successfully reloaded assembly
- Completed reload, in  0.880 seconds
Domain Reload Profiling:
	ReloadAssembly (881ms)
		BeginReloadAssembly (118ms)
			ExecutionOrderSort (0ms)
			DisableScriptedObjects (7ms)
			BackupInstance (0ms)
			ReleaseScriptingObjects (0ms)
			CreateAndSetChildDomain (52ms)
		EndReloadAssembly (674ms)
			LoadAssemblies (51ms)
			RebuildTransferFunctionScriptingTraits (0ms)
			SetupTypeCache (237ms)
			ReleaseScriptCaches (2ms)
			RebuildScriptCaches (48ms)
			SetupLoadedEditorAssemblies (291ms)
				LogAssemblyErrors (0ms)
				InitializePlatformSupportModulesInManaged (7ms)
				SetLoadedEditorAssemblies (0ms)
				RefreshPlugins (1ms)
				BeforeProcessingInitializeOnLoad (61ms)
				ProcessInitializeOnLoadAttributes (187ms)
				ProcessInitializeOnLoadMethodAttributes (33ms)
				AfterProcessingInitializeOnLoad (1ms)
				EditorAssembliesLoaded (0ms)
			ExecutionOrderSort2 (0ms)
			AwakeInstancesAfterBackupRestoration (5ms)
Platform modules already initialized, skipping
Refreshing native plugins compatible for Editor in 4.89 ms, found 3 plugins.
Preloading 0 native plugins for Editor in 0.00 ms.
Unloading 4064 Unused Serialized files (Serialized files now loaded: 0)
Unloading 25 unused Assets / (23.0 KB). Loaded Objects now: 4586.
Memory consumption went from 334.8 MB to 334.8 MB.
Total: 6.719583 ms (FindLiveObjects: 0.286583 ms CreateObjectMapping: 0.139583 ms MarkObjects: 6.233375 ms  DeleteObjects: 0.058250 ms)

AssetImportParameters requested are different than current active one (requested -> active):
  custom:video-decoder-ogg-theora: a1e56fd34408186e4bbccfd4996cb3dc -> 
  custom:container-muxer-webm: aa71ff27fc2769a1b78a27578f13a17b -> 
  custom:container-demuxer-webm: 4f35f7cbe854078d1ac9338744f61a02 -> 
  custom:video-encoder-webm-vp8: eb34c28f22e8b96e1ab97ce403110664 -> 
  custom:framework-osx-AVFoundation: e770b220cccbd017edd2c1fefb359320 -> 
  custom:audio-encoder-webm-vorbis: bf7c407c2cedff20999df2af8eb42d56 -> 
  custom:container-demuxer-ogg: 62fdf1f143b41e24485cea50d1cbac27 -> 
  custom:video-decoder-webm-vp8: 9c59270c3fd7afecdb556c50c9e8de78 -> 
  custom:audio-decoder-ogg-vorbis: bf7c407c2cedff20999df2af8eb42d56 -> 
========================================================================
Received Import Request.
  Time since last request: 891.898423 seconds.
  path: Assets/Scenes/Map7Scene.unity
  artifactKey: Guid(e48a54928ecb2044fa159d4aa953e497) Importer(815301076,1909f56bfc062723c751e8b465ee728b)
Start importing Assets/Scenes/Map7Scene.unity using Guid(e48a54928ecb2044fa159d4aa953e497) Importer(815301076,1909f56bfc062723c751e8b465ee728b)  -> (artifact id: '37740896904461d01a0b41ab71d6600c') in 0.030137 seconds 
========================================================================
Received Import Request.
  Time since last request: 1.348765 seconds.
  path: Assets/Scenes/Map6Scene.unity
  artifactKey: Guid(2a08bb980bd64c14e9fdd3f4a380cc7f) Importer(815301076,1909f56bfc062723c751e8b465ee728b)
Start importing Assets/Scenes/Map6Scene.unity using Guid(2a08bb980bd64c14e9fdd3f4a380cc7f) Importer(815301076,1909f56bfc062723c751e8b465ee728b)  -> (artifact id: 'bbcd18087afc6b8f70ecef51fd28a428') in 0.002354 seconds 
========================================================================
Received Import Request.
  Time since last request: 0.748909 seconds.
  path: Assets/Scenes/Map5Scene.unity
  artifactKey: Guid(faba2048164f19a468816a737a042525) Importer(815301076,1909f56bfc062723c751e8b465ee728b)
Start importing Assets/Scenes/Map5Scene.unity using Guid(faba2048164f19a468816a737a042525) Importer(815301076,1909f56bfc062723c751e8b465ee728b)  -> (artifact id: 'f15811e0249d7c235a81f3511939ecdf') in 0.001741 seconds 
========================================================================
Received Prepare
Registering precompiled user dll's ...
Registered in 0.002991 seconds.
Begin MonoManager ReloadAssembly
Thread 0x285dd3000 may have been prematurely finalized
Symbol file LoadedFromMemory doesn't match image /Users/yj-621/Desktop/git/Kp-23-1/Myproject/Library/PackageCache/com.unity.visualscripting@1.7.8/Editor/VisualScripting.Core/Dependencies/YamlDotNet/Unity.VisualScripting.YamlDotNet.dll
Symbol file LoadedFromMemory doesn't match image /Users/yj-621/Desktop/git/Kp-23-1/Myproject/Library/PackageCache/com.unity.visualscripting@1.7.8/Editor/VisualScripting.Core/Dependencies/DotNetZip/Unity.VisualScripting.IonicZip.dll
Native extension for OSXStandalone target not found
Refreshing native plugins compatible for Editor in 2.24 ms, found 3 plugins.
Preloading 0 native plugins for Editor in 0.00 ms.
Mono: successfully reloaded assembly
- Completed reload, in  1.451 seconds
Domain Reload Profiling:
	ReloadAssembly (1452ms)
		BeginReloadAssembly (122ms)
			ExecutionOrderSort (0ms)
			DisableScriptedObjects (7ms)
			BackupInstance (0ms)
			ReleaseScriptingObjects (0ms)
			CreateAndSetChildDomain (54ms)
		EndReloadAssembly (1241ms)
			LoadAssemblies (53ms)
			RebuildTransferFunctionScriptingTraits (0ms)
			SetupTypeCache (398ms)
			ReleaseScriptCaches (5ms)
			RebuildScriptCaches (104ms)
			SetupLoadedEditorAssemblies (552ms)
				LogAssemblyErrors (0ms)
				InitializePlatformSupportModulesInManaged (16ms)
				SetLoadedEditorAssemblies (3ms)
				RefreshPlugins (2ms)
				BeforeProcessingInitializeOnLoad (109ms)
				ProcessInitializeOnLoadAttributes (356ms)
				ProcessInitializeOnLoadMethodAttributes (63ms)
				AfterProcessingInitializeOnLoad (2ms)
				EditorAssembliesLoaded (0ms)
			ExecutionOrderSort2 (0ms)
			AwakeInstancesAfterBackupRestoration (10ms)
Platform modules already initialized, skipping
Refreshing native plugins compatible for Editor in 5.64 ms, found 3 plugins.
Preloading 0 native plugins for Editor in 0.00 ms.
Unloading 4064 Unused Serialized files (Serialized files now loaded: 0)
Unloading 25 unused Assets / (22.0 KB). Loaded Objects now: 4589.
Memory consumption went from 338.7 MB to 338.7 MB.
Total: 9.057084 ms (FindLiveObjects: 0.497042 ms CreateObjectMapping: 0.240542 ms MarkObjects: 8.179458 ms  DeleteObjects: 0.138458 ms)

AssetImportParameters requested are different than current active one (requested -> active):
  custom:video-decoder-ogg-theora: a1e56fd34408186e4bbccfd4996cb3dc -> 
  custom:container-muxer-webm: aa71ff27fc2769a1b78a27578f13a17b -> 
  custom:container-demuxer-webm: 4f35f7cbe854078d1ac9338744f61a02 -> 
  custom:video-encoder-webm-vp8: eb34c28f22e8b96e1ab97ce403110664 -> 
  custom:framework-osx-AVFoundation: e770b220cccbd017edd2c1fefb359320 -> 
  custom:audio-encoder-webm-vorbis: bf7c407c2cedff20999df2af8eb42d56 -> 
  custom:container-demuxer-ogg: 62fdf1f143b41e24485cea50d1cbac27 -> 
  custom:video-decoder-webm-vp8: 9c59270c3fd7afecdb556c50c9e8de78 -> 
  custom:audio-decoder-ogg-vorbis: bf7c407c2cedff20999df2af8eb42d56 -> 
========================================================================
Received Import Request.
  Time since last request: 103.358985 seconds.
  path: Assets/Scenes/Map8Scene.unity
  artifactKey: Guid(4bd16b488d45ec24bbc34e8fd020eb5b) Importer(815301076,1909f56bfc062723c751e8b465ee728b)
Start importing Assets/Scenes/Map8Scene.unity using Guid(4bd16b488d45ec24bbc34e8fd020eb5b) Importer(815301076,1909f56bfc062723c751e8b465ee728b)  -> (artifact id: '9fa418ad71db3a1084377d92150f1707') in 0.008930 seconds 
========================================================================
Received Prepare
Registering precompiled user dll's ...
Registered in 0.003597 seconds.
Begin MonoManager ReloadAssembly
Thread 0x285dd3000 may have been prematurely finalized
Symbol file LoadedFromMemory doesn't match image /Users/yj-621/Desktop/git/Kp-23-1/Myproject/Library/PackageCache/com.unity.visualscripting@1.7.8/Editor/VisualScripting.Core/Dependencies/YamlDotNet/Unity.VisualScripting.YamlDotNet.dll
Symbol file LoadedFromMemory doesn't match image /Users/yj-621/Desktop/git/Kp-23-1/Myproject/Library/PackageCache/com.unity.visualscripting@1.7.8/Editor/VisualScripting.Core/Dependencies/DotNetZip/Unity.VisualScripting.IonicZip.dll
Native extension for OSXStandalone target not found
Refreshing native plugins compatible for Editor in 0.63 ms, found 3 plugins.
Preloading 0 native plugins for Editor in 0.00 ms.
Mono: successfully reloaded assembly
- Completed reload, in  0.883 seconds
Domain Reload Profiling:
	ReloadAssembly (883ms)
		BeginReloadAssembly (115ms)
			ExecutionOrderSort (0ms)
			DisableScriptedObjects (6ms)
			BackupInstance (0ms)
			ReleaseScriptingObjects (0ms)
			CreateAndSetChildDomain (42ms)
		EndReloadAssembly (681ms)
			LoadAssemblies (59ms)
			RebuildTransferFunctionScriptingTraits (0ms)
			SetupTypeCache (243ms)
			ReleaseScriptCaches (1ms)
			RebuildScriptCaches (48ms)
			SetupLoadedEditorAssemblies (292ms)
				LogAssemblyErrors (0ms)
				InitializePlatformSupportModulesInManaged (7ms)
				SetLoadedEditorAssemblies (0ms)
				RefreshPlugins (1ms)
				BeforeProcessingInitializeOnLoad (61ms)
				ProcessInitializeOnLoadAttributes (187ms)
				ProcessInitializeOnLoadMethodAttributes (34ms)
				AfterProcessingInitializeOnLoad (1ms)
				EditorAssembliesLoaded (0ms)
			ExecutionOrderSort2 (0ms)
			AwakeInstancesAfterBackupRestoration (5ms)
Platform modules already initialized, skipping
Refreshing native plugins compatible for Editor in 2.32 ms, found 3 plugins.
Preloading 0 native plugins for Editor in 0.00 ms.
Unloading 4064 Unused Serialized files (Serialized files now loaded: 0)
Unloading 25 unused Assets / (22.0 KB). Loaded Objects now: 4592.
Memory consumption went from 342.7 MB to 342.7 MB.
Total: 5.722833 ms (FindLiveObjects: 0.239084 ms CreateObjectMapping: 0.135375 ms MarkObjects: 5.317584 ms  DeleteObjects: 0.030333 ms)

AssetImportParameters requested are different than current active one (requested -> active):
  custom:video-decoder-ogg-theora: a1e56fd34408186e4bbccfd4996cb3dc -> 
  custom:container-muxer-webm: aa71ff27fc2769a1b78a27578f13a17b -> 
  custom:container-demuxer-webm: 4f35f7cbe854078d1ac9338744f61a02 -> 
  custom:video-encoder-webm-vp8: eb34c28f22e8b96e1ab97ce403110664 -> 
  custom:framework-osx-AVFoundation: e770b220cccbd017edd2c1fefb359320 -> 
  custom:audio-encoder-webm-vorbis: bf7c407c2cedff20999df2af8eb42d56 -> 
  custom:container-demuxer-ogg: 62fdf1f143b41e24485cea50d1cbac27 -> 
  custom:video-decoder-webm-vp8: 9c59270c3fd7afecdb556c50c9e8de78 -> 
  custom:audio-decoder-ogg-vorbis: bf7c407c2cedff20999df2af8eb42d56 -> 
========================================================================
Received Prepare
Registering precompiled user dll's ...
Registered in 0.002914 seconds.
Begin MonoManager ReloadAssembly
Thread 0x285dd3000 may have been prematurely finalized
Symbol file LoadedFromMemory doesn't match image /Users/yj-621/Desktop/git/Kp-23-1/Myproject/Library/PackageCache/com.unity.visualscripting@1.7.8/Editor/VisualScripting.Core/Dependencies/YamlDotNet/Unity.VisualScripting.YamlDotNet.dll
Symbol file LoadedFromMemory doesn't match image /Users/yj-621/Desktop/git/Kp-23-1/Myproject/Library/PackageCache/com.unity.visualscripting@1.7.8/Editor/VisualScripting.Core/Dependencies/DotNetZip/Unity.VisualScripting.IonicZip.dll
Native extension for OSXStandalone target not found
Refreshing native plugins compatible for Editor in 0.60 ms, found 3 plugins.
Preloading 0 native plugins for Editor in 0.00 ms.
Mono: successfully reloaded assembly
- Completed reload, in  0.857 seconds
Domain Reload Profiling:
	ReloadAssembly (858ms)
		BeginReloadAssembly (123ms)
			ExecutionOrderSort (0ms)
			DisableScriptedObjects (10ms)
			BackupInstance (0ms)
			ReleaseScriptingObjects (0ms)
			CreateAndSetChildDomain (51ms)
		EndReloadAssembly (651ms)
			LoadAssemblies (50ms)
			RebuildTransferFunctionScriptingTraits (1ms)
			SetupTypeCache (235ms)
			ReleaseScriptCaches (1ms)
			RebuildScriptCaches (44ms)
			SetupLoadedEditorAssemblies (278ms)
				LogAssemblyErrors (0ms)
				InitializePlatformSupportModulesInManaged (7ms)
				SetLoadedEditorAssemblies (1ms)
				RefreshPlugins (1ms)
				BeforeProcessingInitializeOnLoad (60ms)
				ProcessInitializeOnLoadAttributes (178ms)
				ProcessInitializeOnLoadMethodAttributes (30ms)
				AfterProcessingInitializeOnLoad (1ms)
				EditorAssembliesLoaded (0ms)
			ExecutionOrderSort2 (0ms)
			AwakeInstancesAfterBackupRestoration (5ms)
Platform modules already initialized, skipping
Refreshing native plugins compatible for Editor in 1.89 ms, found 3 plugins.
Preloading 0 native plugins for Editor in 0.00 ms.
Unloading 4064 Unused Serialized files (Serialized files now loaded: 0)
Unloading 25 unused Assets / (22.0 KB). Loaded Objects now: 4595.
Memory consumption went from 346.7 MB to 346.7 MB.
Total: 3.800625 ms (FindLiveObjects: 0.184417 ms CreateObjectMapping: 0.103125 ms MarkObjects: 3.478334 ms  DeleteObjects: 0.034084 ms)

AssetImportParameters requested are different than current active one (requested -> active):
  custom:video-decoder-ogg-theora: a1e56fd34408186e4bbccfd4996cb3dc -> 
  custom:container-muxer-webm: aa71ff27fc2769a1b78a27578f13a17b -> 
  custom:container-demuxer-webm: 4f35f7cbe854078d1ac9338744f61a02 -> 
  custom:video-encoder-webm-vp8: eb34c28f22e8b96e1ab97ce403110664 -> 
  custom:framework-osx-AVFoundation: e770b220cccbd017edd2c1fefb359320 -> 
  custom:audio-encoder-webm-vorbis: bf7c407c2cedff20999df2af8eb42d56 -> 
  custom:container-demuxer-ogg: 62fdf1f143b41e24485cea50d1cbac27 -> 
  custom:video-decoder-webm-vp8: 9c59270c3fd7afecdb556c50c9e8de78 -> 
  custom:audio-decoder-ogg-vorbis: bf7c407c2cedff20999df2af8eb42d56 -> 
========================================================================
Received Prepare
Registering precompiled user dll's ...
Registered in 0.003518 seconds.
Begin MonoManager ReloadAssembly
Thread 0x285dd3000 may have been prematurely finalized
Symbol file LoadedFromMemory doesn't match image /Users/yj-621/Desktop/git/Kp-23-1/Myproject/Library/PackageCache/com.unity.visualscripting@1.7.8/Editor/VisualScripting.Core/Dependencies/YamlDotNet/Unity.VisualScripting.YamlDotNet.dll
Symbol file LoadedFromMemory doesn't match image /Users/yj-621/Desktop/git/Kp-23-1/Myproject/Library/PackageCache/com.unity.visualscripting@1.7.8/Editor/VisualScripting.Core/Dependencies/DotNetZip/Unity.VisualScripting.IonicZip.dll
Native extension for OSXStandalone target not found
Refreshing native plugins compatible for Editor in 0.56 ms, found 3 plugins.
Preloading 0 native plugins for Editor in 0.00 ms.
Mono: successfully reloaded assembly
- Completed reload, in  0.839 seconds
Domain Reload Profiling:
	ReloadAssembly (839ms)
		BeginReloadAssembly (118ms)
			ExecutionOrderSort (0ms)
			DisableScriptedObjects (6ms)
			BackupInstance (0ms)
			ReleaseScriptingObjects (0ms)
			CreateAndSetChildDomain (51ms)
		EndReloadAssembly (634ms)
			LoadAssemblies (51ms)
			RebuildTransferFunctionScriptingTraits (0ms)
			SetupTypeCache (225ms)
			ReleaseScriptCaches (1ms)
			RebuildScriptCaches (44ms)
			SetupLoadedEditorAssemblies (271ms)
				LogAssemblyErrors (0ms)
				InitializePlatformSupportModulesInManaged (7ms)
				SetLoadedEditorAssemblies (0ms)
				RefreshPlugins (1ms)
				BeforeProcessingInitializeOnLoad (58ms)
				ProcessInitializeOnLoadAttributes (174ms)
				ProcessInitializeOnLoadMethodAttributes (31ms)
				AfterProcessingInitializeOnLoad (1ms)
				EditorAssembliesLoaded (0ms)
			ExecutionOrderSort2 (0ms)
			AwakeInstancesAfterBackupRestoration (5ms)
Platform modules already initialized, skipping
Refreshing native plugins compatible for Editor in 1.95 ms, found 3 plugins.
Preloading 0 native plugins for Editor in 0.00 ms.
Unloading 4064 Unused Serialized files (Serialized files now loaded: 0)
Unloading 25 unused Assets / (22.0 KB). Loaded Objects now: 4598.
Memory consumption went from 350.7 MB to 350.7 MB.
Total: 3.713625 ms (FindLiveObjects: 0.193875 ms CreateObjectMapping: 0.110959 ms MarkObjects: 3.381083 ms  DeleteObjects: 0.027084 ms)

AssetImportParameters requested are different than current active one (requested -> active):
  custom:video-decoder-ogg-theora: a1e56fd34408186e4bbccfd4996cb3dc -> 
  custom:container-muxer-webm: aa71ff27fc2769a1b78a27578f13a17b -> 
  custom:container-demuxer-webm: 4f35f7cbe854078d1ac9338744f61a02 -> 
  custom:video-encoder-webm-vp8: eb34c28f22e8b96e1ab97ce403110664 -> 
  custom:framework-osx-AVFoundation: e770b220cccbd017edd2c1fefb359320 -> 
  custom:audio-encoder-webm-vorbis: bf7c407c2cedff20999df2af8eb42d56 -> 
  custom:container-demuxer-ogg: 62fdf1f143b41e24485cea50d1cbac27 -> 
  custom:video-decoder-webm-vp8: 9c59270c3fd7afecdb556c50c9e8de78 -> 
  custom:audio-decoder-ogg-vorbis: bf7c407c2cedff20999df2af8eb42d56 -> 
========================================================================
Received Import Request.
  Time since last request: 166.658704 seconds.
  path: Assets/Sound/sound
  artifactKey: Guid(8864fa27e58054fd0a3aadccea2db06b) Importer(815301076,1909f56bfc062723c751e8b465ee728b)
Start importing Assets/Sound/sound using Guid(8864fa27e58054fd0a3aadccea2db06b) Importer(815301076,1909f56bfc062723c751e8b465ee728b)  -> (artifact id: 'f8bc3eff71b72cfdb669dc3e68c2f392') in 0.007178 seconds 
========================================================================
Received Import Request.
  Time since last request: 0.071496 seconds.
  path: Assets/Sound/sound/Blind.mp3
  artifactKey: Guid(5a46a7360544446ada165f26532626ab) Importer(815301076,1909f56bfc062723c751e8b465ee728b)
Start importing Assets/Sound/sound/Blind.mp3 using Guid(5a46a7360544446ada165f26532626ab) Importer(815301076,1909f56bfc062723c751e8b465ee728b)  -> (artifact id: '17f7f17e9b1eb80e3b97946ecf404a1f') in 0.133158 seconds 
========================================================================
Received Import Request.
  Time since last request: 0.000050 seconds.
  path: Assets/Sound/sound/ (2).mp3
  artifactKey: Guid(10e5543ad33bf46d2a0bb88277adef56) Importer(815301076,1909f56bfc062723c751e8b465ee728b)
Start importing Assets/Sound/sound/ (2).mp3 using Guid(10e5543ad33bf46d2a0bb88277adef56) Importer(815301076,1909f56bfc062723c751e8b465ee728b)  -> (artifact id: '23ca1b3234f25ccea80b6e0e50c8ff1c') in 0.006688 seconds 
========================================================================
Received Import Request.
  Time since last request: 0.000063 seconds.
  path: Assets/Sound/sound/.mp3
  artifactKey: Guid(b3a54f585029345a3905f91f949d5bff) Importer(815301076,1909f56bfc062723c751e8b465ee728b)
Start importing Assets/Sound/sound/.mp3 using Guid(b3a54f585029345a3905f91f949d5bff) Importer(815301076,1909f56bfc062723c751e8b465ee728b)  -> (artifact id: '4e2bae8de75bc8965ef138218967dfd8') in 0.005805 seconds 
========================================================================
Received Import Request.
  Time since last request: 0.000072 seconds.
  path: Assets/Sound/sound/ (4).mp3
  artifactKey: Guid(1f0b1c0fb38a24b70a9044f05b66d630) Importer(815301076,1909f56bfc062723c751e8b465ee728b)
Start importing Assets/Sound/sound/ (4).mp3 using Guid(1f0b1c0fb38a24b70a9044f05b66d630) Importer(815301076,1909f56bfc062723c751e8b465ee728b)  -> (artifact id: 'fb42dffad61258abe69e20bd185d12dc') in 0.004539 seconds 
========================================================================
Received Import Request.
  Time since last request: 0.000050 seconds.
  path: Assets/Sound/sound/WalkP2.mp3
  artifactKey: Guid(e38567c592e6a47b8bccdd7b3fa55ac6) Importer(815301076,1909f56bfc062723c751e8b465ee728b)
Start importing Assets/Sound/sound/WalkP2.mp3 using Guid(e38567c592e6a47b8bccdd7b3fa55ac6) Importer(815301076,1909f56bfc062723c751e8b465ee728b)  -> (artifact id: 'af00c57e8da844ecbb03320257cffc03') in 0.005041 seconds 
========================================================================
Received Import Request.
  Time since last request: 0.000061 seconds.
  path: Assets/Sound/sound/city house.mp3
  artifactKey: Guid(4c109a44507f54bf592928afad1a49be) Importer(815301076,1909f56bfc062723c751e8b465ee728b)
Start importing Assets/Sound/sound/city house.mp3 using Guid(4c109a44507f54bf592928afad1a49be) Importer(815301076,1909f56bfc062723c751e8b465ee728b)  -> (artifact id: '9929f1183e61595f59dc3ece473f718d') in 0.005153 seconds 
========================================================================
Received Import Request.
  Time since last request: 0.000046 seconds.
  path: Assets/Sound/sound/ (5).mp3
  artifactKey: Guid(3e25038a75311455d8bef66d0c152810) Importer(815301076,1909f56bfc062723c751e8b465ee728b)
Start importing Assets/Sound/sound/ (5).mp3 using Guid(3e25038a75311455d8bef66d0c152810) Importer(815301076,1909f56bfc062723c751e8b465ee728b)  -> (artifact id: 'f595ebf341a93bf84e4a4c4bb76ecee3') in 0.005880 seconds 
========================================================================
Received Import Request.
  Time since last request: 0.000044 seconds.
  path: Assets/Sound/sound/, .mp3
  artifactKey: Guid(66d849a23386547a2bfbc87c2ab0c584) Importer(815301076,1909f56bfc062723c751e8b465ee728b)
Start importing Assets/Sound/sound/, .mp3 using Guid(66d849a23386547a2bfbc87c2ab0c584) Importer(815301076,1909f56bfc062723c751e8b465ee728b)  -> (artifact id: '120e0915a1f7b185fe34d66c7bfbfd36') in 0.004802 seconds 
========================================================================
Received Import Request.
  Time since last request: 0.000065 seconds.
  path: Assets/Sound/sound/.mp3
  artifactKey: Guid(1243ffec61bd44ebfb2f2a8e7e99decf) Importer(815301076,1909f56bfc062723c751e8b465ee728b)
Start importing Assets/Sound/sound/.mp3 using Guid(1243ffec61bd44ebfb2f2a8e7e99decf) Importer(815301076,1909f56bfc062723c751e8b465ee728b)  -> (artifact id: '99c232e3ad79dcb5e93c5edbf7b84246') in 0.005599 seconds 
========================================================================
Received Import Request.
  Time since last request: 0.000078 seconds.
  path: Assets/Sound/sound/Leaf.mp3
  artifactKey: Guid(38344e5f1b1ec49bfaa4bd3dcf907770) Importer(815301076,1909f56bfc062723c751e8b465ee728b)
Start importing Assets/Sound/sound/Leaf.mp3 using Guid(38344e5f1b1ec49bfaa4bd3dcf907770) Importer(815301076,1909f56bfc062723c751e8b465ee728b)  -> (artifact id: '9731a52a0ae7600e71f58db6685ddcc0') in 0.004790 seconds 
========================================================================
Received Import Request.
  Time since last request: 0.000045 seconds.
  path: Assets/Sound/sound/forest.mp3
  artifactKey: Guid(72a381367114849d19589a3972470a8f) Importer(815301076,1909f56bfc062723c751e8b465ee728b)
Start importing Assets/Sound/sound/forest.mp3 using Guid(72a381367114849d19589a3972470a8f) Importer(815301076,1909f56bfc062723c751e8b465ee728b)  -> (artifact id: '2cfd64879f8e2073b5b3582ae5521eb7') in 0.005192 seconds 
========================================================================
Received Import Request.
  Time since last request: 0.000059 seconds.
  path: Assets/Sound/sound/.mp3
  artifactKey: Guid(226c78f4dc241481b962523f4d24a046) Importer(815301076,1909f56bfc062723c751e8b465ee728b)
Start importing Assets/Sound/sound/.mp3 using Guid(226c78f4dc241481b962523f4d24a046) Importer(815301076,1909f56bfc062723c751e8b465ee728b)  -> (artifact id: 'b692c970bdc460498038e2dbf29d6e31') in 0.005078 seconds 
========================================================================
Received Import Request.
  Time since last request: 0.000051 seconds.
  path: Assets/Sound/sound/.wav
  artifactKey: Guid(c12be6e94603c480185ee99abbefb0be) Importer(815301076,1909f56bfc062723c751e8b465ee728b)
Start importing Assets/Sound/sound/.wav using Guid(c12be6e94603c480185ee99abbefb0be) Importer(815301076,1909f56bfc062723c751e8b465ee728b)  -> (artifact id: 'a6333a2ae183a10f32725ba0282ff7f3') in 0.066204 seconds 
========================================================================
Received Import Request.
  Time since last request: 0.000054 seconds.
  path: Assets/Sound/sound/ (2).mp3
  artifactKey: Guid(e3d19a694e3f844689ca5636438fa7d1) Importer(815301076,1909f56bfc062723c751e8b465ee728b)
Start importing Assets/Sound/sound/ (2).mp3 using Guid(e3d19a694e3f844689ca5636438fa7d1) Importer(815301076,1909f56bfc062723c751e8b465ee728b)  -> (artifact id: '55a5ac6598f47d3672550dd18d7403f8') in 0.006546 seconds 
========================================================================
Received Import Request.
  Time since last request: 0.000046 seconds.
  path: Assets/Sound/sound/forest house.mp3
  artifactKey: Guid(fae95d9dd32934e39997b8d2c6557770) Importer(815301076,1909f56bfc062723c751e8b465ee728b)
Start importing Assets/Sound/sound/forest house.mp3 using Guid(fae95d9dd32934e39997b8d2c6557770) Importer(815301076,1909f56bfc062723c751e8b465ee728b)  -> (artifact id: 'c989ca14f18e3b0760d1bc876ea3cccd') in 0.005130 seconds 
========================================================================
Received Import Request.
  Time since last request: 0.000058 seconds.
  path: Assets/Sound/sound/club.mp3
  artifactKey: Guid(75b1f3b9ef3e34ff19bac207d0762764) Importer(815301076,1909f56bfc062723c751e8b465ee728b)
Start importing Assets/Sound/sound/club.mp3 using Guid(75b1f3b9ef3e34ff19bac207d0762764) Importer(815301076,1909f56bfc062723c751e8b465ee728b)  -> (artifact id: '2f2f9ab3d0aeb152d6cd337d066f3bb9') in 0.005636 seconds 
========================================================================
Received Import Request.
  Time since last request: 0.000045 seconds.
  path: Assets/Sound/sound/.mp3
  artifactKey: Guid(f63ddaceaf7964453a2720e49bc9a39b) Importer(815301076,1909f56bfc062723c751e8b465ee728b)
Start importing Assets/Sound/sound/.mp3 using Guid(f63ddaceaf7964453a2720e49bc9a39b) Importer(815301076,1909f56bfc062723c751e8b465ee728b)  -> (artifact id: 'ccc81163a9502ba58cd8e0e4cfdbc0b6') in 0.006408 seconds 
========================================================================
Received Import Request.
  Time since last request: 0.000045 seconds.
  path: Assets/Sound/sound/ .mp3
  artifactKey: Guid(141fa8cecc11d4d729f9fc839a327906) Importer(815301076,1909f56bfc062723c751e8b465ee728b)
Start importing Assets/Sound/sound/ .mp3 using Guid(141fa8cecc11d4d729f9fc839a327906) Importer(815301076,1909f56bfc062723c751e8b465ee728b)  -> (artifact id: '5b0df7e18d893729a0bcb71c5c137484') in 0.005639 seconds 
========================================================================
Received Import Request.
  Time since last request: 0.000039 seconds.
  path: Assets/Sound/sound/ (2).mp3
  artifactKey: Guid(4cbc8a3d139be4922b807f8d381c2a5d) Importer(815301076,1909f56bfc062723c751e8b465ee728b)
Start importing Assets/Sound/sound/ (2).mp3 using Guid(4cbc8a3d139be4922b807f8d381c2a5d) Importer(815301076,1909f56bfc062723c751e8b465ee728b)  -> (artifact id: '7181514c4d1e482d95c0a2877ab4e083') in 0.004964 seconds 
========================================================================
Received Import Request.
  Time since last request: 0.000040 seconds.
  path: Assets/Sound/sound/ (4).mp3
  artifactKey: Guid(1b47e866ce9ca4e7387280a7b07ef4e1) Importer(815301076,1909f56bfc062723c751e8b465ee728b)
Start importing Assets/Sound/sound/ (4).mp3 using Guid(1b47e866ce9ca4e7387280a7b07ef4e1) Importer(815301076,1909f56bfc062723c751e8b465ee728b)  -> (artifact id: 'af40481efabdb0b7f04ce3cb7a744a5c') in 0.006243 seconds 
========================================================================
Received Prepare
Registering precompiled user dll's ...
Registered in 0.003655 seconds.
Begin MonoManager ReloadAssembly
Thread 0x285dd3000 may have been prematurely finalized
Symbol file LoadedFromMemory doesn't match image /Users/yj-621/Desktop/git/Kp-23-1/Myproject/Library/PackageCache/com.unity.visualscripting@1.7.8/Editor/VisualScripting.Core/Dependencies/YamlDotNet/Unity.VisualScripting.YamlDotNet.dll
Symbol file LoadedFromMemory doesn't match image /Users/yj-621/Desktop/git/Kp-23-1/Myproject/Library/PackageCache/com.unity.visualscripting@1.7.8/Editor/VisualScripting.Core/Dependencies/DotNetZip/Unity.VisualScripting.IonicZip.dll
Native extension for OSXStandalone target not found
Refreshing native plugins compatible for Editor in 0.56 ms, found 3 plugins.
Preloading 0 native plugins for Editor in 0.00 ms.
Mono: successfully reloaded assembly
- Completed reload, in  0.832 seconds
Domain Reload Profiling:
	ReloadAssembly (833ms)
		BeginReloadAssembly (125ms)
			ExecutionOrderSort (0ms)
			DisableScriptedObjects (10ms)
			BackupInstance (0ms)
			ReleaseScriptingObjects (0ms)
			CreateAndSetChildDomain (52ms)
		EndReloadAssembly (624ms)
			LoadAssemblies (51ms)
			RebuildTransferFunctionScriptingTraits (0ms)
			SetupTypeCache (223ms)
			ReleaseScriptCaches (1ms)
			RebuildScriptCaches (42ms)
			SetupLoadedEditorAssemblies (268ms)
				LogAssemblyErrors (0ms)
				InitializePlatformSupportModulesInManaged (7ms)
				SetLoadedEditorAssemblies (0ms)
				RefreshPlugins (1ms)
				BeforeProcessingInitializeOnLoad (57ms)
				ProcessInitializeOnLoadAttributes (172ms)
				ProcessInitializeOnLoadMethodAttributes (30ms)
				AfterProcessingInitializeOnLoad (1ms)
				EditorAssembliesLoaded (0ms)
			ExecutionOrderSort2 (0ms)
			AwakeInstancesAfterBackupRestoration (5ms)
Platform modules already initialized, skipping
Refreshing native plugins compatible for Editor in 1.99 ms, found 3 plugins.
Preloading 0 native plugins for Editor in 0.00 ms.
Unloading 4064 Unused Serialized files (Serialized files now loaded: 0)
Unloading 25 unused Assets / (22.0 KB). Loaded Objects now: 4603.
Memory consumption went from 0.50 GB to 0.50 GB.
Total: 3.830292 ms (FindLiveObjects: 0.187334 ms CreateObjectMapping: 0.092292 ms MarkObjects: 3.522583 ms  DeleteObjects: 0.027291 ms)

AssetImportParameters requested are different than current active one (requested -> active):
  custom:video-decoder-ogg-theora: a1e56fd34408186e4bbccfd4996cb3dc -> 
  custom:container-muxer-webm: aa71ff27fc2769a1b78a27578f13a17b -> 
  custom:container-demuxer-webm: 4f35f7cbe854078d1ac9338744f61a02 -> 
  custom:video-encoder-webm-vp8: eb34c28f22e8b96e1ab97ce403110664 -> 
  custom:framework-osx-AVFoundation: e770b220cccbd017edd2c1fefb359320 -> 
  custom:audio-encoder-webm-vorbis: bf7c407c2cedff20999df2af8eb42d56 -> 
  custom:container-demuxer-ogg: 62fdf1f143b41e24485cea50d1cbac27 -> 
  custom:video-decoder-webm-vp8: 9c59270c3fd7afecdb556c50c9e8de78 -> 
  custom:audio-decoder-ogg-vorbis: bf7c407c2cedff20999df2af8eb42d56 -> 
========================================================================
Received Import Request.
  Time since last request: 533.608482 seconds.
  path: Assets/Scenes/Map2Scene.unity
  artifactKey: Guid(f8f8d6b064b20dc488e44fa924e642a4) Importer(815301076,1909f56bfc062723c751e8b465ee728b)
Start importing Assets/Scenes/Map2Scene.unity using Guid(f8f8d6b064b20dc488e44fa924e642a4) Importer(815301076,1909f56bfc062723c751e8b465ee728b)  -> (artifact id: '03852218a318a20dd1d76b264ce4bce1') in 0.006728 seconds 
========================================================================
Received Import Request.
  Time since last request: 1.880791 seconds.
  path: Assets/Scenes/Map3Scene.unity
  artifactKey: Guid(020b20eae31663f4193d978bd4296e03) Importer(815301076,1909f56bfc062723c751e8b465ee728b)
Start importing Assets/Scenes/Map3Scene.unity using Guid(020b20eae31663f4193d978bd4296e03) Importer(815301076,1909f56bfc062723c751e8b465ee728b)  -> (artifact id: '113989f06049d64b1df1a991038e929f') in 0.001666 seconds 
========================================================================
Received Prepare
Registering precompiled user dll's ...
Registered in 0.004478 seconds.
Begin MonoManager ReloadAssembly
Thread 0x285dd3000 may have been prematurely finalized
Symbol file LoadedFromMemory doesn't match image /Users/yj-621/Desktop/git/Kp-23-1/Myproject/Library/PackageCache/com.unity.visualscripting@1.7.8/Editor/VisualScripting.Core/Dependencies/YamlDotNet/Unity.VisualScripting.YamlDotNet.dll
Symbol file LoadedFromMemory doesn't match image /Users/yj-621/Desktop/git/Kp-23-1/Myproject/Library/PackageCache/com.unity.visualscripting@1.7.8/Editor/VisualScripting.Core/Dependencies/DotNetZip/Unity.VisualScripting.IonicZip.dll
Native extension for OSXStandalone target not found
Refreshing native plugins compatible for Editor in 0.70 ms, found 3 plugins.
Preloading 0 native plugins for Editor in 0.00 ms.
Mono: successfully reloaded assembly
- Completed reload, in  1.226 seconds
Domain Reload Profiling:
	ReloadAssembly (1227ms)
		BeginReloadAssembly (104ms)
			ExecutionOrderSort (0ms)
			DisableScriptedObjects (6ms)
			BackupInstance (0ms)
			ReleaseScriptingObjects (0ms)
			CreateAndSetChildDomain (41ms)
		EndReloadAssembly (1022ms)
			LoadAssemblies (56ms)
			RebuildTransferFunctionScriptingTraits (0ms)
			SetupTypeCache (398ms)
			ReleaseScriptCaches (2ms)
			RebuildScriptCaches (62ms)
			SetupLoadedEditorAssemblies (426ms)
				LogAssemblyErrors (0ms)
				InitializePlatformSupportModulesInManaged (9ms)
				SetLoadedEditorAssemblies (0ms)
				RefreshPlugins (1ms)
				BeforeProcessingInitializeOnLoad (84ms)
				ProcessInitializeOnLoadAttributes (282ms)
				ProcessInitializeOnLoadMethodAttributes (48ms)
				AfterProcessingInitializeOnLoad (2ms)
				EditorAssembliesLoaded (0ms)
			ExecutionOrderSort2 (0ms)
			AwakeInstancesAfterBackupRestoration (8ms)
Platform modules already initialized, skipping
Refreshing native plugins compatible for Editor in 2.15 ms, found 3 plugins.
Preloading 0 native plugins for Editor in 0.00 ms.
Unloading 4064 Unused Serialized files (Serialized files now loaded: 0)
Unloading 25 unused Assets / (23.0 KB). Loaded Objects now: 4606.
Memory consumption went from 0.50 GB to 0.50 GB.
Total: 4.009000 ms (FindLiveObjects: 0.209042 ms CreateObjectMapping: 0.099542 ms MarkObjects: 3.676042 ms  DeleteObjects: 0.023583 ms)

AssetImportParameters requested are different than current active one (requested -> active):
  custom:video-decoder-ogg-theora: a1e56fd34408186e4bbccfd4996cb3dc -> 
  custom:container-muxer-webm: aa71ff27fc2769a1b78a27578f13a17b -> 
  custom:container-demuxer-webm: 4f35f7cbe854078d1ac9338744f61a02 -> 
  custom:video-encoder-webm-vp8: eb34c28f22e8b96e1ab97ce403110664 -> 
  custom:framework-osx-AVFoundation: e770b220cccbd017edd2c1fefb359320 -> 
  custom:audio-encoder-webm-vorbis: bf7c407c2cedff20999df2af8eb42d56 -> 
  custom:container-demuxer-ogg: 62fdf1f143b41e24485cea50d1cbac27 -> 
  custom:video-decoder-webm-vp8: 9c59270c3fd7afecdb556c50c9e8de78 -> 
  custom:audio-decoder-ogg-vorbis: bf7c407c2cedff20999df2af8eb42d56 -> 
========================================================================
Received Prepare
Registering precompiled user dll's ...
Registered in 0.002745 seconds.
Begin MonoManager ReloadAssembly
Thread 0x285dd3000 may have been prematurely finalized
Symbol file LoadedFromMemory doesn't match image /Users/yj-621/Desktop/git/Kp-23-1/Myproject/Library/PackageCache/com.unity.visualscripting@1.7.8/Editor/VisualScripting.Core/Dependencies/YamlDotNet/Unity.VisualScripting.YamlDotNet.dll
Symbol file LoadedFromMemory doesn't match image /Users/yj-621/Desktop/git/Kp-23-1/Myproject/Library/PackageCache/com.unity.visualscripting@1.7.8/Editor/VisualScripting.Core/Dependencies/DotNetZip/Unity.VisualScripting.IonicZip.dll
Native extension for OSXStandalone target not found
Refreshing native plugins compatible for Editor in 0.73 ms, found 3 plugins.
Preloading 0 native plugins for Editor in 0.00 ms.
Mono: successfully reloaded assembly
- Completed reload, in  0.898 seconds
Domain Reload Profiling:
	ReloadAssembly (899ms)
		BeginReloadAssembly (131ms)
			ExecutionOrderSort (0ms)
			DisableScriptedObjects (7ms)
			BackupInstance (0ms)
			ReleaseScriptingObjects (0ms)
			CreateAndSetChildDomain (60ms)
		EndReloadAssembly (680ms)
			LoadAssemblies (53ms)
			RebuildTransferFunctionScriptingTraits (0ms)
			SetupTypeCache (240ms)
			ReleaseScriptCaches (1ms)
			RebuildScriptCaches (48ms)
			SetupLoadedEditorAssemblies (292ms)
				LogAssemblyErrors (0ms)
				InitializePlatformSupportModulesInManaged (9ms)
				SetLoadedEditorAssemblies (1ms)
				RefreshPlugins (1ms)
				BeforeProcessingInitializeOnLoad (63ms)
				ProcessInitializeOnLoadAttributes (185ms)
				ProcessInitializeOnLoadMethodAttributes (32ms)
				AfterProcessingInitializeOnLoad (1ms)
				EditorAssembliesLoaded (0ms)
			ExecutionOrderSort2 (0ms)
			AwakeInstancesAfterBackupRestoration (5ms)
Platform modules already initialized, skipping
Refreshing native plugins compatible for Editor in 1.59 ms, found 3 plugins.
Preloading 0 native plugins for Editor in 0.00 ms.
Unloading 4064 Unused Serialized files (Serialized files now loaded: 0)
Unloading 25 unused Assets / (22.0 KB). Loaded Objects now: 4609.
Memory consumption went from 0.51 GB to 0.51 GB.
Total: 4.269750 ms (FindLiveObjects: 0.273916 ms CreateObjectMapping: 0.192000 ms MarkObjects: 3.765666 ms  DeleteObjects: 0.037667 ms)

AssetImportParameters requested are different than current active one (requested -> active):
  custom:video-decoder-ogg-theora: a1e56fd34408186e4bbccfd4996cb3dc -> 
  custom:container-muxer-webm: aa71ff27fc2769a1b78a27578f13a17b -> 
  custom:container-demuxer-webm: 4f35f7cbe854078d1ac9338744f61a02 -> 
  custom:video-encoder-webm-vp8: eb34c28f22e8b96e1ab97ce403110664 -> 
  custom:framework-osx-AVFoundation: e770b220cccbd017edd2c1fefb359320 -> 
  custom:audio-encoder-webm-vorbis: bf7c407c2cedff20999df2af8eb42d56 -> 
  custom:container-demuxer-ogg: 62fdf1f143b41e24485cea50d1cbac27 -> 
  custom:video-decoder-webm-vp8: 9c59270c3fd7afecdb556c50c9e8de78 -> 
  custom:audio-decoder-ogg-vorbis: bf7c407c2cedff20999df2af8eb42d56 -> 
========================================================================
Received Import Request.
  Time since last request: 177.705664 seconds.
  path: Assets/Sound/sound/BossGet.mp3
  artifactKey: Guid(e3d19a694e3f844689ca5636438fa7d1) Importer(815301076,1909f56bfc062723c751e8b465ee728b)
Start importing Assets/Sound/sound/BossGet.mp3 using Guid(e3d19a694e3f844689ca5636438fa7d1) Importer(815301076,1909f56bfc062723c751e8b465ee728b)  -> (artifact id: 'fe587cd6e77810c5b334df8779e21dfa') in 0.040382 seconds 
========================================================================
Received Import Request.
  Time since last request: 256.180307 seconds.
  path: Assets/FadeOut.prefab
  artifactKey: Guid(27a3aa1b513b3d64498e150d8b45cd64) Importer(815301076,1909f56bfc062723c751e8b465ee728b)
Start importing Assets/FadeOut.prefab using Guid(27a3aa1b513b3d64498e150d8b45cd64) Importer(815301076,1909f56bfc062723c751e8b465ee728b)  -> (artifact id: '66448ea625006dcdb4f2cd8999d0d0c5') in 0.019615 seconds 
========================================================================
Received Import Request.
  Time since last request: 9.183806 seconds.
  path: Assets/Material
  artifactKey: Guid(91a67b60b04b3ad4bb9d6983cbfa9ff8) Importer(815301076,1909f56bfc062723c751e8b465ee728b)
Start importing Assets/Material using Guid(91a67b60b04b3ad4bb9d6983cbfa9ff8) Importer(815301076,1909f56bfc062723c751e8b465ee728b)  -> (artifact id: 'c1555f18f4189aae0c0a7063b45f93c3') in 0.001807 seconds 
========================================================================
Received Import Request.
  Time since last request: 0.085487 seconds.
  path: Assets/Material/Chat Btn.png
  artifactKey: Guid(e501c8e0a746f0842849ba02b4f7e881) Importer(815301076,1909f56bfc062723c751e8b465ee728b)
Start importing Assets/Material/Chat Btn.png using Guid(e501c8e0a746f0842849ba02b4f7e881) Importer(815301076,1909f56bfc062723c751e8b465ee728b)  -> (artifact id: '858916b1cb3e56088fd4b5801c59ca97') in 0.027934 seconds 
========================================================================
Received Import Request.
  Time since last request: 0.000046 seconds.
  path: Assets/Material/DownBtn.png
  artifactKey: Guid(71800cbf2ede81d44865fc0c01b75472) Importer(815301076,1909f56bfc062723c751e8b465ee728b)
Start importing Assets/Material/DownBtn.png using Guid(71800cbf2ede81d44865fc0c01b75472) Importer(815301076,1909f56bfc062723c751e8b465ee728b)  -> (artifact id: '88d237f2b2876c9a2ad369d7e0ae75b6') in 0.020065 seconds 
========================================================================
Received Import Request.
  Time since last request: 0.000041 seconds.
  path: Assets/Material/FadeInOut.png
  artifactKey: Guid(e741c70c2835603479dd4d60eeee67bf) Importer(815301076,1909f56bfc062723c751e8b465ee728b)
Start importing Assets/Material/FadeInOut.png using Guid(e741c70c2835603479dd4d60eeee67bf) Importer(815301076,1909f56bfc062723c751e8b465ee728b)  -> (artifact id: '87fe0bba8ceec137e6f7b4badd607f79') in 0.150761 seconds 
========================================================================
Received Import Request.
  Time since last request: 0.000086 seconds.
  path: Assets/Material/Chat.png
  artifactKey: Guid(1cb11536a0dfef74c95cb986cedead10) Importer(815301076,1909f56bfc062723c751e8b465ee728b)
Start importing Assets/Material/Chat.png using Guid(1cb11536a0dfef74c95cb986cedead10) Importer(815301076,1909f56bfc062723c751e8b465ee728b)  -> (artifact id: 'c6b6ec43306e59ec2f810dce73bacf24') in 0.108297 seconds 
========================================================================
Received Import Request.
  Time since last request: 0.000053 seconds.
  path: Assets/Material/MissonBack.png
  artifactKey: Guid(058b343c42beca849a848f37493d1c00) Importer(815301076,1909f56bfc062723c751e8b465ee728b)
Start importing Assets/Material/MissonBack.png using Guid(058b343c42beca849a848f37493d1c00) Importer(815301076,1909f56bfc062723c751e8b465ee728b)  -> (artifact id: '5136528484737334f32edcd364326cc6') in 0.035721 seconds 
========================================================================
Received Import Request.
  Time since last request: 0.000040 seconds.
  path: Assets/Material/GBtn.png
  artifactKey: Guid(bd5d0c7eef0e7e24bb018791c6538fa0) Importer(815301076,1909f56bfc062723c751e8b465ee728b)
Start importing Assets/Material/GBtn.png using Guid(bd5d0c7eef0e7e24bb018791c6538fa0) Importer(815301076,1909f56bfc062723c751e8b465ee728b)  -> (artifact id: '60c7b21a5e51927e2f6164b9fb2e3802') in 0.013062 seconds 
========================================================================
Received Import Request.
  Time since last request: 0.000044 seconds.
  path: Assets/Material/RestartBtn.png
  artifactKey: Guid(fafb6565b28c838498c965efaba9b25a) Importer(815301076,1909f56bfc062723c751e8b465ee728b)
Start importing Assets/Material/RestartBtn.png using Guid(fafb6565b28c838498c965efaba9b25a) Importer(815301076,1909f56bfc062723c751e8b465ee728b)  -> (artifact id: 'b564a385051a22b165393c6a7a3592d2') in 0.235658 seconds 
========================================================================
Received Import Request.
  Time since last request: 0.572205 seconds.
  path: Assets/Material/Player
  artifactKey: Guid(b2c46a1f17f228d4f859031f3599121f) Importer(815301076,1909f56bfc062723c751e8b465ee728b)
Start importing Assets/Material/Player using Guid(b2c46a1f17f228d4f859031f3599121f) Importer(815301076,1909f56bfc062723c751e8b465ee728b)  -> (artifact id: '4000811575633a8b365cede82fe8a283') in 0.001366 seconds 
========================================================================
Received Import Request.
  Time since last request: 0.051931 seconds.
  path: Assets/Material/Player/BlindSound.prefab
  artifactKey: Guid(7e99a59ebb1e54258a4897e1e18cccde) Importer(815301076,1909f56bfc062723c751e8b465ee728b)
Start importing Assets/Material/Player/BlindSound.prefab using Guid(7e99a59ebb1e54258a4897e1e18cccde) Importer(815301076,1909f56bfc062723c751e8b465ee728b)  -> (artifact id: '9209739e47d4e24734fc872fe4685594') in 0.003241 seconds 
========================================================================
Received Import Request.
  Time since last request: 0.000047 seconds.
  path: Assets/Material/Player/WalkSound2.prefab
  artifactKey: Guid(fd8ecbc916ce142138796395d1bbf925) Importer(815301076,1909f56bfc062723c751e8b465ee728b)
Start importing Assets/Material/Player/WalkSound2.prefab using Guid(fd8ecbc916ce142138796395d1bbf925) Importer(815301076,1909f56bfc062723c751e8b465ee728b)  -> (artifact id: 'f0a8a498984bd8851e5f737daef7f217') in 0.001904 seconds 
========================================================================
Received Import Request.
  Time since last request: 0.000048 seconds.
  path: Assets/Material/Player/Player1.prefab
  artifactKey: Guid(19cc42ad8ff345a458a417fbbce036f8) Importer(815301076,1909f56bfc062723c751e8b465ee728b)
Start importing Assets/Material/Player/Player1.prefab using Guid(19cc42ad8ff345a458a417fbbce036f8) Importer(815301076,1909f56bfc062723c751e8b465ee728b)  -> (artifact id: '0c7a6e33d1c8eb9223e68da7a4880fd5') in 0.043392 seconds 
========================================================================
Received Import Request.
  Time since last request: 0.000067 seconds.
  path: Assets/Material/Player/Player1.png
  artifactKey: Guid(dc4b438942a0b0345916221dbdba7aed) Importer(815301076,1909f56bfc062723c751e8b465ee728b)
Start importing Assets/Material/Player/Player1.png using Guid(dc4b438942a0b0345916221dbdba7aed) Importer(815301076,1909f56bfc062723c751e8b465ee728b)  -> (artifact id: '102b9bf52b9b356c7f4e103cc9f482e3') in 0.085537 seconds 
========================================================================
Received Import Request.
  Time since last request: 0.000113 seconds.
  path: Assets/Material/Player/Player2.png
  artifactKey: Guid(82e119382d82d9240a6f9fd0d4f2e5f6) Importer(815301076,1909f56bfc062723c751e8b465ee728b)
Start importing Assets/Material/Player/Player2.png using Guid(82e119382d82d9240a6f9fd0d4f2e5f6) Importer(815301076,1909f56bfc062723c751e8b465ee728b)  -> (artifact id: '45d0267272bba27d827cee60e6e6ed4d') in 0.093730 seconds 
========================================================================
Received Import Request.
  Time since last request: 41.162400 seconds.
  path: Assets/Material/Player/BossGetSound.prefab
  artifactKey: Guid(c94422c8ce5bf4d1a955cbe71c87c044) Importer(815301076,1909f56bfc062723c751e8b465ee728b)
Start importing Assets/Material/Player/BossGetSound.prefab using Guid(c94422c8ce5bf4d1a955cbe71c87c044) Importer(815301076,1909f56bfc062723c751e8b465ee728b)  -> (artifact id: '34a74a21378ceffcab6fe76eda10f503') in 0.002193 seconds 
========================================================================
Received Prepare
Registering precompiled user dll's ...
Registered in 0.003611 seconds.
Begin MonoManager ReloadAssembly
Thread 0x285dd3000 may have been prematurely finalized
Symbol file LoadedFromMemory doesn't match image /Users/yj-621/Desktop/git/Kp-23-1/Myproject/Library/PackageCache/com.unity.visualscripting@1.7.8/Editor/VisualScripting.Core/Dependencies/YamlDotNet/Unity.VisualScripting.YamlDotNet.dll
Symbol file LoadedFromMemory doesn't match image /Users/yj-621/Desktop/git/Kp-23-1/Myproject/Library/PackageCache/com.unity.visualscripting@1.7.8/Editor/VisualScripting.Core/Dependencies/DotNetZip/Unity.VisualScripting.IonicZip.dll
Native extension for OSXStandalone target not found
Refreshing native plugins compatible for Editor in 0.59 ms, found 3 plugins.
Preloading 0 native plugins for Editor in 0.00 ms.
Mono: successfully reloaded assembly
- Completed reload, in  0.880 seconds
Domain Reload Profiling:
	ReloadAssembly (881ms)
		BeginReloadAssembly (129ms)
			ExecutionOrderSort (0ms)
			DisableScriptedObjects (5ms)
			BackupInstance (0ms)
			ReleaseScriptingObjects (0ms)
			CreateAndSetChildDomain (63ms)
		EndReloadAssembly (666ms)
			LoadAssemblies (52ms)
			RebuildTransferFunctionScriptingTraits (0ms)
			SetupTypeCache (238ms)
			ReleaseScriptCaches (1ms)
			RebuildScriptCaches (48ms)
			SetupLoadedEditorAssemblies (280ms)
				LogAssemblyErrors (0ms)
				InitializePlatformSupportModulesInManaged (7ms)
				SetLoadedEditorAssemblies (1ms)
				RefreshPlugins (1ms)
				BeforeProcessingInitializeOnLoad (60ms)
				ProcessInitializeOnLoadAttributes (179ms)
				ProcessInitializeOnLoadMethodAttributes (32ms)
				AfterProcessingInitializeOnLoad (1ms)
				EditorAssembliesLoaded (0ms)
			ExecutionOrderSort2 (0ms)
			AwakeInstancesAfterBackupRestoration (5ms)
Platform modules already initialized, skipping
Refreshing native plugins compatible for Editor in 1.99 ms, found 3 plugins.
Preloading 0 native plugins for Editor in 0.00 ms.
Unloading 4064 Unused Serialized files (Serialized files now loaded: 0)
Unloading 25 unused Assets / (22.1 KB). Loaded Objects now: 4634.
Memory consumption went from 0.51 GB to 0.51 GB.
Total: 3.796791 ms (FindLiveObjects: 0.185375 ms CreateObjectMapping: 0.104250 ms MarkObjects: 3.479208 ms  DeleteObjects: 0.027375 ms)

AssetImportParameters requested are different than current active one (requested -> active):
  custom:video-decoder-ogg-theora: a1e56fd34408186e4bbccfd4996cb3dc -> 
  custom:container-muxer-webm: aa71ff27fc2769a1b78a27578f13a17b -> 
  custom:container-demuxer-webm: 4f35f7cbe854078d1ac9338744f61a02 -> 
  custom:video-encoder-webm-vp8: eb34c28f22e8b96e1ab97ce403110664 -> 
  custom:framework-osx-AVFoundation: e770b220cccbd017edd2c1fefb359320 -> 
  custom:audio-encoder-webm-vorbis: bf7c407c2cedff20999df2af8eb42d56 -> 
  custom:container-demuxer-ogg: 62fdf1f143b41e24485cea50d1cbac27 -> 
  custom:video-decoder-webm-vp8: 9c59270c3fd7afecdb556c50c9e8de78 -> 
  custom:audio-decoder-ogg-vorbis: bf7c407c2cedff20999df2af8eb42d56 -> 
========================================================================
Received Prepare
Registering precompiled user dll's ...
Registered in 0.005260 seconds.
Begin MonoManager ReloadAssembly
Thread 0x285dd3000 may have been prematurely finalized
Symbol file LoadedFromMemory doesn't match image /Users/yj-621/Desktop/git/Kp-23-1/Myproject/Library/PackageCache/com.unity.visualscripting@1.7.8/Editor/VisualScripting.Core/Dependencies/YamlDotNet/Unity.VisualScripting.YamlDotNet.dll
Symbol file LoadedFromMemory doesn't match image /Users/yj-621/Desktop/git/Kp-23-1/Myproject/Library/PackageCache/com.unity.visualscripting@1.7.8/Editor/VisualScripting.Core/Dependencies/DotNetZip/Unity.VisualScripting.IonicZip.dll
Native extension for OSXStandalone target not found
Refreshing native plugins compatible for Editor in 2.12 ms, found 3 plugins.
Preloading 0 native plugins for Editor in 0.00 ms.
Mono: successfully reloaded assembly
- Completed reload, in  1.446 seconds
Domain Reload Profiling:
	ReloadAssembly (1447ms)
		BeginReloadAssembly (120ms)
			ExecutionOrderSort (0ms)
			DisableScriptedObjects (6ms)
			BackupInstance (0ms)
			ReleaseScriptingObjects (0ms)
			CreateAndSetChildDomain (48ms)
		EndReloadAssembly (1228ms)
			LoadAssemblies (57ms)
			RebuildTransferFunctionScriptingTraits (0ms)
			SetupTypeCache (444ms)
			ReleaseScriptCaches (4ms)
			RebuildScriptCaches (93ms)
			SetupLoadedEditorAssemblies (520ms)
				LogAssemblyErrors (0ms)
				InitializePlatformSupportModulesInManaged (14ms)
				SetLoadedEditorAssemblies (1ms)
				RefreshPlugins (2ms)
				BeforeProcessingInitializeOnLoad (98ms)
				ProcessInitializeOnLoadAttributes (339ms)
				ProcessInitializeOnLoadMethodAttributes (62ms)
				AfterProcessingInitializeOnLoad (2ms)
				EditorAssembliesLoaded (0ms)
			ExecutionOrderSort2 (0ms)
			AwakeInstancesAfterBackupRestoration (10ms)
Platform modules already initialized, skipping
Refreshing native plugins compatible for Editor in 2.48 ms, found 3 plugins.
Preloading 0 native plugins for Editor in 0.00 ms.
Unloading 4064 Unused Serialized files (Serialized files now loaded: 0)
Unloading 25 unused Assets / (22.0 KB). Loaded Objects now: 4637.
Memory consumption went from 0.52 GB to 0.52 GB.
Total: 8.795208 ms (FindLiveObjects: 0.408542 ms CreateObjectMapping: 0.186375 ms MarkObjects: 8.165334 ms  DeleteObjects: 0.033833 ms)

AssetImportParameters requested are different than current active one (requested -> active):
  custom:video-decoder-ogg-theora: a1e56fd34408186e4bbccfd4996cb3dc -> 
  custom:container-muxer-webm: aa71ff27fc2769a1b78a27578f13a17b -> 
  custom:container-demuxer-webm: 4f35f7cbe854078d1ac9338744f61a02 -> 
  custom:video-encoder-webm-vp8: eb34c28f22e8b96e1ab97ce403110664 -> 
  custom:framework-osx-AVFoundation: e770b220cccbd017edd2c1fefb359320 -> 
  custom:audio-encoder-webm-vorbis: bf7c407c2cedff20999df2af8eb42d56 -> 
  custom:container-demuxer-ogg: 62fdf1f143b41e24485cea50d1cbac27 -> 
  custom:video-decoder-webm-vp8: 9c59270c3fd7afecdb556c50c9e8de78 -> 
  custom:audio-decoder-ogg-vorbis: bf7c407c2cedff20999df2af8eb42d56 -> 
========================================================================
Received Import Request.
  Time since last request: 276.054166 seconds.
  path: Assets/Material/Player/Player1.prefab
  artifactKey: Guid(19cc42ad8ff345a458a417fbbce036f8) Importer(815301076,1909f56bfc062723c751e8b465ee728b)
Start importing Assets/Material/Player/Player1.prefab using Guid(19cc42ad8ff345a458a417fbbce036f8) Importer(815301076,1909f56bfc062723c751e8b465ee728b)  -> (artifact id: 'ec886eee449b6c0ed5661e639c790ab1') in 0.118122 seconds 
