Using pre-set license
Built from '2021.3/staging' branch; Version is '2021.3.15f1 (e8e88683f834) revision 15263878'; Using compiler version '192829333'; Build Type 'Release'
OS: 'Windows 11  (10.0.22621) 64bit Core' Language: 'ko' Physical Memory: 8002 MB
BatchMode: 1, IsHumanControllingUs: 0, StartBugReporterOnCrash: 0, Is64bit: 1, IsPro: 1

COMMAND LINE ARGUMENTS:
C:\Program Files\Unity\Hub\Editor\2021.3.15f1\Editor\Unity.exe
-adb2
-batchMode
-noUpm
-name
AssetImportWorker11
-projectPath
C:/Users/dbals/GitHub/Kp-23-1/My project/My project
-logFile
Logs/AssetImportWorker11.log
-srvPort
57026
Successfully changed project path to: C:/Users/dbals/GitHub/Kp-23-1/My project/My project
C:/Users/dbals/GitHub/Kp-23-1/My project/My project
[UnityMemory] Configuration Parameters - Can be set up in boot.config
    "memorysetup-bucket-allocator-granularity=16"
    "memorysetup-bucket-allocator-bucket-count=8"
    "memorysetup-bucket-allocator-block-size=33554432"
    "memorysetup-bucket-allocator-block-count=8"
    "memorysetup-main-allocator-block-size=16777216"
    "memorysetup-thread-allocator-block-size=16777216"
    "memorysetup-gfx-main-allocator-block-size=16777216"
    "memorysetup-gfx-thread-allocator-block-size=16777216"
    "memorysetup-cache-allocator-block-size=4194304"
    "memorysetup-typetree-allocator-block-size=2097152"
    "memorysetup-profiler-bucket-allocator-granularity=16"
    "memorysetup-profiler-bucket-allocator-bucket-count=8"
    "memorysetup-profiler-bucket-allocator-block-size=33554432"
    "memorysetup-profiler-bucket-allocator-block-count=8"
    "memorysetup-profiler-allocator-block-size=16777216"
    "memorysetup-profiler-editor-allocator-block-size=1048576"
    "memorysetup-temp-allocator-size-main=16777216"
    "memorysetup-job-temp-allocator-block-size=2097152"
    "memorysetup-job-temp-allocator-block-size-background=1048576"
    "memorysetup-job-temp-allocator-reduction-small-platforms=262144"
    "memorysetup-temp-allocator-size-background-worker=32768"
    "memorysetup-temp-allocator-size-job-worker=262144"
    "memorysetup-temp-allocator-size-preload-manager=33554432"
    "memorysetup-temp-allocator-size-nav-mesh-worker=65536"
    "memorysetup-temp-allocator-size-audio-worker=65536"
    "memorysetup-temp-allocator-size-cloud-worker=32768"
    "memorysetup-temp-allocator-size-gi-baking-worker=262144"
    "memorysetup-temp-allocator-size-gfx=262144"
Player connection [4300] Host "[IP] 192.168.0.11 [Port] 0 [Flags] 2 [Guid] 2070446635 [EditorId] 2070446635 [Version] 1048832 [Id] WindowsEditor(7,LAPTOP-4MM4IDUQ) [Debug] 1 [PackageName] WindowsEditor [ProjectName] Editor" joined multi-casting on [225.0.0.222:54997]...

Player connection [4300] Host "[IP] 192.168.0.11 [Port] 0 [Flags] 2 [Guid] 2070446635 [EditorId] 2070446635 [Version] 1048832 [Id] WindowsEditor(7,LAPTOP-4MM4IDUQ) [Debug] 1 [PackageName] WindowsEditor [ProjectName] Editor" joined alternative multi-casting on [225.0.0.222:34997]...

Refreshing native plugins compatible for Editor in 464.41 ms, found 4 plugins.
Preloading 0 native plugins for Editor in 0.00 ms.
Initialize engine version: 2021.3.15f1 (e8e88683f834)
[Subsystems] Discovering subsystems at path C:/Program Files/Unity/Hub/Editor/2021.3.15f1/Editor/Data/Resources/UnitySubsystems
[Subsystems] Discovering subsystems at path C:/Users/dbals/GitHub/Kp-23-1/My project/My project/Assets
GfxDevice: creating device client; threaded=0; jobified=0
Direct3D:
    Version:  Direct3D 11.0 [level 11.1]
    Renderer: Intel(R) UHD Graphics (ID=0x9b41)
    Vendor:   Intel
    VRAM:     4001 MB
    Driver:   26.20.100.7870
Initialize mono
Mono path[0] = 'C:/Program Files/Unity/Hub/Editor/2021.3.15f1/Editor/Data/Managed'
Mono path[1] = 'C:/Program Files/Unity/Hub/Editor/2021.3.15f1/Editor/Data/MonoBleedingEdge/lib/mono/unityjit-win32'
Mono config path = 'C:/Program Files/Unity/Hub/Editor/2021.3.15f1/Editor/Data/MonoBleedingEdge/etc'
Using monoOptions --debugger-agent=transport=dt_socket,embedding=1,server=y,suspend=n,address=127.0.0.1:56976
Begin MonoManager ReloadAssembly
Registering precompiled unity dll's ...
Register platform support module: C:/Program Files/Unity/Hub/Editor/2021.3.15f1/Editor/Data/PlaybackEngines/WindowsStandaloneSupport/UnityEditor.WindowsStandalone.Extensions.dll
Registered in 0.008136 seconds.
Native extension for WindowsStandalone target not found
Refreshing native plugins compatible for Editor in 261.44 ms, found 4 plugins.
Preloading 0 native plugins for Editor in 0.00 ms.
Mono: successfully reloaded assembly
- Completed reload, in  1.698 seconds
Domain Reload Profiling:
	ReloadAssembly (1699ms)
		BeginReloadAssembly (245ms)
			ExecutionOrderSort (0ms)
			DisableScriptedObjects (0ms)
			BackupInstance (0ms)
			ReleaseScriptingObjects (0ms)
			CreateAndSetChildDomain (2ms)
		EndReloadAssembly (1187ms)
			LoadAssemblies (238ms)
			RebuildTransferFunctionScriptingTraits (0ms)
			SetupTypeCache (239ms)
			ReleaseScriptCaches (0ms)
			RebuildScriptCaches (67ms)
			SetupLoadedEditorAssemblies (755ms)
				LogAssemblyErrors (0ms)
				InitializePlatformSupportModulesInManaged (16ms)
				SetLoadedEditorAssemblies (1ms)
				RefreshPlugins (262ms)
				BeforeProcessingInitializeOnLoad (2ms)
				ProcessInitializeOnLoadAttributes (349ms)
				ProcessInitializeOnLoadMethodAttributes (125ms)
				AfterProcessingInitializeOnLoad (0ms)
				EditorAssembliesLoaded (0ms)
			ExecutionOrderSort2 (0ms)
			AwakeInstancesAfterBackupRestoration (0ms)
Platform modules already initialized, skipping
Registering precompiled user dll's ...
Registered in 0.040834 seconds.
Begin MonoManager ReloadAssembly
Symbol file LoadedFromMemory doesn't match image C:\Users\dbals\GitHub\Kp-23-1\My project\My project\Library\PackageCache\com.unity.visualscripting@1.7.8\Editor\VisualScripting.Core\Dependencies\YamlDotNet\Unity.VisualScripting.YamlDotNet.dll
Symbol file LoadedFromMemory doesn't match image C:\Users\dbals\GitHub\Kp-23-1\My project\My project\Library\PackageCache\com.unity.visualscripting@1.7.8\Editor\VisualScripting.Core\Dependencies\DotNetZip\Unity.VisualScripting.IonicZip.dll
Native extension for WindowsStandalone target not found
Refreshing native plugins compatible for Editor in 207.40 ms, found 4 plugins.
Preloading 0 native plugins for Editor in 0.00 ms.
Mono: successfully reloaded assembly
- Completed reload, in  3.094 seconds
Domain Reload Profiling:
	ReloadAssembly (3096ms)
		BeginReloadAssembly (302ms)
			ExecutionOrderSort (0ms)
			DisableScriptedObjects (22ms)
			BackupInstance (0ms)
			ReleaseScriptingObjects (0ms)
			CreateAndSetChildDomain (46ms)
		EndReloadAssembly (2459ms)
			LoadAssemblies (290ms)
			RebuildTransferFunctionScriptingTraits (0ms)
			SetupTypeCache (719ms)
			ReleaseScriptCaches (1ms)
			RebuildScriptCaches (132ms)
			SetupLoadedEditorAssemblies (1210ms)
				LogAssemblyErrors (0ms)
				InitializePlatformSupportModulesInManaged (10ms)
				SetLoadedEditorAssemblies (1ms)
				RefreshPlugins (207ms)
				BeforeProcessingInitializeOnLoad (204ms)
				ProcessInitializeOnLoadAttributes (651ms)
				ProcessInitializeOnLoadMethodAttributes (121ms)
				AfterProcessingInitializeOnLoad (15ms)
				EditorAssembliesLoaded (0ms)
			ExecutionOrderSort2 (0ms)
			AwakeInstancesAfterBackupRestoration (16ms)
Platform modules already initialized, skipping
========================================================================
Worker process is ready to serve import requests
Launched and connected shader compiler UnityShaderCompiler.exe after 0.11 seconds
Refreshing native plugins compatible for Editor in 1.33 ms, found 4 plugins.
Preloading 0 native plugins for Editor in 0.00 ms.
Unloading 4091 Unused Serialized files (Serialized files now loaded: 0)
Unloading 38 unused Assets / (56.5 KB). Loaded Objects now: 4549.
Memory consumption went from 154.1 MB to 154.0 MB.
Total: 5.885300 ms (FindLiveObjects: 0.871800 ms CreateObjectMapping: 0.571100 ms MarkObjects: 4.283200 ms  DeleteObjects: 0.157000 ms)

AssetImportParameters requested are different than current active one (requested -> active):
  custom:video-decoder-ogg-theora: a1e56fd34408186e4bbccfd4996cb3dc -> 
  custom:container-muxer-webm: aa71ff27fc2769a1b78a27578f13a17b -> 
  custom:container-demuxer-webm: 4f35f7cbe854078d1ac9338744f61a02 -> 
  custom:video-encoder-webm-vp8: eb34c28f22e8b96e1ab97ce403110664 -> 
  custom:video-codec-MediaFoundation-h265: 746d11721c4dcdbdad8f713fa42b33f4 -> 
  custom:audio-encoder-webm-vorbis: bf7c407c2cedff20999df2af8eb42d56 -> 
  custom:framework-win-MediaFoundation: 216162199b28c13a410421893ffa2e32 -> 
  custom:container-demuxer-ogg: 62fdf1f143b41e24485cea50d1cbac27 -> 
  custom:video-decoder-webm-vp8: 9c59270c3fd7afecdb556c50c9e8de78 -> 
  custom:audio-decoder-ogg-vorbis: bf7c407c2cedff20999df2af8eb42d56 -> 
========================================================================
Received Import Request.
  Time since last request: 567041.017630 seconds.
  path: Assets/Scenes/SampleScene.unity
  artifactKey: Guid(2cda990e2423bbf4892e6590ba056729) Importer(815301076,1909f56bfc062723c751e8b465ee728b)
Start importing Assets/Scenes/SampleScene.unity using Guid(2cda990e2423bbf4892e6590ba056729) Importer(815301076,1909f56bfc062723c751e8b465ee728b)  -> (artifact id: '18b5b810ec3519a55e447148b36d85b4') in 0.060914 seconds 
========================================================================
Received Prepare
Registering precompiled user dll's ...
Registered in 0.348643 seconds.
Begin MonoManager ReloadAssembly
Symbol file LoadedFromMemory doesn't match image C:\Users\dbals\GitHub\Kp-23-1\My project\My project\Library\PackageCache\com.unity.visualscripting@1.7.8\Editor\VisualScripting.Core\Dependencies\YamlDotNet\Unity.VisualScripting.YamlDotNet.dll
Symbol file LoadedFromMemory doesn't match image C:\Users\dbals\GitHub\Kp-23-1\My project\My project\Library\PackageCache\com.unity.visualscripting@1.7.8\Editor\VisualScripting.Core\Dependencies\DotNetZip\Unity.VisualScripting.IonicZip.dll
Native extension for WindowsStandalone target not found
Refreshing native plugins compatible for Editor in 2.56 ms, found 4 plugins.
Preloading 0 native plugins for Editor in 0.00 ms.
Mono: successfully reloaded assembly
- Completed reload, in  4.123 seconds
Domain Reload Profiling:
	ReloadAssembly (4134ms)
		BeginReloadAssembly (668ms)
			ExecutionOrderSort (0ms)
			DisableScriptedObjects (23ms)
			BackupInstance (0ms)
			ReleaseScriptingObjects (0ms)
			CreateAndSetChildDomain (195ms)
		EndReloadAssembly (3085ms)
			LoadAssemblies (615ms)
			RebuildTransferFunctionScriptingTraits (0ms)
			SetupTypeCache (871ms)
			ReleaseScriptCaches (3ms)
			RebuildScriptCaches (168ms)
			SetupLoadedEditorAssemblies (1262ms)
				LogAssemblyErrors (0ms)
				InitializePlatformSupportModulesInManaged (56ms)
				SetLoadedEditorAssemblies (1ms)
				RefreshPlugins (3ms)
				BeforeProcessingInitializeOnLoad (226ms)
				ProcessInitializeOnLoadAttributes (801ms)
				ProcessInitializeOnLoadMethodAttributes (137ms)
				AfterProcessingInitializeOnLoad (18ms)
				EditorAssembliesLoaded (20ms)
			ExecutionOrderSort2 (0ms)
			AwakeInstancesAfterBackupRestoration (37ms)
Platform modules already initialized, skipping
Refreshing native plugins compatible for Editor in 16.33 ms, found 4 plugins.
Preloading 0 native plugins for Editor in 0.00 ms.
Unloading 4067 Unused Serialized files (Serialized files now loaded: 0)
Unloading 25 unused Assets / (24.6 KB). Loaded Objects now: 4552.
Memory consumption went from 152.0 MB to 152.0 MB.
Total: 10.892800 ms (FindLiveObjects: 0.938800 ms CreateObjectMapping: 0.892300 ms MarkObjects: 8.998200 ms  DeleteObjects: 0.061800 ms)

AssetImportParameters requested are different than current active one (requested -> active):
  custom:video-decoder-ogg-theora: a1e56fd34408186e4bbccfd4996cb3dc -> 
  custom:container-muxer-webm: aa71ff27fc2769a1b78a27578f13a17b -> 
  custom:container-demuxer-webm: 4f35f7cbe854078d1ac9338744f61a02 -> 
  custom:video-encoder-webm-vp8: eb34c28f22e8b96e1ab97ce403110664 -> 
  custom:video-codec-MediaFoundation-h265: 746d11721c4dcdbdad8f713fa42b33f4 -> 
  custom:audio-encoder-webm-vorbis: bf7c407c2cedff20999df2af8eb42d56 -> 
  custom:framework-win-MediaFoundation: 216162199b28c13a410421893ffa2e32 -> 
  custom:container-demuxer-ogg: 62fdf1f143b41e24485cea50d1cbac27 -> 
  custom:video-decoder-webm-vp8: 9c59270c3fd7afecdb556c50c9e8de78 -> 
  custom:audio-decoder-ogg-vorbis: bf7c407c2cedff20999df2af8eb42d56 -> 
========================================================================
Received Import Request.
  Time since last request: 33.529823 seconds.
  path: Assets/Cha_ani/Idle4.png
  artifactKey: Guid(c7f45b8ca5d09c94ea2068b5b6601b62) Importer(815301076,1909f56bfc062723c751e8b465ee728b)
Start importing Assets/Cha_ani/Idle4.png using Guid(c7f45b8ca5d09c94ea2068b5b6601b62) Importer(815301076,1909f56bfc062723c751e8b465ee728b)  -> (artifact id: '1f7b286e70aeaedeb2d4f3ae8cdca9ef') in 0.453377 seconds 
========================================================================
Received Import Request.
  Time since last request: 0.000090 seconds.
  path: Assets/Cha_ani/Walk14.png
  artifactKey: Guid(53f5f959ed1ef5841b0d001de4b4f65e) Importer(815301076,1909f56bfc062723c751e8b465ee728b)
Start importing Assets/Cha_ani/Walk14.png using Guid(53f5f959ed1ef5841b0d001de4b4f65e) Importer(815301076,1909f56bfc062723c751e8b465ee728b)  -> (artifact id: '71d41530593893fedb0fa5916cba0f7b') in 0.203979 seconds 
========================================================================
Received Import Request.
  Time since last request: 0.000050 seconds.
  path: Assets/Cha_ani/Walk10.png
  artifactKey: Guid(412ed91c0ca84d545a2974d16e9752a5) Importer(815301076,1909f56bfc062723c751e8b465ee728b)
Start importing Assets/Cha_ani/Walk10.png using Guid(412ed91c0ca84d545a2974d16e9752a5) Importer(815301076,1909f56bfc062723c751e8b465ee728b)  -> (artifact id: '3efd2cadf909527a787d481ee7107d72') in 0.163225 seconds 
========================================================================
Received Import Request.
  Time since last request: 0.003847 seconds.
  path: Assets/Cha_ani/Walk16.png
  artifactKey: Guid(36660740c248daf4db589c5f18382dd6) Importer(815301076,1909f56bfc062723c751e8b465ee728b)
Start importing Assets/Cha_ani/Walk16.png using Guid(36660740c248daf4db589c5f18382dd6) Importer(815301076,1909f56bfc062723c751e8b465ee728b)  -> (artifact id: '109a62f6ba8de32b1741ea047a517765') in 0.255117 seconds 
========================================================================
Received Import Request.
  Time since last request: 0.006736 seconds.
  path: Assets/Cha_ani/Walk19.png
  artifactKey: Guid(bad9e5d924b81fb4389b273b16063eb1) Importer(815301076,1909f56bfc062723c751e8b465ee728b)
Start importing Assets/Cha_ani/Walk19.png using Guid(bad9e5d924b81fb4389b273b16063eb1) Importer(815301076,1909f56bfc062723c751e8b465ee728b)  -> (artifact id: '8a7f30ed95d8a265441a061ef85c5975') in 0.102823 seconds 
========================================================================
Received Import Request.
  Time since last request: 0.003719 seconds.
  path: Assets/Font/UhBee Bold.asset
  artifactKey: Guid(1865a718b6dab1840b6a07a5a2d4c073) Importer(815301076,1909f56bfc062723c751e8b465ee728b)
Start importing Assets/Font/UhBee Bold.asset using Guid(1865a718b6dab1840b6a07a5a2d4c073) Importer(815301076,1909f56bfc062723c751e8b465ee728b)  -> (artifact id: 'ae6a2ab3277e557f9e7aea1dfae8fc0f') in 1.738196 seconds 
========================================================================
Received Import Request.
  Time since last request: 0.000061 seconds.
  path: Assets/Cha_ani/Walk4.png
  artifactKey: Guid(bf444ef2d46e3184d993acdff7e84a60) Importer(815301076,1909f56bfc062723c751e8b465ee728b)
Start importing Assets/Cha_ani/Walk4.png using Guid(bf444ef2d46e3184d993acdff7e84a60) Importer(815301076,1909f56bfc062723c751e8b465ee728b)  -> (artifact id: '08a5bcdd83199d1de2b49f1d2e1fcab9') in 0.167001 seconds 
========================================================================
Received Import Request.
  Time since last request: 22.617601 seconds.
  path: Assets/Script
  artifactKey: Guid(5a7449155a552fc4b84682d2aff21e85) Importer(815301076,1909f56bfc062723c751e8b465ee728b)
Start importing Assets/Script using Guid(5a7449155a552fc4b84682d2aff21e85) Importer(815301076,1909f56bfc062723c751e8b465ee728b)  -> (artifact id: 'c8cb2d03faed82516324a47abde55c87') in 0.038870 seconds 
========================================================================
Received Import Request.
  Time since last request: 11.542687 seconds.
  path: Assets/Script/SoundManager.cs
  artifactKey: Guid(e18b05b6667d4404bb9116b4788f7d7a) Importer(815301076,1909f56bfc062723c751e8b465ee728b)
Start importing Assets/Script/SoundManager.cs using Guid(e18b05b6667d4404bb9116b4788f7d7a) Importer(815301076,1909f56bfc062723c751e8b465ee728b)  -> (artifact id: 'de739a85edbadd1222e4e34d3ebf53f9') in 0.113179 seconds 
========================================================================
Received Prepare
Registering precompiled user dll's ...
Registered in 0.154410 seconds.
Begin MonoManager ReloadAssembly
Symbol file LoadedFromMemory doesn't match image C:\Users\dbals\GitHub\Kp-23-1\My project\My project\Library\PackageCache\com.unity.visualscripting@1.7.8\Editor\VisualScripting.Core\Dependencies\YamlDotNet\Unity.VisualScripting.YamlDotNet.dll
Symbol file LoadedFromMemory doesn't match image C:\Users\dbals\GitHub\Kp-23-1\My project\My project\Library\PackageCache\com.unity.visualscripting@1.7.8\Editor\VisualScripting.Core\Dependencies\DotNetZip\Unity.VisualScripting.IonicZip.dll
Native extension for WindowsStandalone target not found
Refreshing native plugins compatible for Editor in 2.65 ms, found 4 plugins.
Preloading 0 native plugins for Editor in 0.00 ms.
Mono: successfully reloaded assembly
- Completed reload, in  5.110 seconds
Domain Reload Profiling:
	ReloadAssembly (5113ms)
		BeginReloadAssembly (496ms)
			ExecutionOrderSort (0ms)
			DisableScriptedObjects (23ms)
			BackupInstance (0ms)
			ReleaseScriptingObjects (0ms)
			CreateAndSetChildDomain (132ms)
		EndReloadAssembly (3941ms)
			LoadAssemblies (606ms)
			RebuildTransferFunctionScriptingTraits (0ms)
			SetupTypeCache (1065ms)
			ReleaseScriptCaches (3ms)
			RebuildScriptCaches (214ms)
			SetupLoadedEditorAssemblies (1806ms)
				LogAssemblyErrors (0ms)
				InitializePlatformSupportModulesInManaged (70ms)
				SetLoadedEditorAssemblies (4ms)
				RefreshPlugins (3ms)
				BeforeProcessingInitializeOnLoad (396ms)
				ProcessInitializeOnLoadAttributes (1118ms)
				ProcessInitializeOnLoadMethodAttributes (191ms)
				AfterProcessingInitializeOnLoad (24ms)
				EditorAssembliesLoaded (1ms)
			ExecutionOrderSort2 (0ms)
			AwakeInstancesAfterBackupRestoration (38ms)
Platform modules already initialized, skipping
Refreshing native plugins compatible for Editor in 11.35 ms, found 4 plugins.
Preloading 0 native plugins for Editor in 0.00 ms.
Unloading 4068 Unused Serialized files (Serialized files now loaded: 0)
Unloading 25 unused Assets / (24.7 KB). Loaded Objects now: 4617.
Memory consumption went from 156.8 MB to 156.7 MB.
Total: 8.701700 ms (FindLiveObjects: 0.955000 ms CreateObjectMapping: 0.681700 ms MarkObjects: 7.005200 ms  DeleteObjects: 0.057400 ms)

AssetImportParameters requested are different than current active one (requested -> active):
  custom:video-decoder-ogg-theora: a1e56fd34408186e4bbccfd4996cb3dc -> 
  custom:container-muxer-webm: aa71ff27fc2769a1b78a27578f13a17b -> 
  custom:container-demuxer-webm: 4f35f7cbe854078d1ac9338744f61a02 -> 
  custom:video-encoder-webm-vp8: eb34c28f22e8b96e1ab97ce403110664 -> 
  custom:video-codec-MediaFoundation-h265: 746d11721c4dcdbdad8f713fa42b33f4 -> 
  custom:audio-encoder-webm-vorbis: bf7c407c2cedff20999df2af8eb42d56 -> 
  custom:framework-win-MediaFoundation: 216162199b28c13a410421893ffa2e32 -> 
  custom:container-demuxer-ogg: 62fdf1f143b41e24485cea50d1cbac27 -> 
  custom:video-decoder-webm-vp8: 9c59270c3fd7afecdb556c50c9e8de78 -> 
  custom:audio-decoder-ogg-vorbis: bf7c407c2cedff20999df2af8eb42d56 -> 
========================================================================
Received Import Request.
  Time since last request: 146.715912 seconds.
  path: Assets/Script/SoundManager.cs
  artifactKey: Guid(e18b05b6667d4404bb9116b4788f7d7a) Importer(815301076,1909f56bfc062723c751e8b465ee728b)
Start importing Assets/Script/SoundManager.cs using Guid(e18b05b6667d4404bb9116b4788f7d7a) Importer(815301076,1909f56bfc062723c751e8b465ee728b)  -> (artifact id: 'c67f5e3df890e3593926a22f4958f7ba') in 0.094732 seconds 
========================================================================
Received Import Request.
  Time since last request: 8.614330 seconds.
  path: Assets/Scenes/Map0Main.unity
  artifactKey: Guid(2347b34791021914582c533cf6ae17e2) Importer(815301076,1909f56bfc062723c751e8b465ee728b)
Start importing Assets/Scenes/Map0Main.unity using Guid(2347b34791021914582c533cf6ae17e2) Importer(815301076,1909f56bfc062723c751e8b465ee728b)  -> (artifact id: '229c540cb3a3fd4f70e84b46c58f6a7f') in 0.020632 seconds 
========================================================================
Received Import Request.
  Time since last request: 26.259772 seconds.
  path: Assets/Scenes/Map2Scene.unity
  artifactKey: Guid(f8f8d6b064b20dc488e44fa924e642a4) Importer(815301076,1909f56bfc062723c751e8b465ee728b)
Start importing Assets/Scenes/Map2Scene.unity using Guid(f8f8d6b064b20dc488e44fa924e642a4) Importer(815301076,1909f56bfc062723c751e8b465ee728b)  -> (artifact id: '6a30695cd6ad3f1823d7b3f5386d2ae1') in 0.018147 seconds 
========================================================================
Received Import Request.
  Time since last request: 0.772550 seconds.
  path: Assets/Scenes/Map3Scene.unity
  artifactKey: Guid(020b20eae31663f4193d978bd4296e03) Importer(815301076,1909f56bfc062723c751e8b465ee728b)
Start importing Assets/Scenes/Map3Scene.unity using Guid(020b20eae31663f4193d978bd4296e03) Importer(815301076,1909f56bfc062723c751e8b465ee728b)  -> (artifact id: '8bfc62910503126412dad6b2ded46775') in 0.007754 seconds 
========================================================================
Received Import Request.
  Time since last request: 1.866186 seconds.
  path: Assets/Scenes/Map4-2Scene.unity
  artifactKey: Guid(0492b3ee0e0f69f47909523667bd6c51) Importer(815301076,1909f56bfc062723c751e8b465ee728b)
Start importing Assets/Scenes/Map4-2Scene.unity using Guid(0492b3ee0e0f69f47909523667bd6c51) Importer(815301076,1909f56bfc062723c751e8b465ee728b)  -> (artifact id: 'bc3322dfba90f1fe1905be6811daab1a') in 0.007962 seconds 
========================================================================
Received Import Request.
  Time since last request: 2.840143 seconds.
  path: Assets/Scenes/Map4-3Scene.unity
  artifactKey: Guid(f50864733edd50e41b20b66a32a03ab8) Importer(815301076,1909f56bfc062723c751e8b465ee728b)
Start importing Assets/Scenes/Map4-3Scene.unity using Guid(f50864733edd50e41b20b66a32a03ab8) Importer(815301076,1909f56bfc062723c751e8b465ee728b)  -> (artifact id: '03375069b5de81800d2d20a5b76aa5a0') in 0.008683 seconds 
========================================================================
Received Import Request.
  Time since last request: 0.756997 seconds.
  path: Assets/Scenes/Map4-4Scene.unity
  artifactKey: Guid(8c96070f6ed348347a310053ef69c63c) Importer(815301076,1909f56bfc062723c751e8b465ee728b)
Start importing Assets/Scenes/Map4-4Scene.unity using Guid(8c96070f6ed348347a310053ef69c63c) Importer(815301076,1909f56bfc062723c751e8b465ee728b)  -> (artifact id: '77df82312d24a5f1abe91d116266a83c') in 0.007674 seconds 
========================================================================
Received Import Request.
  Time since last request: 0.669532 seconds.
  path: Assets/Scenes/Map5Scene.unity
  artifactKey: Guid(faba2048164f19a468816a737a042525) Importer(815301076,1909f56bfc062723c751e8b465ee728b)
Start importing Assets/Scenes/Map5Scene.unity using Guid(faba2048164f19a468816a737a042525) Importer(815301076,1909f56bfc062723c751e8b465ee728b)  -> (artifact id: 'f782c9f905bb1e65ed5b542a48294c05') in 0.013233 seconds 
