Unity Editor version:    2021.3.15f1 (e8e88683f834)
Branch:                  2021.3/staging
Build type:              Release
Batch mode:              YES
macOS version:           Version 13.5.1 (Build 22G90)
Darwin version:          22.6.0
Architecture:            arm64
Running under Rosetta:   NO
Available memory:        16384 MB
Using pre-set license
Pro License: YES

COMMAND LINE ARGUMENTS:
/Applications/Unity/Hub/Editor/2021.3.15f1/Unity.app/Contents/MacOS/Unity
-adb2
-batchMode
-noUpm
-name
AssetImportWorker1
-projectPath
/Users/yj-621/Desktop/git/Kp-23-1/Myproject
-logFile
Logs/AssetImportWorker1.log
-srvPort
62007
Successfully changed project path to: /Users/yj-621/Desktop/git/Kp-23-1/Myproject
/Users/yj-621/Desktop/git/Kp-23-1/Myproject
[UnityMemory] Configuration Parameters - Can be set up in boot.config
    "memorysetup-bucket-allocator-granularity=16"
    "memorysetup-bucket-allocator-bucket-count=8"
    "memorysetup-bucket-allocator-block-size=33554432"
    "memorysetup-bucket-allocator-block-count=8"
    "memorysetup-main-allocator-block-size=16777216"
    "memorysetup-thread-allocator-block-size=16777216"
    "memorysetup-gfx-main-allocator-block-size=16777216"
    "memorysetup-gfx-thread-allocator-block-size=16777216"
    "memorysetup-cache-allocator-block-size=4194304"
    "memorysetup-typetree-allocator-block-size=2097152"
    "memorysetup-profiler-bucket-allocator-granularity=16"
    "memorysetup-profiler-bucket-allocator-bucket-count=8"
    "memorysetup-profiler-bucket-allocator-block-size=33554432"
    "memorysetup-profiler-bucket-allocator-block-count=8"
    "memorysetup-profiler-allocator-block-size=16777216"
    "memorysetup-profiler-editor-allocator-block-size=1048576"
    "memorysetup-temp-allocator-size-main=16777216"
    "memorysetup-job-temp-allocator-block-size=2097152"
    "memorysetup-job-temp-allocator-block-size-background=1048576"
    "memorysetup-job-temp-allocator-reduction-small-platforms=262144"
    "memorysetup-temp-allocator-size-background-worker=32768"
    "memorysetup-temp-allocator-size-job-worker=262144"
    "memorysetup-temp-allocator-size-preload-manager=33554432"
    "memorysetup-temp-allocator-size-nav-mesh-worker=65536"
    "memorysetup-temp-allocator-size-audio-worker=65536"
    "memorysetup-temp-allocator-size-cloud-worker=32768"
    "memorysetup-temp-allocator-size-gi-baking-worker=262144"
    "memorysetup-temp-allocator-size-gfx=262144"
Player connection [8377884800] Host "[IP] 10.106.1.99 [Port] 0 [Flags] 2 [Guid] 134913037 [EditorId] 134913037 [Version] 1048832 [Id] OSXEditor(0,jeong-yunjiui-MacBookAir.local) [Debug] 1 [PackageName] OSXEditor [ProjectName] Editor" joined multi-casting on [225.0.0.222:54997]...

Player connection [8377884800] Host "[IP] 10.106.1.99 [Port] 0 [Flags] 2 [Guid] 134913037 [EditorId] 134913037 [Version] 1048832 [Id] OSXEditor(0,jeong-yunjiui-MacBookAir.local) [Debug] 1 [PackageName] OSXEditor [ProjectName] Editor" joined alternative multi-casting on [225.0.0.222:34997]...

Refreshing native plugins compatible for Editor in 109.31 ms, found 3 plugins.
Preloading 0 native plugins for Editor in 0.00 ms.
Initialize engine version: 2021.3.15f1 (e8e88683f834)
[Subsystems] Discovering subsystems at path /Applications/Unity/Hub/Editor/2021.3.15f1/Unity.app/Contents/Resources/UnitySubsystems
[Subsystems] Discovering subsystems at path /Users/yj-621/Desktop/git/Kp-23-1/Myproject/Assets
GfxDevice: creating device client; threaded=0; jobified=0
 preferred device: Apple M2 (high power)
Metal devices available: 1
0: Apple M2 (high power)
Using device Apple M2 (high power)
Initializing Metal device caps: Apple M2
Initialize mono
Mono path[0] = '/Applications/Unity/Hub/Editor/2021.3.15f1/Unity.app/Contents/Managed'
Mono path[1] = '/Applications/Unity/Hub/Editor/2021.3.15f1/Unity.app/Contents/MonoBleedingEdge/lib/mono/unityjit-macos'
Mono config path = '/Applications/Unity/Hub/Editor/2021.3.15f1/Unity.app/Contents/MonoBleedingEdge/etc'
Using monoOptions --debugger-agent=transport=dt_socket,embedding=1,server=y,suspend=n,address=127.0.0.1:56738
Begin MonoManager ReloadAssembly
Registering precompiled unity dll's ...
Register platform support module: /Applications/Unity/Hub/Editor/2021.3.15f1/Unity.app/Contents/PlaybackEngines/MacStandaloneSupport/UnityEditor.OSXStandalone.Extensions.dll
Registered in 0.001228 seconds.
Native extension for OSXStandalone target not found
Refreshing native plugins compatible for Editor in 109.67 ms, found 3 plugins.
Preloading 0 native plugins for Editor in 0.00 ms.
Mono: successfully reloaded assembly
- Completed reload, in  0.597 seconds
Domain Reload Profiling:
	ReloadAssembly (598ms)
		BeginReloadAssembly (69ms)
			ExecutionOrderSort (0ms)
			DisableScriptedObjects (0ms)
			BackupInstance (0ms)
			ReleaseScriptingObjects (0ms)
			CreateAndSetChildDomain (1ms)
		EndReloadAssembly (432ms)
			LoadAssemblies (68ms)
			RebuildTransferFunctionScriptingTraits (0ms)
			SetupTypeCache (103ms)
			ReleaseScriptCaches (0ms)
			RebuildScriptCaches (29ms)
			SetupLoadedEditorAssemblies (260ms)
				LogAssemblyErrors (0ms)
				InitializePlatformSupportModulesInManaged (5ms)
				SetLoadedEditorAssemblies (0ms)
				RefreshPlugins (110ms)
				BeforeProcessingInitializeOnLoad (1ms)
				ProcessInitializeOnLoadAttributes (110ms)
				ProcessInitializeOnLoadMethodAttributes (35ms)
				AfterProcessingInitializeOnLoad (0ms)
				EditorAssembliesLoaded (0ms)
			ExecutionOrderSort2 (0ms)
			AwakeInstancesAfterBackupRestoration (0ms)
Platform modules already initialized, skipping
Registering precompiled user dll's ...
Registered in 0.007203 seconds.
Begin MonoManager ReloadAssembly
Symbol file LoadedFromMemory doesn't match image /Users/yj-621/Desktop/git/Kp-23-1/Myproject/Library/PackageCache/com.unity.visualscripting@1.7.8/Editor/VisualScripting.Core/Dependencies/YamlDotNet/Unity.VisualScripting.YamlDotNet.dll
Symbol file LoadedFromMemory doesn't match image /Users/yj-621/Desktop/git/Kp-23-1/Myproject/Library/PackageCache/com.unity.visualscripting@1.7.8/Editor/VisualScripting.Core/Dependencies/DotNetZip/Unity.VisualScripting.IonicZip.dll
Native extension for OSXStandalone target not found
Refreshing native plugins compatible for Editor in 110.22 ms, found 3 plugins.
Preloading 0 native plugins for Editor in 0.00 ms.
Mono: successfully reloaded assembly
- Completed reload, in  1.046 seconds
Domain Reload Profiling:
	ReloadAssembly (1046ms)
		BeginReloadAssembly (87ms)
			ExecutionOrderSort (0ms)
			DisableScriptedObjects (5ms)
			BackupInstance (0ms)
			ReleaseScriptingObjects (0ms)
			CreateAndSetChildDomain (25ms)
		EndReloadAssembly (857ms)
			LoadAssemblies (71ms)
			RebuildTransferFunctionScriptingTraits (0ms)
			SetupTypeCache (234ms)
			ReleaseScriptCaches (0ms)
			RebuildScriptCaches (55ms)
			SetupLoadedEditorAssemblies (450ms)
				LogAssemblyErrors (0ms)
				InitializePlatformSupportModulesInManaged (3ms)
				SetLoadedEditorAssemblies (0ms)
				RefreshPlugins (110ms)
				BeforeProcessingInitializeOnLoad (85ms)
				ProcessInitializeOnLoadAttributes (218ms)
				ProcessInitializeOnLoadMethodAttributes (32ms)
				AfterProcessingInitializeOnLoad (1ms)
				EditorAssembliesLoaded (0ms)
			ExecutionOrderSort2 (0ms)
			AwakeInstancesAfterBackupRestoration (3ms)
Platform modules already initialized, skipping
========================================================================
Worker process is ready to serve import requests
Launching external process: /Applications/Unity/Hub/Editor/2021.3.15f1/Unity.app/Contents/Tools/UnityShaderCompiler
Launched and connected shader compiler UnityShaderCompiler after 0.07 seconds
Refreshing native plugins compatible for Editor in 0.63 ms, found 3 plugins.
Preloading 0 native plugins for Editor in 0.00 ms.
Unloading 4096 Unused Serialized files (Serialized files now loaded: 0)
Unloading 38 unused Assets / (40.8 KB). Loaded Objects now: 4552.
Memory consumption went from 133.1 MB to 133.1 MB.
Total: 3.850416 ms (FindLiveObjects: 0.179417 ms CreateObjectMapping: 0.095417 ms MarkObjects: 3.504042 ms  DeleteObjects: 0.069583 ms)

AssetImportParameters requested are different than current active one (requested -> active):
  custom:video-decoder-ogg-theora: a1e56fd34408186e4bbccfd4996cb3dc -> 
  custom:container-muxer-webm: aa71ff27fc2769a1b78a27578f13a17b -> 
  custom:container-demuxer-webm: 4f35f7cbe854078d1ac9338744f61a02 -> 
  custom:video-encoder-webm-vp8: eb34c28f22e8b96e1ab97ce403110664 -> 
  custom:framework-osx-AVFoundation: e770b220cccbd017edd2c1fefb359320 -> 
  custom:audio-encoder-webm-vorbis: bf7c407c2cedff20999df2af8eb42d56 -> 
  custom:container-demuxer-ogg: 62fdf1f143b41e24485cea50d1cbac27 -> 
  custom:video-decoder-webm-vp8: 9c59270c3fd7afecdb556c50c9e8de78 -> 
  custom:audio-decoder-ogg-vorbis: bf7c407c2cedff20999df2af8eb42d56 -> 
========================================================================
Received Import Request.
  Time since last request: 120436.786826 seconds.
  path: Assets/FadeOut.prefab
  artifactKey: Guid(27a3aa1b513b3d64498e150d8b45cd64) Importer(815301076,1909f56bfc062723c751e8b465ee728b)
Start importing Assets/FadeOut.prefab using Guid(27a3aa1b513b3d64498e150d8b45cd64) Importer(815301076,1909f56bfc062723c751e8b465ee728b)  -> (artifact id: '69938e8554c5ed9a58e691c6a8e961e8') in 0.100395 seconds 
========================================================================
Received Import Request.
  Time since last request: 0.000056 seconds.
  path: Assets/w.png
  artifactKey: Guid(1dc674707f1cc48b1bc809574d5cf785) Importer(815301076,1909f56bfc062723c751e8b465ee728b)
Start importing Assets/w.png using Guid(1dc674707f1cc48b1bc809574d5cf785) Importer(815301076,1909f56bfc062723c751e8b465ee728b)  -> (artifact id: '6724fa12af909f9e476ff77e4c8a0991') in 0.525785 seconds 
========================================================================
Received Import Request.
  Time since last request: 0.000820 seconds.
  path: Assets/클럽맵 (1).png
  artifactKey: Guid(9ff29acb374a741239dde5da51a0742b) Importer(815301076,1909f56bfc062723c751e8b465ee728b)
Start importing Assets/클럽맵 (1).png using Guid(9ff29acb374a741239dde5da51a0742b) Importer(815301076,1909f56bfc062723c751e8b465ee728b)  -> (artifact id: 'a49f3f8698dc8e7aafa1146375c3672f') in 0.255573 seconds 
========================================================================
Received Import Request.
  Time since last request: 0.040872 seconds.
  path: Assets/RestartPanel.prefab
  artifactKey: Guid(c88a0aab5eb0dc143a4fbf1a654ae740) Importer(815301076,1909f56bfc062723c751e8b465ee728b)
Start importing Assets/RestartPanel.prefab using Guid(c88a0aab5eb0dc143a4fbf1a654ae740) Importer(815301076,1909f56bfc062723c751e8b465ee728b)  -> (artifact id: '3e6cfa79413e3e5459804cf1feeeecde') in 0.015920 seconds 
========================================================================
Received Import Request.
  Time since last request: 0.021946 seconds.
  path: Assets/FadeIn.prefab
  artifactKey: Guid(70b6f8bb1c8903c418e9d1fff95795f9) Importer(815301076,1909f56bfc062723c751e8b465ee728b)
Start importing Assets/FadeIn.prefab using Guid(70b6f8bb1c8903c418e9d1fff95795f9) Importer(815301076,1909f56bfc062723c751e8b465ee728b)  -> (artifact id: 'fdfd41f406de0efacccb9991c77dcf5e') in 0.006277 seconds 
========================================================================
Received Import Request.
  Time since last request: 0.000461 seconds.
  path: Assets/MissionController.prefab
  artifactKey: Guid(bd3e3c2ac68a42a47a4395d09126c513) Importer(815301076,1909f56bfc062723c751e8b465ee728b)
Start importing Assets/MissionController.prefab using Guid(bd3e3c2ac68a42a47a4395d09126c513) Importer(815301076,1909f56bfc062723c751e8b465ee728b)  -> (artifact id: '64e1c1135e2481705b1376d1ffd51e8f') in 0.232335 seconds 
========================================================================
Received Import Request.
  Time since last request: 74.592424 seconds.
  path: Assets/Font/UhBee mysen Bold.ttf
  artifactKey: Guid(d4b0f565033d098479a9a47f0e92cb8e) Importer(815301076,1909f56bfc062723c751e8b465ee728b)
Start importing Assets/Font/UhBee mysen Bold.ttf using Guid(d4b0f565033d098479a9a47f0e92cb8e) Importer(815301076,1909f56bfc062723c751e8b465ee728b)  -> (artifact id: '83e9e2621cd6d1b6bfc500ac75b54352') in 1.256813 seconds 
========================================================================
Received Prepare
Registering precompiled user dll's ...
Registered in 0.003037 seconds.
Begin MonoManager ReloadAssembly
Thread 0x291e4f000 may have been prematurely finalized
Symbol file LoadedFromMemory doesn't match image /Users/yj-621/Desktop/git/Kp-23-1/Myproject/Library/PackageCache/com.unity.visualscripting@1.7.8/Editor/VisualScripting.Core/Dependencies/YamlDotNet/Unity.VisualScripting.YamlDotNet.dll
Symbol file LoadedFromMemory doesn't match image /Users/yj-621/Desktop/git/Kp-23-1/Myproject/Library/PackageCache/com.unity.visualscripting@1.7.8/Editor/VisualScripting.Core/Dependencies/DotNetZip/Unity.VisualScripting.IonicZip.dll
Native extension for OSXStandalone target not found
Refreshing native plugins compatible for Editor in 0.71 ms, found 3 plugins.
Preloading 0 native plugins for Editor in 0.00 ms.
Mono: successfully reloaded assembly
- Completed reload, in  1.292 seconds
Domain Reload Profiling:
	ReloadAssembly (1293ms)
		BeginReloadAssembly (131ms)
			ExecutionOrderSort (0ms)
			DisableScriptedObjects (6ms)
			BackupInstance (0ms)
			ReleaseScriptingObjects (0ms)
			CreateAndSetChildDomain (66ms)
		EndReloadAssembly (1063ms)
			LoadAssemblies (55ms)
			RebuildTransferFunctionScriptingTraits (0ms)
			SetupTypeCache (240ms)
			ReleaseScriptCaches (1ms)
			RebuildScriptCaches (53ms)
			SetupLoadedEditorAssemblies (631ms)
				LogAssemblyErrors (0ms)
				InitializePlatformSupportModulesInManaged (8ms)
				SetLoadedEditorAssemblies (0ms)
				RefreshPlugins (1ms)
				BeforeProcessingInitializeOnLoad (87ms)
				ProcessInitializeOnLoadAttributes (455ms)
				ProcessInitializeOnLoadMethodAttributes (76ms)
				AfterProcessingInitializeOnLoad (3ms)
				EditorAssembliesLoaded (0ms)
			ExecutionOrderSort2 (0ms)
			AwakeInstancesAfterBackupRestoration (13ms)
Platform modules already initialized, skipping
Refreshing native plugins compatible for Editor in 4.07 ms, found 3 plugins.
Preloading 0 native plugins for Editor in 0.00 ms.
Unloading 4072 Unused Serialized files (Serialized files now loaded: 0)
Unloading 26 unused Assets / (22.8 KB). Loaded Objects now: 4607.
Memory consumption went from 374.7 MB to 374.6 MB.
Total: 5.746584 ms (FindLiveObjects: 0.282584 ms CreateObjectMapping: 0.133292 ms MarkObjects: 5.278833 ms  DeleteObjects: 0.051208 ms)

AssetImportParameters requested are different than current active one (requested -> active):
  custom:video-decoder-ogg-theora: a1e56fd34408186e4bbccfd4996cb3dc -> 
  custom:container-muxer-webm: aa71ff27fc2769a1b78a27578f13a17b -> 
  custom:container-demuxer-webm: 4f35f7cbe854078d1ac9338744f61a02 -> 
  custom:video-encoder-webm-vp8: eb34c28f22e8b96e1ab97ce403110664 -> 
  custom:framework-osx-AVFoundation: e770b220cccbd017edd2c1fefb359320 -> 
  custom:audio-encoder-webm-vorbis: bf7c407c2cedff20999df2af8eb42d56 -> 
  custom:container-demuxer-ogg: 62fdf1f143b41e24485cea50d1cbac27 -> 
  custom:video-decoder-webm-vp8: 9c59270c3fd7afecdb556c50c9e8de78 -> 
  custom:audio-decoder-ogg-vorbis: bf7c407c2cedff20999df2af8eb42d56 -> 
========================================================================
Received Import Request.
  Time since last request: 300.838493 seconds.
  path: Assets/Sound/sound/보스맵 (2).mp3
  artifactKey: Guid(10e5543ad33bf46d2a0bb88277adef56) Importer(815301076,1909f56bfc062723c751e8b465ee728b)
Start importing Assets/Sound/sound/보스맵 (2).mp3 using Guid(10e5543ad33bf46d2a0bb88277adef56) Importer(815301076,1909f56bfc062723c751e8b465ee728b)  -> (artifact id: '23ca1b3234f25ccea80b6e0e50c8ff1c') in 0.958943 seconds 
========================================================================
Received Import Request.
  Time since last request: 0.000160 seconds.
  path: Assets/Sound/sound/증표얻는소리.wav
  artifactKey: Guid(c12be6e94603c480185ee99abbefb0be) Importer(815301076,1909f56bfc062723c751e8b465ee728b)
Start importing Assets/Sound/sound/증표얻는소리.wav using Guid(c12be6e94603c480185ee99abbefb0be) Importer(815301076,1909f56bfc062723c751e8b465ee728b)  -> (artifact id: 'a6333a2ae183a10f32725ba0282ff7f3') in 1.181494 seconds 
========================================================================
Received Import Request.
  Time since last request: 15.098277 seconds.
  path: Assets/Sound/sound/boss fight.mp3
  artifactKey: Guid(9769ad1e698334830acb3641f8b67561) Importer(815301076,1909f56bfc062723c751e8b465ee728b)
Start importing Assets/Sound/sound/boss fight.mp3 using Guid(9769ad1e698334830acb3641f8b67561) Importer(815301076,1909f56bfc062723c751e8b465ee728b)  -> (artifact id: '103d6c8618202ee4d60896aefbdede58') in 0.006585 seconds 
========================================================================
Received Import Request.
  Time since last request: 0.000076 seconds.
  path: Assets/Sound/sound/Jump.mp3
  artifactKey: Guid(f739022a2d03440888f7631148cd8239) Importer(815301076,1909f56bfc062723c751e8b465ee728b)
Start importing Assets/Sound/sound/Jump.mp3 using Guid(f739022a2d03440888f7631148cd8239) Importer(815301076,1909f56bfc062723c751e8b465ee728b)  -> (artifact id: '010590d4d8189704c3740516fa87bfd2') in 0.006074 seconds 
========================================================================
Received Import Request.
  Time since last request: 0.000073 seconds.
  path: Assets/Sound/sound/길가식물소리.mp3
  artifactKey: Guid(3e8e346ae023b4b13bf3b19ecc931f98) Importer(815301076,1909f56bfc062723c751e8b465ee728b)
Start importing Assets/Sound/sound/길가식물소리.mp3 using Guid(3e8e346ae023b4b13bf3b19ecc931f98) Importer(815301076,1909f56bfc062723c751e8b465ee728b)  -> (artifact id: 'e243aa62c048db67a52f9ceec1e589af') in 0.006715 seconds 
========================================================================
Received Import Request.
  Time since last request: 0.000224 seconds.
  path: Assets/Sound/sound/enter drain.mp3
  artifactKey: Guid(d71df04b7990a40138eb874aea40b3a3) Importer(815301076,1909f56bfc062723c751e8b465ee728b)
Start importing Assets/Sound/sound/enter drain.mp3 using Guid(d71df04b7990a40138eb874aea40b3a3) Importer(815301076,1909f56bfc062723c751e8b465ee728b)  -> (artifact id: '16e3472384ca5dce8fdc1689afc0223e') in 0.006256 seconds 
========================================================================
Received Import Request.
  Time since last request: 0.000061 seconds.
  path: Assets/Sound/sound/뭔가얻는소리, 목표창 (2).mp3
  artifactKey: Guid(b6868cf10338c4e6e922a3cd141d40de) Importer(815301076,1909f56bfc062723c751e8b465ee728b)
Start importing Assets/Sound/sound/뭔가얻는소리, 목표창 (2).mp3 using Guid(b6868cf10338c4e6e922a3cd141d40de) Importer(815301076,1909f56bfc062723c751e8b465ee728b)  -> (artifact id: '886c8fb3c1c338c6e77bcd92690417fd') in 0.005039 seconds 
========================================================================
Received Import Request.
  Time since last request: 0.000043 seconds.
  path: Assets/Sound/sound/WalkP2.mp3
  artifactKey: Guid(e38567c592e6a47b8bccdd7b3fa55ac6) Importer(815301076,1909f56bfc062723c751e8b465ee728b)
Start importing Assets/Sound/sound/WalkP2.mp3 using Guid(e38567c592e6a47b8bccdd7b3fa55ac6) Importer(815301076,1909f56bfc062723c751e8b465ee728b)  -> (artifact id: 'af00c57e8da844ecbb03320257cffc03') in 0.004618 seconds 
========================================================================
Received Import Request.
  Time since last request: 0.000040 seconds.
  path: Assets/Sound/sound/BossGet.mp3
  artifactKey: Guid(e3d19a694e3f844689ca5636438fa7d1) Importer(815301076,1909f56bfc062723c751e8b465ee728b)
Start importing Assets/Sound/sound/BossGet.mp3 using Guid(e3d19a694e3f844689ca5636438fa7d1) Importer(815301076,1909f56bfc062723c751e8b465ee728b)  -> (artifact id: 'fe587cd6e77810c5b334df8779e21dfa') in 0.004739 seconds 
========================================================================
Received Import Request.
  Time since last request: 0.000054 seconds.
  path: Assets/Sound/sound/Button.mp3
  artifactKey: Guid(9cffca502b94c4cb38c74456b46a38eb) Importer(815301076,1909f56bfc062723c751e8b465ee728b)
Start importing Assets/Sound/sound/Button.mp3 using Guid(9cffca502b94c4cb38c74456b46a38eb) Importer(815301076,1909f56bfc062723c751e8b465ee728b)  -> (artifact id: '32cecddb4d0e587c3a1bdcf938b9b57f') in 0.005369 seconds 
========================================================================
Received Import Request.
  Time since last request: 0.000041 seconds.
  path: Assets/Sound/sound/city house.mp3
  artifactKey: Guid(4c109a44507f54bf592928afad1a49be) Importer(815301076,1909f56bfc062723c751e8b465ee728b)
Start importing Assets/Sound/sound/city house.mp3 using Guid(4c109a44507f54bf592928afad1a49be) Importer(815301076,1909f56bfc062723c751e8b465ee728b)  -> (artifact id: '9929f1183e61595f59dc3ece473f718d') in 0.005322 seconds 
========================================================================
Received Import Request.
  Time since last request: 0.000050 seconds.
  path: Assets/Sound/sound/club.mp3
  artifactKey: Guid(75b1f3b9ef3e34ff19bac207d0762764) Importer(815301076,1909f56bfc062723c751e8b465ee728b)
Start importing Assets/Sound/sound/club.mp3 using Guid(75b1f3b9ef3e34ff19bac207d0762764) Importer(815301076,1909f56bfc062723c751e8b465ee728b)  -> (artifact id: '2f2f9ab3d0aeb152d6cd337d066f3bb9') in 0.005903 seconds 
========================================================================
Received Import Request.
  Time since last request: 0.000038 seconds.
  path: Assets/Sound/sound/뭔가얻는소리, 목표창.mp3
  artifactKey: Guid(66d849a23386547a2bfbc87c2ab0c584) Importer(815301076,1909f56bfc062723c751e8b465ee728b)
Start importing Assets/Sound/sound/뭔가얻는소리, 목표창.mp3 using Guid(66d849a23386547a2bfbc87c2ab0c584) Importer(815301076,1909f56bfc062723c751e8b465ee728b)  -> (artifact id: '120e0915a1f7b185fe34d66c7bfbfd36') in 0.005486 seconds 
========================================================================
Received Import Request.
  Time since last request: 0.000036 seconds.
  path: Assets/Sound/sound/물 떨어지는 소리.mp3
  artifactKey: Guid(e65b5f63636004eb88ebcc656fcf11f0) Importer(815301076,1909f56bfc062723c751e8b465ee728b)
Start importing Assets/Sound/sound/물 떨어지는 소리.mp3 using Guid(e65b5f63636004eb88ebcc656fcf11f0) Importer(815301076,1909f56bfc062723c751e8b465ee728b)  -> (artifact id: '77a5a0b5bc49bb6a9419d9254926b03e') in 0.005933 seconds 
========================================================================
Received Import Request.
  Time since last request: 0.000035 seconds.
  path: Assets/Sound/sound/Leaf.mp3
  artifactKey: Guid(38344e5f1b1ec49bfaa4bd3dcf907770) Importer(815301076,1909f56bfc062723c751e8b465ee728b)
Start importing Assets/Sound/sound/Leaf.mp3 using Guid(38344e5f1b1ec49bfaa4bd3dcf907770) Importer(815301076,1909f56bfc062723c751e8b465ee728b)  -> (artifact id: '9731a52a0ae7600e71f58db6685ddcc0') in 0.005990 seconds 
========================================================================
Received Import Request.
  Time since last request: 0.000035 seconds.
  path: Assets/Sound/sound/forest.mp3
  artifactKey: Guid(72a381367114849d19589a3972470a8f) Importer(815301076,1909f56bfc062723c751e8b465ee728b)
Start importing Assets/Sound/sound/forest.mp3 using Guid(72a381367114849d19589a3972470a8f) Importer(815301076,1909f56bfc062723c751e8b465ee728b)  -> (artifact id: '2cfd64879f8e2073b5b3582ae5521eb7') in 0.006234 seconds 
========================================================================
Received Prepare
Registering precompiled user dll's ...
Registered in 0.004022 seconds.
Begin MonoManager ReloadAssembly
Thread 0x16f1bf000 may have been prematurely finalized
Symbol file LoadedFromMemory doesn't match image /Users/yj-621/Desktop/git/Kp-23-1/Myproject/Library/PackageCache/com.unity.visualscripting@1.7.8/Editor/VisualScripting.Core/Dependencies/YamlDotNet/Unity.VisualScripting.YamlDotNet.dll
Symbol file LoadedFromMemory doesn't match image /Users/yj-621/Desktop/git/Kp-23-1/Myproject/Library/PackageCache/com.unity.visualscripting@1.7.8/Editor/VisualScripting.Core/Dependencies/DotNetZip/Unity.VisualScripting.IonicZip.dll
Native extension for OSXStandalone target not found
Refreshing native plugins compatible for Editor in 2.85 ms, found 3 plugins.
Preloading 0 native plugins for Editor in 0.00 ms.
Mono: successfully reloaded assembly
- Completed reload, in  2.110 seconds
Domain Reload Profiling:
	ReloadAssembly (2116ms)
		BeginReloadAssembly (403ms)
			ExecutionOrderSort (0ms)
			DisableScriptedObjects (10ms)
			BackupInstance (0ms)
			ReleaseScriptingObjects (0ms)
			CreateAndSetChildDomain (261ms)
		EndReloadAssembly (1514ms)
			LoadAssemblies (125ms)
			RebuildTransferFunctionScriptingTraits (0ms)
			SetupTypeCache (522ms)
			ReleaseScriptCaches (3ms)
			RebuildScriptCaches (103ms)
			SetupLoadedEditorAssemblies (674ms)
				LogAssemblyErrors (0ms)
				InitializePlatformSupportModulesInManaged (15ms)
				SetLoadedEditorAssemblies (1ms)
				RefreshPlugins (3ms)
				BeforeProcessingInitializeOnLoad (111ms)
				ProcessInitializeOnLoadAttributes (469ms)
				ProcessInitializeOnLoadMethodAttributes (72ms)
				AfterProcessingInitializeOnLoad (4ms)
				EditorAssembliesLoaded (0ms)
			ExecutionOrderSort2 (0ms)
			AwakeInstancesAfterBackupRestoration (11ms)
Platform modules already initialized, skipping
Refreshing native plugins compatible for Editor in 5.14 ms, found 3 plugins.
Preloading 0 native plugins for Editor in 0.00 ms.
Unloading 4072 Unused Serialized files (Serialized files now loaded: 0)
Unloading 25 unused Assets / (Unknown). Loaded Objects now: 4612.
Memory consumption went from 0.52 GB to 0.52 GB.
Total: 374.232542 ms (FindLiveObjects: 0.528083 ms CreateObjectMapping: 0.268500 ms MarkObjects: 373.363459 ms  DeleteObjects: 0.070875 ms)

AssetImportParameters requested are different than current active one (requested -> active):
  custom:video-decoder-ogg-theora: a1e56fd34408186e4bbccfd4996cb3dc -> 
  custom:container-muxer-webm: aa71ff27fc2769a1b78a27578f13a17b -> 
  custom:container-demuxer-webm: 4f35f7cbe854078d1ac9338744f61a02 -> 
  custom:video-encoder-webm-vp8: eb34c28f22e8b96e1ab97ce403110664 -> 
  custom:framework-osx-AVFoundation: e770b220cccbd017edd2c1fefb359320 -> 
  custom:audio-encoder-webm-vorbis: bf7c407c2cedff20999df2af8eb42d56 -> 
  custom:container-demuxer-ogg: 62fdf1f143b41e24485cea50d1cbac27 -> 
  custom:video-decoder-webm-vp8: 9c59270c3fd7afecdb556c50c9e8de78 -> 
  custom:audio-decoder-ogg-vorbis: bf7c407c2cedff20999df2af8eb42d56 -> 
