Using pre-set license
Built from '2021.3/staging' branch; Version is '2021.3.15f1 (e8e88683f834) revision 15263878'; Using compiler version '192829333'; Build Type 'Release'
OS: 'Windows 11  (10.0.22621) 64bit Core' Language: 'ko' Physical Memory: 8002 MB
BatchMode: 1, IsHumanControllingUs: 0, StartBugReporterOnCrash: 0, Is64bit: 1, IsPro: 1

COMMAND LINE ARGUMENTS:
C:\Program Files\Unity\Hub\Editor\2021.3.15f1\Editor\Unity.exe
-adb2
-batchMode
-noUpm
-name
AssetImportWorker7
-projectPath
C:/Users/dbals/GitHub/Kp-23-1/My project/My project
-logFile
Logs/AssetImportWorker7.log
-srvPort
57026
Successfully changed project path to: C:/Users/dbals/GitHub/Kp-23-1/My project/My project
C:/Users/dbals/GitHub/Kp-23-1/My project/My project
[UnityMemory] Configuration Parameters - Can be set up in boot.config
    "memorysetup-bucket-allocator-granularity=16"
    "memorysetup-bucket-allocator-bucket-count=8"
    "memorysetup-bucket-allocator-block-size=33554432"
    "memorysetup-bucket-allocator-block-count=8"
    "memorysetup-main-allocator-block-size=16777216"
    "memorysetup-thread-allocator-block-size=16777216"
    "memorysetup-gfx-main-allocator-block-size=16777216"
    "memorysetup-gfx-thread-allocator-block-size=16777216"
    "memorysetup-cache-allocator-block-size=4194304"
    "memorysetup-typetree-allocator-block-size=2097152"
    "memorysetup-profiler-bucket-allocator-granularity=16"
    "memorysetup-profiler-bucket-allocator-bucket-count=8"
    "memorysetup-profiler-bucket-allocator-block-size=33554432"
    "memorysetup-profiler-bucket-allocator-block-count=8"
    "memorysetup-profiler-allocator-block-size=16777216"
    "memorysetup-profiler-editor-allocator-block-size=1048576"
    "memorysetup-temp-allocator-size-main=16777216"
    "memorysetup-job-temp-allocator-block-size=2097152"
    "memorysetup-job-temp-allocator-block-size-background=1048576"
    "memorysetup-job-temp-allocator-reduction-small-platforms=262144"
    "memorysetup-temp-allocator-size-background-worker=32768"
    "memorysetup-temp-allocator-size-job-worker=262144"
    "memorysetup-temp-allocator-size-preload-manager=33554432"
    "memorysetup-temp-allocator-size-nav-mesh-worker=65536"
    "memorysetup-temp-allocator-size-audio-worker=65536"
    "memorysetup-temp-allocator-size-cloud-worker=32768"
    "memorysetup-temp-allocator-size-gi-baking-worker=262144"
    "memorysetup-temp-allocator-size-gfx=262144"
Player connection [4664] Host "[IP] 192.168.0.11 [Port] 0 [Flags] 2 [Guid] 448306476 [EditorId] 448306476 [Version] 1048832 [Id] WindowsEditor(7,LAPTOP-4MM4IDUQ) [Debug] 1 [PackageName] WindowsEditor [ProjectName] Editor" joined multi-casting on [225.0.0.222:54997]...

Player connection [4664] Host "[IP] 192.168.0.11 [Port] 0 [Flags] 2 [Guid] 448306476 [EditorId] 448306476 [Version] 1048832 [Id] WindowsEditor(7,LAPTOP-4MM4IDUQ) [Debug] 1 [PackageName] WindowsEditor [ProjectName] Editor" joined alternative multi-casting on [225.0.0.222:34997]...

Refreshing native plugins compatible for Editor in 867.78 ms, found 4 plugins.
Preloading 0 native plugins for Editor in 0.00 ms.
Initialize engine version: 2021.3.15f1 (e8e88683f834)
[Subsystems] Discovering subsystems at path C:/Program Files/Unity/Hub/Editor/2021.3.15f1/Editor/Data/Resources/UnitySubsystems
[Subsystems] Discovering subsystems at path C:/Users/dbals/GitHub/Kp-23-1/My project/My project/Assets
GfxDevice: creating device client; threaded=0; jobified=0
Direct3D:
    Version:  Direct3D 11.0 [level 11.1]
    Renderer: Intel(R) UHD Graphics (ID=0x9b41)
    Vendor:   Intel
    VRAM:     4001 MB
    Driver:   26.20.100.7870
Initialize mono
Mono path[0] = 'C:/Program Files/Unity/Hub/Editor/2021.3.15f1/Editor/Data/Managed'
Mono path[1] = 'C:/Program Files/Unity/Hub/Editor/2021.3.15f1/Editor/Data/MonoBleedingEdge/lib/mono/unityjit-win32'
Mono config path = 'C:/Program Files/Unity/Hub/Editor/2021.3.15f1/Editor/Data/MonoBleedingEdge/etc'
Using monoOptions --debugger-agent=transport=dt_socket,embedding=1,server=y,suspend=n,address=127.0.0.1:56208
Begin MonoManager ReloadAssembly
Registering precompiled unity dll's ...
Register platform support module: C:/Program Files/Unity/Hub/Editor/2021.3.15f1/Editor/Data/PlaybackEngines/WindowsStandaloneSupport/UnityEditor.WindowsStandalone.Extensions.dll
Registered in 0.013526 seconds.
Native extension for WindowsStandalone target not found
Refreshing native plugins compatible for Editor in 392.97 ms, found 4 plugins.
Preloading 0 native plugins for Editor in 0.00 ms.
Mono: successfully reloaded assembly
- Completed reload, in  3.428 seconds
Domain Reload Profiling:
	ReloadAssembly (3429ms)
		BeginReloadAssembly (565ms)
			ExecutionOrderSort (0ms)
			DisableScriptedObjects (0ms)
			BackupInstance (0ms)
			ReleaseScriptingObjects (0ms)
			CreateAndSetChildDomain (5ms)
		EndReloadAssembly (2219ms)
			LoadAssemblies (556ms)
			RebuildTransferFunctionScriptingTraits (0ms)
			SetupTypeCache (752ms)
			ReleaseScriptCaches (0ms)
			RebuildScriptCaches (117ms)
			SetupLoadedEditorAssemblies (1067ms)
				LogAssemblyErrors (0ms)
				InitializePlatformSupportModulesInManaged (34ms)
				SetLoadedEditorAssemblies (1ms)
				RefreshPlugins (393ms)
				BeforeProcessingInitializeOnLoad (5ms)
				ProcessInitializeOnLoadAttributes (464ms)
				ProcessInitializeOnLoadMethodAttributes (168ms)
				AfterProcessingInitializeOnLoad (0ms)
				EditorAssembliesLoaded (0ms)
			ExecutionOrderSort2 (0ms)
			AwakeInstancesAfterBackupRestoration (0ms)
Platform modules already initialized, skipping
Registering precompiled user dll's ...
Registered in 0.118194 seconds.
Begin MonoManager ReloadAssembly
Symbol file LoadedFromMemory doesn't match image C:\Users\dbals\GitHub\Kp-23-1\My project\My project\Library\PackageCache\com.unity.visualscripting@1.7.8\Editor\VisualScripting.Core\Dependencies\YamlDotNet\Unity.VisualScripting.YamlDotNet.dll
Symbol file LoadedFromMemory doesn't match image C:\Users\dbals\GitHub\Kp-23-1\My project\My project\Library\PackageCache\com.unity.visualscripting@1.7.8\Editor\VisualScripting.Core\Dependencies\DotNetZip\Unity.VisualScripting.IonicZip.dll
Native extension for WindowsStandalone target not found
Refreshing native plugins compatible for Editor in 447.25 ms, found 4 plugins.
Preloading 0 native plugins for Editor in 0.00 ms.
Mono: successfully reloaded assembly
- Completed reload, in  6.739 seconds
Domain Reload Profiling:
	ReloadAssembly (6741ms)
		BeginReloadAssembly (450ms)
			ExecutionOrderSort (0ms)
			DisableScriptedObjects (44ms)
			BackupInstance (0ms)
			ReleaseScriptingObjects (0ms)
			CreateAndSetChildDomain (49ms)
		EndReloadAssembly (5803ms)
			LoadAssemblies (1071ms)
			RebuildTransferFunctionScriptingTraits (0ms)
			SetupTypeCache (1381ms)
			ReleaseScriptCaches (2ms)
			RebuildScriptCaches (253ms)
			SetupLoadedEditorAssemblies (2976ms)
				LogAssemblyErrors (0ms)
				InitializePlatformSupportModulesInManaged (27ms)
				SetLoadedEditorAssemblies (1ms)
				RefreshPlugins (447ms)
				BeforeProcessingInitializeOnLoad (626ms)
				ProcessInitializeOnLoadAttributes (1698ms)
				ProcessInitializeOnLoadMethodAttributes (165ms)
				AfterProcessingInitializeOnLoad (12ms)
				EditorAssembliesLoaded (1ms)
			ExecutionOrderSort2 (0ms)
			AwakeInstancesAfterBackupRestoration (20ms)
Platform modules already initialized, skipping
========================================================================
Worker process is ready to serve import requests
Launched and connected shader compiler UnityShaderCompiler.exe after 0.21 seconds
Refreshing native plugins compatible for Editor in 8.83 ms, found 4 plugins.
Preloading 0 native plugins for Editor in 0.00 ms.
Unloading 4091 Unused Serialized files (Serialized files now loaded: 0)
Unloading 38 unused Assets / (56.5 KB). Loaded Objects now: 4549.
Memory consumption went from 154.3 MB to 154.2 MB.
Total: 9.891900 ms (FindLiveObjects: 0.753600 ms CreateObjectMapping: 0.619000 ms MarkObjects: 8.364500 ms  DeleteObjects: 0.152600 ms)

AssetImportParameters requested are different than current active one (requested -> active):
  custom:video-decoder-ogg-theora: a1e56fd34408186e4bbccfd4996cb3dc -> 
  custom:container-muxer-webm: aa71ff27fc2769a1b78a27578f13a17b -> 
  custom:container-demuxer-webm: 4f35f7cbe854078d1ac9338744f61a02 -> 
  custom:video-encoder-webm-vp8: eb34c28f22e8b96e1ab97ce403110664 -> 
  custom:video-codec-MediaFoundation-h265: 746d11721c4dcdbdad8f713fa42b33f4 -> 
  custom:audio-encoder-webm-vorbis: bf7c407c2cedff20999df2af8eb42d56 -> 
  custom:framework-win-MediaFoundation: 216162199b28c13a410421893ffa2e32 -> 
  custom:container-demuxer-ogg: 62fdf1f143b41e24485cea50d1cbac27 -> 
  custom:video-decoder-webm-vp8: 9c59270c3fd7afecdb556c50c9e8de78 -> 
  custom:audio-decoder-ogg-vorbis: bf7c407c2cedff20999df2af8eb42d56 -> 
========================================================================
Received Prepare
Registering precompiled user dll's ...
Registered in 0.282794 seconds.
Begin MonoManager ReloadAssembly
Symbol file LoadedFromMemory doesn't match image C:\Users\dbals\GitHub\Kp-23-1\My project\My project\Library\PackageCache\com.unity.visualscripting@1.7.8\Editor\VisualScripting.Core\Dependencies\YamlDotNet\Unity.VisualScripting.YamlDotNet.dll
Symbol file LoadedFromMemory doesn't match image C:\Users\dbals\GitHub\Kp-23-1\My project\My project\Library\PackageCache\com.unity.visualscripting@1.7.8\Editor\VisualScripting.Core\Dependencies\DotNetZip\Unity.VisualScripting.IonicZip.dll
Native extension for WindowsStandalone target not found
Refreshing native plugins compatible for Editor in 3.05 ms, found 4 plugins.
Preloading 0 native plugins for Editor in 0.00 ms.
Mono: successfully reloaded assembly
- Completed reload, in  5.944 seconds
Domain Reload Profiling:
	ReloadAssembly (5946ms)
		BeginReloadAssembly (640ms)
			ExecutionOrderSort (0ms)
			DisableScriptedObjects (47ms)
			BackupInstance (0ms)
			ReleaseScriptingObjects (2ms)
			CreateAndSetChildDomain (213ms)
		EndReloadAssembly (4743ms)
			LoadAssemblies (599ms)
			RebuildTransferFunctionScriptingTraits (0ms)
			SetupTypeCache (1556ms)
			ReleaseScriptCaches (4ms)
			RebuildScriptCaches (370ms)
			SetupLoadedEditorAssemblies (1872ms)
				LogAssemblyErrors (0ms)
				InitializePlatformSupportModulesInManaged (138ms)
				SetLoadedEditorAssemblies (5ms)
				RefreshPlugins (3ms)
				BeforeProcessingInitializeOnLoad (408ms)
				ProcessInitializeOnLoadAttributes (1156ms)
				ProcessInitializeOnLoadMethodAttributes (134ms)
				AfterProcessingInitializeOnLoad (23ms)
				EditorAssembliesLoaded (3ms)
			ExecutionOrderSort2 (0ms)
			AwakeInstancesAfterBackupRestoration (31ms)
Platform modules already initialized, skipping
Refreshing native plugins compatible for Editor in 13.38 ms, found 4 plugins.
Preloading 0 native plugins for Editor in 0.00 ms.
Unloading 4067 Unused Serialized files (Serialized files now loaded: 0)
Unloading 25 unused Assets / (24.6 KB). Loaded Objects now: 4552.
Memory consumption went from 152.3 MB to 152.2 MB.
Total: 11.605600 ms (FindLiveObjects: 0.646300 ms CreateObjectMapping: 0.624000 ms MarkObjects: 10.265400 ms  DeleteObjects: 0.067500 ms)

AssetImportParameters requested are different than current active one (requested -> active):
  custom:video-decoder-ogg-theora: a1e56fd34408186e4bbccfd4996cb3dc -> 
  custom:container-muxer-webm: aa71ff27fc2769a1b78a27578f13a17b -> 
  custom:container-demuxer-webm: 4f35f7cbe854078d1ac9338744f61a02 -> 
  custom:video-encoder-webm-vp8: eb34c28f22e8b96e1ab97ce403110664 -> 
  custom:video-codec-MediaFoundation-h265: 746d11721c4dcdbdad8f713fa42b33f4 -> 
  custom:audio-encoder-webm-vorbis: bf7c407c2cedff20999df2af8eb42d56 -> 
  custom:framework-win-MediaFoundation: 216162199b28c13a410421893ffa2e32 -> 
  custom:container-demuxer-ogg: 62fdf1f143b41e24485cea50d1cbac27 -> 
  custom:video-decoder-webm-vp8: 9c59270c3fd7afecdb556c50c9e8de78 -> 
  custom:audio-decoder-ogg-vorbis: bf7c407c2cedff20999df2af8eb42d56 -> 
========================================================================
Received Import Request.
  Time since last request: 566729.208380 seconds.
  path: Assets/Sound/sound/보스맵 (2).mp3
  artifactKey: Guid(10e5543ad33bf46d2a0bb88277adef56) Importer(815301076,1909f56bfc062723c751e8b465ee728b)
Start importing Assets/Sound/sound/보스맵 (2).mp3 using Guid(10e5543ad33bf46d2a0bb88277adef56) Importer(815301076,1909f56bfc062723c751e8b465ee728b)  -> (artifact id: 'fd502ca5a3243b3e252e35873fad9895') in 0.529082 seconds 
========================================================================
Received Import Request.
  Time since last request: 0.000058 seconds.
  path: Assets/Sound/sound/점프, 뭔가얻는소리.mp3
  artifactKey: Guid(f739022a2d03440888f7631148cd8239) Importer(815301076,1909f56bfc062723c751e8b465ee728b)
Start importing Assets/Sound/sound/점프, 뭔가얻는소리.mp3 using Guid(f739022a2d03440888f7631148cd8239) Importer(815301076,1909f56bfc062723c751e8b465ee728b)  -> (artifact id: 'd253a1cf055e00ec7a8f5ac2fc346579') in 0.113268 seconds 
========================================================================
Received Import Request.
  Time since last request: 0.000040 seconds.
  path: Assets/Sound/새 폴더/점프, 뭔가얻는소리.mp3
  artifactKey: Guid(c0420a14123dd4b4b9535d5c99ef793d) Importer(815301076,1909f56bfc062723c751e8b465ee728b)
Start importing Assets/Sound/새 폴더/점프, 뭔가얻는소리.mp3 using Guid(c0420a14123dd4b4b9535d5c99ef793d) Importer(815301076,1909f56bfc062723c751e8b465ee728b)  -> (artifact id: 'f7fee051fdd7327c18a36abadad6c018') in 0.098318 seconds 
========================================================================
Received Import Request.
  Time since last request: 0.000590 seconds.
  path: Assets/Sound/새 폴더/죽는소리 (2).mp3
  artifactKey: Guid(8af754a7252354ae0b53c8ca4c86b59c) Importer(815301076,1909f56bfc062723c751e8b465ee728b)
Start importing Assets/Sound/새 폴더/죽는소리 (2).mp3 using Guid(8af754a7252354ae0b53c8ca4c86b59c) Importer(815301076,1909f56bfc062723c751e8b465ee728b)  -> (artifact id: '746d79aec11569cd5d1f4716bf35af0f') in 0.109749 seconds 
========================================================================
Received Import Request.
  Time since last request: 0.000048 seconds.
  path: Assets/Sound/sound/뭔가얻는소리 (4).mp3
  artifactKey: Guid(1f0b1c0fb38a24b70a9044f05b66d630) Importer(815301076,1909f56bfc062723c751e8b465ee728b)
Start importing Assets/Sound/sound/뭔가얻는소리 (4).mp3 using Guid(1f0b1c0fb38a24b70a9044f05b66d630) Importer(815301076,1909f56bfc062723c751e8b465ee728b)  -> (artifact id: '2807b104d4b93586ed3c41eaf96742a6') in 0.064253 seconds 
========================================================================
Received Import Request.
  Time since last request: 0.005131 seconds.
  path: Assets/Sound/sound/뭔가얻는소리.mp3
  artifactKey: Guid(12c5ea389c276498fa04e5aeea833027) Importer(815301076,1909f56bfc062723c751e8b465ee728b)
Start importing Assets/Sound/sound/뭔가얻는소리.mp3 using Guid(12c5ea389c276498fa04e5aeea833027) Importer(815301076,1909f56bfc062723c751e8b465ee728b)  -> (artifact id: '648ba2df4513665f416774a2cdb075c6') in 0.103947 seconds 
========================================================================
Received Import Request.
  Time since last request: 0.002602 seconds.
  path: Assets/Sound/새 폴더/뭔가얻는소리, 목표창 (2).mp3
  artifactKey: Guid(a54652a9e2e7143cf8a6b0af056e7bd6) Importer(815301076,1909f56bfc062723c751e8b465ee728b)
Start importing Assets/Sound/새 폴더/뭔가얻는소리, 목표창 (2).mp3 using Guid(a54652a9e2e7143cf8a6b0af056e7bd6) Importer(815301076,1909f56bfc062723c751e8b465ee728b)  -> (artifact id: '7c1ece7fbf66a38b3d4983e889aa4f0d') in 0.080559 seconds 
========================================================================
Received Import Request.
  Time since last request: 0.000036 seconds.
  path: Assets/Sound/새 폴더/forest house.mp3
  artifactKey: Guid(1830d4e4fbe1e4d83841ef37d0b9e8f0) Importer(815301076,1909f56bfc062723c751e8b465ee728b)
Start importing Assets/Sound/새 폴더/forest house.mp3 using Guid(1830d4e4fbe1e4d83841ef37d0b9e8f0) Importer(815301076,1909f56bfc062723c751e8b465ee728b)  -> (artifact id: '43e84ab7b5df5352cac114aa458cb710') in 0.097501 seconds 
========================================================================
Received Import Request.
  Time since last request: 0.000051 seconds.
  path: Assets/Sound/sound/ruined city.mp3
  artifactKey: Guid(e90c568cceb7c40878986e44d070a90c) Importer(815301076,1909f56bfc062723c751e8b465ee728b)
Start importing Assets/Sound/sound/ruined city.mp3 using Guid(e90c568cceb7c40878986e44d070a90c) Importer(815301076,1909f56bfc062723c751e8b465ee728b)  -> (artifact id: 'ec3a5b50ec8de72b51c774acbe4bdd69') in 0.058874 seconds 
========================================================================
Received Import Request.
  Time since last request: 0.000035 seconds.
  path: Assets/Sound/새 폴더/어딘가.mp3
  artifactKey: Guid(85139cd811cc142f3a7fa0a983fb589f) Importer(815301076,1909f56bfc062723c751e8b465ee728b)
Start importing Assets/Sound/새 폴더/어딘가.mp3 using Guid(85139cd811cc142f3a7fa0a983fb589f) Importer(815301076,1909f56bfc062723c751e8b465ee728b)  -> (artifact id: '89ad5f502bafd2f2f0aff887addf0c31') in 0.090276 seconds 
========================================================================
Received Import Request.
  Time since last request: 0.016788 seconds.
  path: Assets/Sound/sound/city house.mp3
  artifactKey: Guid(4c109a44507f54bf592928afad1a49be) Importer(815301076,1909f56bfc062723c751e8b465ee728b)
Start importing Assets/Sound/sound/city house.mp3 using Guid(4c109a44507f54bf592928afad1a49be) Importer(815301076,1909f56bfc062723c751e8b465ee728b)  -> (artifact id: 'db5b1058a17b9912e93ce3514b22bbb3') in 0.071967 seconds 
========================================================================
Received Import Request.
  Time since last request: 0.001314 seconds.
  path: Assets/Sound/새 폴더/drain twinkle.mp3
  artifactKey: Guid(5e326ac9b5254423fa826f1ced20ba60) Importer(815301076,1909f56bfc062723c751e8b465ee728b)
Start importing Assets/Sound/새 폴더/drain twinkle.mp3 using Guid(5e326ac9b5254423fa826f1ced20ba60) Importer(815301076,1909f56bfc062723c751e8b465ee728b)  -> (artifact id: '2693d8fe6445c6ea1e81f6688f9f70fb') in 0.112820 seconds 
========================================================================
Received Import Request.
  Time since last request: 0.016878 seconds.
  path: Assets/Sound/새 폴더/enter drain.mp3
  artifactKey: Guid(4ac9b2c144e064f2ebb6f17efc6088cf) Importer(815301076,1909f56bfc062723c751e8b465ee728b)
Start importing Assets/Sound/새 폴더/enter drain.mp3 using Guid(4ac9b2c144e064f2ebb6f17efc6088cf) Importer(815301076,1909f56bfc062723c751e8b465ee728b)  -> (artifact id: '671d27b6ecee8d850999ff4f68a87f20') in 0.108094 seconds 
========================================================================
Received Import Request.
  Time since last request: 0.000437 seconds.
  path: Assets/Sound/sound/보스맵 (3).mp3
  artifactKey: Guid(111fd79e0851140d0bd56433f5ac3093) Importer(815301076,1909f56bfc062723c751e8b465ee728b)
Start importing Assets/Sound/sound/보스맵 (3).mp3 using Guid(111fd79e0851140d0bd56433f5ac3093) Importer(815301076,1909f56bfc062723c751e8b465ee728b)  -> (artifact id: '28434d49d18609dae22aa88818f8e3b3') in 0.081419 seconds 
========================================================================
Received Import Request.
  Time since last request: 0.004227 seconds.
  path: Assets/Scenes/Map1-1Scene.unity
  artifactKey: Guid(dcca723f06e80ca47b51766da58a6541) Importer(815301076,1909f56bfc062723c751e8b465ee728b)
Start importing Assets/Scenes/Map1-1Scene.unity using Guid(dcca723f06e80ca47b51766da58a6541) Importer(815301076,1909f56bfc062723c751e8b465ee728b)  -> (artifact id: '23a9dbb393988fe5908c9b29e1de19a2') in 0.013482 seconds 
========================================================================
Received Import Request.
  Time since last request: 0.000045 seconds.
  path: Assets/Sound/새 폴더/boss.mp3
  artifactKey: Guid(4b1c869e37e8b402eb88298719c9a7fe) Importer(815301076,1909f56bfc062723c751e8b465ee728b)
Start importing Assets/Sound/새 폴더/boss.mp3 using Guid(4b1c869e37e8b402eb88298719c9a7fe) Importer(815301076,1909f56bfc062723c751e8b465ee728b)  -> (artifact id: 'cce766d15b50849240a07fd70a66c32a') in 0.099425 seconds 
========================================================================
Received Import Request.
  Time since last request: 0.000032 seconds.
  path: Assets/Sound/sound/drain drop water.mp3
  artifactKey: Guid(ca6eb1710026d4e7ca4277f047af878c) Importer(815301076,1909f56bfc062723c751e8b465ee728b)
Start importing Assets/Sound/sound/drain drop water.mp3 using Guid(ca6eb1710026d4e7ca4277f047af878c) Importer(815301076,1909f56bfc062723c751e8b465ee728b)  -> (artifact id: '435ff53d794a6cfdeeff4aa6dd83a10d') in 0.043505 seconds 
========================================================================
Received Import Request.
  Time since last request: 0.001824 seconds.
  path: Assets/Sound/새 폴더/boss fight.mp3
  artifactKey: Guid(e2795431b391d49ebaa1a8ad1ba7e5f4) Importer(815301076,1909f56bfc062723c751e8b465ee728b)
Start importing Assets/Sound/새 폴더/boss fight.mp3 using Guid(e2795431b391d49ebaa1a8ad1ba7e5f4) Importer(815301076,1909f56bfc062723c751e8b465ee728b)  -> (artifact id: '6de637e962522a9d51e63cb788a6a3ad') in 0.080003 seconds 
========================================================================
Received Import Request.
  Time since last request: 0.001502 seconds.
  path: Assets/Sound/새 폴더/뭔가얻는소리 (5).mp3
  artifactKey: Guid(a287ed92ae3d5484ca064bcc1b074011) Importer(815301076,1909f56bfc062723c751e8b465ee728b)
Start importing Assets/Sound/새 폴더/뭔가얻는소리 (5).mp3 using Guid(a287ed92ae3d5484ca064bcc1b074011) Importer(815301076,1909f56bfc062723c751e8b465ee728b)  -> (artifact id: '229c32fc802deb4703da130fc2dc9c9d') in 0.126323 seconds 
========================================================================
Received Import Request.
  Time since last request: 0.000035 seconds.
  path: Assets/Sound/새 폴더/ruined city.mp3
  artifactKey: Guid(df4dc512632fd4fd38110e3042c8e181) Importer(815301076,1909f56bfc062723c751e8b465ee728b)
Start importing Assets/Sound/새 폴더/ruined city.mp3 using Guid(df4dc512632fd4fd38110e3042c8e181) Importer(815301076,1909f56bfc062723c751e8b465ee728b)  -> (artifact id: '0496158f371b5b9719f83eddbcaf19ab') in 0.139168 seconds 
========================================================================
Received Import Request.
  Time since last request: 0.000056 seconds.
  path: Assets/Sound/sound/뭔가얻는소리, 목표창.mp3
  artifactKey: Guid(66d849a23386547a2bfbc87c2ab0c584) Importer(815301076,1909f56bfc062723c751e8b465ee728b)
Start importing Assets/Sound/sound/뭔가얻는소리, 목표창.mp3 using Guid(66d849a23386547a2bfbc87c2ab0c584) Importer(815301076,1909f56bfc062723c751e8b465ee728b)  -> (artifact id: '9b6d8e61ab14527c67e852c73053f1c3') in 0.161535 seconds 
========================================================================
Received Import Request.
  Time since last request: 0.000072 seconds.
  path: Assets/Sound/새 폴더/cricket.mp3
  artifactKey: Guid(c3d1254b4f99540589c5a4c21cab7f7c) Importer(815301076,1909f56bfc062723c751e8b465ee728b)
Start importing Assets/Sound/새 폴더/cricket.mp3 using Guid(c3d1254b4f99540589c5a4c21cab7f7c) Importer(815301076,1909f56bfc062723c751e8b465ee728b)  -> (artifact id: '8b6851bf8fb6657d46f681708c2e3b59') in 0.088441 seconds 
========================================================================
Received Import Request.
  Time since last request: 0.000045 seconds.
  path: Assets/Sound/sound/물 떨어지는 소리.mp3
  artifactKey: Guid(e65b5f63636004eb88ebcc656fcf11f0) Importer(815301076,1909f56bfc062723c751e8b465ee728b)
Start importing Assets/Sound/sound/물 떨어지는 소리.mp3 using Guid(e65b5f63636004eb88ebcc656fcf11f0) Importer(815301076,1909f56bfc062723c751e8b465ee728b)  -> (artifact id: 'f4dcc993e30b775521cae6e46057f414') in 0.162691 seconds 
========================================================================
Received Import Request.
  Time since last request: 0.000047 seconds.
  path: Assets/Sound/새 폴더/물 떨어지는 소리.mp3
  artifactKey: Guid(b3b2985ae9643406ca8c05cf08406bf6) Importer(815301076,1909f56bfc062723c751e8b465ee728b)
Start importing Assets/Sound/새 폴더/물 떨어지는 소리.mp3 using Guid(b3b2985ae9643406ca8c05cf08406bf6) Importer(815301076,1909f56bfc062723c751e8b465ee728b)  -> (artifact id: '1e6d8ce1d6c510481bf5663695e045fb') in 0.054817 seconds 
========================================================================
Received Import Request.
  Time since last request: 0.000062 seconds.
  path: Assets/Sound/sound/windbird.mp3
  artifactKey: Guid(1670063888c3e480d9d15c174f0e0c96) Importer(815301076,1909f56bfc062723c751e8b465ee728b)
Start importing Assets/Sound/sound/windbird.mp3 using Guid(1670063888c3e480d9d15c174f0e0c96) Importer(815301076,1909f56bfc062723c751e8b465ee728b)  -> (artifact id: '84a9a465095748fa5efe15491f63e61c') in 0.056695 seconds 
========================================================================
Received Import Request.
  Time since last request: 0.032090 seconds.
  path: Assets/Sound/sound/걸어가는 소리.mp3
  artifactKey: Guid(e4fc19286c55c4ae6883658843f2c7a7) Importer(815301076,1909f56bfc062723c751e8b465ee728b)
Start importing Assets/Sound/sound/걸어가는 소리.mp3 using Guid(e4fc19286c55c4ae6883658843f2c7a7) Importer(815301076,1909f56bfc062723c751e8b465ee728b)  -> (artifact id: '2aacd47525a1b759d20704bbf5e4e5fa') in 0.093518 seconds 
========================================================================
Received Import Request.
  Time since last request: 0.005528 seconds.
  path: Assets/Sound/sound/forest.mp3
  artifactKey: Guid(72a381367114849d19589a3972470a8f) Importer(815301076,1909f56bfc062723c751e8b465ee728b)
Start importing Assets/Sound/sound/forest.mp3 using Guid(72a381367114849d19589a3972470a8f) Importer(815301076,1909f56bfc062723c751e8b465ee728b)  -> (artifact id: 'b2e4f7b8b7fb050adbeb2339cfc06ce1') in 0.039624 seconds 
========================================================================
Received Import Request.
  Time since last request: 0.000041 seconds.
  path: Assets/Sound/sound/뭔가얻는소리 (5).mp3
  artifactKey: Guid(38344e5f1b1ec49bfaa4bd3dcf907770) Importer(815301076,1909f56bfc062723c751e8b465ee728b)
Start importing Assets/Sound/sound/뭔가얻는소리 (5).mp3 using Guid(38344e5f1b1ec49bfaa4bd3dcf907770) Importer(815301076,1909f56bfc062723c751e8b465ee728b)  -> (artifact id: '3b303c1231095bf0888e02fdb2ca6b2d') in 0.277792 seconds 
========================================================================
Received Import Request.
  Time since last request: 0.000063 seconds.
  path: Assets/Sound/새 폴더/뭔가얻는소리, 목표창.mp3
  artifactKey: Guid(c135ac77e09a04503bbdf909fdb32827) Importer(815301076,1909f56bfc062723c751e8b465ee728b)
Start importing Assets/Sound/새 폴더/뭔가얻는소리, 목표창.mp3 using Guid(c135ac77e09a04503bbdf909fdb32827) Importer(815301076,1909f56bfc062723c751e8b465ee728b)  -> (artifact id: 'bcd8f5e45dd08813a54c160cd1137df4') in 0.057216 seconds 
========================================================================
Received Import Request.
  Time since last request: 0.000067 seconds.
  path: Assets/Sound/sound/어디든.mp3
  artifactKey: Guid(226c78f4dc241481b962523f4d24a046) Importer(815301076,1909f56bfc062723c751e8b465ee728b)
Start importing Assets/Sound/sound/어디든.mp3 using Guid(226c78f4dc241481b962523f4d24a046) Importer(815301076,1909f56bfc062723c751e8b465ee728b)  -> (artifact id: 'b1c14cd9e1b8e25695b76e303524006a') in 0.149668 seconds 
========================================================================
Received Import Request.
  Time since last request: 0.000040 seconds.
  path: Assets/Sound/새 폴더/drain drop water.mp3
  artifactKey: Guid(3b62f9f79d5aa4e29b41b90f99447d87) Importer(815301076,1909f56bfc062723c751e8b465ee728b)
Start importing Assets/Sound/새 폴더/drain drop water.mp3 using Guid(3b62f9f79d5aa4e29b41b90f99447d87) Importer(815301076,1909f56bfc062723c751e8b465ee728b)  -> (artifact id: '8a5d939b8eec343c12eb6e13435d773d') in 0.137060 seconds 
========================================================================
Received Import Request.
  Time since last request: 0.000045 seconds.
  path: Assets/Sound/sound/죽는소리 (2).mp3
  artifactKey: Guid(5a46a7360544446ada165f26532626ab) Importer(815301076,1909f56bfc062723c751e8b465ee728b)
Start importing Assets/Sound/sound/죽는소리 (2).mp3 using Guid(5a46a7360544446ada165f26532626ab) Importer(815301076,1909f56bfc062723c751e8b465ee728b)  -> (artifact id: '4f256569fc1836bf4a4b04f38a01dfa2') in 0.134734 seconds 
========================================================================
Received Import Request.
  Time since last request: 0.000100 seconds.
  path: Assets/Sound/sound/어딘가.mp3
  artifactKey: Guid(1243ffec61bd44ebfb2f2a8e7e99decf) Importer(815301076,1909f56bfc062723c751e8b465ee728b)
Start importing Assets/Sound/sound/어딘가.mp3 using Guid(1243ffec61bd44ebfb2f2a8e7e99decf) Importer(815301076,1909f56bfc062723c751e8b465ee728b)  -> (artifact id: '2df3d75d00f16df77747c206b241be0f') in 0.127705 seconds 
========================================================================
Received Import Request.
  Time since last request: 0.000039 seconds.
  path: Assets/Sound/새 폴더/보스맵 (3).mp3
  artifactKey: Guid(982bd1d28b431472bafddcea69ab0ae8) Importer(815301076,1909f56bfc062723c751e8b465ee728b)
Start importing Assets/Sound/새 폴더/보스맵 (3).mp3 using Guid(982bd1d28b431472bafddcea69ab0ae8) Importer(815301076,1909f56bfc062723c751e8b465ee728b)  -> (artifact id: 'aabf5553b21447ca10ac20b4ac5046fa') in 0.167972 seconds 
========================================================================
Received Import Request.
  Time since last request: 0.000050 seconds.
  path: Assets/Sound/새 폴더/drain wind.mp3
  artifactKey: Guid(7bb4afea01c8d43c1882a5d4ab57baf7) Importer(815301076,1909f56bfc062723c751e8b465ee728b)
Start importing Assets/Sound/새 폴더/drain wind.mp3 using Guid(7bb4afea01c8d43c1882a5d4ab57baf7) Importer(815301076,1909f56bfc062723c751e8b465ee728b)  -> (artifact id: '03bd5fc96c38fa80b5a6f9b855457b37') in 0.147651 seconds 
========================================================================
Received Import Request.
  Time since last request: 0.000064 seconds.
  path: Assets/Sound/새 폴더/뭔가얻는소리 (3).mp3
  artifactKey: Guid(2230388b563364371946106aa0249412) Importer(815301076,1909f56bfc062723c751e8b465ee728b)
Start importing Assets/Sound/새 폴더/뭔가얻는소리 (3).mp3 using Guid(2230388b563364371946106aa0249412) Importer(815301076,1909f56bfc062723c751e8b465ee728b)  -> (artifact id: '01edb7346f6cff3da317cf97f0c5848b') in 0.182116 seconds 
========================================================================
Received Import Request.
  Time since last request: 0.000572 seconds.
  path: Assets/Sound/새 폴더/뭔가얻는소리.mp3
  artifactKey: Guid(2db434f4bde1146489a7f646aa0e6664) Importer(815301076,1909f56bfc062723c751e8b465ee728b)
Start importing Assets/Sound/새 폴더/뭔가얻는소리.mp3 using Guid(2db434f4bde1146489a7f646aa0e6664) Importer(815301076,1909f56bfc062723c751e8b465ee728b)  -> (artifact id: '595c04b6c83c8f88aaa420ce6616723d') in 0.147440 seconds 
========================================================================
Received Import Request.
  Time since last request: 0.000837 seconds.
  path: Assets/Sound/새 폴더/뭔가얻는소리 (4).mp3
  artifactKey: Guid(c4ceefb1e84934718bc67e422c95aac1) Importer(815301076,1909f56bfc062723c751e8b465ee728b)
Start importing Assets/Sound/새 폴더/뭔가얻는소리 (4).mp3 using Guid(c4ceefb1e84934718bc67e422c95aac1) Importer(815301076,1909f56bfc062723c751e8b465ee728b)  -> (artifact id: '7609344dee9fce9f3aeda72858bb89d5') in 0.087541 seconds 
========================================================================
Received Import Request.
  Time since last request: 0.000174 seconds.
  path: Assets/Sound/sound/어디든 (2).mp3
  artifactKey: Guid(bb76a501a2d37419fb56529679eca5c1) Importer(815301076,1909f56bfc062723c751e8b465ee728b)
Start importing Assets/Sound/sound/어디든 (2).mp3 using Guid(bb76a501a2d37419fb56529679eca5c1) Importer(815301076,1909f56bfc062723c751e8b465ee728b)  -> (artifact id: '2b248c3c9f8746702681b8a76bd6055b') in 0.299661 seconds 
========================================================================
Received Import Request.
  Time since last request: 0.006049 seconds.
  path: Assets/Sound/새 폴더/주민 말하는 소리.mp3
  artifactKey: Guid(8e25fbb47711143c1ade76ac60698826) Importer(815301076,1909f56bfc062723c751e8b465ee728b)
Start importing Assets/Sound/새 폴더/주민 말하는 소리.mp3 using Guid(8e25fbb47711143c1ade76ac60698826) Importer(815301076,1909f56bfc062723c751e8b465ee728b)  -> (artifact id: '19eade61f6c78a5befa6c77674f23773') in 0.215886 seconds 
========================================================================
Received Import Request.
  Time since last request: 0.000309 seconds.
  path: Assets/Sound/sound/뭔가얻는소리, 목표창 (2).mp3
  artifactKey: Guid(b6868cf10338c4e6e922a3cd141d40de) Importer(815301076,1909f56bfc062723c751e8b465ee728b)
Start importing Assets/Sound/sound/뭔가얻는소리, 목표창 (2).mp3 using Guid(b6868cf10338c4e6e922a3cd141d40de) Importer(815301076,1909f56bfc062723c751e8b465ee728b)  -> (artifact id: '4af34ddef7a7dd0a5d8c7b0fa9cf7c4c') in 0.080797 seconds 
========================================================================
Received Import Request.
  Time since last request: 0.000067 seconds.
  path: Assets/Sound/sound/drain wind.mp3
  artifactKey: Guid(9b7c959835bff41cf825061fb79d6c59) Importer(815301076,1909f56bfc062723c751e8b465ee728b)
Start importing Assets/Sound/sound/drain wind.mp3 using Guid(9b7c959835bff41cf825061fb79d6c59) Importer(815301076,1909f56bfc062723c751e8b465ee728b)  -> (artifact id: '0a3dd2bd55f6ebd40fd5df0e59618614') in 0.164545 seconds 
========================================================================
Received Import Request.
  Time since last request: 0.000042 seconds.
  path: Assets/Sound/sound/뭔가얻는소리 (2).mp3
  artifactKey: Guid(e3d19a694e3f844689ca5636438fa7d1) Importer(815301076,1909f56bfc062723c751e8b465ee728b)
Start importing Assets/Sound/sound/뭔가얻는소리 (2).mp3 using Guid(e3d19a694e3f844689ca5636438fa7d1) Importer(815301076,1909f56bfc062723c751e8b465ee728b)  -> (artifact id: '3271cbabcd0a15a9cda748fa69483258') in 0.123336 seconds 
========================================================================
Received Import Request.
  Time since last request: 0.000066 seconds.
  path: Assets/Sound/sound/뭔가얻는소리 (3).mp3
  artifactKey: Guid(9cffca502b94c4cb38c74456b46a38eb) Importer(815301076,1909f56bfc062723c751e8b465ee728b)
Start importing Assets/Sound/sound/뭔가얻는소리 (3).mp3 using Guid(9cffca502b94c4cb38c74456b46a38eb) Importer(815301076,1909f56bfc062723c751e8b465ee728b)  -> (artifact id: 'e5080aed5d5381951cb2ffcbf6f888fc') in 0.083053 seconds 
========================================================================
Received Import Request.
  Time since last request: 0.010834 seconds.
  path: Assets/Sound/sound/club.mp3
  artifactKey: Guid(75b1f3b9ef3e34ff19bac207d0762764) Importer(815301076,1909f56bfc062723c751e8b465ee728b)
Start importing Assets/Sound/sound/club.mp3 using Guid(75b1f3b9ef3e34ff19bac207d0762764) Importer(815301076,1909f56bfc062723c751e8b465ee728b)  -> (artifact id: '69bc2db29dde6102a1db40873726f96b') in 0.088382 seconds 
========================================================================
Received Import Request.
  Time since last request: 0.000871 seconds.
  path: Assets/Sound/새 폴더/길가식물소리.mp3
  artifactKey: Guid(192440ec749a4436ca1385ec95849595) Importer(815301076,1909f56bfc062723c751e8b465ee728b)
Start importing Assets/Sound/새 폴더/길가식물소리.mp3 using Guid(192440ec749a4436ca1385ec95849595) Importer(815301076,1909f56bfc062723c751e8b465ee728b)  -> (artifact id: 'f33f6c5d2072118067dd0dd24faae7dd') in 0.070435 seconds 
========================================================================
Received Import Request.
  Time since last request: 0.000046 seconds.
  path: Assets/Sound/sound/엔딩.mp3
  artifactKey: Guid(f63ddaceaf7964453a2720e49bc9a39b) Importer(815301076,1909f56bfc062723c751e8b465ee728b)
Start importing Assets/Sound/sound/엔딩.mp3 using Guid(f63ddaceaf7964453a2720e49bc9a39b) Importer(815301076,1909f56bfc062723c751e8b465ee728b)  -> (artifact id: '05b8a05115b0642aeaa73c811dd19d81') in 0.133150 seconds 
========================================================================
Received Import Request.
  Time since last request: 0.000130 seconds.
  path: Assets/Sound/sound/분리수거맵 오브젝트 끄는 소리.mp3
  artifactKey: Guid(357aa641349694f07b84e8643ee0c851) Importer(815301076,1909f56bfc062723c751e8b465ee728b)
Start importing Assets/Sound/sound/분리수거맵 오브젝트 끄는 소리.mp3 using Guid(357aa641349694f07b84e8643ee0c851) Importer(815301076,1909f56bfc062723c751e8b465ee728b)  -> (artifact id: '2749292467305fc301b447b28f5c8072') in 0.197313 seconds 
========================================================================
Received Import Request.
  Time since last request: 0.000222 seconds.
  path: Assets/Sound/새 폴더/엔딩.mp3
  artifactKey: Guid(fe6dd45b3cf99406597856c238e4dbea) Importer(815301076,1909f56bfc062723c751e8b465ee728b)
Start importing Assets/Sound/새 폴더/엔딩.mp3 using Guid(fe6dd45b3cf99406597856c238e4dbea) Importer(815301076,1909f56bfc062723c751e8b465ee728b)  -> (artifact id: '319e9ca0dbe77155eb0d2edb39b5a3e1') in 0.094314 seconds 
========================================================================
Received Import Request.
  Time since last request: 0.012279 seconds.
  path: Assets/Sound/sound/죽는소리 (3).mp3
  artifactKey: Guid(4b57e8f69f3ec4bf7a66f9a751e9d42c) Importer(815301076,1909f56bfc062723c751e8b465ee728b)
Start importing Assets/Sound/sound/죽는소리 (3).mp3 using Guid(4b57e8f69f3ec4bf7a66f9a751e9d42c) Importer(815301076,1909f56bfc062723c751e8b465ee728b)  -> (artifact id: 'f6d7a225286014cbce60d58e6ecaba15') in 0.179368 seconds 
========================================================================
Received Import Request.
  Time since last request: 0.001663 seconds.
  path: Assets/Sound/새 폴더/어디든 (2).mp3
  artifactKey: Guid(d81112da6d6bb469f8d402810606439e) Importer(815301076,1909f56bfc062723c751e8b465ee728b)
Start importing Assets/Sound/새 폴더/어디든 (2).mp3 using Guid(d81112da6d6bb469f8d402810606439e) Importer(815301076,1909f56bfc062723c751e8b465ee728b)  -> (artifact id: '838aa76eac1a7ade4a4bac98a9cd86aa') in 0.051983 seconds 
========================================================================
Received Prepare
Registering precompiled user dll's ...
Registered in 0.052142 seconds.
Begin MonoManager ReloadAssembly
Symbol file LoadedFromMemory doesn't match image C:\Users\dbals\GitHub\Kp-23-1\My project\My project\Library\PackageCache\com.unity.visualscripting@1.7.8\Editor\VisualScripting.Core\Dependencies\YamlDotNet\Unity.VisualScripting.YamlDotNet.dll
Symbol file LoadedFromMemory doesn't match image C:\Users\dbals\GitHub\Kp-23-1\My project\My project\Library\PackageCache\com.unity.visualscripting@1.7.8\Editor\VisualScripting.Core\Dependencies\DotNetZip\Unity.VisualScripting.IonicZip.dll
Native extension for WindowsStandalone target not found
Refreshing native plugins compatible for Editor in 1.70 ms, found 4 plugins.
Preloading 0 native plugins for Editor in 0.00 ms.
Mono: successfully reloaded assembly
- Completed reload, in  4.470 seconds
Domain Reload Profiling:
	ReloadAssembly (4471ms)
		BeginReloadAssembly (396ms)
			ExecutionOrderSort (0ms)
			DisableScriptedObjects (21ms)
			BackupInstance (0ms)
			ReleaseScriptingObjects (0ms)
			CreateAndSetChildDomain (85ms)
		EndReloadAssembly (3537ms)
			LoadAssemblies (564ms)
			RebuildTransferFunctionScriptingTraits (0ms)
			SetupTypeCache (1323ms)
			ReleaseScriptCaches (2ms)
			RebuildScriptCaches (204ms)
			SetupLoadedEditorAssemblies (1296ms)
				LogAssemblyErrors (0ms)
				InitializePlatformSupportModulesInManaged (48ms)
				SetLoadedEditorAssemblies (1ms)
				RefreshPlugins (2ms)
				BeforeProcessingInitializeOnLoad (217ms)
				ProcessInitializeOnLoadAttributes (878ms)
				ProcessInitializeOnLoadMethodAttributes (134ms)
				AfterProcessingInitializeOnLoad (17ms)
				EditorAssembliesLoaded (0ms)
			ExecutionOrderSort2 (0ms)
			AwakeInstancesAfterBackupRestoration (32ms)
Platform modules already initialized, skipping
Refreshing native plugins compatible for Editor in 15.80 ms, found 4 plugins.
Preloading 0 native plugins for Editor in 0.00 ms.
Unloading 4067 Unused Serialized files (Serialized files now loaded: 0)
Unloading 25 unused Assets / (24.7 KB). Loaded Objects now: 4565.
Memory consumption went from 156.7 MB to 156.7 MB.
Total: 10.782400 ms (FindLiveObjects: 0.916300 ms CreateObjectMapping: 1.069600 ms MarkObjects: 8.548500 ms  DeleteObjects: 0.245300 ms)

AssetImportParameters requested are different than current active one (requested -> active):
  custom:video-decoder-ogg-theora: a1e56fd34408186e4bbccfd4996cb3dc -> 
  custom:container-muxer-webm: aa71ff27fc2769a1b78a27578f13a17b -> 
  custom:container-demuxer-webm: 4f35f7cbe854078d1ac9338744f61a02 -> 
  custom:video-encoder-webm-vp8: eb34c28f22e8b96e1ab97ce403110664 -> 
  custom:video-codec-MediaFoundation-h265: 746d11721c4dcdbdad8f713fa42b33f4 -> 
  custom:audio-encoder-webm-vorbis: bf7c407c2cedff20999df2af8eb42d56 -> 
  custom:framework-win-MediaFoundation: 216162199b28c13a410421893ffa2e32 -> 
  custom:container-demuxer-ogg: 62fdf1f143b41e24485cea50d1cbac27 -> 
  custom:video-decoder-webm-vp8: 9c59270c3fd7afecdb556c50c9e8de78 -> 
  custom:audio-decoder-ogg-vorbis: bf7c407c2cedff20999df2af8eb42d56 -> 
========================================================================
Received Import Request.
  Time since last request: 28.132556 seconds.
  path: Assets/Scenes/Map1-1Scene.unity
  artifactKey: Guid(dcca723f06e80ca47b51766da58a6541) Importer(815301076,1909f56bfc062723c751e8b465ee728b)
Start importing Assets/Scenes/Map1-1Scene.unity using Guid(dcca723f06e80ca47b51766da58a6541) Importer(815301076,1909f56bfc062723c751e8b465ee728b)  -> (artifact id: '6045fab4cca3a60f890b519d689052e7') in 0.041949 seconds 
========================================================================
Received Import Request.
  Time since last request: 8.318369 seconds.
  path: Assets/Sound/sound/클럽맵 (4).mp3
  artifactKey: Guid(e5d9b80dee2ed42ffb362a08b9eec49e) Importer(815301076,1909f56bfc062723c751e8b465ee728b)
Start importing Assets/Sound/sound/클럽맵 (4).mp3 using Guid(e5d9b80dee2ed42ffb362a08b9eec49e) Importer(815301076,1909f56bfc062723c751e8b465ee728b)  -> (artifact id: '2a73f1f54da1882a7d2a24e138734b72') in 0.322852 seconds 
========================================================================
Received Import Request.
  Time since last request: 0.000604 seconds.
  path: Assets/Sound/sound/하수구맵 클리어소리.mp3
  artifactKey: Guid(141fa8cecc11d4d729f9fc839a327906) Importer(815301076,1909f56bfc062723c751e8b465ee728b)
Start importing Assets/Sound/sound/하수구맵 클리어소리.mp3 using Guid(141fa8cecc11d4d729f9fc839a327906) Importer(815301076,1909f56bfc062723c751e8b465ee728b)  -> (artifact id: '42b949540d2ee4bff6c9da7ce376c9c9') in 0.184450 seconds 
Editor requested this worker to shutdown with reason: Scaling down because of idle timeout
AssetImportWorker is now disconnected from the server
Process exiting
Exiting without the bug reporter. Application will terminate with return code 0