Using pre-set license
Built from '2021.3/staging' branch; Version is '2021.3.15f1 (e8e88683f834) revision 15263878'; Using compiler version '192829333'; Build Type 'Release'
OS: 'Windows 11  (10.0.22621) 64bit Core' Language: 'ko' Physical Memory: 8002 MB
BatchMode: 1, IsHumanControllingUs: 0, StartBugReporterOnCrash: 0, Is64bit: 1, IsPro: 1

COMMAND LINE ARGUMENTS:
C:\Program Files\Unity\Hub\Editor\2021.3.15f1\Editor\Unity.exe
-adb2
-batchMode
-noUpm
-name
AssetImportWorker12
-projectPath
C:/Users/dbals/GitHub/Kp-23-1/My project/My project
-logFile
Logs/AssetImportWorker12.log
-srvPort
57026
Successfully changed project path to: C:/Users/dbals/GitHub/Kp-23-1/My project/My project
C:/Users/dbals/GitHub/Kp-23-1/My project/My project
[UnityMemory] Configuration Parameters - Can be set up in boot.config
    "memorysetup-bucket-allocator-granularity=16"
    "memorysetup-bucket-allocator-bucket-count=8"
    "memorysetup-bucket-allocator-block-size=33554432"
    "memorysetup-bucket-allocator-block-count=8"
    "memorysetup-main-allocator-block-size=16777216"
    "memorysetup-thread-allocator-block-size=16777216"
    "memorysetup-gfx-main-allocator-block-size=16777216"
    "memorysetup-gfx-thread-allocator-block-size=16777216"
    "memorysetup-cache-allocator-block-size=4194304"
    "memorysetup-typetree-allocator-block-size=2097152"
    "memorysetup-profiler-bucket-allocator-granularity=16"
    "memorysetup-profiler-bucket-allocator-bucket-count=8"
    "memorysetup-profiler-bucket-allocator-block-size=33554432"
    "memorysetup-profiler-bucket-allocator-block-count=8"
    "memorysetup-profiler-allocator-block-size=16777216"
    "memorysetup-profiler-editor-allocator-block-size=1048576"
    "memorysetup-temp-allocator-size-main=16777216"
    "memorysetup-job-temp-allocator-block-size=2097152"
    "memorysetup-job-temp-allocator-block-size-background=1048576"
    "memorysetup-job-temp-allocator-reduction-small-platforms=262144"
    "memorysetup-temp-allocator-size-background-worker=32768"
    "memorysetup-temp-allocator-size-job-worker=262144"
    "memorysetup-temp-allocator-size-preload-manager=33554432"
    "memorysetup-temp-allocator-size-nav-mesh-worker=65536"
    "memorysetup-temp-allocator-size-audio-worker=65536"
    "memorysetup-temp-allocator-size-cloud-worker=32768"
    "memorysetup-temp-allocator-size-gi-baking-worker=262144"
    "memorysetup-temp-allocator-size-gfx=262144"
Player connection [14424] Host "[IP] 192.168.0.11 [Port] 0 [Flags] 2 [Guid] 717277221 [EditorId] 717277221 [Version] 1048832 [Id] WindowsEditor(7,LAPTOP-4MM4IDUQ) [Debug] 1 [PackageName] WindowsEditor [ProjectName] Editor" joined multi-casting on [225.0.0.222:54997]...

Player connection [14424] Host "[IP] 192.168.0.11 [Port] 0 [Flags] 2 [Guid] 717277221 [EditorId] 717277221 [Version] 1048832 [Id] WindowsEditor(7,LAPTOP-4MM4IDUQ) [Debug] 1 [PackageName] WindowsEditor [ProjectName] Editor" joined alternative multi-casting on [225.0.0.222:34997]...

Refreshing native plugins compatible for Editor in 422.58 ms, found 4 plugins.
Preloading 0 native plugins for Editor in 0.00 ms.
Initialize engine version: 2021.3.15f1 (e8e88683f834)
[Subsystems] Discovering subsystems at path C:/Program Files/Unity/Hub/Editor/2021.3.15f1/Editor/Data/Resources/UnitySubsystems
[Subsystems] Discovering subsystems at path C:/Users/dbals/GitHub/Kp-23-1/My project/My project/Assets
GfxDevice: creating device client; threaded=0; jobified=0
Direct3D:
    Version:  Direct3D 11.0 [level 11.1]
    Renderer: Intel(R) UHD Graphics (ID=0x9b41)
    Vendor:   Intel
    VRAM:     4001 MB
    Driver:   26.20.100.7870
Initialize mono
Mono path[0] = 'C:/Program Files/Unity/Hub/Editor/2021.3.15f1/Editor/Data/Managed'
Mono path[1] = 'C:/Program Files/Unity/Hub/Editor/2021.3.15f1/Editor/Data/MonoBleedingEdge/lib/mono/unityjit-win32'
Mono config path = 'C:/Program Files/Unity/Hub/Editor/2021.3.15f1/Editor/Data/MonoBleedingEdge/etc'
Using monoOptions --debugger-agent=transport=dt_socket,embedding=1,server=y,suspend=n,address=127.0.0.1:56480
Begin MonoManager ReloadAssembly
Registering precompiled unity dll's ...
Register platform support module: C:/Program Files/Unity/Hub/Editor/2021.3.15f1/Editor/Data/PlaybackEngines/WindowsStandaloneSupport/UnityEditor.WindowsStandalone.Extensions.dll
Registered in 0.009780 seconds.
Native extension for WindowsStandalone target not found
Refreshing native plugins compatible for Editor in 258.79 ms, found 4 plugins.
Preloading 0 native plugins for Editor in 0.00 ms.
Mono: successfully reloaded assembly
- Completed reload, in  1.817 seconds
Domain Reload Profiling:
	ReloadAssembly (1818ms)
		BeginReloadAssembly (310ms)
			ExecutionOrderSort (0ms)
			DisableScriptedObjects (0ms)
			BackupInstance (0ms)
			ReleaseScriptingObjects (0ms)
			CreateAndSetChildDomain (2ms)
		EndReloadAssembly (1182ms)
			LoadAssemblies (306ms)
			RebuildTransferFunctionScriptingTraits (0ms)
			SetupTypeCache (250ms)
			ReleaseScriptCaches (0ms)
			RebuildScriptCaches (77ms)
			SetupLoadedEditorAssemblies (739ms)
				LogAssemblyErrors (0ms)
				InitializePlatformSupportModulesInManaged (17ms)
				SetLoadedEditorAssemblies (0ms)
				RefreshPlugins (259ms)
				BeforeProcessingInitializeOnLoad (2ms)
				ProcessInitializeOnLoadAttributes (316ms)
				ProcessInitializeOnLoadMethodAttributes (144ms)
				AfterProcessingInitializeOnLoad (0ms)
				EditorAssembliesLoaded (0ms)
			ExecutionOrderSort2 (0ms)
			AwakeInstancesAfterBackupRestoration (0ms)
Platform modules already initialized, skipping
Registering precompiled user dll's ...
Registered in 0.041836 seconds.
Begin MonoManager ReloadAssembly
Symbol file LoadedFromMemory doesn't match image C:\Users\dbals\GitHub\Kp-23-1\My project\My project\Library\PackageCache\com.unity.visualscripting@1.7.8\Editor\VisualScripting.Core\Dependencies\YamlDotNet\Unity.VisualScripting.YamlDotNet.dll
Symbol file LoadedFromMemory doesn't match image C:\Users\dbals\GitHub\Kp-23-1\My project\My project\Library\PackageCache\com.unity.visualscripting@1.7.8\Editor\VisualScripting.Core\Dependencies\DotNetZip\Unity.VisualScripting.IonicZip.dll
Native extension for WindowsStandalone target not found
Refreshing native plugins compatible for Editor in 232.14 ms, found 4 plugins.
Preloading 0 native plugins for Editor in 0.00 ms.
Mono: successfully reloaded assembly
- Completed reload, in  3.149 seconds
Domain Reload Profiling:
	ReloadAssembly (3151ms)
		BeginReloadAssembly (326ms)
			ExecutionOrderSort (0ms)
			DisableScriptedObjects (13ms)
			BackupInstance (0ms)
			ReleaseScriptingObjects (0ms)
			CreateAndSetChildDomain (58ms)
		EndReloadAssembly (2509ms)
			LoadAssemblies (336ms)
			RebuildTransferFunctionScriptingTraits (0ms)
			SetupTypeCache (662ms)
			ReleaseScriptCaches (7ms)
			RebuildScriptCaches (146ms)
			SetupLoadedEditorAssemblies (1216ms)
				LogAssemblyErrors (0ms)
				InitializePlatformSupportModulesInManaged (12ms)
				SetLoadedEditorAssemblies (1ms)
				RefreshPlugins (232ms)
				BeforeProcessingInitializeOnLoad (195ms)
				ProcessInitializeOnLoadAttributes (647ms)
				ProcessInitializeOnLoadMethodAttributes (110ms)
				AfterProcessingInitializeOnLoad (18ms)
				EditorAssembliesLoaded (1ms)
			ExecutionOrderSort2 (0ms)
			AwakeInstancesAfterBackupRestoration (13ms)
Platform modules already initialized, skipping
========================================================================
Worker process is ready to serve import requests
Launched and connected shader compiler UnityShaderCompiler.exe after 0.10 seconds
Refreshing native plugins compatible for Editor in 2.41 ms, found 4 plugins.
Preloading 0 native plugins for Editor in 0.00 ms.
Unloading 4091 Unused Serialized files (Serialized files now loaded: 0)
Unloading 38 unused Assets / (56.5 KB). Loaded Objects now: 4549.
Memory consumption went from 154.1 MB to 154.0 MB.
Total: 10.007600 ms (FindLiveObjects: 0.939800 ms CreateObjectMapping: 0.587900 ms MarkObjects: 8.191500 ms  DeleteObjects: 0.286200 ms)

AssetImportParameters requested are different than current active one (requested -> active):
  custom:video-decoder-ogg-theora: a1e56fd34408186e4bbccfd4996cb3dc -> 
  custom:container-muxer-webm: aa71ff27fc2769a1b78a27578f13a17b -> 
  custom:container-demuxer-webm: 4f35f7cbe854078d1ac9338744f61a02 -> 
  custom:video-encoder-webm-vp8: eb34c28f22e8b96e1ab97ce403110664 -> 
  custom:video-codec-MediaFoundation-h265: 746d11721c4dcdbdad8f713fa42b33f4 -> 
  custom:audio-encoder-webm-vorbis: bf7c407c2cedff20999df2af8eb42d56 -> 
  custom:framework-win-MediaFoundation: 216162199b28c13a410421893ffa2e32 -> 
  custom:container-demuxer-ogg: 62fdf1f143b41e24485cea50d1cbac27 -> 
  custom:video-decoder-webm-vp8: 9c59270c3fd7afecdb556c50c9e8de78 -> 
  custom:audio-decoder-ogg-vorbis: bf7c407c2cedff20999df2af8eb42d56 -> 
========================================================================
Received Prepare
Registering precompiled user dll's ...
Registered in 0.083545 seconds.
Begin MonoManager ReloadAssembly
Symbol file LoadedFromMemory doesn't match image C:\Users\dbals\GitHub\Kp-23-1\My project\My project\Library\PackageCache\com.unity.visualscripting@1.7.8\Editor\VisualScripting.Core\Dependencies\YamlDotNet\Unity.VisualScripting.YamlDotNet.dll
Symbol file LoadedFromMemory doesn't match image C:\Users\dbals\GitHub\Kp-23-1\My project\My project\Library\PackageCache\com.unity.visualscripting@1.7.8\Editor\VisualScripting.Core\Dependencies\DotNetZip\Unity.VisualScripting.IonicZip.dll
Native extension for WindowsStandalone target not found
Refreshing native plugins compatible for Editor in 1.81 ms, found 4 plugins.
Preloading 0 native plugins for Editor in 0.00 ms.
Mono: successfully reloaded assembly
- Completed reload, in  4.360 seconds
Domain Reload Profiling:
	ReloadAssembly (4363ms)
		BeginReloadAssembly (737ms)
			ExecutionOrderSort (0ms)
			DisableScriptedObjects (20ms)
			BackupInstance (0ms)
			ReleaseScriptingObjects (3ms)
			CreateAndSetChildDomain (320ms)
		EndReloadAssembly (3222ms)
			LoadAssemblies (737ms)
			RebuildTransferFunctionScriptingTraits (0ms)
			SetupTypeCache (874ms)
			ReleaseScriptCaches (3ms)
			RebuildScriptCaches (240ms)
			SetupLoadedEditorAssemblies (1253ms)
				LogAssemblyErrors (0ms)
				InitializePlatformSupportModulesInManaged (32ms)
				SetLoadedEditorAssemblies (1ms)
				RefreshPlugins (2ms)
				BeforeProcessingInitializeOnLoad (243ms)
				ProcessInitializeOnLoadAttributes (828ms)
				ProcessInitializeOnLoadMethodAttributes (123ms)
				AfterProcessingInitializeOnLoad (23ms)
				EditorAssembliesLoaded (1ms)
			ExecutionOrderSort2 (0ms)
			AwakeInstancesAfterBackupRestoration (31ms)
Platform modules already initialized, skipping
Refreshing native plugins compatible for Editor in 29.85 ms, found 4 plugins.
Preloading 0 native plugins for Editor in 0.00 ms.
Unloading 4067 Unused Serialized files (Serialized files now loaded: 0)
Unloading 25 unused Assets / (24.6 KB). Loaded Objects now: 4552.
Memory consumption went from 152.0 MB to 152.0 MB.
Total: 8.688000 ms (FindLiveObjects: 0.519100 ms CreateObjectMapping: 0.459300 ms MarkObjects: 7.652500 ms  DeleteObjects: 0.054500 ms)

AssetImportParameters requested are different than current active one (requested -> active):
  custom:video-decoder-ogg-theora: a1e56fd34408186e4bbccfd4996cb3dc -> 
  custom:container-muxer-webm: aa71ff27fc2769a1b78a27578f13a17b -> 
  custom:container-demuxer-webm: 4f35f7cbe854078d1ac9338744f61a02 -> 
  custom:video-encoder-webm-vp8: eb34c28f22e8b96e1ab97ce403110664 -> 
  custom:video-codec-MediaFoundation-h265: 746d11721c4dcdbdad8f713fa42b33f4 -> 
  custom:audio-encoder-webm-vorbis: bf7c407c2cedff20999df2af8eb42d56 -> 
  custom:framework-win-MediaFoundation: 216162199b28c13a410421893ffa2e32 -> 
  custom:container-demuxer-ogg: 62fdf1f143b41e24485cea50d1cbac27 -> 
  custom:video-decoder-webm-vp8: 9c59270c3fd7afecdb556c50c9e8de78 -> 
  custom:audio-decoder-ogg-vorbis: bf7c407c2cedff20999df2af8eb42d56 -> 
========================================================================
Received Import Request.
  Time since last request: 567074.939161 seconds.
  path: Assets/Font/UhBee mysen.ttf
  artifactKey: Guid(cc70e75422920f84491622a3322b8bf7) Importer(815301076,1909f56bfc062723c751e8b465ee728b)
Start importing Assets/Font/UhBee mysen.ttf using Guid(cc70e75422920f84491622a3322b8bf7) Importer(815301076,1909f56bfc062723c751e8b465ee728b)  -> (artifact id: '9307e50f63493c05419159ed342a0eea') in 0.991158 seconds 
========================================================================
Received Import Request.
  Time since last request: 0.000054 seconds.
  path: Assets/Cha_ani/Jump5.png
  artifactKey: Guid(2d1efba685bea65438f8a67e0713f8c5) Importer(815301076,1909f56bfc062723c751e8b465ee728b)
Start importing Assets/Cha_ani/Jump5.png using Guid(2d1efba685bea65438f8a67e0713f8c5) Importer(815301076,1909f56bfc062723c751e8b465ee728b)  -> (artifact id: 'fa5896b7b7f99b57942973363844ca65') in 0.231990 seconds 
========================================================================
Received Import Request.
  Time since last request: 0.000439 seconds.
  path: Assets/Cha_ani/Walk7.png
  artifactKey: Guid(42022b0c168186040bae3dc3e7821beb) Importer(815301076,1909f56bfc062723c751e8b465ee728b)
Start importing Assets/Cha_ani/Walk7.png using Guid(42022b0c168186040bae3dc3e7821beb) Importer(815301076,1909f56bfc062723c751e8b465ee728b)  -> (artifact id: 'ac31a3b649d695a89c8aa849b6d67d0a') in 0.212753 seconds 
========================================================================
Received Import Request.
  Time since last request: 0.007671 seconds.
  path: Assets/Cha_ani/Walk2.png
  artifactKey: Guid(e218532a2c7d0664bbbed862f24710ec) Importer(815301076,1909f56bfc062723c751e8b465ee728b)
Start importing Assets/Cha_ani/Walk2.png using Guid(e218532a2c7d0664bbbed862f24710ec) Importer(815301076,1909f56bfc062723c751e8b465ee728b)  -> (artifact id: '7e397fcb39f5fa3241be6d02b1d1ca8a') in 0.246027 seconds 
========================================================================
Received Import Request.
  Time since last request: 0.000581 seconds.
  path: Assets/Cha_ani/Die2.png
  artifactKey: Guid(689160174862d8c499fd5797c3fdee52) Importer(815301076,1909f56bfc062723c751e8b465ee728b)
Start importing Assets/Cha_ani/Die2.png using Guid(689160174862d8c499fd5797c3fdee52) Importer(815301076,1909f56bfc062723c751e8b465ee728b)  -> (artifact id: '2322296cea1306263851bdd1340fa1a7') in 0.083344 seconds 
========================================================================
Received Import Request.
  Time since last request: 0.000028 seconds.
  path: Assets/Cha_ani/Walk15.png
  artifactKey: Guid(6beb6155ca7e61a458befbb37424970e) Importer(815301076,1909f56bfc062723c751e8b465ee728b)
Start importing Assets/Cha_ani/Walk15.png using Guid(6beb6155ca7e61a458befbb37424970e) Importer(815301076,1909f56bfc062723c751e8b465ee728b)  -> (artifact id: '291757a21a1cc831a734e0c1189bb011') in 0.176104 seconds 
========================================================================
Received Import Request.
  Time since last request: 0.019931 seconds.
  path: Assets/Cha_ani/Jump4.png
  artifactKey: Guid(06a55a3ac26bb6442abc82a150902a93) Importer(815301076,1909f56bfc062723c751e8b465ee728b)
Start importing Assets/Cha_ani/Jump4.png using Guid(06a55a3ac26bb6442abc82a150902a93) Importer(815301076,1909f56bfc062723c751e8b465ee728b)  -> (artifact id: '58cdf9b3d6bae52efbfcbe08c671b6e7') in 0.136268 seconds 
========================================================================
Received Import Request.
  Time since last request: 0.000767 seconds.
  path: Assets/Font/UhBee mysen Bold.ttf
  artifactKey: Guid(d4b0f565033d098479a9a47f0e92cb8e) Importer(815301076,1909f56bfc062723c751e8b465ee728b)
Start importing Assets/Font/UhBee mysen Bold.ttf using Guid(d4b0f565033d098479a9a47f0e92cb8e) Importer(815301076,1909f56bfc062723c751e8b465ee728b)  -> (artifact id: '552517cf94e054e478a74739c2e23eae') in 0.133366 seconds 
========================================================================
Received Import Request.
  Time since last request: 0.000096 seconds.
  path: Assets/Cha_ani/Die1.png
  artifactKey: Guid(5e5c56183fc10e1449a9edfcd452a52a) Importer(815301076,1909f56bfc062723c751e8b465ee728b)
Start importing Assets/Cha_ani/Die1.png using Guid(5e5c56183fc10e1449a9edfcd452a52a) Importer(815301076,1909f56bfc062723c751e8b465ee728b)  -> (artifact id: 'fe33314fc498b76c79aeb666598f5da8') in 0.235747 seconds 
========================================================================
Received Import Request.
  Time since last request: 0.002357 seconds.
  path: Assets/Cha_ani/Idle6.png
  artifactKey: Guid(2e6cf171c37b8414086db07ef2251943) Importer(815301076,1909f56bfc062723c751e8b465ee728b)
Start importing Assets/Cha_ani/Idle6.png using Guid(2e6cf171c37b8414086db07ef2251943) Importer(815301076,1909f56bfc062723c751e8b465ee728b)  -> (artifact id: 'b5f7264d78125246b2686addcd4f9a89') in 0.181739 seconds 
Editor requested this worker to shutdown with reason: Scaling down because of idle timeout
AssetImportWorker is now disconnected from the server
Process exiting
Exiting without the bug reporter. Application will terminate with return code 0